<?xml version="1.0" encoding="UTF-8"?>
<robot generator="Robot 7.0 (Python 3.12.2 on win32)" generated="2024-05-28T17:48:57.764135" rpa="false" schemaversion="5">
<suite id="s1" name="Team2 OrangeHRM" source="C:\Users\SM\Downloads\orange\orange\Team2_OrangeHRM">
<suite id="s1-s1" name="TestCases" source="C:\Users\SM\Downloads\orange\orange\Team2_OrangeHRM\TestCases">
<suite id="s1-s1-s1" name="Test dependent cancel" source="C:\Users\SM\Downloads\orange\orange\Team2_OrangeHRM\TestCases\Test_dependent_cancel.robot">
<test id="s1-s1-s1-t1" name="Name" line="18">
<kw name="Open the browser with url" owner="GenericResources" type="SETUP">
<kw name="Create Webdriver" owner="SeleniumLibrary">
<msg time="2024-05-28T17:48:58.613491" level="INFO">Creating an instance of the Chrome WebDriver.</msg>
<arg>${browser_name}</arg>
<doc>Creates an instance of Selenium WebDriver.</doc>
<status status="PASS" start="2024-05-28T17:48:58.613491" elapsed="10.778867"/>
</kw>
<kw name="Go To" owner="SeleniumLibrary">
<msg time="2024-05-28T17:49:09.395214" level="INFO">Opening url 'https://opensource-demo.orangehrmlive.com/web/index.php/auth/login'</msg>
<arg>${url}</arg>
<doc>Navigates the current browser window to the provided ``url``.</doc>
<status status="PASS" start="2024-05-28T17:49:09.395214" elapsed="7.178058"/>
</kw>
<kw name="Maximize Browser Window" owner="SeleniumLibrary">
<doc>Maximizes current browser window.</doc>
<status status="PASS" start="2024-05-28T17:49:16.581944" elapsed="0.327361"/>
</kw>
<kw name="Set Selenium Implicit Wait" owner="SeleniumLibrary">
<arg>5</arg>
<doc>Sets the implicit wait value used by Selenium.</doc>
<status status="PASS" start="2024-05-28T17:49:16.911013" elapsed="0.017919"/>
</kw>
<status status="PASS" start="2024-05-28T17:48:58.613491" elapsed="18.315441"/>
</kw>
<kw name="validate successful cancel dependent">
<kw name="Fill the login form" owner="LoginResources">
<kw name="Input Text" owner="SeleniumLibrary">
<msg time="2024-05-28T17:49:16.942181" level="INFO">Typing text 'Admin' into text field 'xpath://input[@name='username']'.</msg>
<arg>xpath://input[@name='username']</arg>
<arg>${Username}</arg>
<doc>Types the given ``text`` into the text field identified by ``locator``.</doc>
<status status="PASS" start="2024-05-28T17:49:16.933972" elapsed="5.857372"/>
</kw>
<kw name="Input Password" owner="SeleniumLibrary">
<msg time="2024-05-28T17:49:22.798861" level="INFO">Typing password into text field 'xpath://input[@type='password']'.</msg>
<msg time="2024-05-28T17:49:24.353218" level="INFO">Temporally setting log level to: NONE</msg>
<arg>xpath://input[@type='password']</arg>
<arg>${Password}</arg>
<doc>Types the given password into the text field identified by ``locator``.</doc>
<status status="PASS" start="2024-05-28T17:49:22.798861" elapsed="3.625484"/>
</kw>
<kw name="Click Button" owner="SeleniumLibrary">
<msg time="2024-05-28T17:49:27.094547" level="INFO">Clicking button 'xpath://button[@type='submit']'.</msg>
<arg>xpath://button[@type='submit']</arg>
<doc>Clicks the button identified by ``locator``.</doc>
<status status="PASS" start="2024-05-28T17:49:26.424345" elapsed="5.836287"/>
</kw>
<arg>${username}</arg>
<arg>${password}</arg>
<status status="PASS" start="2024-05-28T17:49:16.933972" elapsed="15.327959"/>
</kw>
<kw name="Set Selenium Implicit Wait" owner="SeleniumLibrary">
<arg>5</arg>
<doc>Sets the implicit wait value used by Selenium.</doc>
<status status="PASS" start="2024-05-28T17:49:32.262886" elapsed="1.001059"/>
</kw>
<kw name="verify the valid credentials" owner="LoginResources">
<kw name="Element Text Should Be" owner="SeleniumLibrary">
<msg time="2024-05-28T17:49:33.317047" level="INFO">Verifying element 'xpath://h6[text()="Dashboard"]' contains exact text 'Dashboard'.</msg>
<arg>${dashBoard}</arg>
<arg>Dashboard</arg>
<doc>Verifies that element ``locator`` contains exact the text ``expected``.</doc>
<status status="PASS" start="2024-05-28T17:49:33.278891" elapsed="0.560746"/>
</kw>
<status status="PASS" start="2024-05-28T17:49:33.265244" elapsed="0.574393"/>
</kw>
<kw name="click myInfo Button" owner="MyInfoResource">
<kw name="Click Element" owner="SeleniumLibrary">
<msg time="2024-05-28T17:49:34.574655" level="INFO">Clicking element 'xpath://span[text()='My Info']'.</msg>
<arg>${myInfo}</arg>
<doc>Click the element identified by ``locator``.</doc>
<status status="PASS" start="2024-05-28T17:49:34.550779" elapsed="4.682632"/>
</kw>
<status status="PASS" start="2024-05-28T17:49:33.851318" elapsed="5.382093"/>
</kw>
<kw name="click dependent element" owner="MyInfoResource">
<kw name="Click Link" owner="SeleniumLibrary">
<msg time="2024-05-28T17:49:39.249733" level="INFO">Clicking link 'xpath://a[text()='Dependents']'.</msg>
<arg>${dependents}</arg>
<doc>Clicks a link identified by ``locator``.</doc>
<status status="PASS" start="2024-05-28T17:49:39.238565" elapsed="2.381169"/>
</kw>
<status status="PASS" start="2024-05-28T17:49:39.233411" elapsed="2.388169"/>
</kw>
<kw name="click add button" owner="DependentResources">
<kw name="Click Button" owner="SeleniumLibrary">
<msg time="2024-05-28T17:49:41.631522" level="INFO">Clicking button 'xpath:(//button[@type="button"])[3]'.</msg>
<arg>${add}</arg>
<doc>Clicks the button identified by ``locator``.</doc>
<status status="PASS" start="2024-05-28T17:49:41.626248" elapsed="2.037888"/>
</kw>
<status status="PASS" start="2024-05-28T17:49:41.624226" elapsed="2.039910"/>
</kw>
<kw name="Fill the details" owner="DependentResources">
<kw name="Input Text" owner="SeleniumLibrary">
<msg time="2024-05-28T17:49:43.676960" level="INFO">Typing text 'Suvetha' into text field 'xpath:(//input[@data-v-1f99f73c])[2]'.</msg>
<arg>${Name}</arg>
<arg>${names}</arg>
<doc>Types the given ``text`` into the text field identified by ``locator``.</doc>
<status status="PASS" start="2024-05-28T17:49:43.673585" elapsed="2.019667"/>
</kw>
<arg>${Name}</arg>
<status status="PASS" start="2024-05-28T17:49:43.667169" elapsed="2.026083"/>
</kw>
<kw name="select relationship as Other" owner="DependentResources">
<kw name="Click Element" owner="SeleniumLibrary">
<msg time="2024-05-28T17:49:45.701263" level="INFO">Clicking element 'xpath:(//div[@data-v-67d2aedf])[2]'.</msg>
<arg>${Relationship}</arg>
<doc>Click the element identified by ``locator``.</doc>
<status status="PASS" start="2024-05-28T17:49:45.693252" elapsed="1.009849"/>
</kw>
<kw name="Wait Until Element Is Visible" owner="SeleniumLibrary">
<arg>${Relationship}</arg>
<arg>10s</arg>
<doc>Waits until the element ``locator`` is visible.</doc>
<status status="PASS" start="2024-05-28T17:49:46.721666" elapsed="0.372291"/>
</kw>
<kw name="Wait Until Element Is Enabled" owner="SeleniumLibrary">
<arg>${Relationship}</arg>
<arg>10s</arg>
<doc>Waits until the element ``locator`` is enabled.</doc>
<status status="PASS" start="2024-05-28T17:49:47.101998" elapsed="0.738022"/>
</kw>
<kw name="Click Element" owner="SeleniumLibrary">
<msg time="2024-05-28T17:49:47.841632" level="INFO">Clicking element 'xpath://span[text()='Other']'.</msg>
<arg>${other}</arg>
<doc>Click the element identified by ``locator``.</doc>
<status status="PASS" start="2024-05-28T17:49:47.841632" elapsed="1.680052"/>
</kw>
<status status="PASS" start="2024-05-28T17:49:45.693252" elapsed="3.830220"/>
</kw>
<kw name="Click cancel Button" owner="DependentResources">
<kw name="Click Button" owner="SeleniumLibrary">
<msg time="2024-05-28T17:49:49.767150" level="INFO">Clicking button 'xpath:(//button[@type="button"])[3]'.</msg>
<arg>${cancel}</arg>
<doc>Clicks the button identified by ``locator``.</doc>
<status status="PASS" start="2024-05-28T17:49:49.759990" elapsed="1.006023"/>
</kw>
<status status="PASS" start="2024-05-28T17:49:49.526778" elapsed="1.439980"/>
</kw>
<arg>Name=Suvetha</arg>
<tag>Regression</tag>
<status status="PASS" start="2024-05-28T17:49:16.928932" elapsed="34.046038"/>
</kw>
<kw name="Close Browser Session" owner="GenericResources" type="TEARDOWN">
<kw name="Close Browser" owner="SeleniumLibrary">
<doc>Closes the current browser.</doc>
<status status="PASS" start="2024-05-28T17:49:51.137790" elapsed="24.164521"/>
</kw>
<status status="PASS" start="2024-05-28T17:49:51.128107" elapsed="24.180953"/>
</kw>
<status status="PASS" start="2024-05-28T17:48:58.606458" elapsed="76.702602"/>
</test>
<doc>Test dependent to my info</doc>
<status status="PASS" start="2024-05-28T17:48:57.895271" elapsed="77.430572"/>
</suite>
<status status="PASS" start="2024-05-28T17:48:57.874638" elapsed="77.459455"/>
</suite>
<status status="PASS" start="2024-05-28T17:48:57.814171" elapsed="77.519922"/>
</suite>
<statistics>
<total>
<stat pass="1" fail="0" skip="0">All Tests</stat>
</total>
<tag>
</tag>
<suite>
<stat pass="1" fail="0" skip="0" id="s1" name="Team2 OrangeHRM">Team2 OrangeHRM</stat>
<stat pass="1" fail="0" skip="0" id="s1-s1" name="TestCases">Team2 OrangeHRM.TestCases</stat>
<stat pass="1" fail="0" skip="0" id="s1-s1-s1" name="Test dependent cancel">Team2 OrangeHRM.TestCases.Test dependent cancel</stat>
</suite>
</statistics>
<errors>
</errors>
</robot>
