<?xml version="1.0" encoding="UTF-8"?>
<robot generator="Robot 7.0 (Python 3.12.2 on win32)" generated="2024-05-28T14:32:44.142753" rpa="false" schemaversion="5">
<suite id="s1" name="TestCases" source="C:\Users\SM\Downloads\orange\orange\Team2_OrangeHRM\TestCases">
<suite id="s1-s1" name="Test PersonalDetails" source="C:\Users\SM\Downloads\orange\orange\Team2_OrangeHRM\TestCases\Test_PersonalDetails.robot">
<test id="s1-s1-t1" name="fill the form of personal details" line="18">
<kw name="Open the browser with url" owner="GenericResources" type="SETUP">
<kw name="Create Webdriver" owner="SeleniumLibrary">
<msg time="2024-05-28T14:32:46.028814" level="INFO">Creating an instance of the Chrome WebDriver.</msg>
<arg>${browser_name}</arg>
<doc>Creates an instance of Selenium WebDriver.</doc>
<status status="PASS" start="2024-05-28T14:32:46.027745" elapsed="20.380882"/>
</kw>
<kw name="Go To" owner="SeleniumLibrary">
<msg time="2024-05-28T14:33:06.445992" level="INFO">Opening url 'https://opensource-demo.orangehrmlive.com/web/index.php/auth/login'</msg>
<arg>${url}</arg>
<doc>Navigates the current browser window to the provided ``url``.</doc>
<status status="PASS" start="2024-05-28T14:33:06.436180" elapsed="2.323131"/>
</kw>
<kw name="Maximize Browser Window" owner="SeleniumLibrary">
<doc>Maximizes current browser window.</doc>
<status status="PASS" start="2024-05-28T14:33:08.764520" elapsed="9.789127"/>
</kw>
<kw name="Set Selenium Implicit Wait" owner="SeleniumLibrary">
<arg>5</arg>
<doc>Sets the implicit wait value used by Selenium.</doc>
<status status="PASS" start="2024-05-28T14:33:18.581746" elapsed="3.105004"/>
</kw>
<status status="PASS" start="2024-05-28T14:32:46.014053" elapsed="36.176418"/>
</kw>
<kw name="validate successful saved personal details">
<kw name="Fill the login form" owner="LoginResources">
<kw name="Input Text" owner="SeleniumLibrary">
<msg time="2024-05-28T14:33:23.066637" level="INFO">Typing text 'Admin' into text field 'xpath://input[@name='username']'.</msg>
<arg>xpath://input[@name='username']</arg>
<arg>${Username}</arg>
<doc>Types the given ``text`` into the text field identified by ``locator``.</doc>
<status status="PASS" start="2024-05-28T14:33:22.691939" elapsed="2.116385"/>
</kw>
<kw name="Input Password" owner="SeleniumLibrary">
<msg time="2024-05-28T14:33:24.827499" level="INFO">Typing password into text field 'xpath://input[@type='password']'.</msg>
<msg time="2024-05-28T14:33:25.004091" level="INFO">Temporally setting log level to: NONE</msg>
<arg>xpath://input[@type='password']</arg>
<arg>${Password}</arg>
<doc>Types the given password into the text field identified by ``locator``.</doc>
<status status="PASS" start="2024-05-28T14:33:24.825894" elapsed="1.061223"/>
</kw>
<kw name="Click Button" owner="SeleniumLibrary">
<msg time="2024-05-28T14:33:25.890646" level="INFO">Clicking button 'xpath://button[@type='submit']'.</msg>
<arg>xpath://button[@type='submit']</arg>
<doc>Clicks the button identified by ``locator``.</doc>
<status status="PASS" start="2024-05-28T14:33:25.887117" elapsed="2.957631"/>
</kw>
<arg>${username}</arg>
<arg>${password}</arg>
<status status="PASS" start="2024-05-28T14:33:22.685593" elapsed="6.159155"/>
</kw>
<kw name="Set Selenium Implicit Wait" owner="SeleniumLibrary">
<arg>5</arg>
<doc>Sets the implicit wait value used by Selenium.</doc>
<status status="PASS" start="2024-05-28T14:33:28.845757" elapsed="0.016402"/>
</kw>
<kw name="verify the valid credentials" owner="LoginResources">
<kw name="Element Text Should Be" owner="SeleniumLibrary">
<msg time="2024-05-28T14:33:28.877978" level="INFO">Verifying element 'xpath://h6[text()="Dashboard"]' contains exact text 'Dashboard'.</msg>
<arg>${dashBoard}</arg>
<arg>Dashboard</arg>
<doc>Verifies that element ``locator`` contains exact the text ``expected``.</doc>
<status status="PASS" start="2024-05-28T14:33:28.872308" elapsed="0.831738"/>
</kw>
<status status="PASS" start="2024-05-28T14:33:28.862159" elapsed="0.851943"/>
</kw>
<kw name="click myInfo Button" owner="MyInfoResource">
<kw name="Click Element" owner="SeleniumLibrary">
<msg time="2024-05-28T14:33:29.745530" level="INFO">Clicking element 'xpath://span[text()='My Info']'.</msg>
<arg>${myInfo}</arg>
<doc>Click the element identified by ``locator``.</doc>
<status status="PASS" start="2024-05-28T14:33:29.737187" elapsed="5.324329"/>
</kw>
<status status="PASS" start="2024-05-28T14:33:29.720204" elapsed="5.365246"/>
</kw>
<kw name="click personal details element" owner="MyInfoResource">
<kw name="Click Link" owner="SeleniumLibrary">
<msg time="2024-05-28T14:33:35.133382" level="INFO">Clicking link 'xpath://a[text()='Personal Details']'.</msg>
<arg>${personal_details}</arg>
<doc>Clicks a link identified by ``locator``.</doc>
<status status="PASS" start="2024-05-28T14:33:35.127267" elapsed="2.031197"/>
</kw>
<status status="PASS" start="2024-05-28T14:33:35.091111" elapsed="2.067353"/>
</kw>
<kw name="clear the element" owner="PersonalDetailsResources">
<kw name="Clear Element Text" owner="SeleniumLibrary">
<arg>${firstName}</arg>
<doc>Clears the value of the text-input-element identified by ``locator``.</doc>
<status status="PASS" start="2024-05-28T14:33:37.225046" elapsed="1.123658"/>
</kw>
<kw name="Clear Element Text" owner="SeleniumLibrary">
<arg>${middleName}</arg>
<doc>Clears the value of the text-input-element identified by ``locator``.</doc>
<status status="PASS" start="2024-05-28T14:33:38.348704" elapsed="0.360606"/>
</kw>
<kw name="Clear Element Text" owner="SeleniumLibrary">
<arg>${lastName}</arg>
<doc>Clears the value of the text-input-element identified by ``locator``.</doc>
<status status="PASS" start="2024-05-28T14:33:38.721290" elapsed="0.424593"/>
</kw>
<kw name="Clear Element Text" owner="SeleniumLibrary">
<arg>${emp_id}</arg>
<doc>Clears the value of the text-input-element identified by ``locator``.</doc>
<status status="PASS" start="2024-05-28T14:33:39.145883" elapsed="0.344000"/>
</kw>
<kw name="Clear Element Text" owner="SeleniumLibrary">
<arg>${other_id}</arg>
<doc>Clears the value of the text-input-element identified by ``locator``.</doc>
<status status="PASS" start="2024-05-28T14:33:39.489883" elapsed="0.219444"/>
</kw>
<kw name="Clear Element Text" owner="SeleniumLibrary">
<arg>${licenseNumber}</arg>
<doc>Clears the value of the text-input-element identified by ``locator``.</doc>
<status status="PASS" start="2024-05-28T14:33:39.725574" elapsed="0.238649"/>
</kw>
<status status="PASS" start="2024-05-28T14:33:37.176986" elapsed="2.787237"/>
</kw>
<kw name="Fill the details" owner="PersonalDetailsResources">
<kw name="Input Text" owner="SeleniumLibrary">
<msg time="2024-05-28T14:33:39.988062" level="INFO">Typing text 'Suvetha' into text field 'xpath://input[@name="firstName"]'.</msg>
<arg>${firstName}</arg>
<arg>${fName}</arg>
<doc>Types the given ``text`` into the text field identified by ``locator``.</doc>
<status status="PASS" start="2024-05-28T14:33:39.979919" elapsed="0.768330"/>
</kw>
<kw name="Input Text" owner="SeleniumLibrary">
<msg time="2024-05-28T14:33:40.767051" level="INFO">Typing text 'Jayagopi' into text field 'xpath://input[@name="middleName"]'.</msg>
<arg>${middleName}</arg>
<arg>${mName}</arg>
<doc>Types the given ``text`` into the text field identified by ``locator``.</doc>
<status status="PASS" start="2024-05-28T14:33:40.756258" elapsed="0.469307"/>
</kw>
<kw name="Input Text" owner="SeleniumLibrary">
<msg time="2024-05-28T14:33:41.239459" level="INFO">Typing text 'P' into text field 'xpath://input[@name="lastName"]'.</msg>
<arg>${lastName}</arg>
<arg>${lName}</arg>
<doc>Types the given ``text`` into the text field identified by ``locator``.</doc>
<status status="PASS" start="2024-05-28T14:33:41.225565" elapsed="0.433073"/>
</kw>
<kw name="Input Text" owner="SeleniumLibrary">
<msg time="2024-05-28T14:33:41.664368" level="INFO">Typing text '1317' into text field 'xpath:(//input[@class="oxd-input oxd-input--active"])[2]'.</msg>
<arg>${emp_id}</arg>
<arg>${employee_id}</arg>
<doc>Types the given ``text`` into the text field identified by ``locator``.</doc>
<status status="PASS" start="2024-05-28T14:33:41.662707" elapsed="0.492424"/>
</kw>
<kw name="Input Text" owner="SeleniumLibrary">
<msg time="2024-05-28T14:33:42.222493" level="INFO">Typing text '1307' into text field 'xpath:(//input[@class="oxd-input oxd-input--active"])[3]'.</msg>
<arg>${other_id}</arg>
<arg>${othr_id}</arg>
<doc>Types the given ``text`` into the text field identified by ``locator``.</doc>
<status status="PASS" start="2024-05-28T14:33:42.218643" elapsed="0.597449"/>
</kw>
<kw name="Input Text" owner="SeleniumLibrary">
<msg time="2024-05-28T14:33:42.820081" level="INFO">Typing text '2002' into text field 'xpath:(//input[@class="oxd-input oxd-input--active"])[4]'.</msg>
<arg>${licenseNumber}</arg>
<arg>${lNumber}</arg>
<doc>Types the given ``text`` into the text field identified by ``locator``.</doc>
<status status="PASS" start="2024-05-28T14:33:42.817115" elapsed="0.719985"/>
</kw>
<arg>${FName}</arg>
<arg>${MName}</arg>
<arg>${LName}</arg>
<arg>${Employee_id}</arg>
<arg>${Othr_id}</arg>
<arg>${LNumber}</arg>
<status status="PASS" start="2024-05-28T14:33:39.964223" elapsed="3.573912"/>
</kw>
<kw name="select marital status" owner="PersonalDetailsResources">
<kw name="Click Element" owner="SeleniumLibrary">
<msg time="2024-05-28T14:33:43.543348" level="INFO">Clicking element 'xpath:(//i[@class="oxd-icon bi-caret-down-fill oxd-select-text--arrow"])[2]'.</msg>
<arg>${drop_down}</arg>
<doc>Click the element identified by ``locator``.</doc>
<status status="PASS" start="2024-05-28T14:33:43.543348" elapsed="0.352722"/>
</kw>
<kw name="Wait Until Element Is Visible" owner="SeleniumLibrary">
<arg>${drop_down}</arg>
<arg>10s</arg>
<doc>Waits until the element ``locator`` is visible.</doc>
<status status="PASS" start="2024-05-28T14:33:43.903082" elapsed="0.148730"/>
</kw>
<kw name="Wait Until Element Is Enabled" owner="SeleniumLibrary">
<arg>${drop_down}</arg>
<arg>10s</arg>
<doc>Waits until the element ``locator`` is enabled.</doc>
<status status="PASS" start="2024-05-28T14:33:44.068317" elapsed="0.182812"/>
</kw>
<kw name="Click Element" owner="SeleniumLibrary">
<msg time="2024-05-28T14:33:44.255222" level="INFO">Clicking element 'xpath://span[text()='Married']'.</msg>
<arg>${married}</arg>
<doc>Click the element identified by ``locator``.</doc>
<status status="PASS" start="2024-05-28T14:33:44.251129" elapsed="0.223948"/>
</kw>
<status status="PASS" start="2024-05-28T14:33:43.543348" elapsed="0.931729"/>
</kw>
<kw name="Click Gender As Female" owner="PersonalDetailsResources">
<kw name="Click Element" owner="SeleniumLibrary">
<msg time="2024-05-28T14:33:44.500230" level="INFO">Clicking element 'xpath:(//span[@data-v-7ef819fd])[2]'.</msg>
<arg>${female}</arg>
<doc>Click the element identified by ``locator``.</doc>
<status status="PASS" start="2024-05-28T14:33:44.492601" elapsed="0.255279"/>
</kw>
<status status="PASS" start="2024-05-28T14:33:44.492601" elapsed="0.258798"/>
</kw>
<kw name="Set Selenium Implicit Wait" owner="SeleniumLibrary">
<arg>10</arg>
<doc>Sets the implicit wait value used by Selenium.</doc>
<status status="PASS" start="2024-05-28T14:33:44.754192" elapsed="0.032130"/>
</kw>
<kw name="Click Save Button" owner="PersonalDetailsResources">
<kw name="Click Button" owner="SeleniumLibrary">
<msg time="2024-05-28T14:33:44.788468" level="INFO">Clicking button 'xpath:(//button[text()=" Save "])[1]'.</msg>
<arg>${save}</arg>
<doc>Clicks the button identified by ``locator``.</doc>
<status status="PASS" start="2024-05-28T14:33:44.788468" elapsed="0.361807"/>
</kw>
<kw name="Should Contain" owner="BuiltIn">
<arg>${success_save}</arg>
<arg>Successfully Updated</arg>
<doc>Fails if ``container`` does not contain ``item`` one or more times.</doc>
<status status="PASS" start="2024-05-28T14:33:45.159902" elapsed="0.036702"/>
</kw>
<status status="PASS" start="2024-05-28T14:33:44.786322" elapsed="0.410282"/>
</kw>
<arg>FName=Suvetha</arg>
<arg>MName=Jayagopi</arg>
<arg>LName=P</arg>
<arg>Employee_id=1317</arg>
<arg>Othr_id=1307</arg>
<arg>LNumber=2002</arg>
<status status="PASS" start="2024-05-28T14:33:22.297505" elapsed="22.899099"/>
</kw>
<kw name="Close Browser Session" owner="GenericResources" type="TEARDOWN">
<kw name="Close Browser" owner="SeleniumLibrary">
<doc>Closes the current browser.</doc>
<status status="PASS" start="2024-05-28T14:33:45.240093" elapsed="6.528983"/>
</kw>
<status status="PASS" start="2024-05-28T14:33:45.232569" elapsed="6.537540"/>
</kw>
<status status="PASS" start="2024-05-28T14:32:46.014053" elapsed="65.756159"/>
</test>
<doc>Test personal details to my info page</doc>
<status status="PASS" start="2024-05-28T14:32:44.182969" elapsed="67.624997"/>
</suite>
<status status="PASS" start="2024-05-28T14:32:44.157805" elapsed="67.688753"/>
</suite>
<statistics>
<total>
<stat pass="1" fail="0" skip="0">All Tests</stat>
</total>
<tag>
</tag>
<suite>
<stat pass="1" fail="0" skip="0" id="s1" name="TestCases">TestCases</stat>
<stat pass="1" fail="0" skip="0" id="s1-s1" name="Test PersonalDetails">TestCases.Test PersonalDetails</stat>
</suite>
</statistics>
<errors>
</errors>
</robot>
