<?xml version="1.0" encoding="UTF-8"?>
<robot generator="Robot 7.0 (Python 3.12.2 on win32)" generated="2024-05-28T00:09:41.954293" rpa="false" schemaversion="5">
<suite id="s1" name="TestCases" source="C:\Users\SM\Desktop\Team02_OrangeHRM\Team2_OrangeHRM\TestCases">
<suite id="s1-s1" name="Test PersonalDetails" source="C:\Users\SM\Desktop\Team02_OrangeHRM\Team2_OrangeHRM\TestCases\Test_PersonalDetails.robot">
<test id="s1-s1-t1" name="fill the form of personal details" line="18">
<kw name="Open the browser with url" owner="GenericResources" type="SETUP">
<kw name="Create Webdriver" owner="SeleniumLibrary">
<msg time="2024-05-28T00:09:44.797023" level="INFO">Creating an instance of the Chrome WebDriver.</msg>
<arg>${browser_name}</arg>
<doc>Creates an instance of Selenium WebDriver.</doc>
<status status="PASS" start="2024-05-28T00:09:44.797023" elapsed="21.626197"/>
</kw>
<kw name="Go To" owner="SeleniumLibrary">
<msg time="2024-05-28T00:10:06.433077" level="INFO">Opening url 'https://opensource-demo.orangehrmlive.com/web/index.php/auth/login'</msg>
<arg>${url}</arg>
<doc>Navigates the current browser window to the provided ``url``.</doc>
<status status="PASS" start="2024-05-28T00:10:06.428377" elapsed="8.328345"/>
</kw>
<kw name="Maximize Browser Window" owner="SeleniumLibrary">
<doc>Maximizes current browser window.</doc>
<status status="PASS" start="2024-05-28T00:10:14.765909" elapsed="0.492974"/>
</kw>
<kw name="Set Selenium Implicit Wait" owner="SeleniumLibrary">
<arg>5</arg>
<doc>Sets the implicit wait value used by Selenium.</doc>
<status status="PASS" start="2024-05-28T00:10:15.276294" elapsed="0.563655"/>
</kw>
<status status="PASS" start="2024-05-28T00:09:44.797023" elapsed="31.042926"/>
</kw>
<kw name="validate successful saved personal details">
<kw name="Fill the login form" owner="LoginResources">
<kw name="Input Text" owner="SeleniumLibrary">
<msg time="2024-05-28T00:10:16.129899" level="INFO">Typing text 'Admin' into text field 'xpath://input[@name='username']'.</msg>
<arg>xpath://input[@name='username']</arg>
<arg>${Username}</arg>
<doc>Types the given ``text`` into the text field identified by ``locator``.</doc>
<status status="PASS" start="2024-05-28T00:10:15.884187" elapsed="2.576469"/>
</kw>
<kw name="Input Password" owner="SeleniumLibrary">
<msg time="2024-05-28T00:10:18.466098" level="INFO">Typing password into text field 'xpath://input[@type='password']'.</msg>
<msg time="2024-05-28T00:10:20.140495" level="INFO">Temporally setting log level to: NONE</msg>
<arg>xpath://input[@type='password']</arg>
<arg>${Password}</arg>
<doc>Types the given password into the text field identified by ``locator``.</doc>
<status status="PASS" start="2024-05-28T00:10:18.464612" elapsed="3.793930"/>
</kw>
<kw name="Click Button" owner="SeleniumLibrary">
<msg time="2024-05-28T00:10:22.269727" level="INFO">Clicking button 'xpath://button[@type='submit']'.</msg>
<arg>xpath://button[@type='submit']</arg>
<doc>Clicks the button identified by ``locator``.</doc>
<status status="PASS" start="2024-05-28T00:10:22.261590" elapsed="1.203389"/>
</kw>
<arg>${username}</arg>
<arg>${password}</arg>
<status status="PASS" start="2024-05-28T00:10:15.879094" elapsed="7.585885"/>
</kw>
<kw name="Set Selenium Implicit Wait" owner="SeleniumLibrary">
<arg>5</arg>
<doc>Sets the implicit wait value used by Selenium.</doc>
<status status="PASS" start="2024-05-28T00:10:23.464979" elapsed="0.019835"/>
</kw>
<kw name="verify the valid credentials" owner="LoginResources">
<kw name="Element Text Should Be" owner="SeleniumLibrary">
<msg time="2024-05-28T00:10:23.953399" level="INFO">Verifying element 'xpath://h6[text()="Dashboard"]' contains exact text 'Dashboard'.</msg>
<arg>${dashBoard}</arg>
<arg>Dashboard</arg>
<doc>Verifies that element ``locator`` contains exact the text ``expected``.</doc>
<status status="PASS" start="2024-05-28T00:10:23.948244" elapsed="3.602134"/>
</kw>
<status status="PASS" start="2024-05-28T00:10:23.937346" elapsed="3.613032"/>
</kw>
<kw name="click myInfo Button" owner="MyInfoResource">
<kw name="Click Element" owner="SeleniumLibrary">
<msg time="2024-05-28T00:10:27.560638" level="INFO">Clicking element 'xpath://span[text()='My Info']'.</msg>
<arg>${myInfo}</arg>
<doc>Click the element identified by ``locator``.</doc>
<status status="PASS" start="2024-05-28T00:10:27.550378" elapsed="3.978980"/>
</kw>
<status status="PASS" start="2024-05-28T00:10:27.550378" elapsed="3.980005"/>
</kw>
<kw name="click personal details element" owner="MyInfoResource">
<kw name="Click Link" owner="SeleniumLibrary">
<msg time="2024-05-28T00:10:31.530383" level="INFO">Clicking link 'xpath://a[text()='Personal Details']'.</msg>
<arg>${personal_details}</arg>
<doc>Clicks a link identified by ``locator``.</doc>
<status status="PASS" start="2024-05-28T00:10:31.530383" elapsed="3.825386"/>
</kw>
<status status="PASS" start="2024-05-28T00:10:31.530383" elapsed="3.830447"/>
</kw>
<kw name="clear the element" owner="PersonalDetailsResources">
<kw name="Clear Element Text" owner="SeleniumLibrary">
<arg>${firstName}</arg>
<doc>Clears the value of the text-input-element identified by ``locator``.</doc>
<status status="PASS" start="2024-05-28T00:10:35.370965" elapsed="1.362243"/>
</kw>
<kw name="Clear Element Text" owner="SeleniumLibrary">
<arg>${middleName}</arg>
<doc>Clears the value of the text-input-element identified by ``locator``.</doc>
<status status="PASS" start="2024-05-28T00:10:36.733743" elapsed="0.771220"/>
</kw>
<kw name="Clear Element Text" owner="SeleniumLibrary">
<arg>${lastName}</arg>
<doc>Clears the value of the text-input-element identified by ``locator``.</doc>
<status status="PASS" start="2024-05-28T00:10:37.623898" elapsed="0.363404"/>
</kw>
<kw name="Clear Element Text" owner="SeleniumLibrary">
<arg>${emp_id}</arg>
<doc>Clears the value of the text-input-element identified by ``locator``.</doc>
<status status="PASS" start="2024-05-28T00:10:37.987840" elapsed="0.456548"/>
</kw>
<kw name="Clear Element Text" owner="SeleniumLibrary">
<arg>${other_id}</arg>
<doc>Clears the value of the text-input-element identified by ``locator``.</doc>
<status status="PASS" start="2024-05-28T00:10:38.444388" elapsed="0.766869"/>
</kw>
<kw name="Clear Element Text" owner="SeleniumLibrary">
<arg>${licenseNumber}</arg>
<doc>Clears the value of the text-input-element identified by ``locator``.</doc>
<status status="PASS" start="2024-05-28T00:10:39.212338" elapsed="0.379272"/>
</kw>
<status status="PASS" start="2024-05-28T00:10:35.366417" elapsed="4.226521"/>
</kw>
<kw name="Fill the details" owner="PersonalDetailsResources">
<kw name="Input Text" owner="SeleniumLibrary">
<msg time="2024-05-28T00:10:39.597485" level="INFO">Typing text 'Suvetha' into text field 'xpath://input[@name="firstName"]'.</msg>
<arg>${firstName}</arg>
<arg>${fName}</arg>
<doc>Types the given ``text`` into the text field identified by ``locator``.</doc>
<status status="PASS" start="2024-05-28T00:10:39.592938" elapsed="0.766871"/>
</kw>
<kw name="Input Text" owner="SeleniumLibrary">
<msg time="2024-05-28T00:10:40.361755" level="INFO">Typing text 'Jayagopi' into text field 'xpath://input[@name="middleName"]'.</msg>
<arg>${middleName}</arg>
<arg>${mName}</arg>
<doc>Types the given ``text`` into the text field identified by ``locator``.</doc>
<status status="PASS" start="2024-05-28T00:10:40.361755" elapsed="1.001365"/>
</kw>
<kw name="Input Text" owner="SeleniumLibrary">
<msg time="2024-05-28T00:10:41.363120" level="INFO">Typing text 'P' into text field 'xpath://input[@name="lastName"]'.</msg>
<arg>${lastName}</arg>
<arg>${lName}</arg>
<doc>Types the given ``text`` into the text field identified by ``locator``.</doc>
<status status="PASS" start="2024-05-28T00:10:41.363120" elapsed="0.406373"/>
</kw>
<kw name="Input Text" owner="SeleniumLibrary">
<msg time="2024-05-28T00:10:41.769493" level="INFO">Typing text '1317' into text field 'xpath:(//input[@class="oxd-input oxd-input--active"])[2]'.</msg>
<arg>${emp_id}</arg>
<arg>${employee_id}</arg>
<doc>Types the given ``text`` into the text field identified by ``locator``.</doc>
<status status="PASS" start="2024-05-28T00:10:41.769493" elapsed="0.860226"/>
</kw>
<kw name="Input Text" owner="SeleniumLibrary">
<msg time="2024-05-28T00:10:42.634786" level="INFO">Typing text '1307' into text field 'xpath:(//input[@class="oxd-input oxd-input--active"])[3]'.</msg>
<arg>${other_id}</arg>
<arg>${othr_id}</arg>
<doc>Types the given ``text`` into the text field identified by ``locator``.</doc>
<status status="PASS" start="2024-05-28T00:10:42.634786" elapsed="0.944071"/>
</kw>
<kw name="Input Text" owner="SeleniumLibrary">
<msg time="2024-05-28T00:10:43.582168" level="INFO">Typing text '2002' into text field 'xpath:(//input[@class="oxd-input oxd-input--active"])[4]'.</msg>
<arg>${licenseNumber}</arg>
<arg>${lNumber}</arg>
<doc>Types the given ``text`` into the text field identified by ``locator``.</doc>
<status status="PASS" start="2024-05-28T00:10:43.578857" elapsed="0.512278"/>
</kw>
<arg>${FName}</arg>
<arg>${MName}</arg>
<arg>${LName}</arg>
<arg>${Employee_id}</arg>
<arg>${Othr_id}</arg>
<arg>${LNumber}</arg>
<status status="PASS" start="2024-05-28T00:10:39.592938" elapsed="4.498197"/>
</kw>
<kw name="select marital status" owner="PersonalDetailsResources">
<kw name="Click Element" owner="SeleniumLibrary">
<msg time="2024-05-28T00:10:44.100763" level="INFO">Clicking element 'xpath:(//i[@class="oxd-icon bi-caret-down-fill oxd-select-text--arrow"])[2]'.</msg>
<arg>${drop_down}</arg>
<doc>Click the element identified by ``locator``.</doc>
<status status="PASS" start="2024-05-28T00:10:44.098656" elapsed="0.242433"/>
</kw>
<kw name="Wait Until Element Is Visible" owner="SeleniumLibrary">
<arg>${drop_down}</arg>
<arg>10s</arg>
<doc>Waits until the element ``locator`` is visible.</doc>
<status status="PASS" start="2024-05-28T00:10:44.344808" elapsed="0.078319"/>
</kw>
<kw name="Wait Until Element Is Enabled" owner="SeleniumLibrary">
<arg>${drop_down}</arg>
<arg>10s</arg>
<doc>Waits until the element ``locator`` is enabled.</doc>
<status status="PASS" start="2024-05-28T00:10:44.423127" elapsed="0.148164"/>
</kw>
<kw name="Click Element" owner="SeleniumLibrary">
<msg time="2024-05-28T00:10:44.578594" level="INFO">Clicking element 'xpath://span[text()='Married']'.</msg>
<arg>${married}</arg>
<doc>Click the element identified by ``locator``.</doc>
<status status="PASS" start="2024-05-28T00:10:44.574895" elapsed="0.262995"/>
</kw>
<status status="PASS" start="2024-05-28T00:10:44.093648" elapsed="0.748226"/>
</kw>
<kw name="Click Gender As Female" owner="PersonalDetailsResources">
<kw name="Click Element" owner="SeleniumLibrary">
<msg time="2024-05-28T00:10:44.843368" level="INFO">Clicking element 'xpath:(//span[@data-v-7ef819fd])[2]'.</msg>
<arg>${female}</arg>
<doc>Click the element identified by ``locator``.</doc>
<status status="PASS" start="2024-05-28T00:10:44.843368" elapsed="0.217507"/>
</kw>
<status status="PASS" start="2024-05-28T00:10:44.843368" elapsed="0.217507"/>
</kw>
<kw name="Set Selenium Implicit Wait" owner="SeleniumLibrary">
<arg>10</arg>
<doc>Sets the implicit wait value used by Selenium.</doc>
<status status="PASS" start="2024-05-28T00:10:45.060875" elapsed="0.006119"/>
</kw>
<kw name="Click Save Button" owner="PersonalDetailsResources">
<kw name="Click Button" owner="SeleniumLibrary">
<msg time="2024-05-28T00:10:45.075739" level="INFO">Clicking button 'xpath:(//button[text()=" Save "])[1]'.</msg>
<arg>${save}</arg>
<doc>Clicks the button identified by ``locator``.</doc>
<status status="PASS" start="2024-05-28T00:10:45.074725" elapsed="0.309066"/>
</kw>
<kw name="Should Contain" owner="BuiltIn">
<arg>${success_save}</arg>
<arg>Successfully Updated</arg>
<doc>Fails if ``container`` does not contain ``item`` one or more times.</doc>
<status status="PASS" start="2024-05-28T00:10:45.385697" elapsed="0.003145"/>
</kw>
<status status="PASS" start="2024-05-28T00:10:45.074032" elapsed="0.316532"/>
</kw>
<arg>FName=Suvetha</arg>
<arg>MName=Jayagopi</arg>
<arg>LName=P</arg>
<arg>Employee_id=1317</arg>
<arg>Othr_id=1307</arg>
<arg>LNumber=2002</arg>
<status status="PASS" start="2024-05-28T00:10:15.874693" elapsed="29.515871"/>
</kw>
<kw name="Close Browser Session" owner="GenericResources" type="TEARDOWN">
<kw name="Close Browser" owner="SeleniumLibrary">
<doc>Closes the current browser.</doc>
<status status="PASS" start="2024-05-28T00:10:45.396250" elapsed="3.610666"/>
</kw>
<status status="PASS" start="2024-05-28T00:10:45.393527" elapsed="3.613389"/>
</kw>
<status status="PASS" start="2024-05-28T00:09:44.797023" elapsed="64.209893"/>
</test>
<doc>Test search to dashboard page</doc>
<status status="PASS" start="2024-05-28T00:09:42.045299" elapsed="66.982282"/>
</suite>
<status status="PASS" start="2024-05-28T00:09:41.983191" elapsed="67.084852"/>
</suite>
<statistics>
<total>
<stat pass="1" fail="0" skip="0">All Tests</stat>
</total>
<tag>
</tag>
<suite>
<stat pass="1" fail="0" skip="0" id="s1" name="TestCases">TestCases</stat>
<stat pass="1" fail="0" skip="0" id="s1-s1" name="Test PersonalDetails">TestCases.Test PersonalDetails</stat>
</suite>
</statistics>
<errors>
</errors>
</robot>
