<?xml version="1.0" encoding="UTF-8"?>
<robot generator="Robot 7.0 (Python 3.12.2 on win32)" generated="2024-05-26T09:17:10.648895" rpa="false" schemaversion="5">
<suite id="s1" name="TestCases" source="C:\Users\SM\Desktop\Team02_OrangeHRM\Team2_OrangeHRM\TestCases">
<suite id="s1-s1" name="Test Search" source="C:\Users\SM\Desktop\Team02_OrangeHRM\Team2_OrangeHRM\TestCases\Test_Search.robot">
<test id="s1-s1-t1" name="validate valid search credentials" line="18">
<kw name="Open the browser with url" owner="GenericResources" type="SETUP">
<kw name="Create Webdriver" owner="SeleniumLibrary">
<msg time="2024-05-26T09:17:11.333053" level="INFO">Creating an instance of the Chrome WebDriver.</msg>
<arg>${browser_name}</arg>
<doc>Creates an instance of Selenium WebDriver.</doc>
<status status="PASS" start="2024-05-26T09:17:11.323872" elapsed="10.542083"/>
</kw>
<kw name="Go To" owner="SeleniumLibrary">
<msg time="2024-05-26T09:17:21.871052" level="INFO">Opening url 'https://opensource-demo.orangehrmlive.com/web/index.php/auth/login'</msg>
<arg>${url}</arg>
<doc>Navigates the current browser window to the provided ``url``.</doc>
<status status="PASS" start="2024-05-26T09:17:21.865955" elapsed="12.117971"/>
</kw>
<kw name="Maximize Browser Window" owner="SeleniumLibrary">
<doc>Maximizes current browser window.</doc>
<status status="PASS" start="2024-05-26T09:17:33.992989" elapsed="1.498242"/>
</kw>
<kw name="Set Selenium Implicit Wait" owner="SeleniumLibrary">
<arg>5</arg>
<doc>Sets the implicit wait value used by Selenium.</doc>
<status status="PASS" start="2024-05-26T09:17:35.491231" elapsed="0.140824"/>
</kw>
<status status="PASS" start="2024-05-26T09:17:11.323872" elapsed="24.308949"/>
</kw>
<kw name="Fill the login form" owner="LoginResources">
<kw name="Input Text" owner="SeleniumLibrary">
<msg time="2024-05-26T09:17:35.639146" level="INFO">Typing text 'Admin' into text field 'xpath://input[@name='username']'.</msg>
<arg>xpath://input[@name='username']</arg>
<arg>${Username}</arg>
<doc>Types the given ``text`` into the text field identified by ``locator``.</doc>
<status status="PASS" start="2024-05-26T09:17:35.635235" elapsed="1.802351"/>
</kw>
<kw name="Input Password" owner="SeleniumLibrary">
<msg time="2024-05-26T09:17:37.442635" level="INFO">Typing password into text field 'xpath://input[@type='password']'.</msg>
<msg time="2024-05-26T09:17:38.498965" level="INFO">Temporally setting log level to: NONE</msg>
<arg>xpath://input[@type='password']</arg>
<arg>${Password}</arg>
<doc>Types the given password into the text field identified by ``locator``.</doc>
<status status="PASS" start="2024-05-26T09:17:37.437586" elapsed="2.311107"/>
</kw>
<kw name="Click Button" owner="SeleniumLibrary">
<msg time="2024-05-26T09:17:39.753290" level="INFO">Clicking button 'xpath://button[@type='submit']'.</msg>
<arg>xpath://button[@type='submit']</arg>
<doc>Clicks the button identified by ``locator``.</doc>
<status status="PASS" start="2024-05-26T09:17:39.748693" elapsed="6.155535"/>
</kw>
<arg>${username}</arg>
<arg>${password}</arg>
<status status="PASS" start="2024-05-26T09:17:35.634352" elapsed="10.269876"/>
</kw>
<kw name="Set Selenium Implicit Wait" owner="SeleniumLibrary">
<arg>5</arg>
<doc>Sets the implicit wait value used by Selenium.</doc>
<status status="PASS" start="2024-05-26T09:17:45.905253" elapsed="0.016920"/>
</kw>
<kw name="verify the valid credentials" owner="LoginResources">
<kw name="Element Text Should Be" owner="SeleniumLibrary">
<msg time="2024-05-26T09:17:45.926533" level="INFO">Verifying element 'xpath://h6[text()="Dashboard"]' contains exact text 'Dashboard'.</msg>
<arg>${dashBoard}</arg>
<arg>Dashboard</arg>
<doc>Verifies that element ``locator`` contains exact the text ``expected``.</doc>
<status status="PASS" start="2024-05-26T09:17:45.924759" elapsed="5.843002"/>
</kw>
<status status="PASS" start="2024-05-26T09:17:45.922173" elapsed="5.846611"/>
</kw>
<kw name="Input Text" owner="SeleniumLibrary">
<msg time="2024-05-26T09:17:51.774430" level="INFO">Typing text 'Recruitment' into text field 'xpath://input[@placeholder="Search"]'.</msg>
<arg>${search}</arg>
<arg>Recruitment</arg>
<doc>Types the given ``text`` into the text field identified by ``locator``.</doc>
<status status="PASS" start="2024-05-26T09:17:51.770348" elapsed="3.530382"/>
</kw>
<kw name="Element Text Should Be" owner="SeleniumLibrary">
<msg time="2024-05-26T09:17:55.304162" level="INFO">Verifying element 'xpath://a[@href="/web/index.php/recruitment/viewRecruitmentModule"]' contains exact text 'Recruitment'.</msg>
<arg>${Recruitment}</arg>
<arg>Recruitment</arg>
<doc>Verifies that element ``locator`` contains exact the text ``expected``.</doc>
<status status="PASS" start="2024-05-26T09:17:55.302293" elapsed="0.353477"/>
</kw>
<kw name="Close Browser Session" owner="GenericResources" type="TEARDOWN">
<kw name="Close Browser" owner="SeleniumLibrary">
<doc>Closes the current browser.</doc>
<status status="PASS" start="2024-05-26T09:17:55.655770" elapsed="7.610856"/>
</kw>
<status status="PASS" start="2024-05-26T09:17:55.655770" elapsed="7.611878"/>
</kw>
<status status="PASS" start="2024-05-26T09:17:11.323872" elapsed="51.943776"/>
</test>
<doc>test search to dashboard page</doc>
<status status="PASS" start="2024-05-26T09:17:10.710268" elapsed="52.568898"/>
</suite>
<status status="PASS" start="2024-05-26T09:17:10.672150" elapsed="52.624497"/>
</suite>
<statistics>
<total>
<stat pass="1" fail="0" skip="0">All Tests</stat>
</total>
<tag>
</tag>
<suite>
<stat pass="1" fail="0" skip="0" id="s1" name="TestCases">TestCases</stat>
<stat pass="1" fail="0" skip="0" id="s1-s1" name="Test Search">TestCases.Test Search</stat>
</suite>
</statistics>
<errors>
</errors>
</robot>
