<?xml version="1.0" encoding="UTF-8"?>
<robot generator="Robot 7.0 (Python 3.12.2 on win32)" generated="2024-05-28T14:32:44.152779" rpa="false" schemaversion="5">
<suite id="s1" name="TestCases" source="C:\Users\SM\Downloads\orange\orange\Team2_OrangeHRM\TestCases">
<suite id="s1-s1" name="Test Search" source="C:\Users\SM\Downloads\orange\orange\Team2_OrangeHRM\TestCases\Test_Search.robot">
<test id="s1-s1-t1" name="validate valid search credentials" line="19">
<kw name="Open the browser with url" owner="GenericResources" type="SETUP">
<kw name="Create Webdriver" owner="SeleniumLibrary">
<msg time="2024-05-28T14:32:44.505167" level="INFO">Creating an instance of the Chrome WebDriver.</msg>
<arg>${browser_name}</arg>
<doc>Creates an instance of Selenium WebDriver.</doc>
<status status="PASS" start="2024-05-28T14:32:44.505167" elapsed="5.251261"/>
</kw>
<kw name="Go To" owner="SeleniumLibrary">
<msg time="2024-05-28T14:32:49.756428" level="INFO">Opening url 'https://opensource-demo.orangehrmlive.com/web/index.php/auth/login'</msg>
<arg>${url}</arg>
<doc>Navigates the current browser window to the provided ``url``.</doc>
<status status="PASS" start="2024-05-28T14:32:49.756428" elapsed="20.693306"/>
</kw>
<kw name="Maximize Browser Window" owner="SeleniumLibrary">
<doc>Maximizes current browser window.</doc>
<status status="PASS" start="2024-05-28T14:33:10.449734" elapsed="0.501692"/>
</kw>
<kw name="Set Selenium Implicit Wait" owner="SeleniumLibrary">
<arg>5</arg>
<doc>Sets the implicit wait value used by Selenium.</doc>
<status status="PASS" start="2024-05-28T14:33:10.952057" elapsed="0.059737"/>
</kw>
<status status="PASS" start="2024-05-28T14:32:44.505167" elapsed="26.510831"/>
</kw>
<kw name="Fill the login form" owner="LoginResources">
<kw name="Input Text" owner="SeleniumLibrary">
<msg time="2024-05-28T14:33:11.195167" level="INFO">Typing text 'Admin' into text field 'xpath://input[@name='username']'.</msg>
<arg>xpath://input[@name='username']</arg>
<arg>${Username}</arg>
<doc>Types the given ``text`` into the text field identified by ``locator``.</doc>
<status status="PASS" start="2024-05-28T14:33:11.048852" elapsed="3.503027"/>
</kw>
<kw name="Input Password" owner="SeleniumLibrary">
<msg time="2024-05-28T14:33:14.557137" level="INFO">Typing password into text field 'xpath://input[@type='password']'.</msg>
<msg time="2024-05-28T14:33:15.130208" level="INFO">Temporally setting log level to: NONE</msg>
<arg>xpath://input[@type='password']</arg>
<arg>${Password}</arg>
<doc>Types the given password into the text field identified by ``locator``.</doc>
<status status="PASS" start="2024-05-28T14:33:14.556279" elapsed="1.498568"/>
</kw>
<kw name="Click Button" owner="SeleniumLibrary">
<msg time="2024-05-28T14:33:16.055761" level="INFO">Clicking button 'xpath://button[@type='submit']'.</msg>
<arg>xpath://button[@type='submit']</arg>
<doc>Clicks the button identified by ``locator``.</doc>
<status status="PASS" start="2024-05-28T14:33:16.055761" elapsed="4.706801"/>
</kw>
<arg>${username}</arg>
<arg>${password}</arg>
<status status="PASS" start="2024-05-28T14:33:11.041566" elapsed="9.720996"/>
</kw>
<kw name="Set Selenium Implicit Wait" owner="SeleniumLibrary">
<arg>5</arg>
<doc>Sets the implicit wait value used by Selenium.</doc>
<status status="PASS" start="2024-05-28T14:33:20.762562" elapsed="0.510277"/>
</kw>
<kw name="verify the valid credentials" owner="LoginResources">
<kw name="Element Text Should Be" owner="SeleniumLibrary">
<msg time="2024-05-28T14:33:21.683612" level="INFO">Verifying element 'xpath://h6[text()="Dashboard"]' contains exact text 'Dashboard'.</msg>
<arg>${dashBoard}</arg>
<arg>Dashboard</arg>
<doc>Verifies that element ``locator`` contains exact the text ``expected``.</doc>
<status status="PASS" start="2024-05-28T14:33:21.276204" elapsed="2.888259"/>
</kw>
<status status="PASS" start="2024-05-28T14:33:21.274609" elapsed="2.889854"/>
</kw>
<kw name="Input Text" owner="SeleniumLibrary">
<msg time="2024-05-28T14:33:24.808324" level="INFO">Typing text 'Recruitment' into text field 'xpath://input[@placeholder="Search"]'.</msg>
<arg>${search}</arg>
<arg>Recruitment</arg>
<doc>Types the given ``text`` into the text field identified by ``locator``.</doc>
<status status="PASS" start="2024-05-28T14:33:24.164463" elapsed="5.401705"/>
</kw>
<kw name="Element Text Should Be" owner="SeleniumLibrary">
<msg time="2024-05-28T14:33:29.574728" level="INFO">Verifying element 'xpath://a[@href="/web/index.php/recruitment/viewRecruitmentModule"]' contains exact text 'Recruitment'.</msg>
<arg>${Recruitment}</arg>
<arg>Recruitment</arg>
<doc>Verifies that element ``locator`` contains exact the text ``expected``.</doc>
<status status="PASS" start="2024-05-28T14:33:29.572706" elapsed="0.164481"/>
</kw>
<kw name="Close Browser Session" owner="GenericResources" type="TEARDOWN">
<kw name="Close Browser" owner="SeleniumLibrary">
<doc>Closes the current browser.</doc>
<status status="PASS" start="2024-05-28T14:33:29.744509" elapsed="22.030209"/>
</kw>
<status status="PASS" start="2024-05-28T14:33:29.742232" elapsed="22.033582"/>
</kw>
<tag>Smoke</tag>
<status status="PASS" start="2024-05-28T14:32:44.496618" elapsed="67.279892"/>
</test>
<doc>test search to dashboard page</doc>
<status status="PASS" start="2024-05-28T14:32:44.196068" elapsed="67.598960"/>
</suite>
<status status="PASS" start="2024-05-28T14:32:44.173443" elapsed="67.626780"/>
</suite>
<statistics>
<total>
<stat pass="1" fail="0" skip="0">All Tests</stat>
</total>
<tag>
<stat pass="1" fail="0" skip="0">Smoke</stat>
</tag>
<suite>
<stat pass="1" fail="0" skip="0" id="s1" name="TestCases">TestCases</stat>
<stat pass="1" fail="0" skip="0" id="s1-s1" name="Test Search">TestCases.Test Search</stat>
</suite>
</statistics>
<errors>
</errors>
</robot>
