<?xml version="1.0" encoding="UTF-8"?>
<robot generator="Robot 7.0 (Python 3.12.2 on win32)" generated="2024-05-28T14:33:57.934552" rpa="false" schemaversion="5">
<suite id="s1" name="TestCases" source="C:\Users\SM\Downloads\orange\orange\Team2_OrangeHRM\TestCases">
<suite id="s1-s1" name="Test EmergencyDetails delete" source="C:\Users\SM\Downloads\orange\orange\Team2_OrangeHRM\TestCases\Test_EmergencyDetails_delete.robot">
<test id="s1-s1-t1" name="fill the form of personal details" line="18">
<kw name="Open the browser with url" owner="GenericResources" type="SETUP">
<kw name="Create Webdriver" owner="SeleniumLibrary">
<msg time="2024-05-28T14:34:00.400414" level="INFO">Creating an instance of the Chrome WebDriver.</msg>
<arg>${browser_name}</arg>
<doc>Creates an instance of Selenium WebDriver.</doc>
<status status="PASS" start="2024-05-28T14:34:00.400414" elapsed="3.328027"/>
</kw>
<kw name="Go To" owner="SeleniumLibrary">
<msg time="2024-05-28T14:34:03.728441" level="INFO">Opening url 'https://opensource-demo.orangehrmlive.com/web/index.php/auth/login'</msg>
<arg>${url}</arg>
<doc>Navigates the current browser window to the provided ``url``.</doc>
<status status="PASS" start="2024-05-28T14:34:03.728441" elapsed="8.681171"/>
</kw>
<kw name="Maximize Browser Window" owner="SeleniumLibrary">
<doc>Maximizes current browser window.</doc>
<status status="PASS" start="2024-05-28T14:34:12.409612" elapsed="0.145406"/>
</kw>
<kw name="Set Selenium Implicit Wait" owner="SeleniumLibrary">
<arg>5</arg>
<doc>Sets the implicit wait value used by Selenium.</doc>
<status status="PASS" start="2024-05-28T14:34:12.557793" elapsed="0.012351"/>
</kw>
<status status="PASS" start="2024-05-28T14:34:00.400414" elapsed="12.172809"/>
</kw>
<kw name="validate successful saved personal details">
<kw name="Fill the login form" owner="LoginResources">
<kw name="Input Text" owner="SeleniumLibrary">
<msg time="2024-05-28T14:34:12.583241" level="INFO">Typing text 'Admin' into text field 'xpath://input[@name='username']'.</msg>
<arg>xpath://input[@name='username']</arg>
<arg>${Username}</arg>
<doc>Types the given ``text`` into the text field identified by ``locator``.</doc>
<status status="PASS" start="2024-05-28T14:34:12.580396" elapsed="0.715394"/>
</kw>
<kw name="Input Password" owner="SeleniumLibrary">
<msg time="2024-05-28T14:34:13.295790" level="INFO">Typing password into text field 'xpath://input[@type='password']'.</msg>
<msg time="2024-05-28T14:34:13.371726" level="INFO">Temporally setting log level to: NONE</msg>
<arg>xpath://input[@type='password']</arg>
<arg>${Password}</arg>
<doc>Types the given password into the text field identified by ``locator``.</doc>
<status status="PASS" start="2024-05-28T14:34:13.295790" elapsed="0.239348"/>
</kw>
<kw name="Click Button" owner="SeleniumLibrary">
<msg time="2024-05-28T14:34:13.535138" level="INFO">Clicking button 'xpath://button[@type='submit']'.</msg>
<arg>xpath://button[@type='submit']</arg>
<doc>Clicks the button identified by ``locator``.</doc>
<status status="PASS" start="2024-05-28T14:34:13.535138" elapsed="1.647929"/>
</kw>
<arg>${username}</arg>
<arg>${password}</arg>
<status status="PASS" start="2024-05-28T14:34:12.580396" elapsed="2.602671"/>
</kw>
<kw name="Set Selenium Implicit Wait" owner="SeleniumLibrary">
<arg>5</arg>
<doc>Sets the implicit wait value used by Selenium.</doc>
<status status="PASS" start="2024-05-28T14:34:15.183067" elapsed="0.000000"/>
</kw>
<kw name="verify the valid credentials" owner="LoginResources">
<kw name="Element Text Should Be" owner="SeleniumLibrary">
<msg time="2024-05-28T14:34:15.191200" level="INFO">Verifying element 'xpath://h6[text()="Dashboard"]' contains exact text 'Dashboard'.</msg>
<arg>${dashBoard}</arg>
<arg>Dashboard</arg>
<doc>Verifies that element ``locator`` contains exact the text ``expected``.</doc>
<status status="PASS" start="2024-05-28T14:34:15.191200" elapsed="0.675783"/>
</kw>
<status status="PASS" start="2024-05-28T14:34:15.189645" elapsed="0.677338"/>
</kw>
<kw name="click myInfo Button" owner="MyInfoResource">
<kw name="Click Element" owner="SeleniumLibrary">
<msg time="2024-05-28T14:34:15.871567" level="INFO">Clicking element 'xpath://span[text()='My Info']'.</msg>
<arg>${myInfo}</arg>
<doc>Click the element identified by ``locator``.</doc>
<status status="PASS" start="2024-05-28T14:34:15.871323" elapsed="1.796141"/>
</kw>
<status status="PASS" start="2024-05-28T14:34:15.869948" elapsed="1.797516"/>
</kw>
<kw name="click emergency contact element" owner="MyInfoResource">
<kw name="Click Link" owner="SeleniumLibrary">
<msg time="2024-05-28T14:34:17.680845" level="INFO">Clicking link 'xpath://a[text()='Emergency Contacts']'.</msg>
<arg>${emergency_contact}</arg>
<doc>Clicks a link identified by ``locator``.</doc>
<status status="PASS" start="2024-05-28T14:34:17.678030" elapsed="2.093185"/>
</kw>
<status status="PASS" start="2024-05-28T14:34:17.669480" elapsed="2.101735"/>
</kw>
<kw name="Set Selenium Implicit Wait" owner="SeleniumLibrary">
<arg>5s</arg>
<doc>Sets the implicit wait value used by Selenium.</doc>
<status status="PASS" start="2024-05-28T14:34:19.771215" elapsed="0.003543"/>
</kw>
<kw name="Click delete Button" owner="EmergencyContactResources">
<kw name="Set Selenium Implicit Wait" owner="SeleniumLibrary">
<arg>3s</arg>
<doc>Sets the implicit wait value used by Selenium.</doc>
<status status="PASS" start="2024-05-28T14:34:19.774758" elapsed="0.008057"/>
</kw>
<kw name="Click Button" owner="SeleniumLibrary">
<msg time="2024-05-28T14:34:19.782815" level="INFO">Clicking button 'xpath:(//button[@data-v-f5c763eb])[3]'.</msg>
<arg>${delete}</arg>
<doc>Clicks the button identified by ``locator``.</doc>
<status status="PASS" start="2024-05-28T14:34:19.782815" elapsed="1.349868"/>
</kw>
<kw name="Element Text Should Be" owner="SeleniumLibrary">
<msg time="2024-05-28T14:34:21.138251" level="INFO">Verifying element 'xpath:(//p[@data-v-7b563373])[3]' contains exact text 'Are you Sure?'.</msg>
<arg>${sure}</arg>
<arg>Are you Sure?</arg>
<doc>Verifies that element ``locator`` contains exact the text ``expected``.</doc>
<status status="PASS" start="2024-05-28T14:34:21.132683" elapsed="0.061296"/>
</kw>
<status status="PASS" start="2024-05-28T14:34:19.774758" elapsed="1.419221"/>
</kw>
<tag>Smoke</tag>
<status status="PASS" start="2024-05-28T14:34:12.574628" elapsed="8.619351"/>
</kw>
<kw name="Close Browser Session" owner="GenericResources" type="TEARDOWN">
<kw name="Close Browser" owner="SeleniumLibrary">
<doc>Closes the current browser.</doc>
<status status="PASS" start="2024-05-28T14:34:21.193979" elapsed="2.227684"/>
</kw>
<status status="PASS" start="2024-05-28T14:34:21.193979" elapsed="2.227684"/>
</kw>
<status status="PASS" start="2024-05-28T14:34:00.400414" elapsed="23.021249"/>
</test>
<doc>Test emergency contact to my info page</doc>
<status status="PASS" start="2024-05-28T14:33:57.959770" elapsed="25.461893"/>
</suite>
<status status="PASS" start="2024-05-28T14:33:57.944651" elapsed="25.477012"/>
</suite>
<statistics>
<total>
<stat pass="1" fail="0" skip="0">All Tests</stat>
</total>
<tag>
</tag>
<suite>
<stat pass="1" fail="0" skip="0" id="s1" name="TestCases">TestCases</stat>
<stat pass="1" fail="0" skip="0" id="s1-s1" name="Test EmergencyDetails delete">TestCases.Test EmergencyDetails delete</stat>
</suite>
</statistics>
<errors>
</errors>
</robot>
