<?xml version="1.0" encoding="UTF-8"?>
<robot generator="Robot 7.0 (Python 3.12.2 on win32)" generated="2024-05-28T06:18:18.613669" rpa="false" schemaversion="5">
<suite id="s1" name="TestCases" source="C:\Users\SM\Desktop\Team02_OrangeHRM\Team2_OrangeHRM\TestCases">
<suite id="s1-s1" name="Test ChangePassword" source="C:\Users\SM\Desktop\Team02_OrangeHRM\Team2_OrangeHRM\TestCases\Test_ChangePassword.robot">
<test id="s1-s1-t1" name="Verify invalid current password" line="33">
<kw name="Open the browser with url" owner="GenericResources" type="SETUP">
<kw name="Create Webdriver" owner="SeleniumLibrary">
<msg time="2024-05-28T06:18:18.863151" level="INFO">Creating an instance of the Chrome WebDriver.</msg>
<arg>${browser_name}</arg>
<doc>Creates an instance of Selenium WebDriver.</doc>
<status status="PASS" start="2024-05-28T06:18:18.863151" elapsed="3.212850"/>
</kw>
<kw name="Go To" owner="SeleniumLibrary">
<msg time="2024-05-28T06:18:22.078616" level="INFO">Opening url 'https://opensource-demo.orangehrmlive.com/web/index.php/auth/login'</msg>
<arg>${url}</arg>
<doc>Navigates the current browser window to the provided ``url``.</doc>
<status status="PASS" start="2024-05-28T06:18:22.078616" elapsed="4.962578"/>
</kw>
<kw name="Maximize Browser Window" owner="SeleniumLibrary">
<doc>Maximizes current browser window.</doc>
<status status="PASS" start="2024-05-28T06:18:27.041194" elapsed="0.037210"/>
</kw>
<kw name="Set Selenium Implicit Wait" owner="SeleniumLibrary">
<arg>5</arg>
<doc>Sets the implicit wait value used by Selenium.</doc>
<status status="PASS" start="2024-05-28T06:18:27.078404" elapsed="0.000000"/>
</kw>
<status status="PASS" start="2024-05-28T06:18:18.863151" elapsed="8.215253"/>
</kw>
<kw name="Fill the login form" owner="LoginResources">
<kw name="Input Text" owner="SeleniumLibrary">
<msg time="2024-05-28T06:18:27.082064" level="INFO">Typing text 'Admin' into text field 'xpath://input[@name='username']'.</msg>
<arg>xpath://input[@name='username']</arg>
<arg>${Username}</arg>
<doc>Types the given ``text`` into the text field identified by ``locator``.</doc>
<status status="PASS" start="2024-05-28T06:18:27.082064" elapsed="0.521823"/>
</kw>
<kw name="Input Password" owner="SeleniumLibrary">
<msg time="2024-05-28T06:18:27.604451" level="INFO">Typing password into text field 'xpath://input[@type='password']'.</msg>
<msg time="2024-05-28T06:18:27.653513" level="INFO">Temporally setting log level to: NONE</msg>
<arg>xpath://input[@type='password']</arg>
<arg>${Password}</arg>
<doc>Types the given password into the text field identified by ``locator``.</doc>
<status status="PASS" start="2024-05-28T06:18:27.604451" elapsed="0.179117"/>
</kw>
<kw name="Click Button" owner="SeleniumLibrary">
<msg time="2024-05-28T06:18:27.783568" level="INFO">Clicking button 'xpath://button[@type='submit']'.</msg>
<arg>xpath://button[@type='submit']</arg>
<doc>Clicks the button identified by ``locator``.</doc>
<status status="PASS" start="2024-05-28T06:18:27.783568" elapsed="0.060083"/>
</kw>
<arg>${username}</arg>
<arg>${password}</arg>
<status status="PASS" start="2024-05-28T06:18:27.082064" elapsed="0.761587"/>
</kw>
<kw name="Set Selenium Implicit Wait" owner="SeleniumLibrary">
<arg>5</arg>
<doc>Sets the implicit wait value used by Selenium.</doc>
<status status="PASS" start="2024-05-28T06:18:27.843651" elapsed="0.000000"/>
</kw>
<kw name="verify the valid credentials" owner="LoginResources">
<kw name="Element Text Should Be" owner="SeleniumLibrary">
<msg time="2024-05-28T06:18:27.849727" level="INFO">Verifying element 'xpath://h6[text()="Dashboard"]' contains exact text 'Dashboard'.</msg>
<arg>${dashBoard}</arg>
<arg>Dashboard</arg>
<doc>Verifies that element ``locator`` contains exact the text ``expected``.</doc>
<status status="PASS" start="2024-05-28T06:18:27.843651" elapsed="1.620286"/>
</kw>
<status status="PASS" start="2024-05-28T06:18:27.843651" elapsed="1.620286"/>
</kw>
<kw name="click user icon" owner="ChangePasswordResources">
<kw name="Click Element" owner="SeleniumLibrary">
<msg time="2024-05-28T06:18:29.463937" level="INFO">Clicking element 'xpath://p[@class="oxd-userdropdown-name"]'.</msg>
<arg>${user}</arg>
<doc>Click the element identified by ``locator``.</doc>
<status status="PASS" start="2024-05-28T06:18:29.463937" elapsed="0.089287"/>
</kw>
<status status="PASS" start="2024-05-28T06:18:29.463937" elapsed="0.089287"/>
</kw>
<kw name="click change password" owner="ChangePasswordResources">
<kw name="Click Element" owner="SeleniumLibrary">
<msg time="2024-05-28T06:18:29.553224" level="INFO">Clicking element 'xpath:(//a[@class="oxd-userdropdown-link"])[3]'.</msg>
<arg>${change_password}</arg>
<doc>Click the element identified by ``locator``.</doc>
<status status="PASS" start="2024-05-28T06:18:29.553224" elapsed="0.907764"/>
</kw>
<status status="PASS" start="2024-05-28T06:18:29.553224" elapsed="0.907764"/>
</kw>
<kw name="Fill the change password" owner="ChangePasswordResources">
<kw name="Input Password" owner="SeleniumLibrary">
<msg time="2024-05-28T06:18:30.460988" level="INFO">Typing password into text field 'xpath:(//input[@type="password"])[1]'.</msg>
<msg time="2024-05-28T06:18:30.936028" level="INFO">Temporally setting log level to: NONE</msg>
<arg>${current_password_field}</arg>
<arg>${current_password}</arg>
<doc>Types the given password into the text field identified by ``locator``.</doc>
<status status="PASS" start="2024-05-28T06:18:30.460988" elapsed="0.607817"/>
</kw>
<kw name="Input Password" owner="SeleniumLibrary">
<msg time="2024-05-28T06:18:31.068805" level="INFO">Typing password into text field 'xpath:(//input[@type="password"])[2]'.</msg>
<msg time="2024-05-28T06:18:31.115845" level="INFO">Temporally setting log level to: NONE</msg>
<arg>${new_password_field}</arg>
<arg>${new_password}</arg>
<doc>Types the given password into the text field identified by ``locator``.</doc>
<status status="PASS" start="2024-05-28T06:18:31.068805" elapsed="0.169806"/>
</kw>
<kw name="Input Password" owner="SeleniumLibrary">
<msg time="2024-05-28T06:18:31.238611" level="INFO">Typing password into text field 'xpath:(//input[@type="password"])[3]'.</msg>
<msg time="2024-05-28T06:18:31.277068" level="INFO">Temporally setting log level to: NONE</msg>
<arg>${confirm_password_field}</arg>
<arg>${confirm_password}</arg>
<doc>Types the given password into the text field identified by ``locator``.</doc>
<status status="PASS" start="2024-05-28T06:18:31.238611" elapsed="0.130821"/>
</kw>
<kw name="Click Button" owner="SeleniumLibrary">
<msg time="2024-05-28T06:18:31.369432" level="INFO">Clicking button 'xpath://button[@type='submit']'.</msg>
<arg>${submit_button}</arg>
<doc>Clicks the button identified by ``locator``.</doc>
<status status="PASS" start="2024-05-28T06:18:31.369432" elapsed="0.066650"/>
</kw>
<arg>${invalid_password}</arg>
<arg>${Password}</arg>
<arg>${confirm_password}</arg>
<status status="PASS" start="2024-05-28T06:18:30.460988" elapsed="0.975094"/>
</kw>
<kw name="Set Selenium Implicit Wait" owner="SeleniumLibrary">
<arg>3</arg>
<doc>Sets the implicit wait value used by Selenium.</doc>
<status status="PASS" start="2024-05-28T06:18:31.436082" elapsed="0.000000"/>
</kw>
<kw name="Verify error message for incorrect current message" owner="ChangePasswordResources">
<kw name="Should Contain" owner="BuiltIn">
<arg>${error_message}</arg>
<arg>Current Password is Incorrect</arg>
<doc>Fails if ``container`` does not contain ``item`` one or more times.</doc>
<status status="PASS" start="2024-05-28T06:18:31.436082" elapsed="0.000000"/>
</kw>
<status status="PASS" start="2024-05-28T06:18:31.436082" elapsed="0.000000"/>
</kw>
<kw name="Close Browser Session" owner="GenericResources" type="TEARDOWN">
<kw name="Close Browser" owner="SeleniumLibrary">
<doc>Closes the current browser.</doc>
<status status="PASS" start="2024-05-28T06:18:31.442092" elapsed="2.301452"/>
</kw>
<status status="PASS" start="2024-05-28T06:18:31.442092" elapsed="2.301452"/>
</kw>
<tag>Smoke</tag>
<status status="PASS" start="2024-05-28T06:18:18.853229" elapsed="14.890315"/>
</test>
<test id="s1-s1-t2" name="Verify invalid confirm password" line="45">
<kw name="Open the browser with url" owner="GenericResources" type="SETUP">
<kw name="Create Webdriver" owner="SeleniumLibrary">
<msg time="2024-05-28T06:18:33.743544" level="INFO">Creating an instance of the Chrome WebDriver.</msg>
<arg>${browser_name}</arg>
<doc>Creates an instance of Selenium WebDriver.</doc>
<status status="PASS" start="2024-05-28T06:18:33.743544" elapsed="1.984172"/>
</kw>
<kw name="Go To" owner="SeleniumLibrary">
<msg time="2024-05-28T06:18:35.727716" level="INFO">Opening url 'https://opensource-demo.orangehrmlive.com/web/index.php/auth/login'</msg>
<arg>${url}</arg>
<doc>Navigates the current browser window to the provided ``url``.</doc>
<status status="PASS" start="2024-05-28T06:18:35.727716" elapsed="6.679622"/>
</kw>
<kw name="Maximize Browser Window" owner="SeleniumLibrary">
<doc>Maximizes current browser window.</doc>
<status status="PASS" start="2024-05-28T06:18:42.407338" elapsed="0.036620"/>
</kw>
<kw name="Set Selenium Implicit Wait" owner="SeleniumLibrary">
<arg>5</arg>
<doc>Sets the implicit wait value used by Selenium.</doc>
<status status="PASS" start="2024-05-28T06:18:42.443958" elapsed="0.002012"/>
</kw>
<status status="PASS" start="2024-05-28T06:18:33.743544" elapsed="8.702426"/>
</kw>
<kw name="Fill the login form" owner="LoginResources">
<kw name="Input Text" owner="SeleniumLibrary">
<msg time="2024-05-28T06:18:42.449107" level="INFO">Typing text 'Admin' into text field 'xpath://input[@name='username']'.</msg>
<arg>xpath://input[@name='username']</arg>
<arg>${Username}</arg>
<doc>Types the given ``text`` into the text field identified by ``locator``.</doc>
<status status="PASS" start="2024-05-28T06:18:42.449107" elapsed="0.463029"/>
</kw>
<kw name="Input Password" owner="SeleniumLibrary">
<msg time="2024-05-28T06:18:42.912136" level="INFO">Typing password into text field 'xpath://input[@type='password']'.</msg>
<msg time="2024-05-28T06:18:42.961246" level="INFO">Temporally setting log level to: NONE</msg>
<arg>xpath://input[@type='password']</arg>
<arg>${Password}</arg>
<doc>Types the given password into the text field identified by ``locator``.</doc>
<status status="PASS" start="2024-05-28T06:18:42.912136" elapsed="0.183260"/>
</kw>
<kw name="Click Button" owner="SeleniumLibrary">
<msg time="2024-05-28T06:18:43.098916" level="INFO">Clicking button 'xpath://button[@type='submit']'.</msg>
<arg>xpath://button[@type='submit']</arg>
<doc>Clicks the button identified by ``locator``.</doc>
<status status="PASS" start="2024-05-28T06:18:43.098916" elapsed="1.276991"/>
</kw>
<arg>${username}</arg>
<arg>${password}</arg>
<status status="PASS" start="2024-05-28T06:18:42.445970" elapsed="1.929937"/>
</kw>
<kw name="Set Selenium Implicit Wait" owner="SeleniumLibrary">
<arg>5</arg>
<doc>Sets the implicit wait value used by Selenium.</doc>
<status status="PASS" start="2024-05-28T06:18:44.375907" elapsed="0.000000"/>
</kw>
<kw name="verify the valid credentials" owner="LoginResources">
<kw name="Element Text Should Be" owner="SeleniumLibrary">
<msg time="2024-05-28T06:18:44.375907" level="INFO">Verifying element 'xpath://h6[text()="Dashboard"]' contains exact text 'Dashboard'.</msg>
<arg>${dashBoard}</arg>
<arg>Dashboard</arg>
<doc>Verifies that element ``locator`` contains exact the text ``expected``.</doc>
<status status="PASS" start="2024-05-28T06:18:44.375907" elapsed="0.440997"/>
</kw>
<status status="PASS" start="2024-05-28T06:18:44.375907" elapsed="0.440997"/>
</kw>
<kw name="click user icon" owner="ChangePasswordResources">
<kw name="Click Element" owner="SeleniumLibrary">
<msg time="2024-05-28T06:18:44.816904" level="INFO">Clicking element 'xpath://p[@class="oxd-userdropdown-name"]'.</msg>
<arg>${user}</arg>
<doc>Click the element identified by ``locator``.</doc>
<status status="PASS" start="2024-05-28T06:18:44.816904" elapsed="0.106955"/>
</kw>
<status status="PASS" start="2024-05-28T06:18:44.816904" elapsed="0.106955"/>
</kw>
<kw name="click change password" owner="ChangePasswordResources">
<kw name="Click Element" owner="SeleniumLibrary">
<msg time="2024-05-28T06:18:44.923859" level="INFO">Clicking element 'xpath:(//a[@class="oxd-userdropdown-link"])[3]'.</msg>
<arg>${change_password}</arg>
<doc>Click the element identified by ``locator``.</doc>
<status status="PASS" start="2024-05-28T06:18:44.923859" elapsed="0.664980"/>
</kw>
<status status="PASS" start="2024-05-28T06:18:44.923859" elapsed="0.664980"/>
</kw>
<kw name="Fill the change password" owner="ChangePasswordResources">
<kw name="Input Password" owner="SeleniumLibrary">
<msg time="2024-05-28T06:18:45.588839" level="INFO">Typing password into text field 'xpath:(//input[@type="password"])[1]'.</msg>
<msg time="2024-05-28T06:18:45.984609" level="INFO">Temporally setting log level to: NONE</msg>
<arg>${current_password_field}</arg>
<arg>${current_password}</arg>
<doc>Types the given password into the text field identified by ``locator``.</doc>
<status status="PASS" start="2024-05-28T06:18:45.588839" elapsed="0.470221"/>
</kw>
<kw name="Input Password" owner="SeleniumLibrary">
<msg time="2024-05-28T06:18:46.059060" level="INFO">Typing password into text field 'xpath:(//input[@type="password"])[2]'.</msg>
<msg time="2024-05-28T06:18:46.100209" level="INFO">Temporally setting log level to: NONE</msg>
<arg>${new_password_field}</arg>
<arg>${new_password}</arg>
<doc>Types the given password into the text field identified by ``locator``.</doc>
<status status="PASS" start="2024-05-28T06:18:46.059060" elapsed="0.112524"/>
</kw>
<kw name="Input Password" owner="SeleniumLibrary">
<msg time="2024-05-28T06:18:46.171584" level="INFO">Typing password into text field 'xpath:(//input[@type="password"])[3]'.</msg>
<msg time="2024-05-28T06:18:46.204280" level="INFO">Temporally setting log level to: NONE</msg>
<arg>${confirm_password_field}</arg>
<arg>${confirm_password}</arg>
<doc>Types the given password into the text field identified by ``locator``.</doc>
<status status="PASS" start="2024-05-28T06:18:46.171584" elapsed="0.098581"/>
</kw>
<kw name="Click Button" owner="SeleniumLibrary">
<msg time="2024-05-28T06:18:46.270165" level="INFO">Clicking button 'xpath://button[@type='submit']'.</msg>
<arg>${submit_button}</arg>
<doc>Clicks the button identified by ``locator``.</doc>
<status status="PASS" start="2024-05-28T06:18:46.270165" elapsed="0.103548"/>
</kw>
<arg>${invalid_password}</arg>
<arg>${Password}</arg>
<arg>${invalidconfirm_password}</arg>
<status status="PASS" start="2024-05-28T06:18:45.588839" elapsed="0.784874"/>
</kw>
<kw name="Set Selenium Implicit Wait" owner="SeleniumLibrary">
<arg>3</arg>
<doc>Sets the implicit wait value used by Selenium.</doc>
<status status="PASS" start="2024-05-28T06:18:46.375004" elapsed="0.000000"/>
</kw>
<kw name="verify error message for incorrect passwords" owner="ChangePasswordResources">
<kw name="Element Text Should Be" owner="SeleniumLibrary">
<msg time="2024-05-28T06:18:46.378608" level="INFO">Verifying element 'xpath://span[text()='Passwords do not match']' contains exact text 'Passwords do not match'.</msg>
<arg>${alert}</arg>
<arg>Passwords do not match</arg>
<doc>Verifies that element ``locator`` contains exact the text ``expected``.</doc>
<status status="PASS" start="2024-05-28T06:18:46.378608" elapsed="0.035233"/>
</kw>
<status status="PASS" start="2024-05-28T06:18:46.378608" elapsed="0.035233"/>
</kw>
<kw name="Close Browser Session" owner="GenericResources" type="TEARDOWN">
<kw name="Close Browser" owner="SeleniumLibrary">
<doc>Closes the current browser.</doc>
<status status="PASS" start="2024-05-28T06:18:46.416030" elapsed="2.274263"/>
</kw>
<status status="PASS" start="2024-05-28T06:18:46.415519" elapsed="2.274774"/>
</kw>
<tag>Smoke</tag>
<status status="PASS" start="2024-05-28T06:18:33.743544" elapsed="14.946749"/>
</test>
<doc>change password to dashboard page</doc>
<status status="PASS" start="2024-05-28T06:18:18.635854" elapsed="30.054439"/>
</suite>
<status status="PASS" start="2024-05-28T06:18:18.613669" elapsed="30.081564"/>
</suite>
<statistics>
<total>
<stat pass="2" fail="0" skip="0">All Tests</stat>
</total>
<tag>
<stat pass="2" fail="0" skip="0">Smoke</stat>
</tag>
<suite>
<stat pass="2" fail="0" skip="0" id="s1" name="TestCases">TestCases</stat>
<stat pass="2" fail="0" skip="0" id="s1-s1" name="Test ChangePassword">TestCases.Test ChangePassword</stat>
</suite>
</statistics>
<errors>
</errors>
</robot>
