<?xml version="1.0" encoding="UTF-8"?>
<robot generator="Robot 7.0 (Python 3.12.2 on win32)" generated="2024-05-27T09:41:52.007875" rpa="false" schemaversion="5">
<suite id="s1" name="Test Immigration" source="C:\Users\SM\Desktop\Team02_OrangeHRM\Team2_OrangeHRM\TestCases\Test_Immigration.robot">
<test id="s1-t1" name="Valid" line="18">
<kw name="Open the browser with url" owner="GenericResources" type="SETUP">
<kw name="Create Webdriver" owner="SeleniumLibrary">
<msg time="2024-05-27T09:41:52.328320" level="INFO">Creating an instance of the Chrome WebDriver.</msg>
<arg>${browser_name}</arg>
<doc>Creates an instance of Selenium WebDriver.</doc>
<status status="PASS" start="2024-05-27T09:41:52.328320" elapsed="2.431528"/>
</kw>
<kw name="Go To" owner="SeleniumLibrary">
<msg time="2024-05-27T09:41:54.759848" level="INFO">Opening url 'https://opensource-demo.orangehrmlive.com/web/index.php/auth/login'</msg>
<arg>${url}</arg>
<doc>Navigates the current browser window to the provided ``url``.</doc>
<status status="PASS" start="2024-05-27T09:41:54.759848" elapsed="10.297441"/>
</kw>
<kw name="Maximize Browser Window" owner="SeleniumLibrary">
<doc>Maximizes current browser window.</doc>
<status status="PASS" start="2024-05-27T09:42:05.057598" elapsed="0.046292"/>
</kw>
<kw name="Set Selenium Implicit Wait" owner="SeleniumLibrary">
<arg>5</arg>
<doc>Sets the implicit wait value used by Selenium.</doc>
<status status="PASS" start="2024-05-27T09:42:05.106901" elapsed="0.000000"/>
</kw>
<status status="PASS" start="2024-05-27T09:41:52.327598" elapsed="12.779303"/>
</kw>
<kw name="validate successful saved Dependent">
<kw name="Fill the login form" owner="LoginResources">
<kw name="Input Text" owner="SeleniumLibrary">
<msg time="2024-05-27T09:42:05.106901" level="INFO">Typing text 'Admin' into text field 'xpath://input[@name='username']'.</msg>
<arg>xpath://input[@name='username']</arg>
<arg>${Username}</arg>
<doc>Types the given ``text`` into the text field identified by ``locator``.</doc>
<status status="PASS" start="2024-05-27T09:42:05.106901" elapsed="0.563317"/>
</kw>
<kw name="Input Password" owner="SeleniumLibrary">
<msg time="2024-05-27T09:42:05.670218" level="INFO">Typing password into text field 'xpath://input[@type='password']'.</msg>
<msg time="2024-05-27T09:42:05.735106" level="INFO">Temporally setting log level to: NONE</msg>
<arg>xpath://input[@type='password']</arg>
<arg>${Password}</arg>
<doc>Types the given password into the text field identified by ``locator``.</doc>
<status status="PASS" start="2024-05-27T09:42:05.670218" elapsed="0.209094"/>
</kw>
<kw name="Click Button" owner="SeleniumLibrary">
<msg time="2024-05-27T09:42:05.879637" level="INFO">Clicking button 'xpath://button[@type='submit']'.</msg>
<arg>xpath://button[@type='submit']</arg>
<doc>Clicks the button identified by ``locator``.</doc>
<status status="PASS" start="2024-05-27T09:42:05.879637" elapsed="1.383556"/>
</kw>
<arg>${username}</arg>
<arg>${password}</arg>
<status status="PASS" start="2024-05-27T09:42:05.106901" elapsed="2.156292"/>
</kw>
<kw name="Set Selenium Implicit Wait" owner="SeleniumLibrary">
<arg>5</arg>
<doc>Sets the implicit wait value used by Selenium.</doc>
<status status="PASS" start="2024-05-27T09:42:07.263193" elapsed="0.001167"/>
</kw>
<kw name="verify the valid credentials" owner="LoginResources">
<kw name="Element Text Should Be" owner="SeleniumLibrary">
<msg time="2024-05-27T09:42:07.264360" level="INFO">Verifying element 'xpath://h6[text()="Dashboard"]' contains exact text 'Dashboard'.</msg>
<arg>${dashBoard}</arg>
<arg>Dashboard</arg>
<doc>Verifies that element ``locator`` contains exact the text ``expected``.</doc>
<status status="PASS" start="2024-05-27T09:42:07.264360" elapsed="0.402730"/>
</kw>
<status status="PASS" start="2024-05-27T09:42:07.264360" elapsed="0.402730"/>
</kw>
<kw name="click myInfo Button" owner="MyInfoResource">
<kw name="Click Element" owner="SeleniumLibrary">
<msg time="2024-05-27T09:42:07.667090" level="INFO">Clicking element 'xpath://span[text()='My Info']'.</msg>
<arg>${myInfo}</arg>
<doc>Click the element identified by ``locator``.</doc>
<status status="PASS" start="2024-05-27T09:42:07.667090" elapsed="1.317182"/>
</kw>
<status status="PASS" start="2024-05-27T09:42:07.667090" elapsed="1.317182"/>
</kw>
<kw name="click immigration element" owner="MyInfoResource">
<kw name="Click Link" owner="SeleniumLibrary">
<msg time="2024-05-27T09:42:08.984272" level="INFO">Clicking link 'xpath://a[text()='Immigration']'.</msg>
<arg>${immigration}</arg>
<doc>Clicks a link identified by ``locator``.</doc>
<status status="PASS" start="2024-05-27T09:42:08.984272" elapsed="1.390534"/>
</kw>
<status status="PASS" start="2024-05-27T09:42:08.984272" elapsed="1.390534"/>
</kw>
<kw name="click add button" owner="ImmigrationResources">
<kw name="Click Button" owner="SeleniumLibrary">
<msg time="2024-05-27T09:42:10.374806" level="INFO">Clicking button 'xpath:(//button[@type="button"])[3]'.</msg>
<arg>${add}</arg>
<doc>Clicks the button identified by ``locator``.</doc>
<status status="PASS" start="2024-05-27T09:42:10.374806" elapsed="0.604239"/>
</kw>
<status status="PASS" start="2024-05-27T09:42:10.374806" elapsed="0.604239"/>
</kw>
<kw name="Fill the details" owner="ImmigrationResources">
<kw name="Input Text" owner="SeleniumLibrary">
<msg time="2024-05-27T09:42:10.981652" level="INFO">Typing text '1317' into text field 'xpath:(//input[@data-v-1f99f73c])[2]'.</msg>
<arg>${Number}</arg>
<arg>${num}</arg>
<doc>Types the given ``text`` into the text field identified by ``locator``.</doc>
<status status="PASS" start="2024-05-27T09:42:10.979045" elapsed="0.191042"/>
</kw>
<kw name="Input Text" owner="SeleniumLibrary">
<msg time="2024-05-27T09:42:11.170087" level="INFO">Typing text 'Yes' into text field 'Yes'.</msg>
<msg time="2024-05-27T09:42:16.334918" level="INFO" html="true">&lt;/td&gt;&lt;/tr&gt;&lt;tr&gt;&lt;td colspan="3"&gt;&lt;a href="selenium-screenshot-3.png"&gt;&lt;img src="selenium-screenshot-3.png" width="800px"&gt;&lt;/a&gt;</msg>
<msg time="2024-05-27T09:42:16.336077" level="FAIL">Element with locator 'Yes' not found.</msg>
<arg>${Eligible}</arg>
<arg>${eligible}</arg>
<doc>Types the given ``text`` into the text field identified by ``locator``.</doc>
<status status="FAIL" start="2024-05-27T09:42:11.170087" elapsed="5.174188">Element with locator 'Yes' not found.</status>
</kw>
<kw name="Input Text" owner="SeleniumLibrary">
<arg>${Text}</arg>
<arg>${text}</arg>
<doc>Types the given ``text`` into the text field identified by ``locator``.</doc>
<status status="NOT RUN" start="2024-05-27T09:42:16.344275" elapsed="0.000000"/>
</kw>
<arg>${Num}</arg>
<arg>${Status}</arg>
<arg>${Comment}</arg>
<status status="FAIL" start="2024-05-27T09:42:10.979045" elapsed="5.365230">Element with locator 'Yes' not found.</status>
</kw>
<kw name="select country" owner="ImmigrationResources">
<status status="NOT RUN" start="2024-05-27T09:42:16.344275" elapsed="0.000000"/>
</kw>
<kw name="Click Save Button" owner="ImmigrationResources">
<status status="NOT RUN" start="2024-05-27T09:42:16.344275" elapsed="0.000000"/>
</kw>
<arg>Num=1317</arg>
<arg>Status=Yes</arg>
<arg>Comment=Good</arg>
<status status="FAIL" start="2024-05-27T09:42:05.106901" elapsed="11.237374">Element with locator 'Yes' not found.</status>
</kw>
<kw name="Close Browser Session" owner="GenericResources" type="TEARDOWN">
<kw name="Close Browser" owner="SeleniumLibrary">
<doc>Closes the current browser.</doc>
<status status="PASS" start="2024-05-27T09:42:16.344275" elapsed="2.307747"/>
</kw>
<status status="PASS" start="2024-05-27T09:42:16.344275" elapsed="2.307747"/>
</kw>
<status status="FAIL" start="2024-05-27T09:41:52.316924" elapsed="26.375430">Element with locator 'Yes' not found.</status>
</test>
<doc>to validate login form</doc>
<status status="FAIL" start="2024-05-27T09:41:52.007875" elapsed="26.684479"/>
</suite>
<statistics>
<total>
<stat pass="0" fail="1" skip="0">All Tests</stat>
</total>
<tag>
</tag>
<suite>
<stat pass="0" fail="1" skip="0" id="s1" name="Test Immigration">Test Immigration</stat>
</suite>
</statistics>
<errors>
</errors>
</robot>
