<?xml version="1.0" encoding="UTF-8"?>
<robot generator="Rebot 7.0 (Python 3.12.2 on win32)" generated="2024-05-28T14:34:53.666622" rpa="false" schemaversion="5">
<suite id="s1" name="TestCases" source="C:\Users\SM\Downloads\orange\orange\Team2_OrangeHRM\TestCases">
<suite id="s1-s1" name="Test ChangePassword" source="C:\Users\SM\Downloads\orange\orange\Team2_OrangeHRM\TestCases\Test_ChangePassword.robot">
<test id="s1-s1-t1" name="validate successful change password" line="21">
<kw name="Open the browser with url" owner="GenericResources" type="SETUP">
<kw name="Create Webdriver" owner="SeleniumLibrary">
<msg time="2024-05-28T14:32:44.587603" level="INFO">Creating an instance of the Chrome WebDriver.</msg>
<arg>${browser_name}</arg>
<doc>Creates an instance of Selenium WebDriver.</doc>
<status status="PASS" start="2024-05-28T14:32:44.587603" elapsed="3.923879"/>
</kw>
<kw name="Go To" owner="SeleniumLibrary">
<msg time="2024-05-28T14:32:48.521804" level="INFO">Opening url 'https://opensource-demo.orangehrmlive.com/web/index.php/auth/login'</msg>
<arg>${url}</arg>
<doc>Navigates the current browser window to the provided ``url``.</doc>
<status status="PASS" start="2024-05-28T14:32:48.511482" elapsed="9.219895"/>
</kw>
<kw name="Maximize Browser Window" owner="SeleniumLibrary">
<doc>Maximizes current browser window.</doc>
<status status="PASS" start="2024-05-28T14:32:57.731377" elapsed="0.588980"/>
</kw>
<kw name="Set Selenium Implicit Wait" owner="SeleniumLibrary">
<arg>5</arg>
<doc>Sets the implicit wait value used by Selenium.</doc>
<status status="PASS" start="2024-05-28T14:32:58.322909" elapsed="0.017966"/>
</kw>
<status status="PASS" start="2024-05-28T14:32:44.587603" elapsed="13.753272"/>
</kw>
<kw name="Fill the login form" owner="LoginResources">
<kw name="Input Text" owner="SeleniumLibrary">
<msg time="2024-05-28T14:32:58.347203" level="INFO">Typing text 'Admin' into text field 'xpath://input[@name='username']'.</msg>
<arg>xpath://input[@name='username']</arg>
<arg>${Username}</arg>
<doc>Types the given ``text`` into the text field identified by ``locator``.</doc>
<status status="PASS" start="2024-05-28T14:32:58.345725" elapsed="14.744611"/>
</kw>
<kw name="Input Password" owner="SeleniumLibrary">
<msg time="2024-05-28T14:33:13.094719" level="INFO">Typing password into text field 'xpath://input[@type='password']'.</msg>
<msg time="2024-05-28T14:33:14.397813" level="INFO">Temporally setting log level to: NONE</msg>
<arg>xpath://input[@type='password']</arg>
<arg>${Password}</arg>
<doc>Types the given password into the text field identified by ``locator``.</doc>
<status status="PASS" start="2024-05-28T14:33:13.092943" elapsed="2.517587"/>
</kw>
<kw name="Click Button" owner="SeleniumLibrary">
<msg time="2024-05-28T14:33:15.690604" level="INFO">Clicking button 'xpath://button[@type='submit']'.</msg>
<arg>xpath://button[@type='submit']</arg>
<doc>Clicks the button identified by ``locator``.</doc>
<status status="PASS" start="2024-05-28T14:33:15.687973" elapsed="8.382159"/>
</kw>
<arg>${username}</arg>
<arg>${password}</arg>
<status status="PASS" start="2024-05-28T14:32:58.344109" elapsed="25.728468"/>
</kw>
<kw name="Set Selenium Implicit Wait" owner="SeleniumLibrary">
<arg>5</arg>
<doc>Sets the implicit wait value used by Selenium.</doc>
<status status="PASS" start="2024-05-28T14:33:24.078446" elapsed="0.053275"/>
</kw>
<kw name="verify the valid credentials" owner="LoginResources">
<kw name="Element Text Should Be" owner="SeleniumLibrary">
<msg time="2024-05-28T14:33:24.171282" level="INFO">Verifying element 'xpath://h6[text()="Dashboard"]' contains exact text 'Dashboard'.</msg>
<arg>${dashBoard}</arg>
<arg>Dashboard</arg>
<doc>Verifies that element ``locator`` contains exact the text ``expected``.</doc>
<status status="PASS" start="2024-05-28T14:33:24.143541" elapsed="2.812576"/>
</kw>
<status status="PASS" start="2024-05-28T14:33:24.135311" elapsed="2.820806"/>
</kw>
<kw name="click user icon" owner="ChangePasswordResources">
<kw name="Click Element" owner="SeleniumLibrary">
<msg time="2024-05-28T14:33:26.977098" level="INFO">Clicking element 'xpath://p[@class="oxd-userdropdown-name"]'.</msg>
<arg>${user}</arg>
<doc>Click the element identified by ``locator``.</doc>
<status status="PASS" start="2024-05-28T14:33:26.963829" elapsed="2.799552"/>
</kw>
<status status="PASS" start="2024-05-28T14:33:26.960280" elapsed="2.803101"/>
</kw>
<kw name="click change password" owner="ChangePasswordResources">
<kw name="Click Element" owner="SeleniumLibrary">
<msg time="2024-05-28T14:33:29.763381" level="INFO">Clicking element 'xpath:(//a[@class="oxd-userdropdown-link"])[3]'.</msg>
<arg>${change_password}</arg>
<doc>Click the element identified by ``locator``.</doc>
<status status="PASS" start="2024-05-28T14:33:29.763381" elapsed="7.781933"/>
</kw>
<status status="PASS" start="2024-05-28T14:33:29.763381" elapsed="7.980647"/>
</kw>
<kw name="Fill the change password" owner="ChangePasswordResources">
<kw name="Input Password" owner="SeleniumLibrary">
<msg time="2024-05-28T14:33:37.792459" level="INFO">Typing password into text field 'xpath:(//input[@type="password"])[1]'.</msg>
<msg time="2024-05-28T14:33:40.115041" level="INFO">Temporally setting log level to: NONE</msg>
<arg>${current_password_field}</arg>
<arg>${current_password}</arg>
<doc>Types the given password into the text field identified by ``locator``.</doc>
<status status="PASS" start="2024-05-28T14:33:37.792459" elapsed="3.389089"/>
</kw>
<kw name="Input Password" owner="SeleniumLibrary">
<msg time="2024-05-28T14:33:41.186677" level="INFO">Typing password into text field 'xpath:(//input[@type="password"])[2]'.</msg>
<msg time="2024-05-28T14:33:41.986468" level="INFO">Temporally setting log level to: NONE</msg>
<arg>${new_password_field}</arg>
<arg>${new_password}</arg>
<doc>Types the given password into the text field identified by ``locator``.</doc>
<status status="PASS" start="2024-05-28T14:33:41.184657" elapsed="2.226549"/>
</kw>
<kw name="Input Password" owner="SeleniumLibrary">
<msg time="2024-05-28T14:33:43.412603" level="INFO">Typing password into text field 'xpath:(//input[@type="password"])[3]'.</msg>
<msg time="2024-05-28T14:33:43.903082" level="INFO">Temporally setting log level to: NONE</msg>
<arg>${confirm_password_field}</arg>
<arg>${confirm_password}</arg>
<doc>Types the given password into the text field identified by ``locator``.</doc>
<status status="PASS" start="2024-05-28T14:33:43.411811" elapsed="1.836979"/>
</kw>
<kw name="Click Button" owner="SeleniumLibrary">
<msg time="2024-05-28T14:33:45.255768" level="INFO">Clicking button 'xpath://button[@type='submit']'.</msg>
<arg>${submit_button}</arg>
<doc>Clicks the button identified by ``locator``.</doc>
<status status="PASS" start="2024-05-28T14:33:45.248790" elapsed="1.074610"/>
</kw>
<arg>${currentPassword}</arg>
<arg>${Password}</arg>
<arg>${confirm_password}</arg>
<status status="PASS" start="2024-05-28T14:33:37.766436" elapsed="8.566728"/>
</kw>
<kw name="Set Selenium Implicit Wait" owner="SeleniumLibrary">
<arg>3</arg>
<doc>Sets the implicit wait value used by Selenium.</doc>
<status status="PASS" start="2024-05-28T14:33:46.335851" elapsed="0.018141"/>
</kw>
<kw name="verify successful update message" owner="ChangePasswordResources">
<kw name="Should Contain" owner="BuiltIn">
<arg>${updated}</arg>
<arg>Successfully Saved</arg>
<doc>Fails if ``container`` does not contain ``item`` one or more times.</doc>
<status status="PASS" start="2024-05-28T14:33:46.387209" elapsed="0.023075"/>
</kw>
<status status="PASS" start="2024-05-28T14:33:46.360366" elapsed="0.049918"/>
</kw>
<kw name="Close Browser Session" owner="GenericResources" type="TEARDOWN">
<kw name="Close Browser" owner="SeleniumLibrary">
<doc>Closes the current browser.</doc>
<status status="PASS" start="2024-05-28T14:33:46.489826" elapsed="9.969788"/>
</kw>
<status status="PASS" start="2024-05-28T14:33:46.461874" elapsed="10.000806"/>
</kw>
<tag>UAT</tag>
<status status="PASS" start="2024-05-28T14:32:44.586074" elapsed="71.876606"/>
</test>
<test id="s1-s1-t2" name="Verify invalid current password" line="33">
<kw name="Open the browser with url" owner="GenericResources" type="SETUP">
<kw name="Create Webdriver" owner="SeleniumLibrary">
<msg time="2024-05-28T14:33:56.466719" level="INFO">Creating an instance of the Chrome WebDriver.</msg>
<arg>${browser_name}</arg>
<doc>Creates an instance of Selenium WebDriver.</doc>
<status status="PASS" start="2024-05-28T14:33:56.466719" elapsed="2.172631"/>
</kw>
<kw name="Go To" owner="SeleniumLibrary">
<msg time="2024-05-28T14:33:58.640874" level="INFO">Opening url 'https://opensource-demo.orangehrmlive.com/web/index.php/auth/login'</msg>
<arg>${url}</arg>
<doc>Navigates the current browser window to the provided ``url``.</doc>
<status status="PASS" start="2024-05-28T14:33:58.639350" elapsed="7.809631"/>
</kw>
<kw name="Maximize Browser Window" owner="SeleniumLibrary">
<doc>Maximizes current browser window.</doc>
<status status="PASS" start="2024-05-28T14:34:06.448981" elapsed="0.112309"/>
</kw>
<kw name="Set Selenium Implicit Wait" owner="SeleniumLibrary">
<arg>5</arg>
<doc>Sets the implicit wait value used by Selenium.</doc>
<status status="PASS" start="2024-05-28T14:34:06.561290" elapsed="0.008135"/>
</kw>
<status status="PASS" start="2024-05-28T14:33:56.466719" elapsed="10.102706"/>
</kw>
<kw name="Fill the login form" owner="LoginResources">
<kw name="Input Text" owner="SeleniumLibrary">
<msg time="2024-05-28T14:34:06.573563" level="INFO">Typing text 'Admin' into text field 'xpath://input[@name='username']'.</msg>
<arg>xpath://input[@name='username']</arg>
<arg>${Username}</arg>
<doc>Types the given ``text`` into the text field identified by ``locator``.</doc>
<status status="PASS" start="2024-05-28T14:34:06.573563" elapsed="0.603451"/>
</kw>
<kw name="Input Password" owner="SeleniumLibrary">
<msg time="2024-05-28T14:34:07.179028" level="INFO">Typing password into text field 'xpath://input[@type='password']'.</msg>
<msg time="2024-05-28T14:34:07.256514" level="INFO">Temporally setting log level to: NONE</msg>
<arg>xpath://input[@type='password']</arg>
<arg>${Password}</arg>
<doc>Types the given password into the text field identified by ``locator``.</doc>
<status status="PASS" start="2024-05-28T14:34:07.177014" elapsed="0.274761"/>
</kw>
<kw name="Click Button" owner="SeleniumLibrary">
<msg time="2024-05-28T14:34:07.451775" level="INFO">Clicking button 'xpath://button[@type='submit']'.</msg>
<arg>xpath://button[@type='submit']</arg>
<doc>Clicks the button identified by ``locator``.</doc>
<status status="PASS" start="2024-05-28T14:34:07.451775" elapsed="1.625050"/>
</kw>
<arg>${username}</arg>
<arg>${password}</arg>
<status status="PASS" start="2024-05-28T14:34:06.573563" elapsed="2.503262"/>
</kw>
<kw name="Set Selenium Implicit Wait" owner="SeleniumLibrary">
<arg>5</arg>
<doc>Sets the implicit wait value used by Selenium.</doc>
<status status="PASS" start="2024-05-28T14:34:09.076825" elapsed="0.005438"/>
</kw>
<kw name="verify the valid credentials" owner="LoginResources">
<kw name="Element Text Should Be" owner="SeleniumLibrary">
<msg time="2024-05-28T14:34:09.085307" level="INFO">Verifying element 'xpath://h6[text()="Dashboard"]' contains exact text 'Dashboard'.</msg>
<arg>${dashBoard}</arg>
<arg>Dashboard</arg>
<doc>Verifies that element ``locator`` contains exact the text ``expected``.</doc>
<status status="PASS" start="2024-05-28T14:34:09.085307" elapsed="0.591306"/>
</kw>
<status status="PASS" start="2024-05-28T14:34:09.082263" elapsed="0.594350"/>
</kw>
<kw name="click user icon" owner="ChangePasswordResources">
<kw name="Click Element" owner="SeleniumLibrary">
<msg time="2024-05-28T14:34:09.676613" level="INFO">Clicking element 'xpath://p[@class="oxd-userdropdown-name"]'.</msg>
<arg>${user}</arg>
<doc>Click the element identified by ``locator``.</doc>
<status status="PASS" start="2024-05-28T14:34:09.676613" elapsed="0.140598"/>
</kw>
<status status="PASS" start="2024-05-28T14:34:09.676613" elapsed="0.140598"/>
</kw>
<kw name="click change password" owner="ChangePasswordResources">
<kw name="Click Element" owner="SeleniumLibrary">
<msg time="2024-05-28T14:34:09.822767" level="INFO">Clicking element 'xpath:(//a[@class="oxd-userdropdown-link"])[3]'.</msg>
<arg>${change_password}</arg>
<doc>Click the element identified by ``locator``.</doc>
<status status="PASS" start="2024-05-28T14:34:09.817211" elapsed="1.206149"/>
</kw>
<status status="PASS" start="2024-05-28T14:34:09.817211" elapsed="1.206149"/>
</kw>
<kw name="Fill the change password" owner="ChangePasswordResources">
<kw name="Input Password" owner="SeleniumLibrary">
<msg time="2024-05-28T14:34:11.023360" level="INFO">Typing password into text field 'xpath:(//input[@type="password"])[1]'.</msg>
<msg time="2024-05-28T14:34:11.694350" level="INFO">Temporally setting log level to: NONE</msg>
<arg>${current_password_field}</arg>
<arg>${current_password}</arg>
<doc>Types the given password into the text field identified by ``locator``.</doc>
<status status="PASS" start="2024-05-28T14:34:11.023360" elapsed="0.782274"/>
</kw>
<kw name="Input Password" owner="SeleniumLibrary">
<msg time="2024-05-28T14:34:11.805634" level="INFO">Typing password into text field 'xpath:(//input[@type="password"])[2]'.</msg>
<msg time="2024-05-28T14:34:11.877970" level="INFO">Temporally setting log level to: NONE</msg>
<arg>${new_password_field}</arg>
<arg>${new_password}</arg>
<doc>Types the given password into the text field identified by ``locator``.</doc>
<status status="PASS" start="2024-05-28T14:34:11.805634" elapsed="0.237507"/>
</kw>
<kw name="Input Password" owner="SeleniumLibrary">
<msg time="2024-05-28T14:34:12.045808" level="INFO">Typing password into text field 'xpath:(//input[@type="password"])[3]'.</msg>
<msg time="2024-05-28T14:34:12.136619" level="INFO">Temporally setting log level to: NONE</msg>
<arg>${confirm_password_field}</arg>
<arg>${confirm_password}</arg>
<doc>Types the given password into the text field identified by ``locator``.</doc>
<status status="PASS" start="2024-05-28T14:34:12.044292" elapsed="0.257022"/>
</kw>
<kw name="Click Button" owner="SeleniumLibrary">
<msg time="2024-05-28T14:34:12.304837" level="INFO">Clicking button 'xpath://button[@type='submit']'.</msg>
<arg>${submit_button}</arg>
<doc>Clicks the button identified by ``locator``.</doc>
<status status="PASS" start="2024-05-28T14:34:12.304837" elapsed="0.275559"/>
</kw>
<arg>${invalid_password}</arg>
<arg>${Password}</arg>
<arg>${confirm_password}</arg>
<status status="PASS" start="2024-05-28T14:34:11.023360" elapsed="1.557036"/>
</kw>
<kw name="Set Selenium Implicit Wait" owner="SeleniumLibrary">
<arg>3</arg>
<doc>Sets the implicit wait value used by Selenium.</doc>
<status status="PASS" start="2024-05-28T14:34:12.580396" elapsed="0.002845"/>
</kw>
<kw name="Verify error message for incorrect current message" owner="ChangePasswordResources">
<kw name="Should Contain" owner="BuiltIn">
<arg>${error_message}</arg>
<arg>Current Password is Incorrect</arg>
<doc>Fails if ``container`` does not contain ``item`` one or more times.</doc>
<status status="PASS" start="2024-05-28T14:34:12.588951" elapsed="0.000000"/>
</kw>
<status status="PASS" start="2024-05-28T14:34:12.583241" elapsed="0.005710"/>
</kw>
<kw name="Close Browser Session" owner="GenericResources" type="TEARDOWN">
<kw name="Close Browser" owner="SeleniumLibrary">
<doc>Closes the current browser.</doc>
<status status="PASS" start="2024-05-28T14:34:12.602749" elapsed="2.409939"/>
</kw>
<status status="PASS" start="2024-05-28T14:34:12.596016" elapsed="2.417709"/>
</kw>
<tag>Smoke</tag>
<status status="PASS" start="2024-05-28T14:33:56.466719" elapsed="18.547006"/>
</test>
<test id="s1-s1-t3" name="Verify invalid confirm password" line="45">
<kw name="Open the browser with url" owner="GenericResources" type="SETUP">
<kw name="Create Webdriver" owner="SeleniumLibrary">
<msg time="2024-05-28T14:34:15.020280" level="INFO">Creating an instance of the Chrome WebDriver.</msg>
<arg>${browser_name}</arg>
<doc>Creates an instance of Selenium WebDriver.</doc>
<status status="PASS" start="2024-05-28T14:34:15.017618" elapsed="3.519629"/>
</kw>
<kw name="Go To" owner="SeleniumLibrary">
<msg time="2024-05-28T14:34:18.537247" level="INFO">Opening url 'https://opensource-demo.orangehrmlive.com/web/index.php/auth/login'</msg>
<arg>${url}</arg>
<doc>Navigates the current browser window to the provided ``url``.</doc>
<status status="PASS" start="2024-05-28T14:34:18.537247" elapsed="13.443541"/>
</kw>
<kw name="Maximize Browser Window" owner="SeleniumLibrary">
<doc>Maximizes current browser window.</doc>
<status status="PASS" start="2024-05-28T14:34:31.982594" elapsed="0.060011"/>
</kw>
<kw name="Set Selenium Implicit Wait" owner="SeleniumLibrary">
<arg>5</arg>
<doc>Sets the implicit wait value used by Selenium.</doc>
<status status="PASS" start="2024-05-28T14:34:32.042605" elapsed="0.008588"/>
</kw>
<status status="PASS" start="2024-05-28T14:34:15.013725" elapsed="17.037468"/>
</kw>
<kw name="Fill the login form" owner="LoginResources">
<kw name="Input Text" owner="SeleniumLibrary">
<msg time="2024-05-28T14:34:32.051193" level="INFO">Typing text 'Admin' into text field 'xpath://input[@name='username']'.</msg>
<arg>xpath://input[@name='username']</arg>
<arg>${Username}</arg>
<doc>Types the given ``text`` into the text field identified by ``locator``.</doc>
<status status="PASS" start="2024-05-28T14:34:32.051193" elapsed="1.441466"/>
</kw>
<kw name="Input Password" owner="SeleniumLibrary">
<msg time="2024-05-28T14:34:33.492659" level="INFO">Typing password into text field 'xpath://input[@type='password']'.</msg>
<msg time="2024-05-28T14:34:33.575539" level="INFO">Temporally setting log level to: NONE</msg>
<arg>xpath://input[@type='password']</arg>
<arg>${Password}</arg>
<doc>Types the given password into the text field identified by ``locator``.</doc>
<status status="PASS" start="2024-05-28T14:34:33.492659" elapsed="0.257296"/>
</kw>
<kw name="Click Button" owner="SeleniumLibrary">
<msg time="2024-05-28T14:34:33.749955" level="INFO">Clicking button 'xpath://button[@type='submit']'.</msg>
<arg>xpath://button[@type='submit']</arg>
<doc>Clicks the button identified by ``locator``.</doc>
<status status="PASS" start="2024-05-28T14:34:33.749955" elapsed="1.536011"/>
</kw>
<arg>${username}</arg>
<arg>${password}</arg>
<status status="PASS" start="2024-05-28T14:34:32.051193" elapsed="3.234773"/>
</kw>
<kw name="Set Selenium Implicit Wait" owner="SeleniumLibrary">
<arg>5</arg>
<doc>Sets the implicit wait value used by Selenium.</doc>
<status status="PASS" start="2024-05-28T14:34:35.285966" elapsed="0.000000"/>
</kw>
<kw name="verify the valid credentials" owner="LoginResources">
<kw name="Element Text Should Be" owner="SeleniumLibrary">
<msg time="2024-05-28T14:34:35.293992" level="INFO">Verifying element 'xpath://h6[text()="Dashboard"]' contains exact text 'Dashboard'.</msg>
<arg>${dashBoard}</arg>
<arg>Dashboard</arg>
<doc>Verifies that element ``locator`` contains exact the text ``expected``.</doc>
<status status="PASS" start="2024-05-28T14:34:35.285966" elapsed="0.523938"/>
</kw>
<status status="PASS" start="2024-05-28T14:34:35.285966" elapsed="0.532050"/>
</kw>
<kw name="click user icon" owner="ChangePasswordResources">
<kw name="Click Element" owner="SeleniumLibrary">
<msg time="2024-05-28T14:34:35.819464" level="INFO">Clicking element 'xpath://p[@class="oxd-userdropdown-name"]'.</msg>
<arg>${user}</arg>
<doc>Click the element identified by ``locator``.</doc>
<status status="PASS" start="2024-05-28T14:34:35.819464" elapsed="0.113579"/>
</kw>
<status status="PASS" start="2024-05-28T14:34:35.818016" elapsed="0.115027"/>
</kw>
<kw name="click change password" owner="ChangePasswordResources">
<kw name="Click Element" owner="SeleniumLibrary">
<msg time="2024-05-28T14:34:35.933043" level="INFO">Clicking element 'xpath:(//a[@class="oxd-userdropdown-link"])[3]'.</msg>
<arg>${change_password}</arg>
<doc>Click the element identified by ``locator``.</doc>
<status status="PASS" start="2024-05-28T14:34:35.933043" elapsed="1.111089"/>
</kw>
<status status="PASS" start="2024-05-28T14:34:35.933043" elapsed="1.111089"/>
</kw>
<kw name="Fill the change password" owner="ChangePasswordResources">
<kw name="Input Password" owner="SeleniumLibrary">
<msg time="2024-05-28T14:34:37.048672" level="INFO">Typing password into text field 'xpath:(//input[@type="password"])[1]'.</msg>
<msg time="2024-05-28T14:34:37.732250" level="INFO">Temporally setting log level to: NONE</msg>
<arg>${current_password_field}</arg>
<arg>${current_password}</arg>
<doc>Types the given password into the text field identified by ``locator``.</doc>
<status status="PASS" start="2024-05-28T14:34:37.044132" elapsed="0.858269"/>
</kw>
<kw name="Input Password" owner="SeleniumLibrary">
<msg time="2024-05-28T14:34:37.902401" level="INFO">Typing password into text field 'xpath:(//input[@type="password"])[2]'.</msg>
<msg time="2024-05-28T14:34:37.992604" level="INFO">Temporally setting log level to: NONE</msg>
<arg>${new_password_field}</arg>
<arg>${new_password}</arg>
<doc>Types the given password into the text field identified by ``locator``.</doc>
<status status="PASS" start="2024-05-28T14:34:37.902401" elapsed="0.248106"/>
</kw>
<kw name="Input Password" owner="SeleniumLibrary">
<msg time="2024-05-28T14:34:38.150507" level="INFO">Typing password into text field 'xpath:(//input[@type="password"])[3]'.</msg>
<msg time="2024-05-28T14:34:38.235624" level="INFO">Temporally setting log level to: NONE</msg>
<arg>${confirm_password_field}</arg>
<arg>${confirm_password}</arg>
<doc>Types the given password into the text field identified by ``locator``.</doc>
<status status="PASS" start="2024-05-28T14:34:38.150507" elapsed="0.339267"/>
</kw>
<kw name="Click Button" owner="SeleniumLibrary">
<msg time="2024-05-28T14:34:38.489774" level="INFO">Clicking button 'xpath://button[@type='submit']'.</msg>
<arg>${submit_button}</arg>
<doc>Clicks the button identified by ``locator``.</doc>
<status status="PASS" start="2024-05-28T14:34:38.489774" elapsed="0.148788"/>
</kw>
<arg>${invalid_password}</arg>
<arg>${Password}</arg>
<arg>${invalidconfirm_password}</arg>
<status status="PASS" start="2024-05-28T14:34:37.044132" elapsed="1.594430"/>
</kw>
<kw name="Set Selenium Implicit Wait" owner="SeleniumLibrary">
<arg>3</arg>
<doc>Sets the implicit wait value used by Selenium.</doc>
<status status="PASS" start="2024-05-28T14:34:38.638562" elapsed="0.003514"/>
</kw>
<kw name="verify error message for incorrect passwords" owner="ChangePasswordResources">
<kw name="Element Text Should Be" owner="SeleniumLibrary">
<msg time="2024-05-28T14:34:38.642076" level="INFO">Verifying element 'xpath://span[text()='Passwords do not match']' contains exact text 'Passwords do not match'.</msg>
<arg>${alert}</arg>
<arg>Passwords do not match</arg>
<doc>Verifies that element ``locator`` contains exact the text ``expected``.</doc>
<status status="PASS" start="2024-05-28T14:34:38.642076" elapsed="0.050090"/>
</kw>
<status status="PASS" start="2024-05-28T14:34:38.642076" elapsed="0.050090"/>
</kw>
<kw name="Close Browser Session" owner="GenericResources" type="TEARDOWN">
<kw name="Close Browser" owner="SeleniumLibrary">
<doc>Closes the current browser.</doc>
<status status="PASS" start="2024-05-28T14:34:38.692166" elapsed="2.287043"/>
</kw>
<status status="PASS" start="2024-05-28T14:34:38.692166" elapsed="2.287043"/>
</kw>
<tag>Smoke</tag>
<status status="PASS" start="2024-05-28T14:34:15.013725" elapsed="25.965484"/>
</test>
<doc>change password to dashboard page</doc>
<status status="PASS" start="2024-05-28T14:32:44.264000" elapsed="116.715060"/>
</suite>
<suite id="s1-s2" name="Test ForgotPassword" source="C:\Users\SM\Downloads\orange\orange\Team2_OrangeHRM\TestCases\Test_ForgotPassword.robot">
<test id="s1-s2-t1" name="validate successful reset password" line="12">
<kw name="Open the browser with url" owner="GenericResources" type="SETUP">
<kw name="Create Webdriver" owner="SeleniumLibrary">
<msg time="2024-05-28T14:32:44.517893" level="INFO">Creating an instance of the Chrome WebDriver.</msg>
<arg>${browser_name}</arg>
<doc>Creates an instance of Selenium WebDriver.</doc>
<status status="PASS" start="2024-05-28T14:32:44.517893" elapsed="5.437373"/>
</kw>
<kw name="Go To" owner="SeleniumLibrary">
<msg time="2024-05-28T14:32:49.957814" level="INFO">Opening url 'https://opensource-demo.orangehrmlive.com/web/index.php/auth/login'</msg>
<arg>${url}</arg>
<doc>Navigates the current browser window to the provided ``url``.</doc>
<status status="PASS" start="2024-05-28T14:32:49.955266" elapsed="11.641138"/>
</kw>
<kw name="Maximize Browser Window" owner="SeleniumLibrary">
<doc>Maximizes current browser window.</doc>
<status status="PASS" start="2024-05-28T14:33:01.596404" elapsed="0.438965"/>
</kw>
<kw name="Set Selenium Implicit Wait" owner="SeleniumLibrary">
<arg>5</arg>
<doc>Sets the implicit wait value used by Selenium.</doc>
<status status="PASS" start="2024-05-28T14:33:02.035369" elapsed="0.033660"/>
</kw>
<status status="PASS" start="2024-05-28T14:32:44.517893" elapsed="17.552205"/>
</kw>
<kw name="click forgot password" owner="ForgotPasswordResources">
<kw name="Click Element" owner="SeleniumLibrary">
<msg time="2024-05-28T14:33:02.077166" level="INFO">Clicking element 'xpath://p[text()='Forgot your password? ']'.</msg>
<arg>${forgot_password}</arg>
<doc>Click the element identified by ``locator``.</doc>
<status status="PASS" start="2024-05-28T14:33:02.071119" elapsed="11.376654"/>
</kw>
<status status="PASS" start="2024-05-28T14:33:02.071119" elapsed="11.376654"/>
</kw>
<kw name="Fill valid username" owner="ForgotPasswordResources">
<kw name="Input Text" owner="SeleniumLibrary">
<msg time="2024-05-28T14:33:13.451237" level="INFO">Typing text 'Admin' into text field 'xpath://input[@name="username"]'.</msg>
<arg>${username}</arg>
<arg>Admin</arg>
<doc>Types the given ``text`` into the text field identified by ``locator``.</doc>
<status status="PASS" start="2024-05-28T14:33:13.449208" elapsed="1.934630"/>
</kw>
<status status="PASS" start="2024-05-28T14:33:13.448477" elapsed="1.935361"/>
</kw>
<kw name="click reset button" owner="ForgotPasswordResources">
<kw name="Click Button" owner="SeleniumLibrary">
<msg time="2024-05-28T14:33:15.388915" level="INFO">Clicking button 'xpath://button[text()=' Reset Password ']'.</msg>
<arg>${reset_password}</arg>
<doc>Clicks the button identified by ``locator``.</doc>
<status status="PASS" start="2024-05-28T14:33:15.385356" elapsed="3.596120"/>
</kw>
<status status="PASS" start="2024-05-28T14:33:15.385356" elapsed="3.596120"/>
</kw>
<kw name="verify successful password page" owner="ForgotPasswordResources">
<kw name="Element Text Should Be" owner="SeleniumLibrary">
<msg time="2024-05-28T14:33:18.986896" level="INFO">Verifying element 'css:.orangehrm-forgot-password-title' contains exact text 'Reset Password link sent successfully'.</msg>
<arg>${sent_password_page}</arg>
<arg>Reset Password link sent successfully</arg>
<doc>Verifies that element ``locator`` contains exact the text ``expected``.</doc>
<status status="PASS" start="2024-05-28T14:33:18.985463" elapsed="62.609438"/>
</kw>
<status status="PASS" start="2024-05-28T14:33:18.982681" elapsed="62.616777"/>
</kw>
<kw name="Close Browser Session" owner="GenericResources" type="TEARDOWN">
<kw name="Close Browser" owner="SeleniumLibrary">
<doc>Closes the current browser.</doc>
<status status="PASS" start="2024-05-28T14:34:21.607768" elapsed="2.319482"/>
</kw>
<status status="PASS" start="2024-05-28T14:34:21.607768" elapsed="2.319482"/>
</kw>
<tag>Regression</tag>
<status status="PASS" start="2024-05-28T14:32:44.517893" elapsed="99.409357"/>
</test>
<test id="s1-s2-t2" name="validate successful cancel reset password" line="20">
<kw name="Open the browser with url" owner="GenericResources" type="SETUP">
<kw name="Create Webdriver" owner="SeleniumLibrary">
<msg time="2024-05-28T14:34:23.944022" level="INFO">Creating an instance of the Chrome WebDriver.</msg>
<arg>${browser_name}</arg>
<doc>Creates an instance of Selenium WebDriver.</doc>
<status status="PASS" start="2024-05-28T14:34:23.944022" elapsed="2.042279"/>
</kw>
<kw name="Go To" owner="SeleniumLibrary">
<msg time="2024-05-28T14:34:25.988664" level="INFO">Opening url 'https://opensource-demo.orangehrmlive.com/web/index.php/auth/login'</msg>
<arg>${url}</arg>
<doc>Navigates the current browser window to the provided ``url``.</doc>
<status status="PASS" start="2024-05-28T14:34:25.988132" elapsed="0.701620"/>
</kw>
<kw name="Maximize Browser Window" owner="SeleniumLibrary">
<doc>Maximizes current browser window.</doc>
<status status="PASS" start="2024-05-28T14:34:26.690405" elapsed="6.836546"/>
</kw>
<kw name="Set Selenium Implicit Wait" owner="SeleniumLibrary">
<arg>5</arg>
<doc>Sets the implicit wait value used by Selenium.</doc>
<status status="PASS" start="2024-05-28T14:34:33.526951" elapsed="0.000000"/>
</kw>
<status status="PASS" start="2024-05-28T14:34:23.944022" elapsed="9.582929"/>
</kw>
<kw name="click forgot password" owner="ForgotPasswordResources">
<kw name="Click Element" owner="SeleniumLibrary">
<msg time="2024-05-28T14:34:33.526951" level="INFO">Clicking element 'xpath://p[text()='Forgot your password? ']'.</msg>
<arg>${forgot_password}</arg>
<doc>Click the element identified by ``locator``.</doc>
<status status="PASS" start="2024-05-28T14:34:33.526951" elapsed="2.179632"/>
</kw>
<status status="PASS" start="2024-05-28T14:34:33.526951" elapsed="2.179632"/>
</kw>
<kw name="Fill valid username" owner="ForgotPasswordResources">
<kw name="Input Text" owner="SeleniumLibrary">
<msg time="2024-05-28T14:34:35.711468" level="INFO">Typing text 'Admin' into text field 'xpath://input[@name="username"]'.</msg>
<arg>${username}</arg>
<arg>Admin</arg>
<doc>Types the given ``text`` into the text field identified by ``locator``.</doc>
<status status="PASS" start="2024-05-28T14:34:35.706583" elapsed="0.742128"/>
</kw>
<status status="PASS" start="2024-05-28T14:34:35.706583" elapsed="0.742128"/>
</kw>
<kw name="click cancel button" owner="ForgotPasswordResources">
<kw name="Click Button" owner="SeleniumLibrary">
<msg time="2024-05-28T14:34:36.457798" level="INFO">Clicking button 'xpath://button[text()=' Cancel ']'.</msg>
<arg>${cancel_button}</arg>
<doc>Clicks the button identified by ``locator``.</doc>
<status status="PASS" start="2024-05-28T14:34:36.448711" elapsed="0.682266"/>
</kw>
<status status="PASS" start="2024-05-28T14:34:36.448711" elapsed="0.682266"/>
</kw>
<kw name="verify successful cancel page" owner="ForgotPasswordResources">
<kw name="Element Text Should Be" owner="SeleniumLibrary">
<msg time="2024-05-28T14:34:37.134514" level="INFO">Verifying element 'xpath://h5[text()='Login']' contains exact text 'Login'.</msg>
<arg>${login}</arg>
<arg>Login</arg>
<doc>Verifies that element ``locator`` contains exact the text ``expected``.</doc>
<status status="PASS" start="2024-05-28T14:34:37.134514" elapsed="0.505151"/>
</kw>
<status status="PASS" start="2024-05-28T14:34:37.130977" elapsed="0.518675"/>
</kw>
<kw name="Close Browser Session" owner="GenericResources" type="TEARDOWN">
<kw name="Close Browser" owner="SeleniumLibrary">
<doc>Closes the current browser.</doc>
<status status="PASS" start="2024-05-28T14:34:37.649652" elapsed="2.200338"/>
</kw>
<status status="PASS" start="2024-05-28T14:34:37.649652" elapsed="2.200338"/>
</kw>
<tag>Regression</tag>
<status status="PASS" start="2024-05-28T14:34:23.935875" elapsed="15.914115"/>
</test>
<doc>Test forgot page to my login page</doc>
<status status="PASS" start="2024-05-28T14:32:44.204726" elapsed="115.645264"/>
</suite>
<suite id="s1-s3" name="Test LoginInvalid" source="C:\Users\SM\Downloads\orange\orange\Team2_OrangeHRM\TestCases\Test_LoginInvalid.robot">
<test id="s1-s3-t1" name="Login to form using" line="13">
<kw name="Open the browser with url" owner="GenericResources" type="SETUP">
<kw name="Create Webdriver" owner="SeleniumLibrary">
<msg time="2024-05-28T14:32:46.210703" level="INFO">Creating an instance of the Chrome WebDriver.</msg>
<arg>${browser_name}</arg>
<doc>Creates an instance of Selenium WebDriver.</doc>
<status status="PASS" start="2024-05-28T14:32:46.208184" elapsed="18.823249"/>
</kw>
<kw name="Go To" owner="SeleniumLibrary">
<msg time="2024-05-28T14:33:05.041417" level="INFO">Opening url 'https://opensource-demo.orangehrmlive.com/web/index.php/auth/login'</msg>
<arg>${url}</arg>
<doc>Navigates the current browser window to the provided ``url``.</doc>
<status status="PASS" start="2024-05-28T14:33:05.031433" elapsed="11.450391"/>
</kw>
<kw name="Maximize Browser Window" owner="SeleniumLibrary">
<doc>Maximizes current browser window.</doc>
<status status="PASS" start="2024-05-28T14:33:16.484065" elapsed="1.212802"/>
</kw>
<kw name="Set Selenium Implicit Wait" owner="SeleniumLibrary">
<arg>5</arg>
<doc>Sets the implicit wait value used by Selenium.</doc>
<status status="PASS" start="2024-05-28T14:33:17.702953" elapsed="0.249976"/>
</kw>
<status status="PASS" start="2024-05-28T14:32:46.208184" elapsed="31.747331"/>
</kw>
<kw name="validate unsuccessful login using invalid username">
<kw name="Fill the login form" owner="LoginResources">
<kw name="Input Text" owner="SeleniumLibrary">
<msg time="2024-05-28T14:33:18.706707" level="INFO">Typing text 'aadmin' into text field 'xpath://input[@name='username']'.</msg>
<arg>xpath://input[@name='username']</arg>
<arg>${Username}</arg>
<doc>Types the given ``text`` into the text field identified by ``locator``.</doc>
<status status="PASS" start="2024-05-28T14:33:18.226631" elapsed="1.623868"/>
</kw>
<kw name="Input Password" owner="SeleniumLibrary">
<msg time="2024-05-28T14:33:19.876155" level="INFO">Typing password into text field 'xpath://input[@type='password']'.</msg>
<msg time="2024-05-28T14:33:20.469518" level="INFO">Temporally setting log level to: NONE</msg>
<arg>xpath://input[@type='password']</arg>
<arg>${Password}</arg>
<doc>Types the given password into the text field identified by ``locator``.</doc>
<status status="PASS" start="2024-05-28T14:33:19.869664" elapsed="4.222435"/>
</kw>
<kw name="Click Button" owner="SeleniumLibrary">
<msg time="2024-05-28T14:33:24.102831" level="INFO">Clicking button 'xpath://button[@type='submit']'.</msg>
<arg>xpath://button[@type='submit']</arg>
<doc>Clicks the button identified by ``locator``.</doc>
<status status="PASS" start="2024-05-28T14:33:24.092099" elapsed="5.629469"/>
</kw>
<arg>${username}</arg>
<arg>${password}</arg>
<status status="PASS" start="2024-05-28T14:33:18.217136" elapsed="11.504949"/>
</kw>
<kw name="verify the invalid credentials" owner="LoginResources">
<kw name="Get Text" owner="SeleniumLibrary">
<msg time="2024-05-28T14:33:31.809188" level="INFO">${result} = Invalid credentials</msg>
<var>${result}</var>
<arg>${error_msg}</arg>
<doc>Returns the text value of the element identified by ``locator``.</doc>
<status status="PASS" start="2024-05-28T14:33:29.737187" elapsed="2.072001"/>
</kw>
<kw name="Should Be Equal As Strings" owner="BuiltIn">
<arg>${result}</arg>
<arg>Invalid credentials</arg>
<doc>Fails if objects are unequal after converting them to strings.</doc>
<status status="PASS" start="2024-05-28T14:33:31.825616" elapsed="0.014213"/>
</kw>
<status status="PASS" start="2024-05-28T14:33:29.722629" elapsed="2.117753"/>
</kw>
<arg>username=aadmin</arg>
<arg>password=admin123</arg>
<tag>Regression</tag>
<status status="PASS" start="2024-05-28T14:33:18.187042" elapsed="13.655532"/>
</kw>
<kw name="Close Browser Session" owner="GenericResources" type="TEARDOWN">
<kw name="Close Browser" owner="SeleniumLibrary">
<doc>Closes the current browser.</doc>
<status status="PASS" start="2024-05-28T14:33:31.850093" elapsed="10.235750"/>
</kw>
<status status="PASS" start="2024-05-28T14:33:31.842574" elapsed="10.246570"/>
</kw>
<status status="PASS" start="2024-05-28T14:32:46.202444" elapsed="55.886700"/>
</test>
<test id="s1-s3-t2" name="Login to form using" line="13">
<kw name="Open the browser with url" owner="GenericResources" type="SETUP">
<kw name="Create Webdriver" owner="SeleniumLibrary">
<msg time="2024-05-28T14:33:42.663781" level="INFO">Creating an instance of the Chrome WebDriver.</msg>
<arg>${browser_name}</arg>
<doc>Creates an instance of Selenium WebDriver.</doc>
<status status="PASS" start="2024-05-28T14:33:42.655674" elapsed="8.685148"/>
</kw>
<kw name="Go To" owner="SeleniumLibrary">
<msg time="2024-05-28T14:33:51.345392" level="INFO">Opening url 'https://opensource-demo.orangehrmlive.com/web/index.php/auth/login'</msg>
<arg>${url}</arg>
<doc>Navigates the current browser window to the provided ``url``.</doc>
<status status="PASS" start="2024-05-28T14:33:51.340822" elapsed="8.685220"/>
</kw>
<kw name="Maximize Browser Window" owner="SeleniumLibrary">
<doc>Maximizes current browser window.</doc>
<status status="PASS" start="2024-05-28T14:34:00.026042" elapsed="0.109472"/>
</kw>
<kw name="Set Selenium Implicit Wait" owner="SeleniumLibrary">
<arg>5</arg>
<doc>Sets the implicit wait value used by Selenium.</doc>
<status status="PASS" start="2024-05-28T14:34:00.135514" elapsed="0.008239"/>
</kw>
<status status="PASS" start="2024-05-28T14:33:42.654037" elapsed="17.489716"/>
</kw>
<kw name="validate unsuccessful login using invalid username">
<kw name="Fill the login form" owner="LoginResources">
<kw name="Input Text" owner="SeleniumLibrary">
<msg time="2024-05-28T14:34:00.151796" level="INFO">Typing text 'Admin' into text field 'xpath://input[@name='username']'.</msg>
<arg>xpath://input[@name='username']</arg>
<arg>${Username}</arg>
<doc>Types the given ``text`` into the text field identified by ``locator``.</doc>
<status status="PASS" start="2024-05-28T14:34:00.151796" elapsed="0.558396"/>
</kw>
<kw name="Input Password" owner="SeleniumLibrary">
<msg time="2024-05-28T14:34:00.710192" level="INFO">Typing password into text field 'xpath://input[@type='password']'.</msg>
<msg time="2024-05-28T14:34:00.780858" level="INFO">Temporally setting log level to: NONE</msg>
<arg>xpath://input[@type='password']</arg>
<arg>${Password}</arg>
<doc>Types the given password into the text field identified by ``locator``.</doc>
<status status="PASS" start="2024-05-28T14:34:00.710192" elapsed="0.210046"/>
</kw>
<kw name="Click Button" owner="SeleniumLibrary">
<msg time="2024-05-28T14:34:00.928336" level="INFO">Clicking button 'xpath://button[@type='submit']'.</msg>
<arg>xpath://button[@type='submit']</arg>
<doc>Clicks the button identified by ``locator``.</doc>
<status status="PASS" start="2024-05-28T14:34:00.925718" elapsed="0.191642"/>
</kw>
<arg>${username}</arg>
<arg>${password}</arg>
<status status="PASS" start="2024-05-28T14:34:00.143753" elapsed="0.973607"/>
</kw>
<kw name="verify the invalid credentials" owner="LoginResources">
<kw name="Get Text" owner="SeleniumLibrary">
<msg time="2024-05-28T14:34:03.411583" level="INFO">${result} = Invalid credentials</msg>
<var>${result}</var>
<arg>${error_msg}</arg>
<doc>Returns the text value of the element identified by ``locator``.</doc>
<status status="PASS" start="2024-05-28T14:34:01.124380" elapsed="2.287203"/>
</kw>
<kw name="Should Be Equal As Strings" owner="BuiltIn">
<arg>${result}</arg>
<arg>Invalid credentials</arg>
<doc>Fails if objects are unequal after converting them to strings.</doc>
<status status="PASS" start="2024-05-28T14:34:03.411583" elapsed="0.003522"/>
</kw>
<status status="PASS" start="2024-05-28T14:34:01.124380" elapsed="2.291675"/>
</kw>
<arg>username=Admin</arg>
<arg>password=1234</arg>
<tag>Regression</tag>
<status status="PASS" start="2024-05-28T14:34:00.143753" elapsed="3.274842"/>
</kw>
<kw name="Close Browser Session" owner="GenericResources" type="TEARDOWN">
<kw name="Close Browser" owner="SeleniumLibrary">
<doc>Closes the current browser.</doc>
<status status="PASS" start="2024-05-28T14:34:03.420127" elapsed="2.578736"/>
</kw>
<status status="PASS" start="2024-05-28T14:34:03.420127" elapsed="2.579078"/>
</kw>
<status status="PASS" start="2024-05-28T14:33:42.173323" elapsed="23.828076"/>
</test>
<test id="s1-s3-t3" name="Login to form using" line="13">
<kw name="Open the browser with url" owner="GenericResources" type="SETUP">
<kw name="Create Webdriver" owner="SeleniumLibrary">
<msg time="2024-05-28T14:34:06.010756" level="INFO">Creating an instance of the Chrome WebDriver.</msg>
<arg>${browser_name}</arg>
<doc>Creates an instance of Selenium WebDriver.</doc>
<status status="PASS" start="2024-05-28T14:34:06.010756" elapsed="2.582727"/>
</kw>
<kw name="Go To" owner="SeleniumLibrary">
<msg time="2024-05-28T14:34:08.593483" level="INFO">Opening url 'https://opensource-demo.orangehrmlive.com/web/index.php/auth/login'</msg>
<arg>${url}</arg>
<doc>Navigates the current browser window to the provided ``url``.</doc>
<status status="PASS" start="2024-05-28T14:34:08.593483" elapsed="13.949903"/>
</kw>
<kw name="Maximize Browser Window" owner="SeleniumLibrary">
<doc>Maximizes current browser window.</doc>
<status status="PASS" start="2024-05-28T14:34:22.543386" elapsed="0.076154"/>
</kw>
<kw name="Set Selenium Implicit Wait" owner="SeleniumLibrary">
<arg>5</arg>
<doc>Sets the implicit wait value used by Selenium.</doc>
<status status="PASS" start="2024-05-28T14:34:22.619540" elapsed="0.000000"/>
</kw>
<status status="PASS" start="2024-05-28T14:34:06.007597" elapsed="16.611943"/>
</kw>
<kw name="validate unsuccessful login using invalid username">
<kw name="Fill the login form" owner="LoginResources">
<kw name="Input Text" owner="SeleniumLibrary">
<msg time="2024-05-28T14:34:22.629110" level="INFO">Typing text 'aadmin' into text field 'xpath://input[@name='username']'.</msg>
<arg>xpath://input[@name='username']</arg>
<arg>${Username}</arg>
<doc>Types the given ``text`` into the text field identified by ``locator``.</doc>
<status status="PASS" start="2024-05-28T14:34:22.626932" elapsed="0.622124"/>
</kw>
<kw name="Input Password" owner="SeleniumLibrary">
<msg time="2024-05-28T14:34:23.249056" level="INFO">Typing password into text field 'xpath://input[@type='password']'.</msg>
<msg time="2024-05-28T14:34:23.307089" level="INFO">Temporally setting log level to: NONE</msg>
<arg>xpath://input[@type='password']</arg>
<arg>${Password}</arg>
<doc>Types the given password into the text field identified by ``locator``.</doc>
<status status="PASS" start="2024-05-28T14:34:23.249056" elapsed="0.153473"/>
</kw>
<kw name="Click Button" owner="SeleniumLibrary">
<msg time="2024-05-28T14:34:23.405086" level="INFO">Clicking button 'xpath://button[@type='submit']'.</msg>
<arg>xpath://button[@type='submit']</arg>
<doc>Clicks the button identified by ``locator``.</doc>
<status status="PASS" start="2024-05-28T14:34:23.402529" elapsed="0.136778"/>
</kw>
<arg>${username}</arg>
<arg>${password}</arg>
<status status="PASS" start="2024-05-28T14:34:22.626932" elapsed="0.912375"/>
</kw>
<kw name="verify the invalid credentials" owner="LoginResources">
<kw name="Get Text" owner="SeleniumLibrary">
<msg time="2024-05-28T14:34:25.309036" level="INFO">${result} = Invalid credentials</msg>
<var>${result}</var>
<arg>${error_msg}</arg>
<doc>Returns the text value of the element identified by ``locator``.</doc>
<status status="PASS" start="2024-05-28T14:34:23.543435" elapsed="1.765601"/>
</kw>
<kw name="Should Be Equal As Strings" owner="BuiltIn">
<arg>${result}</arg>
<arg>Invalid credentials</arg>
<doc>Fails if objects are unequal after converting them to strings.</doc>
<status status="PASS" start="2024-05-28T14:34:25.309036" elapsed="0.000000"/>
</kw>
<status status="PASS" start="2024-05-28T14:34:23.543435" elapsed="1.765601"/>
</kw>
<arg>username=aadmin</arg>
<arg>password=12345</arg>
<tag>Regression</tag>
<status status="PASS" start="2024-05-28T14:34:22.619540" elapsed="2.689496"/>
</kw>
<kw name="Close Browser Session" owner="GenericResources" type="TEARDOWN">
<kw name="Close Browser" owner="SeleniumLibrary">
<doc>Closes the current browser.</doc>
<status status="PASS" start="2024-05-28T14:34:25.309036" elapsed="2.567159"/>
</kw>
<status status="PASS" start="2024-05-28T14:34:25.309036" elapsed="2.567159"/>
</kw>
<status status="PASS" start="2024-05-28T14:34:06.002411" elapsed="21.875167"/>
</test>
<doc>test invalid login to login page</doc>
<status status="PASS" start="2024-05-28T14:32:44.455358" elapsed="103.429903"/>
</suite>
<suite id="s1-s4" name="Test LoginValid" source="C:\Users\SM\Downloads\orange\orange\Team2_OrangeHRM\TestCases\Test_LoginValid.robot">
<test id="s1-s4-t1" name="validate Successful login using valid credentials" line="15">
<kw name="Open the browser with url" owner="GenericResources" type="SETUP">
<kw name="Create Webdriver" owner="SeleniumLibrary">
<msg time="2024-05-28T14:32:44.606830" level="INFO">Creating an instance of the Chrome WebDriver.</msg>
<arg>${browser_name}</arg>
<doc>Creates an instance of Selenium WebDriver.</doc>
<status status="PASS" start="2024-05-28T14:32:44.606830" elapsed="9.248443"/>
</kw>
<kw name="Go To" owner="SeleniumLibrary">
<msg time="2024-05-28T14:32:53.859860" level="INFO">Opening url 'https://opensource-demo.orangehrmlive.com/web/index.php/auth/login'</msg>
<arg>${url}</arg>
<doc>Navigates the current browser window to the provided ``url``.</doc>
<status status="PASS" start="2024-05-28T14:32:53.857157" elapsed="1.076859"/>
</kw>
<kw name="Maximize Browser Window" owner="SeleniumLibrary">
<doc>Maximizes current browser window.</doc>
<status status="PASS" start="2024-05-28T14:32:54.942061" elapsed="7.822518"/>
</kw>
<kw name="Set Selenium Implicit Wait" owner="SeleniumLibrary">
<arg>5</arg>
<doc>Sets the implicit wait value used by Selenium.</doc>
<status status="PASS" start="2024-05-28T14:33:02.768213" elapsed="0.020019"/>
</kw>
<status status="PASS" start="2024-05-28T14:32:44.596657" elapsed="18.191575"/>
</kw>
<kw name="Fill the login form" owner="LoginResources">
<kw name="Input Text" owner="SeleniumLibrary">
<msg time="2024-05-28T14:33:02.800232" level="INFO">Typing text 'Admin' into text field 'xpath://input[@name='username']'.</msg>
<arg>xpath://input[@name='username']</arg>
<arg>${Username}</arg>
<doc>Types the given ``text`` into the text field identified by ``locator``.</doc>
<status status="PASS" start="2024-05-28T14:33:02.795940" elapsed="9.189794"/>
</kw>
<kw name="Input Password" owner="SeleniumLibrary">
<msg time="2024-05-28T14:33:11.994979" level="INFO">Typing password into text field 'xpath://input[@type='password']'.</msg>
<msg time="2024-05-28T14:33:13.106647" level="INFO">Temporally setting log level to: NONE</msg>
<arg>xpath://input[@type='password']</arg>
<arg>${Password}</arg>
<doc>Types the given password into the text field identified by ``locator``.</doc>
<status status="PASS" start="2024-05-28T14:33:11.987766" elapsed="2.983484"/>
</kw>
<kw name="Click Button" owner="SeleniumLibrary">
<msg time="2024-05-28T14:33:14.980873" level="INFO">Clicking button 'xpath://button[@type='submit']'.</msg>
<arg>xpath://button[@type='submit']</arg>
<doc>Clicks the button identified by ``locator``.</doc>
<status status="PASS" start="2024-05-28T14:33:14.975268" elapsed="8.107525"/>
</kw>
<arg>${username}</arg>
<arg>${password}</arg>
<status status="PASS" start="2024-05-28T14:33:02.792527" elapsed="20.298309"/>
</kw>
<kw name="Set Selenium Implicit Wait" owner="SeleniumLibrary">
<arg>5</arg>
<doc>Sets the implicit wait value used by Selenium.</doc>
<status status="PASS" start="2024-05-28T14:33:23.537471" elapsed="0.069790"/>
</kw>
<kw name="verify the valid credentials" owner="LoginResources">
<kw name="Element Text Should Be" owner="SeleniumLibrary">
<msg time="2024-05-28T14:33:23.698181" level="INFO">Verifying element 'xpath://h6[text()="Dashboard"]' contains exact text 'Dashboard'.</msg>
<arg>${dashBoard}</arg>
<arg>Dashboard</arg>
<doc>Verifies that element ``locator`` contains exact the text ``expected``.</doc>
<status status="PASS" start="2024-05-28T14:33:23.658388" elapsed="0.420058"/>
</kw>
<status status="PASS" start="2024-05-28T14:33:23.658388" elapsed="0.427694"/>
</kw>
<kw name="Close Browser Session" owner="GenericResources" type="TEARDOWN">
<kw name="Close Browser" owner="SeleniumLibrary">
<doc>Closes the current browser.</doc>
<status status="PASS" start="2024-05-28T14:33:24.102831" elapsed="29.990462"/>
</kw>
<status status="PASS" start="2024-05-28T14:33:24.098902" elapsed="29.994391"/>
</kw>
<tag>UAT</tag>
<status status="PASS" start="2024-05-28T14:32:44.596657" elapsed="69.496636"/>
</test>
<doc>test valid login to login page</doc>
<status status="PASS" start="2024-05-28T14:32:44.307110" elapsed="69.804787"/>
</suite>
<suite id="s1-s5" name="Test Search" source="C:\Users\SM\Downloads\orange\orange\Team2_OrangeHRM\TestCases\Test_Search.robot">
<test id="s1-s5-t1" name="validate valid search credentials" line="19">
<kw name="Open the browser with url" owner="GenericResources" type="SETUP">
<kw name="Create Webdriver" owner="SeleniumLibrary">
<msg time="2024-05-28T14:32:44.505167" level="INFO">Creating an instance of the Chrome WebDriver.</msg>
<arg>${browser_name}</arg>
<doc>Creates an instance of Selenium WebDriver.</doc>
<status status="PASS" start="2024-05-28T14:32:44.505167" elapsed="5.251261"/>
</kw>
<kw name="Go To" owner="SeleniumLibrary">
<msg time="2024-05-28T14:32:49.756428" level="INFO">Opening url 'https://opensource-demo.orangehrmlive.com/web/index.php/auth/login'</msg>
<arg>${url}</arg>
<doc>Navigates the current browser window to the provided ``url``.</doc>
<status status="PASS" start="2024-05-28T14:32:49.756428" elapsed="20.693306"/>
</kw>
<kw name="Maximize Browser Window" owner="SeleniumLibrary">
<doc>Maximizes current browser window.</doc>
<status status="PASS" start="2024-05-28T14:33:10.449734" elapsed="0.501692"/>
</kw>
<kw name="Set Selenium Implicit Wait" owner="SeleniumLibrary">
<arg>5</arg>
<doc>Sets the implicit wait value used by Selenium.</doc>
<status status="PASS" start="2024-05-28T14:33:10.952057" elapsed="0.059737"/>
</kw>
<status status="PASS" start="2024-05-28T14:32:44.505167" elapsed="26.510831"/>
</kw>
<kw name="Fill the login form" owner="LoginResources">
<kw name="Input Text" owner="SeleniumLibrary">
<msg time="2024-05-28T14:33:11.195167" level="INFO">Typing text 'Admin' into text field 'xpath://input[@name='username']'.</msg>
<arg>xpath://input[@name='username']</arg>
<arg>${Username}</arg>
<doc>Types the given ``text`` into the text field identified by ``locator``.</doc>
<status status="PASS" start="2024-05-28T14:33:11.048852" elapsed="3.503027"/>
</kw>
<kw name="Input Password" owner="SeleniumLibrary">
<msg time="2024-05-28T14:33:14.557137" level="INFO">Typing password into text field 'xpath://input[@type='password']'.</msg>
<msg time="2024-05-28T14:33:15.130208" level="INFO">Temporally setting log level to: NONE</msg>
<arg>xpath://input[@type='password']</arg>
<arg>${Password}</arg>
<doc>Types the given password into the text field identified by ``locator``.</doc>
<status status="PASS" start="2024-05-28T14:33:14.556279" elapsed="1.498568"/>
</kw>
<kw name="Click Button" owner="SeleniumLibrary">
<msg time="2024-05-28T14:33:16.055761" level="INFO">Clicking button 'xpath://button[@type='submit']'.</msg>
<arg>xpath://button[@type='submit']</arg>
<doc>Clicks the button identified by ``locator``.</doc>
<status status="PASS" start="2024-05-28T14:33:16.055761" elapsed="4.706801"/>
</kw>
<arg>${username}</arg>
<arg>${password}</arg>
<status status="PASS" start="2024-05-28T14:33:11.041566" elapsed="9.720996"/>
</kw>
<kw name="Set Selenium Implicit Wait" owner="SeleniumLibrary">
<arg>5</arg>
<doc>Sets the implicit wait value used by Selenium.</doc>
<status status="PASS" start="2024-05-28T14:33:20.762562" elapsed="0.510277"/>
</kw>
<kw name="verify the valid credentials" owner="LoginResources">
<kw name="Element Text Should Be" owner="SeleniumLibrary">
<msg time="2024-05-28T14:33:21.683612" level="INFO">Verifying element 'xpath://h6[text()="Dashboard"]' contains exact text 'Dashboard'.</msg>
<arg>${dashBoard}</arg>
<arg>Dashboard</arg>
<doc>Verifies that element ``locator`` contains exact the text ``expected``.</doc>
<status status="PASS" start="2024-05-28T14:33:21.276204" elapsed="2.888259"/>
</kw>
<status status="PASS" start="2024-05-28T14:33:21.274609" elapsed="2.889854"/>
</kw>
<kw name="Input Text" owner="SeleniumLibrary">
<msg time="2024-05-28T14:33:24.808324" level="INFO">Typing text 'Recruitment' into text field 'xpath://input[@placeholder="Search"]'.</msg>
<arg>${search}</arg>
<arg>Recruitment</arg>
<doc>Types the given ``text`` into the text field identified by ``locator``.</doc>
<status status="PASS" start="2024-05-28T14:33:24.164463" elapsed="5.401705"/>
</kw>
<kw name="Element Text Should Be" owner="SeleniumLibrary">
<msg time="2024-05-28T14:33:29.574728" level="INFO">Verifying element 'xpath://a[@href="/web/index.php/recruitment/viewRecruitmentModule"]' contains exact text 'Recruitment'.</msg>
<arg>${Recruitment}</arg>
<arg>Recruitment</arg>
<doc>Verifies that element ``locator`` contains exact the text ``expected``.</doc>
<status status="PASS" start="2024-05-28T14:33:29.572706" elapsed="0.164481"/>
</kw>
<kw name="Close Browser Session" owner="GenericResources" type="TEARDOWN">
<kw name="Close Browser" owner="SeleniumLibrary">
<doc>Closes the current browser.</doc>
<status status="PASS" start="2024-05-28T14:33:29.744509" elapsed="22.030209"/>
</kw>
<status status="PASS" start="2024-05-28T14:33:29.742232" elapsed="22.033582"/>
</kw>
<tag>Smoke</tag>
<status status="PASS" start="2024-05-28T14:32:44.496618" elapsed="67.279892"/>
</test>
<doc>test search to dashboard page</doc>
<status status="PASS" start="2024-05-28T14:32:44.196068" elapsed="67.598960"/>
</suite>
<suite id="s1-s6" name="Test logout" source="C:\Users\SM\Downloads\orange\orange\Team2_OrangeHRM\TestCases\Test_logout.robot">
<test id="s1-s6-t1" name="validate successful change password" line="17">
<kw name="Open the browser with url" owner="GenericResources" type="SETUP">
<kw name="Create Webdriver" owner="SeleniumLibrary">
<msg time="2024-05-28T14:32:44.709746" level="INFO">Creating an instance of the Chrome WebDriver.</msg>
<arg>${browser_name}</arg>
<doc>Creates an instance of Selenium WebDriver.</doc>
<status status="PASS" start="2024-05-28T14:32:44.709746" elapsed="10.264575"/>
</kw>
<kw name="Go To" owner="SeleniumLibrary">
<msg time="2024-05-28T14:32:55.245742" level="INFO">Opening url 'https://opensource-demo.orangehrmlive.com/web/index.php/auth/login'</msg>
<arg>${url}</arg>
<doc>Navigates the current browser window to the provided ``url``.</doc>
<status status="PASS" start="2024-05-28T14:32:54.982246" elapsed="16.173443"/>
</kw>
<kw name="Maximize Browser Window" owner="SeleniumLibrary">
<doc>Maximizes current browser window.</doc>
<status status="PASS" start="2024-05-28T14:33:11.155689" elapsed="1.251956"/>
</kw>
<kw name="Set Selenium Implicit Wait" owner="SeleniumLibrary">
<arg>5</arg>
<doc>Sets the implicit wait value used by Selenium.</doc>
<status status="PASS" start="2024-05-28T14:33:12.407645" elapsed="0.060809"/>
</kw>
<status status="PASS" start="2024-05-28T14:32:44.709746" elapsed="27.758708"/>
</kw>
<kw name="Run Keyword If" owner="BuiltIn">
<arg>${should_fail}</arg>
<arg>Fail</arg>
<arg>Intentional fail.</arg>
<doc>Runs the given keyword with the given arguments, if ``condition`` is true.</doc>
<status status="PASS" start="2024-05-28T14:33:12.469428" elapsed="0.001785"/>
</kw>
<kw name="Fill the login form" owner="LoginResources">
<kw name="Input Text" owner="SeleniumLibrary">
<msg time="2024-05-28T14:33:12.474082" level="INFO">Typing text 'Admin' into text field 'xpath://input[@name='username']'.</msg>
<arg>xpath://input[@name='username']</arg>
<arg>${Username}</arg>
<doc>Types the given ``text`` into the text field identified by ``locator``.</doc>
<status status="PASS" start="2024-05-28T14:33:12.474082" elapsed="2.908696"/>
</kw>
<kw name="Input Password" owner="SeleniumLibrary">
<msg time="2024-05-28T14:33:15.385356" level="INFO">Typing password into text field 'xpath://input[@type='password']'.</msg>
<msg time="2024-05-28T14:33:15.771035" level="INFO">Temporally setting log level to: NONE</msg>
<arg>xpath://input[@type='password']</arg>
<arg>${Password}</arg>
<doc>Types the given password into the text field identified by ``locator``.</doc>
<status status="PASS" start="2024-05-28T14:33:15.383838" elapsed="8.555897"/>
</kw>
<kw name="Click Button" owner="SeleniumLibrary">
<msg time="2024-05-28T14:33:23.949019" level="INFO">Clicking button 'xpath://button[@type='submit']'.</msg>
<arg>xpath://button[@type='submit']</arg>
<doc>Clicks the button identified by ``locator``.</doc>
<status status="PASS" start="2024-05-28T14:33:23.944439" elapsed="3.935839"/>
</kw>
<arg>${username}</arg>
<arg>${password}</arg>
<status status="PASS" start="2024-05-28T14:33:12.471213" elapsed="15.409065"/>
</kw>
<kw name="Set Selenium Implicit Wait" owner="SeleniumLibrary">
<arg>5</arg>
<doc>Sets the implicit wait value used by Selenium.</doc>
<status status="PASS" start="2024-05-28T14:33:27.880278" elapsed="0.024768"/>
</kw>
<kw name="verify the valid credentials" owner="LoginResources">
<kw name="Element Text Should Be" owner="SeleniumLibrary">
<msg time="2024-05-28T14:33:27.913129" level="INFO">Verifying element 'xpath://h6[text()="Dashboard"]' contains exact text 'Dashboard'.</msg>
<arg>${dashBoard}</arg>
<arg>Dashboard</arg>
<doc>Verifies that element ``locator`` contains exact the text ``expected``.</doc>
<status status="PASS" start="2024-05-28T14:33:27.913129" elapsed="6.294482"/>
</kw>
<status status="PASS" start="2024-05-28T14:33:27.905046" elapsed="6.302565"/>
</kw>
<kw name="click user icon" owner="ChangePasswordResources">
<kw name="Click Element" owner="SeleniumLibrary">
<msg time="2024-05-28T14:33:34.269431" level="INFO">Clicking element 'xpath://p[@class="oxd-userdropdown-name"]'.</msg>
<arg>${user}</arg>
<doc>Click the element identified by ``locator``.</doc>
<status status="PASS" start="2024-05-28T14:33:34.224874" elapsed="1.109154"/>
</kw>
<status status="PASS" start="2024-05-28T14:33:34.207611" elapsed="1.135090"/>
</kw>
<kw name="click logout" owner="ChangePasswordResources">
<kw name="Click Element" owner="SeleniumLibrary">
<msg time="2024-05-28T14:33:35.360129" level="INFO">Clicking element 'xpath:(//a[@class="oxd-userdropdown-link"])[4]'.</msg>
<arg>${logout}</arg>
<doc>Click the element identified by ``locator``.</doc>
<status status="PASS" start="2024-05-28T14:33:35.353858" elapsed="3.419451"/>
</kw>
<status status="PASS" start="2024-05-28T14:33:35.342701" elapsed="3.434711"/>
</kw>
<kw name="Close Browser Session" owner="GenericResources" type="TEARDOWN">
<kw name="Close Browser" owner="SeleniumLibrary">
<doc>Closes the current browser.</doc>
<status status="PASS" start="2024-05-28T14:33:38.783875" elapsed="15.703823"/>
</kw>
<status status="PASS" start="2024-05-28T14:33:38.783875" elapsed="15.703823"/>
</kw>
<doc>Intentionally fail and then pass on rerun.</doc>
<tag>UAT</tag>
<status status="PASS" start="2024-05-28T14:32:44.706719" elapsed="69.786922"/>
</test>
<doc>test valid logout page</doc>
<status status="PASS" start="2024-05-28T14:32:44.364530" elapsed="70.140936"/>
</suite>
<suite id="s1-s7" name="Test ContactDetails" source="C:\Users\SM\Downloads\orange\orange\Team2_OrangeHRM\TestCases\Test_ContactDetails.robot">
<test id="s1-s7-t1" name="fill contact details" line="18">
<kw name="Open the browser with url" owner="GenericResources" type="SETUP">
<kw name="Create Webdriver" owner="SeleniumLibrary">
<msg time="2024-05-28T14:32:46.123296" level="INFO">Creating an instance of the Chrome WebDriver.</msg>
<arg>${browser_name}</arg>
<doc>Creates an instance of Selenium WebDriver.</doc>
<status status="PASS" start="2024-05-28T14:32:46.123296" elapsed="12.775548"/>
</kw>
<kw name="Go To" owner="SeleniumLibrary">
<msg time="2024-05-28T14:32:58.903991" level="INFO">Opening url 'https://opensource-demo.orangehrmlive.com/web/index.php/auth/login'</msg>
<arg>${url}</arg>
<doc>Navigates the current browser window to the provided ``url``.</doc>
<status status="PASS" start="2024-05-28T14:32:58.898844" elapsed="1.955132"/>
</kw>
<kw name="Maximize Browser Window" owner="SeleniumLibrary">
<doc>Maximizes current browser window.</doc>
<status status="PASS" start="2024-05-28T14:33:00.858279" elapsed="23.081456"/>
</kw>
<kw name="Set Selenium Implicit Wait" owner="SeleniumLibrary">
<arg>5</arg>
<doc>Sets the implicit wait value used by Selenium.</doc>
<status status="PASS" start="2024-05-28T14:33:23.953362" elapsed="1.075249"/>
</kw>
<status status="PASS" start="2024-05-28T14:32:46.123296" elapsed="38.928268"/>
</kw>
<kw name="validate successful saved contact details">
<kw name="Fill the login form" owner="LoginResources">
<kw name="Input Text" owner="SeleniumLibrary">
<msg time="2024-05-28T14:33:26.996433" level="INFO">Typing text 'Admin' into text field 'xpath://input[@name='username']'.</msg>
<arg>xpath://input[@name='username']</arg>
<arg>${Username}</arg>
<doc>Types the given ``text`` into the text field identified by ``locator``.</doc>
<status status="PASS" start="2024-05-28T14:33:25.503362" elapsed="3.191685"/>
</kw>
<kw name="Input Password" owner="SeleniumLibrary">
<msg time="2024-05-28T14:33:28.706767" level="INFO">Typing password into text field 'xpath://input[@type='password']'.</msg>
<msg time="2024-05-28T14:33:29.250048" level="INFO">Temporally setting log level to: NONE</msg>
<arg>xpath://input[@type='password']</arg>
<arg>${Password}</arg>
<doc>Types the given password into the text field identified by ``locator``.</doc>
<status status="PASS" start="2024-05-28T14:33:28.706767" elapsed="2.375426"/>
</kw>
<kw name="Click Button" owner="SeleniumLibrary">
<msg time="2024-05-28T14:33:31.092541" level="INFO">Clicking button 'xpath://button[@type='submit']'.</msg>
<arg>xpath://button[@type='submit']</arg>
<doc>Clicks the button identified by ``locator``.</doc>
<status status="PASS" start="2024-05-28T14:33:31.087930" elapsed="1.511199"/>
</kw>
<arg>${username}</arg>
<arg>${password}</arg>
<status status="PASS" start="2024-05-28T14:33:25.494917" elapsed="7.104212"/>
</kw>
<kw name="Set Selenium Implicit Wait" owner="SeleniumLibrary">
<arg>5</arg>
<doc>Sets the implicit wait value used by Selenium.</doc>
<status status="PASS" start="2024-05-28T14:33:32.599129" elapsed="0.005745"/>
</kw>
<kw name="verify the valid credentials" owner="LoginResources">
<kw name="Element Text Should Be" owner="SeleniumLibrary">
<msg time="2024-05-28T14:33:32.641580" level="INFO">Verifying element 'xpath://h6[text()="Dashboard"]' contains exact text 'Dashboard'.</msg>
<arg>${dashBoard}</arg>
<arg>Dashboard</arg>
<doc>Verifies that element ``locator`` contains exact the text ``expected``.</doc>
<status status="PASS" start="2024-05-28T14:33:32.616901" elapsed="5.626697"/>
</kw>
<status status="PASS" start="2024-05-28T14:33:32.608684" elapsed="5.634914"/>
</kw>
<kw name="click myInfo Button" owner="MyInfoResource">
<kw name="Click Element" owner="SeleniumLibrary">
<msg time="2024-05-28T14:33:38.273869" level="INFO">Clicking element 'xpath://span[text()='My Info']'.</msg>
<arg>${myInfo}</arg>
<doc>Click the element identified by ``locator``.</doc>
<status status="PASS" start="2024-05-28T14:33:38.257531" elapsed="4.559584"/>
</kw>
<status status="PASS" start="2024-05-28T14:33:38.249827" elapsed="4.568844"/>
</kw>
<kw name="click contact details element" owner="MyInfoResource">
<kw name="Click Link" owner="SeleniumLibrary">
<msg time="2024-05-28T14:33:42.828498" level="INFO">Clicking link 'xpath://a[text()='Contact Details']'.</msg>
<arg>${contact_details}</arg>
<doc>Clicks a link identified by ``locator``.</doc>
<status status="PASS" start="2024-05-28T14:33:42.822163" elapsed="2.995916"/>
</kw>
<status status="PASS" start="2024-05-28T14:33:42.819221" elapsed="3.001402"/>
</kw>
<kw name="Fill the details" owner="ContactDetailsResources">
<kw name="Input Text" owner="SeleniumLibrary">
<msg time="2024-05-28T14:33:45.829316" level="INFO">Typing text 'Gandhi' into text field 'xpath:(//div[@data-v-957b4417]/input)[1]'.</msg>
<arg>${street1}</arg>
<arg>${srt1}</arg>
<doc>Types the given ``text`` into the text field identified by ``locator``.</doc>
<status status="PASS" start="2024-05-28T14:33:45.829316" elapsed="1.592113"/>
</kw>
<kw name="Input Text" owner="SeleniumLibrary">
<msg time="2024-05-28T14:33:47.448650" level="INFO">Typing text 'Nehru' into text field 'xpath:(//div[@data-v-957b4417]/input)[2]'.</msg>
<arg>${street2}</arg>
<arg>${srt2}</arg>
<doc>Types the given ``text`` into the text field identified by ``locator``.</doc>
<status status="PASS" start="2024-05-28T14:33:47.444119" elapsed="0.458045"/>
</kw>
<kw name="Input Text" owner="SeleniumLibrary">
<msg time="2024-05-28T14:33:47.903350" level="INFO">Typing text 'Salem' into text field 'xpath:(//div[@data-v-957b4417]/input)[3]'.</msg>
<arg>${city}</arg>
<arg>${cty}</arg>
<doc>Types the given ``text`` into the text field identified by ``locator``.</doc>
<status status="PASS" start="2024-05-28T14:33:47.903350" elapsed="0.265013"/>
</kw>
<kw name="Input Text" owner="SeleniumLibrary">
<msg time="2024-05-28T14:33:48.170766" level="INFO">Typing text 'Tamilnadu' into text field 'xpath:(//div[@data-v-957b4417]/input)[4]'.</msg>
<arg>${state}</arg>
<arg>${ste}</arg>
<doc>Types the given ``text`` into the text field identified by ``locator``.</doc>
<status status="PASS" start="2024-05-28T14:33:48.169132" elapsed="0.323051"/>
</kw>
<kw name="Input Text" owner="SeleniumLibrary">
<msg time="2024-05-28T14:33:48.494324" level="INFO">Typing text '636306' into text field 'xpath:(//div[@data-v-957b4417]/input)[5]'.</msg>
<arg>${zip_code}</arg>
<arg>${zip}</arg>
<doc>Types the given ``text`` into the text field identified by ``locator``.</doc>
<status status="PASS" start="2024-05-28T14:33:48.492183" elapsed="0.550061"/>
</kw>
<kw name="Input Text" owner="SeleniumLibrary">
<msg time="2024-05-28T14:33:49.058407" level="INFO">Typing text '25085' into text field 'xpath:(//div[@data-v-957b4417]/input)[6]'.</msg>
<arg>${home}</arg>
<arg>${hme}</arg>
<doc>Types the given ``text`` into the text field identified by ``locator``.</doc>
<status status="PASS" start="2024-05-28T14:33:49.058407" elapsed="0.410530"/>
</kw>
<kw name="Input Text" owner="SeleniumLibrary">
<msg time="2024-05-28T14:33:49.469959" level="INFO">Typing text '7339446896' into text field 'xpath:(//div[@data-v-957b4417]/input)[7]'.</msg>
<arg>${mobile}</arg>
<arg>${mob}</arg>
<doc>Types the given ``text`` into the text field identified by ``locator``.</doc>
<status status="PASS" start="2024-05-28T14:33:49.469959" elapsed="0.469977"/>
</kw>
<kw name="Input Text" owner="SeleniumLibrary">
<msg time="2024-05-28T14:33:49.943646" level="INFO">Typing text '123456789' into text field 'xpath:(//div[@data-v-957b4417]/input)[8]'.</msg>
<arg>${work}</arg>
<arg>${wrk}</arg>
<doc>Types the given ``text`` into the text field identified by ``locator``.</doc>
<status status="PASS" start="2024-05-28T14:33:49.942561" elapsed="0.310736"/>
</kw>
<kw name="Input Text" owner="SeleniumLibrary">
<msg time="2024-05-28T14:33:50.263172" level="INFO">Typing text 'moon@gmail.com' into text field 'xpath:(//div[@data-v-957b4417]/input)[9]'.</msg>
<arg>${work_email}</arg>
<arg>${w_email}</arg>
<doc>Types the given ``text`` into the text field identified by ``locator``.</doc>
<status status="PASS" start="2024-05-28T14:33:50.261038" elapsed="0.358749"/>
</kw>
<kw name="Input Text" owner="SeleniumLibrary">
<msg time="2024-05-28T14:33:50.629409" level="INFO">Typing text 'good@gmail.com' into text field 'xpath:(//div[@data-v-957b4417]/input)[10]'.</msg>
<arg>${other_email}</arg>
<arg>${o_email}</arg>
<doc>Types the given ``text`` into the text field identified by ``locator``.</doc>
<status status="PASS" start="2024-05-28T14:33:50.629409" elapsed="1.159517"/>
</kw>
<arg>${Srts1}</arg>
<arg>${Srts2}</arg>
<arg>${City}</arg>
<arg>${States}</arg>
<arg>${Zip_codes}</arg>
<arg>${Homes}</arg>
<arg>${Mobiles}</arg>
<arg>${Works}</arg>
<arg>${Work_emails}</arg>
<arg>${Other_emails}</arg>
<status status="PASS" start="2024-05-28T14:33:45.826151" elapsed="5.964024"/>
</kw>
<kw name="select country" owner="ContactDetailsResources">
<kw name="Click Element" owner="SeleniumLibrary">
<msg time="2024-05-28T14:33:51.796874" level="INFO">Clicking element 'xpath://div[@data-v-67d2aedf]'.</msg>
<arg>${drop_down}</arg>
<doc>Click the element identified by ``locator``.</doc>
<status status="PASS" start="2024-05-28T14:33:51.794484" elapsed="0.234866"/>
</kw>
<kw name="Wait Until Element Is Visible" owner="SeleniumLibrary">
<arg>${drop_down}</arg>
<arg>10s</arg>
<doc>Waits until the element ``locator`` is visible.</doc>
<status status="PASS" start="2024-05-28T14:33:52.034394" elapsed="0.116205"/>
</kw>
<kw name="Wait Until Element Is Enabled" owner="SeleniumLibrary">
<arg>${drop_down}</arg>
<arg>10s</arg>
<doc>Waits until the element ``locator`` is enabled.</doc>
<status status="PASS" start="2024-05-28T14:33:52.152656" elapsed="0.089511"/>
</kw>
<kw name="Click Element" owner="SeleniumLibrary">
<msg time="2024-05-28T14:33:52.244334" level="INFO">Clicking element 'xpath://span[text()='Albania']'.</msg>
<arg>${country}</arg>
<doc>Click the element identified by ``locator``.</doc>
<status status="PASS" start="2024-05-28T14:33:52.242167" elapsed="0.163421"/>
</kw>
<status status="PASS" start="2024-05-28T14:33:51.791935" elapsed="0.613653"/>
</kw>
<kw name="Click Save Button" owner="ContactDetailsResources">
<kw name="Click Button" owner="SeleniumLibrary">
<msg time="2024-05-28T14:33:52.412811" level="INFO">Clicking button 'xpath://button[@type="submit"]'.</msg>
<arg>${save}</arg>
<doc>Clicks the button identified by ``locator``.</doc>
<status status="PASS" start="2024-05-28T14:33:52.412063" elapsed="0.240487"/>
</kw>
<kw name="Should Contain" owner="BuiltIn">
<arg>${success_save}</arg>
<arg>Successfully Updated</arg>
<doc>Fails if ``container`` does not contain ``item`` one or more times.</doc>
<status status="PASS" start="2024-05-28T14:33:52.659578" elapsed="0.003681"/>
</kw>
<status status="PASS" start="2024-05-28T14:33:52.409621" elapsed="0.255700"/>
</kw>
<arg>Srts1=Gandhi</arg>
<arg>Srts2=Nehru</arg>
<arg>City=Salem</arg>
<arg>States=Tamilnadu</arg>
<arg>Zip_codes=636306</arg>
<arg>Homes=25085</arg>
<arg>Mobiles=7339446896</arg>
<arg>Works=123456789</arg>
<arg>Work_emails=moon@gmail.com</arg>
<arg>Other_emails=good@gmail.com</arg>
<tag>Smoke</tag>
<status status="PASS" start="2024-05-28T14:33:25.439373" elapsed="27.225948"/>
</kw>
<kw name="Close Browser Session" owner="GenericResources" type="TEARDOWN">
<kw name="Close Browser" owner="SeleniumLibrary">
<doc>Closes the current browser.</doc>
<status status="PASS" start="2024-05-28T14:33:52.668841" elapsed="2.416643"/>
</kw>
<status status="PASS" start="2024-05-28T14:33:52.668841" elapsed="2.416643"/>
</kw>
<status status="PASS" start="2024-05-28T14:32:46.123296" elapsed="68.962188"/>
</test>
<doc>Test contact details to my info</doc>
<status status="PASS" start="2024-05-28T14:32:44.338359" elapsed="70.764749"/>
</suite>
<suite id="s1-s8" name="Test Depedent save" source="C:\Users\SM\Downloads\orange\orange\Team2_OrangeHRM\TestCases\Test_Depedent_save.robot">
<test id="s1-s8-t1" name="Name" line="18">
<kw name="Open the browser with url" owner="GenericResources" type="SETUP">
<kw name="Create Webdriver" owner="SeleniumLibrary">
<msg time="2024-05-28T14:32:44.646317" level="INFO">Creating an instance of the Chrome WebDriver.</msg>
<arg>${browser_name}</arg>
<doc>Creates an instance of Selenium WebDriver.</doc>
<status status="PASS" start="2024-05-28T14:32:44.646317" elapsed="8.962093"/>
</kw>
<kw name="Go To" owner="SeleniumLibrary">
<msg time="2024-05-28T14:32:53.614110" level="INFO">Opening url 'https://opensource-demo.orangehrmlive.com/web/index.php/auth/login'</msg>
<arg>${url}</arg>
<doc>Navigates the current browser window to the provided ``url``.</doc>
<status status="PASS" start="2024-05-28T14:32:53.609923" elapsed="0.757766"/>
</kw>
<kw name="Maximize Browser Window" owner="SeleniumLibrary">
<doc>Maximizes current browser window.</doc>
<status status="PASS" start="2024-05-28T14:32:54.367689" elapsed="21.205610"/>
</kw>
<kw name="Set Selenium Implicit Wait" owner="SeleniumLibrary">
<arg>5</arg>
<doc>Sets the implicit wait value used by Selenium.</doc>
<status status="PASS" start="2024-05-28T14:33:15.573299" elapsed="0.029407"/>
</kw>
<status status="PASS" start="2024-05-28T14:32:44.646317" elapsed="30.956900"/>
</kw>
<kw name="validate successful saved Dependent">
<kw name="Fill the login form" owner="LoginResources">
<kw name="Input Text" owner="SeleniumLibrary">
<msg time="2024-05-28T14:33:15.942461" level="INFO">Typing text 'Admin' into text field 'xpath://input[@name='username']'.</msg>
<arg>xpath://input[@name='username']</arg>
<arg>${Username}</arg>
<doc>Types the given ``text`` into the text field identified by ``locator``.</doc>
<status status="PASS" start="2024-05-28T14:33:15.796188" elapsed="6.532120"/>
</kw>
<kw name="Input Password" owner="SeleniumLibrary">
<msg time="2024-05-28T14:33:22.335840" level="INFO">Typing password into text field 'xpath://input[@type='password']'.</msg>
<msg time="2024-05-28T14:33:23.901938" level="INFO">Temporally setting log level to: NONE</msg>
<arg>xpath://input[@type='password']</arg>
<arg>${Password}</arg>
<doc>Types the given password into the text field identified by ``locator``.</doc>
<status status="PASS" start="2024-05-28T14:33:22.335840" elapsed="3.008274"/>
</kw>
<kw name="Click Button" owner="SeleniumLibrary">
<msg time="2024-05-28T14:33:25.346025" level="INFO">Clicking button 'xpath://button[@type='submit']'.</msg>
<arg>xpath://button[@type='submit']</arg>
<doc>Clicks the button identified by ``locator``.</doc>
<status status="PASS" start="2024-05-28T14:33:25.344859" elapsed="7.331482"/>
</kw>
<arg>${username}</arg>
<arg>${password}</arg>
<status status="PASS" start="2024-05-28T14:33:15.693886" elapsed="16.982455"/>
</kw>
<kw name="Set Selenium Implicit Wait" owner="SeleniumLibrary">
<arg>5</arg>
<doc>Sets the implicit wait value used by Selenium.</doc>
<status status="PASS" start="2024-05-28T14:33:32.936496" elapsed="0.036567"/>
</kw>
<kw name="verify the valid credentials" owner="LoginResources">
<kw name="Element Text Should Be" owner="SeleniumLibrary">
<msg time="2024-05-28T14:33:33.004411" level="INFO">Verifying element 'xpath://h6[text()="Dashboard"]' contains exact text 'Dashboard'.</msg>
<arg>${dashBoard}</arg>
<arg>Dashboard</arg>
<doc>Verifies that element ``locator`` contains exact the text ``expected``.</doc>
<status status="PASS" start="2024-05-28T14:33:32.998416" elapsed="3.843340"/>
</kw>
<status status="PASS" start="2024-05-28T14:33:32.989592" elapsed="3.852164"/>
</kw>
<kw name="click myInfo Button" owner="MyInfoResource">
<kw name="Click Element" owner="SeleniumLibrary">
<msg time="2024-05-28T14:33:37.400844" level="INFO">Clicking element 'xpath://span[text()='My Info']'.</msg>
<arg>${myInfo}</arg>
<doc>Click the element identified by ``locator``.</doc>
<status status="PASS" start="2024-05-28T14:33:36.851820" elapsed="3.314371"/>
</kw>
<status status="PASS" start="2024-05-28T14:33:36.841756" elapsed="3.324435"/>
</kw>
<kw name="click dependent element" owner="MyInfoResource">
<kw name="Click Link" owner="SeleniumLibrary">
<msg time="2024-05-28T14:33:40.177206" level="INFO">Clicking link 'xpath://a[text()='Dependents']'.</msg>
<arg>${dependents}</arg>
<doc>Clicks a link identified by ``locator``.</doc>
<status status="PASS" start="2024-05-28T14:33:40.173172" elapsed="3.431455"/>
</kw>
<status status="PASS" start="2024-05-28T14:33:40.166191" elapsed="3.443185"/>
</kw>
<kw name="click add button" owner="DependentResources">
<kw name="Click Button" owner="SeleniumLibrary">
<msg time="2024-05-28T14:33:43.610991" level="INFO">Clicking button 'xpath:(//button[@type="button"])[3]'.</msg>
<arg>${add}</arg>
<doc>Clicks the button identified by ``locator``.</doc>
<status status="PASS" start="2024-05-28T14:33:43.610991" elapsed="1.004517"/>
</kw>
<status status="PASS" start="2024-05-28T14:33:43.610991" elapsed="1.005583"/>
</kw>
<kw name="Fill the details" owner="DependentResources">
<kw name="Input Text" owner="SeleniumLibrary">
<msg time="2024-05-28T14:33:44.691512" level="INFO">Typing text 'Suvetha' into text field 'xpath:(//input[@data-v-1f99f73c])[2]'.</msg>
<arg>${Name}</arg>
<arg>${names}</arg>
<doc>Types the given ``text`` into the text field identified by ``locator``.</doc>
<status status="PASS" start="2024-05-28T14:33:44.655067" elapsed="1.182040"/>
</kw>
<kw name="Input Text" owner="SeleniumLibrary">
<msg time="2024-05-28T14:33:45.837107" level="INFO">Typing text '2024-24-05' into text field 'xpath://input[@placeholder="yyyy-dd-mm"]'.</msg>
<arg>${calendar}</arg>
<arg>2024-24-05</arg>
<doc>Types the given ``text`` into the text field identified by ``locator``.</doc>
<status status="PASS" start="2024-05-28T14:33:45.837107" elapsed="1.154370"/>
</kw>
<arg>${Name}</arg>
<status status="PASS" start="2024-05-28T14:33:44.617884" elapsed="2.376114"/>
</kw>
<kw name="select relationship as child" owner="DependentResources">
<kw name="Click Element" owner="SeleniumLibrary">
<msg time="2024-05-28T14:33:46.994985" level="INFO">Clicking element 'xpath:(//div[@data-v-67d2aedf])[2]'.</msg>
<arg>${Relationship}</arg>
<doc>Click the element identified by ``locator``.</doc>
<status status="PASS" start="2024-05-28T14:33:46.994985" elapsed="0.601919"/>
</kw>
<kw name="Wait Until Element Is Visible" owner="SeleniumLibrary">
<arg>${Relationship}</arg>
<arg>10s</arg>
<doc>Waits until the element ``locator`` is visible.</doc>
<status status="PASS" start="2024-05-28T14:33:47.601540" elapsed="0.184436"/>
</kw>
<kw name="Wait Until Element Is Enabled" owner="SeleniumLibrary">
<arg>${Relationship}</arg>
<arg>10s</arg>
<doc>Waits until the element ``locator`` is enabled.</doc>
<status status="PASS" start="2024-05-28T14:33:47.785976" elapsed="0.163022"/>
</kw>
<kw name="Click Element" owner="SeleniumLibrary">
<msg time="2024-05-28T14:33:47.951682" level="INFO">Clicking element 'xpath://span[text()='Child']'.</msg>
<arg>${child}</arg>
<doc>Click the element identified by ``locator``.</doc>
<status status="PASS" start="2024-05-28T14:33:47.948998" elapsed="0.349828"/>
</kw>
<status status="PASS" start="2024-05-28T14:33:46.994985" elapsed="1.305709"/>
</kw>
<kw name="Click Save Button" owner="DependentResources">
<kw name="Click Button" owner="SeleniumLibrary">
<msg time="2024-05-28T14:33:48.308453" level="INFO">Clicking button 'xpath:(//button[text()=" Save "])[1]'.</msg>
<arg>${save}</arg>
<doc>Clicks the button identified by ``locator``.</doc>
<status status="PASS" start="2024-05-28T14:33:48.305632" elapsed="0.724260"/>
</kw>
<kw name="Should Contain" owner="BuiltIn">
<arg>${success_save}</arg>
<arg>Successfully Updated</arg>
<doc>Fails if ``container`` does not contain ``item`` one or more times.</doc>
<status status="PASS" start="2024-05-28T14:33:49.037713" elapsed="0.002069"/>
</kw>
<status status="PASS" start="2024-05-28T14:33:48.300694" elapsed="0.743073"/>
</kw>
<arg>Name=Suvetha</arg>
<status status="PASS" start="2024-05-28T14:33:15.680675" elapsed="33.363719"/>
</kw>
<kw name="Close Browser Session" owner="GenericResources" type="TEARDOWN">
<kw name="Close Browser" owner="SeleniumLibrary">
<doc>Closes the current browser.</doc>
<status status="PASS" start="2024-05-28T14:33:49.056770" elapsed="5.484880"/>
</kw>
<status status="PASS" start="2024-05-28T14:33:49.049777" elapsed="5.491873"/>
</kw>
<status status="PASS" start="2024-05-28T14:32:44.640795" elapsed="69.900855"/>
</test>
<doc>Test dependent to my info</doc>
<status status="PASS" start="2024-05-28T14:32:44.283899" elapsed="70.268809"/>
</suite>
[...]
</kw>
<kw name="Input Text" owner="SeleniumLibrary">
<msg time="2024-05-28T14:33:37.374285" level="INFO">Typing text '2024-24-05' into text field 'xpath://input[@placeholder="yyyy-dd-mm"]'.</msg>
<arg>${calendar}</arg>
<arg>2024-24-05</arg>
<doc>Types the given ``text`` into the text field identified by ``locator``.</doc>
<status status="PASS" start="2024-05-28T14:33:37.365211" elapsed="3.567530"/>
</kw>
<arg>${Name}</arg>
<status status="PASS" start="2024-05-28T14:33:35.341950" elapsed="5.590791"/>
</kw>
<kw name="select relationship as Other" owner="DependentResources">
<kw name="Click Element" owner="SeleniumLibrary">
<msg time="2024-05-28T14:33:40.940274" level="INFO">Clicking element 'xpath:(//div[@data-v-67d2aedf])[2]'.</msg>
<arg>${Relationship}</arg>
<doc>Click the element identified by ``locator``.</doc>
<status status="PASS" start="2024-05-28T14:33:40.940274" elapsed="0.517229"/>
</kw>
<kw name="Wait Until Element Is Visible" owner="SeleniumLibrary">
<arg>${Relationship}</arg>
<arg>10s</arg>
<doc>Waits until the element ``locator`` is visible.</doc>
<status status="PASS" start="2024-05-28T14:33:41.457503" elapsed="0.547559"/>
</kw>
<kw name="Wait Until Element Is Enabled" owner="SeleniumLibrary">
<arg>${Relationship}</arg>
<arg>10s</arg>
<doc>Waits until the element ``locator`` is enabled.</doc>
<status status="PASS" start="2024-05-28T14:33:42.006775" elapsed="0.467115"/>
</kw>
<kw name="Click Element" owner="SeleniumLibrary">
<msg time="2024-05-28T14:33:42.490794" level="INFO">Clicking element 'xpath://span[text()='Other']'.</msg>
<arg>${other}</arg>
<doc>Click the element identified by ``locator``.</doc>
<status status="PASS" start="2024-05-28T14:33:42.473890" elapsed="0.874577"/>
</kw>
<status status="PASS" start="2024-05-28T14:33:40.932741" elapsed="2.415726"/>
</kw>
<kw name="Click cancel Button" owner="DependentResources">
<kw name="Click Button" owner="SeleniumLibrary">
<msg time="2024-05-28T14:33:43.467954" level="INFO">Clicking button 'xpath:(//button[@type="button"])[3]'.</msg>
<arg>${cancel}</arg>
<doc>Clicks the button identified by ``locator``.</doc>
<status status="PASS" start="2024-05-28T14:33:43.357480" elapsed="1.802422"/>
</kw>
<status status="PASS" start="2024-05-28T14:33:43.354482" elapsed="1.810684"/>
</kw>
<arg>Name=Suvetha</arg>
<tag>Regression</tag>
<status status="PASS" start="2024-05-28T14:33:02.947184" elapsed="42.232819"/>
</kw>
<kw name="Close Browser Session" owner="GenericResources" type="TEARDOWN">
<kw name="Close Browser" owner="SeleniumLibrary">
<doc>Closes the current browser.</doc>
<status status="PASS" start="2024-05-28T14:33:45.232440" elapsed="9.273026"/>
</kw>
<status status="PASS" start="2024-05-28T14:33:45.228345" elapsed="9.277121"/>
</kw>
<status status="PASS" start="2024-05-28T14:32:44.596657" elapsed="69.908809"/>
</test>
<doc>Test dependent to my info</doc>
<status status="PASS" start="2024-05-28T14:32:44.244038" elapsed="70.277098"/>
</suite>
<suite id="s1-s13" name="Test Emergency" source="C:\Users\SM\Downloads\orange\orange\Team2_OrangeHRM\TestCases\Test_Emergency.robot">
<test id="s1-s13-t1" name="fill the form of personal details" line="19">
<kw name="Open the browser with url" owner="GenericResources" type="SETUP">
<kw name="Create Webdriver" owner="SeleniumLibrary">
<msg time="2024-05-28T14:33:59.907047" level="INFO">Creating an instance of the Chrome WebDriver.</msg>
<arg>${browser_name}</arg>
<doc>Creates an instance of Selenium WebDriver.</doc>
<status status="PASS" start="2024-05-28T14:33:59.907047" elapsed="3.004429"/>
</kw>
<kw name="Go To" owner="SeleniumLibrary">
<msg time="2024-05-28T14:34:02.916915" level="INFO">Opening url 'https://opensource-demo.orangehrmlive.com/web/index.php/auth/login'</msg>
<arg>${url}</arg>
<doc>Navigates the current browser window to the provided ``url``.</doc>
<status status="PASS" start="2024-05-28T14:34:02.914994" elapsed="8.449360"/>
</kw>
<kw name="Maximize Browser Window" owner="SeleniumLibrary">
<doc>Maximizes current browser window.</doc>
<status status="PASS" start="2024-05-28T14:34:11.364354" elapsed="0.137476"/>
</kw>
<kw name="Set Selenium Implicit Wait" owner="SeleniumLibrary">
<arg>5</arg>
<doc>Sets the implicit wait value used by Selenium.</doc>
<status status="PASS" start="2024-05-28T14:34:11.503867" elapsed="0.010304"/>
</kw>
<status status="PASS" start="2024-05-28T14:33:59.907047" elapsed="11.607124"/>
</kw>
<kw name="validate successful saved personal details">
<kw name="Fill the login form" owner="LoginResources">
<kw name="Input Text" owner="SeleniumLibrary">
<msg time="2024-05-28T14:34:11.528089" level="INFO">Typing text 'Admin' into text field 'xpath://input[@name='username']'.</msg>
<arg>xpath://input[@name='username']</arg>
<arg>${Username}</arg>
<doc>Types the given ``text`` into the text field identified by ``locator``.</doc>
<status status="PASS" start="2024-05-28T14:34:11.520591" elapsed="0.617833"/>
</kw>
<kw name="Input Password" owner="SeleniumLibrary">
<msg time="2024-05-28T14:34:12.138424" level="INFO">Typing password into text field 'xpath://input[@type='password']'.</msg>
<msg time="2024-05-28T14:34:12.226499" level="INFO">Temporally setting log level to: NONE</msg>
<arg>xpath://input[@type='password']</arg>
<arg>${Password}</arg>
<doc>Types the given password into the text field identified by ``locator``.</doc>
<status status="PASS" start="2024-05-28T14:34:12.138424" elapsed="0.285800"/>
</kw>
<kw name="Click Button" owner="SeleniumLibrary">
<msg time="2024-05-28T14:34:12.427417" level="INFO">Clicking button 'xpath://button[@type='submit']'.</msg>
<arg>xpath://button[@type='submit']</arg>
<doc>Clicks the button identified by ``locator``.</doc>
<status status="PASS" start="2024-05-28T14:34:12.427417" elapsed="0.437768"/>
</kw>
<arg>${username}</arg>
<arg>${password}</arg>
<status status="PASS" start="2024-05-28T14:34:11.514171" elapsed="1.351014"/>
</kw>
<kw name="Set Selenium Implicit Wait" owner="SeleniumLibrary">
<arg>5</arg>
<doc>Sets the implicit wait value used by Selenium.</doc>
<status status="PASS" start="2024-05-28T14:34:12.865185" elapsed="0.010462"/>
</kw>
<kw name="verify the valid credentials" owner="LoginResources">
<kw name="Element Text Should Be" owner="SeleniumLibrary">
<msg time="2024-05-28T14:34:12.880787" level="INFO">Verifying element 'xpath://h6[text()="Dashboard"]' contains exact text 'Dashboard'.</msg>
<arg>${dashBoard}</arg>
<arg>Dashboard</arg>
<doc>Verifies that element ``locator`` contains exact the text ``expected``.</doc>
<status status="PASS" start="2024-05-28T14:34:12.877135" elapsed="1.697732"/>
</kw>
<status status="PASS" start="2024-05-28T14:34:12.877135" elapsed="1.697732"/>
</kw>
<kw name="click myInfo Button" owner="MyInfoResource">
<kw name="Click Element" owner="SeleniumLibrary">
<msg time="2024-05-28T14:34:14.581918" level="INFO">Clicking element 'xpath://span[text()='My Info']'.</msg>
<arg>${myInfo}</arg>
<doc>Click the element identified by ``locator``.</doc>
<status status="PASS" start="2024-05-28T14:34:14.574867" elapsed="1.698611"/>
</kw>
<status status="PASS" start="2024-05-28T14:34:14.574867" elapsed="1.703581"/>
</kw>
<kw name="click emergency contact element" owner="MyInfoResource">
<kw name="Click Link" owner="SeleniumLibrary">
<msg time="2024-05-28T14:34:16.281722" level="INFO">Clicking link 'xpath://a[text()='Emergency Contacts']'.</msg>
<arg>${emergency_contact}</arg>
<doc>Clicks a link identified by ``locator``.</doc>
<status status="PASS" start="2024-05-28T14:34:16.281722" elapsed="1.773066"/>
</kw>
<status status="PASS" start="2024-05-28T14:34:16.279975" elapsed="1.774813"/>
</kw>
<kw name="click add button" owner="EmergencyContactResources">
<kw name="Click Button" owner="SeleniumLibrary">
<msg time="2024-05-28T14:34:18.056440" level="INFO">Clicking button 'xpath:(//button[@type="button"])[3]'.</msg>
<arg>${add}</arg>
<doc>Clicks the button identified by ``locator``.</doc>
<status status="PASS" start="2024-05-28T14:34:18.056440" elapsed="0.955510"/>
</kw>
<status status="PASS" start="2024-05-28T14:34:18.056440" elapsed="0.955510"/>
</kw>
<kw name="Fill the details to mandatory field" owner="EmergencyContactResources">
<kw name="Input Text" owner="SeleniumLibrary">
<msg time="2024-05-28T14:34:19.018355" level="INFO">Typing text 'Suvetha' into text field 'xpath=(//div[@data-v-957b4417]//input)[1]'.</msg>
<arg>${Name}</arg>
<arg>${names}</arg>
<doc>Types the given ``text`` into the text field identified by ``locator``.</doc>
<status status="PASS" start="2024-05-28T14:34:19.018355" elapsed="0.300733"/>
</kw>
<kw name="Input Text" owner="SeleniumLibrary">
<msg time="2024-05-28T14:34:19.319088" level="INFO">Typing text 'sister' into text field 'xpath=(//div[@data-v-957b4417]//input)[2]'.</msg>
<arg>${Relationship}</arg>
<arg>${relation}</arg>
<doc>Types the given ``text`` into the text field identified by ``locator``.</doc>
<status status="PASS" start="2024-05-28T14:34:19.319088" elapsed="0.323992"/>
</kw>
<kw name="Input Text" owner="SeleniumLibrary">
<msg time="2024-05-28T14:34:19.644592" level="INFO">Typing text '25085' into text field 'xpath=(//div[@data-v-957b4417]//input)[3]'.</msg>
<arg>${home}</arg>
<arg>${home_tele}</arg>
<doc>Types the given ``text`` into the text field identified by ``locator``.</doc>
<status status="PASS" start="2024-05-28T14:34:19.643080" elapsed="0.300448"/>
</kw>
<arg>${NAMES}</arg>
<arg>${RELATION}</arg>
<arg>${HOMES}</arg>
<status status="PASS" start="2024-05-28T14:34:19.011950" elapsed="0.931578"/>
</kw>
<kw name="Click Save Button" owner="EmergencyContactResources">
<kw name="Click Button" owner="SeleniumLibrary">
<msg time="2024-05-28T14:34:19.946597" level="INFO">Clicking button 'xpath:(//button[text()=" Save "])[1]'.</msg>
<arg>${save}</arg>
<doc>Clicks the button identified by ``locator``.</doc>
<status status="PASS" start="2024-05-28T14:34:19.946597" elapsed="0.164146"/>
</kw>
<kw name="Should Contain" owner="BuiltIn">
<arg>${success_save}</arg>
<arg>Successfully Updated</arg>
<doc>Fails if ``container`` does not contain ``item`` one or more times.</doc>
<status status="PASS" start="2024-05-28T14:34:20.110743" elapsed="0.000000"/>
</kw>
<status status="PASS" start="2024-05-28T14:34:19.945581" elapsed="0.165162"/>
</kw>
<arg>NAMES=Suvetha</arg>
<arg>RELATION=sister</arg>
<arg>HOMES=25085</arg>
<tag>Smoke</tag>
<status status="PASS" start="2024-05-28T14:34:11.514171" elapsed="8.596572"/>
</kw>
<kw name="Close Browser Session" owner="GenericResources" type="TEARDOWN">
<kw name="Close Browser" owner="SeleniumLibrary">
<doc>Closes the current browser.</doc>
<status status="PASS" start="2024-05-28T14:34:20.110743" elapsed="2.291469"/>
</kw>
<status status="PASS" start="2024-05-28T14:34:20.110743" elapsed="2.291469"/>
</kw>
<status status="PASS" start="2024-05-28T14:33:59.904459" elapsed="22.497753"/>
</test>
<doc>Test emergency contact to my info page</doc>
<status status="PASS" start="2024-05-28T14:33:57.310013" elapsed="25.092199"/>
</suite>
<suite id="s1-s14" name="Test EmergencyDetails delete" source="C:\Users\SM\Downloads\orange\orange\Team2_OrangeHRM\TestCases\Test_EmergencyDetails_delete.robot">
<test id="s1-s14-t1" name="fill the form of personal details" line="18">
<kw name="Open the browser with url" owner="GenericResources" type="SETUP">
<kw name="Create Webdriver" owner="SeleniumLibrary">
<msg time="2024-05-28T14:34:00.400414" level="INFO">Creating an instance of the Chrome WebDriver.</msg>
<arg>${browser_name}</arg>
<doc>Creates an instance of Selenium WebDriver.</doc>
<status status="PASS" start="2024-05-28T14:34:00.400414" elapsed="3.328027"/>
</kw>
<kw name="Go To" owner="SeleniumLibrary">
<msg time="2024-05-28T14:34:03.728441" level="INFO">Opening url 'https://opensource-demo.orangehrmlive.com/web/index.php/auth/login'</msg>
<arg>${url}</arg>
<doc>Navigates the current browser window to the provided ``url``.</doc>
<status status="PASS" start="2024-05-28T14:34:03.728441" elapsed="8.681171"/>
</kw>
<kw name="Maximize Browser Window" owner="SeleniumLibrary">
<doc>Maximizes current browser window.</doc>
<status status="PASS" start="2024-05-28T14:34:12.409612" elapsed="0.145406"/>
</kw>
<kw name="Set Selenium Implicit Wait" owner="SeleniumLibrary">
<arg>5</arg>
<doc>Sets the implicit wait value used by Selenium.</doc>
<status status="PASS" start="2024-05-28T14:34:12.557793" elapsed="0.012351"/>
</kw>
<status status="PASS" start="2024-05-28T14:34:00.400414" elapsed="12.172809"/>
</kw>
<kw name="validate successful saved personal details">
<kw name="Fill the login form" owner="LoginResources">
<kw name="Input Text" owner="SeleniumLibrary">
<msg time="2024-05-28T14:34:12.583241" level="INFO">Typing text 'Admin' into text field 'xpath://input[@name='username']'.</msg>
<arg>xpath://input[@name='username']</arg>
<arg>${Username}</arg>
<doc>Types the given ``text`` into the text field identified by ``locator``.</doc>
<status status="PASS" start="2024-05-28T14:34:12.580396" elapsed="0.715394"/>
</kw>
<kw name="Input Password" owner="SeleniumLibrary">
<msg time="2024-05-28T14:34:13.295790" level="INFO">Typing password into text field 'xpath://input[@type='password']'.</msg>
<msg time="2024-05-28T14:34:13.371726" level="INFO">Temporally setting log level to: NONE</msg>
<arg>xpath://input[@type='password']</arg>
<arg>${Password}</arg>
<doc>Types the given password into the text field identified by ``locator``.</doc>
<status status="PASS" start="2024-05-28T14:34:13.295790" elapsed="0.239348"/>
</kw>
<kw name="Click Button" owner="SeleniumLibrary">
<msg time="2024-05-28T14:34:13.535138" level="INFO">Clicking button 'xpath://button[@type='submit']'.</msg>
<arg>xpath://button[@type='submit']</arg>
<doc>Clicks the button identified by ``locator``.</doc>
<status status="PASS" start="2024-05-28T14:34:13.535138" elapsed="1.647929"/>
</kw>
<arg>${username}</arg>
<arg>${password}</arg>
<status status="PASS" start="2024-05-28T14:34:12.580396" elapsed="2.602671"/>
</kw>
<kw name="Set Selenium Implicit Wait" owner="SeleniumLibrary">
<arg>5</arg>
<doc>Sets the implicit wait value used by Selenium.</doc>
<status status="PASS" start="2024-05-28T14:34:15.183067" elapsed="0.000000"/>
</kw>
<kw name="verify the valid credentials" owner="LoginResources">
<kw name="Element Text Should Be" owner="SeleniumLibrary">
<msg time="2024-05-28T14:34:15.191200" level="INFO">Verifying element 'xpath://h6[text()="Dashboard"]' contains exact text 'Dashboard'.</msg>
<arg>${dashBoard}</arg>
<arg>Dashboard</arg>
<doc>Verifies that element ``locator`` contains exact the text ``expected``.</doc>
<status status="PASS" start="2024-05-28T14:34:15.191200" elapsed="0.675783"/>
</kw>
<status status="PASS" start="2024-05-28T14:34:15.189645" elapsed="0.677338"/>
</kw>
<kw name="click myInfo Button" owner="MyInfoResource">
<kw name="Click Element" owner="SeleniumLibrary">
<msg time="2024-05-28T14:34:15.871567" level="INFO">Clicking element 'xpath://span[text()='My Info']'.</msg>
<arg>${myInfo}</arg>
<doc>Click the element identified by ``locator``.</doc>
<status status="PASS" start="2024-05-28T14:34:15.871323" elapsed="1.796141"/>
</kw>
<status status="PASS" start="2024-05-28T14:34:15.869948" elapsed="1.797516"/>
</kw>
<kw name="click emergency contact element" owner="MyInfoResource">
<kw name="Click Link" owner="SeleniumLibrary">
<msg time="2024-05-28T14:34:17.680845" level="INFO">Clicking link 'xpath://a[text()='Emergency Contacts']'.</msg>
<arg>${emergency_contact}</arg>
<doc>Clicks a link identified by ``locator``.</doc>
<status status="PASS" start="2024-05-28T14:34:17.678030" elapsed="2.093185"/>
</kw>
<status status="PASS" start="2024-05-28T14:34:17.669480" elapsed="2.101735"/>
</kw>
<kw name="Set Selenium Implicit Wait" owner="SeleniumLibrary">
<arg>5s</arg>
<doc>Sets the implicit wait value used by Selenium.</doc>
<status status="PASS" start="2024-05-28T14:34:19.771215" elapsed="0.003543"/>
</kw>
<kw name="Click delete Button" owner="EmergencyContactResources">
<kw name="Set Selenium Implicit Wait" owner="SeleniumLibrary">
<arg>3s</arg>
<doc>Sets the implicit wait value used by Selenium.</doc>
<status status="PASS" start="2024-05-28T14:34:19.774758" elapsed="0.008057"/>
</kw>
<kw name="Click Button" owner="SeleniumLibrary">
<msg time="2024-05-28T14:34:19.782815" level="INFO">Clicking button 'xpath:(//button[@data-v-f5c763eb])[3]'.</msg>
<arg>${delete}</arg>
<doc>Clicks the button identified by ``locator``.</doc>
<status status="PASS" start="2024-05-28T14:34:19.782815" elapsed="1.349868"/>
</kw>
<kw name="Element Text Should Be" owner="SeleniumLibrary">
<msg time="2024-05-28T14:34:21.138251" level="INFO">Verifying element 'xpath:(//p[@data-v-7b563373])[3]' contains exact text 'Are you Sure?'.</msg>
<arg>${sure}</arg>
<arg>Are you Sure?</arg>
<doc>Verifies that element ``locator`` contains exact the text ``expected``.</doc>
<status status="PASS" start="2024-05-28T14:34:21.132683" elapsed="0.061296"/>
</kw>
<status status="PASS" start="2024-05-28T14:34:19.774758" elapsed="1.419221"/>
</kw>
<tag>Smoke</tag>
<status status="PASS" start="2024-05-28T14:34:12.574628" elapsed="8.619351"/>
</kw>
<kw name="Close Browser Session" owner="GenericResources" type="TEARDOWN">
<kw name="Close Browser" owner="SeleniumLibrary">
<doc>Closes the current browser.</doc>
<status status="PASS" start="2024-05-28T14:34:21.193979" elapsed="2.227684"/>
</kw>
<status status="PASS" start="2024-05-28T14:34:21.193979" elapsed="2.227684"/>
</kw>
<status status="PASS" start="2024-05-28T14:34:00.400414" elapsed="23.021249"/>
</test>
<doc>Test emergency contact to my info page</doc>
<status status="PASS" start="2024-05-28T14:33:57.959770" elapsed="25.461893"/>
</suite>
<doc>[https://pabot.org/?ref=log|Pabot] result from 14 executions.</doc>
<status status="PASS" start="2024-05-28T14:32:44.157000" elapsed="116.745211"/>
</suite>
<statistics>
<total>
<stat pass="19" fail="0" skip="0">All Tests</stat>
</total>
<tag>
<stat pass="2" fail="0" skip="0">Regression</stat>
<stat pass="3" fail="0" skip="0">Smoke</stat>
<stat pass="3" fail="0" skip="0">UAT</stat>
</tag>
<suite>
<stat pass="19" fail="0" skip="0" id="s1" name="TestCases">TestCases</stat>
<stat pass="3" fail="0" skip="0" id="s1-s1" name="Test ChangePassword">TestCases.Test ChangePassword</stat>
<stat pass="2" fail="0" skip="0" id="s1-s2" name="Test ForgotPassword">TestCases.Test ForgotPassword</stat>
<stat pass="3" fail="0" skip="0" id="s1-s3" name="Test LoginInvalid">TestCases.Test LoginInvalid</stat>
<stat pass="1" fail="0" skip="0" id="s1-s4" name="Test LoginValid">TestCases.Test LoginValid</stat>
<stat pass="1" fail="0" skip="0" id="s1-s5" name="Test Search">TestCases.Test Search</stat>
<stat pass="1" fail="0" skip="0" id="s1-s6" name="Test logout">TestCases.Test logout</stat>
<stat pass="1" fail="0" skip="0" id="s1-s7" name="Test ContactDetails">TestCases.Test ContactDetails</stat>
<stat pass="1" fail="0" skip="0" id="s1-s8" name="Test Depedent save">TestCases.Test Depedent save</stat>
<stat pass="1" fail="0" skip="0" id="s1-s9" name="Test EmergencyContact">TestCases.Test EmergencyContact</stat>
<stat pass="1" fail="0" skip="0" id="s1-s10" name="Test Immigration">TestCases.Test Immigration</stat>
<stat pass="1" fail="0" skip="0" id="s1-s11" name="Test PersonalDetails">TestCases.Test PersonalDetails</stat>
<stat pass="1" fail="0" skip="0" id="s1-s12" name="Test dependent cancel">TestCases.Test dependent cancel</stat>
<stat pass="1" fail="0" skip="0" id="s1-s13" name="Test Emergency">TestCases.Test Emergency</stat>
<stat pass="1" fail="0" skip="0" id="s1-s14" name="Test EmergencyDetails delete">TestCases.Test EmergencyDetails delete</stat>
</suite>
</statistics>
<errors>
<msg time="2024-05-28T14:33:42.158956" level="WARN">Multiple tests with name 'Login to form using' executed in suite 'TestCases.Test LoginInvalid'.</msg>
<msg time="2024-05-28T14:34:06.002411" level="WARN">Multiple tests with name 'Login to form using' executed in suite 'TestCases.Test LoginInvalid'.</msg>
</errors>
</robot>
