<?xml version="1.0" encoding="UTF-8"?>
<robot generator="Robot 7.0 (Python 3.12.2 on win32)" generated="2024-05-26T09:17:10.780545" rpa="false" schemaversion="5">
<suite id="s1" name="TestCases" source="C:\Users\SM\Desktop\Team02_OrangeHRM\Team2_OrangeHRM\TestCases">
<suite id="s1-s1" name="Test LoginValid" source="C:\Users\SM\Desktop\Team02_OrangeHRM\Team2_OrangeHRM\TestCases\Test_LoginValid.robot">
<test id="s1-s1-t1" name="validate Successful login using valid credentials" line="14">
<kw name="Open the browser with url" owner="GenericResources" type="SETUP">
<kw name="Create Webdriver" owner="SeleniumLibrary">
<msg time="2024-05-26T09:17:11.452732" level="INFO">Creating an instance of the Chrome WebDriver.</msg>
<arg>${browser_name}</arg>
<doc>Creates an instance of Selenium WebDriver.</doc>
<status status="PASS" start="2024-05-26T09:17:11.452042" elapsed="12.637003"/>
</kw>
<kw name="Go To" owner="SeleniumLibrary">
<msg time="2024-05-26T09:17:24.096145" level="INFO">Opening url 'https://opensource-demo.orangehrmlive.com/web/index.php/auth/login'</msg>
<arg>${url}</arg>
<doc>Navigates the current browser window to the provided ``url``.</doc>
<status status="PASS" start="2024-05-26T09:17:24.094991" elapsed="19.033442"/>
</kw>
<kw name="Maximize Browser Window" owner="SeleniumLibrary">
<doc>Maximizes current browser window.</doc>
<status status="PASS" start="2024-05-26T09:17:43.130308" elapsed="0.716090"/>
</kw>
<kw name="Set Selenium Implicit Wait" owner="SeleniumLibrary">
<arg>5</arg>
<doc>Sets the implicit wait value used by Selenium.</doc>
<status status="PASS" start="2024-05-26T09:17:43.846398" elapsed="0.049794"/>
</kw>
<status status="PASS" start="2024-05-26T09:17:11.445927" elapsed="32.468527"/>
</kw>
<kw name="Fill the login form" owner="LoginResources">
<kw name="Input Text" owner="SeleniumLibrary">
<msg time="2024-05-26T09:17:44.382023" level="INFO">Typing text 'Admin' into text field 'xpath://input[@name='username']'.</msg>
<arg>xpath://input[@name='username']</arg>
<arg>${Username}</arg>
<doc>Types the given ``text`` into the text field identified by ``locator``.</doc>
<status status="PASS" start="2024-05-26T09:17:44.356256" elapsed="8.908580"/>
</kw>
<kw name="Input Password" owner="SeleniumLibrary">
<msg time="2024-05-26T09:17:53.273117" level="INFO">Typing password into text field 'xpath://input[@type='password']'.</msg>
<msg time="2024-05-26T09:17:54.992693" level="INFO">Temporally setting log level to: NONE</msg>
<arg>xpath://input[@type='password']</arg>
<arg>${Password}</arg>
<doc>Types the given password into the text field identified by ``locator``.</doc>
<status status="PASS" start="2024-05-26T09:17:53.273117" elapsed="2.727288"/>
</kw>
<kw name="Click Button" owner="SeleniumLibrary">
<msg time="2024-05-26T09:17:56.003326" level="INFO">Clicking button 'xpath://button[@type='submit']'.</msg>
<arg>xpath://button[@type='submit']</arg>
<doc>Clicks the button identified by ``locator``.</doc>
<status status="PASS" start="2024-05-26T09:17:56.000405" elapsed="6.428389"/>
</kw>
<arg>${username}</arg>
<arg>${password}</arg>
<status status="PASS" start="2024-05-26T09:17:43.921033" elapsed="18.508789"/>
</kw>
<kw name="Set Selenium Implicit Wait" owner="SeleniumLibrary">
<arg>5</arg>
<doc>Sets the implicit wait value used by Selenium.</doc>
<status status="PASS" start="2024-05-26T09:18:02.429822" elapsed="0.020321"/>
</kw>
<kw name="verify the valid credentials" owner="LoginResources">
<kw name="Element Text Should Be" owner="SeleniumLibrary">
<msg time="2024-05-26T09:18:02.463311" level="INFO">Verifying element 'xpath://h6[text()="Dashboard"]' contains exact text 'Dashboard'.</msg>
<arg>${dashBoard}</arg>
<arg>Dashboard</arg>
<doc>Verifies that element ``locator`` contains exact the text ``expected``.</doc>
<status status="PASS" start="2024-05-26T09:18:02.463311" elapsed="1.897314"/>
</kw>
<status status="PASS" start="2024-05-26T09:18:02.457869" elapsed="1.902756"/>
</kw>
<kw name="Close Browser Session" owner="GenericResources" type="TEARDOWN">
<kw name="Close Browser" owner="SeleniumLibrary">
<doc>Closes the current browser.</doc>
<status status="PASS" start="2024-05-26T09:18:04.364182" elapsed="5.680283"/>
</kw>
<status status="PASS" start="2024-05-26T09:18:04.360625" elapsed="5.684533"/>
</kw>
<status status="PASS" start="2024-05-26T09:17:11.445927" elapsed="58.599231"/>
</test>
<doc>test valid login to login page</doc>
<status status="PASS" start="2024-05-26T09:17:10.857151" elapsed="59.216150"/>
</suite>
<status status="PASS" start="2024-05-26T09:17:10.810800" elapsed="59.265471"/>
</suite>
<statistics>
<total>
<stat pass="1" fail="0" skip="0">All Tests</stat>
</total>
<tag>
</tag>
<suite>
<stat pass="1" fail="0" skip="0" id="s1" name="TestCases">TestCases</stat>
<stat pass="1" fail="0" skip="0" id="s1-s1" name="Test LoginValid">TestCases.Test LoginValid</stat>
</suite>
</statistics>
<errors>
</errors>
</robot>
