<?xml version="1.0" encoding="UTF-8"?>
<robot generator="Robot 7.0 (Python 3.12.2 on win32)" generated="2024-05-28T17:48:57.472905" rpa="false" schemaversion="5">
<suite id="s1" name="Team2 OrangeHRM" source="C:\Users\SM\Downloads\orange\orange\Team2_OrangeHRM">
<suite id="s1-s1" name="TestCases" source="C:\Users\SM\Downloads\orange\orange\Team2_OrangeHRM\TestCases">
<suite id="s1-s1-s1" name="Test Depedent save" source="C:\Users\SM\Downloads\orange\orange\Team2_OrangeHRM\TestCases\Test_Depedent_save.robot">
<test id="s1-s1-s1-t1" name="Name" line="18">
<kw name="Open the browser with url" owner="GenericResources" type="SETUP">
<kw name="Create Webdriver" owner="SeleniumLibrary">
<msg time="2024-05-28T17:48:58.339220" level="INFO">Creating an instance of the Chrome WebDriver.</msg>
<arg>${browser_name}</arg>
<doc>Creates an instance of Selenium WebDriver.</doc>
<status status="PASS" start="2024-05-28T17:48:58.339220" elapsed="9.172686"/>
</kw>
<kw name="Go To" owner="SeleniumLibrary">
<msg time="2024-05-28T17:49:07.513656" level="INFO">Opening url 'https://opensource-demo.orangehrmlive.com/web/index.php/auth/login'</msg>
<arg>${url}</arg>
<doc>Navigates the current browser window to the provided ``url``.</doc>
<status status="PASS" start="2024-05-28T17:49:07.513021" elapsed="8.433917"/>
</kw>
<kw name="Maximize Browser Window" owner="SeleniumLibrary">
<doc>Maximizes current browser window.</doc>
<status status="PASS" start="2024-05-28T17:49:15.946938" elapsed="0.391519"/>
</kw>
<kw name="Set Selenium Implicit Wait" owner="SeleniumLibrary">
<arg>5</arg>
<doc>Sets the implicit wait value used by Selenium.</doc>
<status status="PASS" start="2024-05-28T17:49:16.338457" elapsed="0.024602"/>
</kw>
<status status="PASS" start="2024-05-28T17:48:58.339220" elapsed="18.023839"/>
</kw>
<kw name="validate successful saved Dependent">
<kw name="Fill the login form" owner="LoginResources">
<kw name="Input Text" owner="SeleniumLibrary">
<msg time="2024-05-28T17:49:16.371198" level="INFO">Typing text 'Admin' into text field 'xpath://input[@name='username']'.</msg>
<arg>xpath://input[@name='username']</arg>
<arg>${Username}</arg>
<doc>Types the given ``text`` into the text field identified by ``locator``.</doc>
<status status="PASS" start="2024-05-28T17:49:16.369175" elapsed="26.434162"/>
</kw>
<kw name="Input Password" owner="SeleniumLibrary">
<msg time="2024-05-28T17:49:42.826483" level="INFO">Typing password into text field 'xpath://input[@type='password']'.</msg>
<msg time="2024-05-28T17:49:43.372967" level="INFO">Temporally setting log level to: NONE</msg>
<arg>xpath://input[@type='password']</arg>
<arg>${Password}</arg>
<doc>Types the given password into the text field identified by ``locator``.</doc>
<status status="PASS" start="2024-05-28T17:49:42.818185" elapsed="4.287833"/>
</kw>
<kw name="Click Button" owner="SeleniumLibrary">
<msg time="2024-05-28T17:49:47.113606" level="INFO">Clicking button 'xpath://button[@type='submit']'.</msg>
<arg>xpath://button[@type='submit']</arg>
<doc>Clicks the button identified by ``locator``.</doc>
<status status="PASS" start="2024-05-28T17:49:47.110152" elapsed="15.078856"/>
</kw>
<arg>${username}</arg>
<arg>${password}</arg>
<status status="PASS" start="2024-05-28T17:49:16.366082" elapsed="45.855017"/>
</kw>
<kw name="Set Selenium Implicit Wait" owner="SeleniumLibrary">
<arg>5</arg>
<doc>Sets the implicit wait value used by Selenium.</doc>
<status status="PASS" start="2024-05-28T17:50:02.229146" elapsed="0.053740"/>
</kw>
<kw name="verify the valid credentials" owner="LoginResources">
<kw name="Element Text Should Be" owner="SeleniumLibrary">
<msg time="2024-05-28T17:50:02.605061" level="INFO">Verifying element 'xpath://h6[text()="Dashboard"]' contains exact text 'Dashboard'.</msg>
<arg>${dashBoard}</arg>
<arg>Dashboard</arg>
<doc>Verifies that element ``locator`` contains exact the text ``expected``.</doc>
<status status="PASS" start="2024-05-28T17:50:02.599329" elapsed="1.874001"/>
</kw>
<status status="PASS" start="2024-05-28T17:50:02.587968" elapsed="1.885362"/>
</kw>
<kw name="click myInfo Button" owner="MyInfoResource">
<kw name="Click Element" owner="SeleniumLibrary">
<msg time="2024-05-28T17:50:04.487275" level="INFO">Clicking element 'xpath://span[text()='My Info']'.</msg>
<arg>${myInfo}</arg>
<doc>Click the element identified by ``locator``.</doc>
<status status="PASS" start="2024-05-28T17:50:04.479089" elapsed="6.173827"/>
</kw>
<status status="PASS" start="2024-05-28T17:50:04.473330" elapsed="6.180115"/>
</kw>
<kw name="click dependent element" owner="MyInfoResource">
<kw name="Click Link" owner="SeleniumLibrary">
<msg time="2024-05-28T17:50:10.661340" level="INFO">Clicking link 'xpath://a[text()='Dependents']'.</msg>
<arg>${dependents}</arg>
<doc>Clicks a link identified by ``locator``.</doc>
<status status="PASS" start="2024-05-28T17:50:10.654973" elapsed="1.962934"/>
</kw>
<status status="PASS" start="2024-05-28T17:50:10.653445" elapsed="1.964462"/>
</kw>
<kw name="click add button" owner="DependentResources">
<kw name="Click Button" owner="SeleniumLibrary">
<msg time="2024-05-28T17:50:12.623255" level="INFO">Clicking button 'xpath:(//button[@type="button"])[3]'.</msg>
<arg>${add}</arg>
<doc>Clicks the button identified by ``locator``.</doc>
<status status="PASS" start="2024-05-28T17:50:12.619937" elapsed="0.903038"/>
</kw>
<status status="PASS" start="2024-05-28T17:50:12.619937" elapsed="0.906409"/>
</kw>
<kw name="Fill the details" owner="DependentResources">
<kw name="Input Text" owner="SeleniumLibrary">
<msg time="2024-05-28T17:50:13.526346" level="INFO">Typing text 'Suvetha' into text field 'xpath:(//input[@data-v-1f99f73c])[2]'.</msg>
<arg>${Name}</arg>
<arg>${names}</arg>
<doc>Types the given ``text`` into the text field identified by ``locator``.</doc>
<status status="PASS" start="2024-05-28T17:50:13.526346" elapsed="0.598813"/>
</kw>
<arg>${Name}</arg>
<status status="PASS" start="2024-05-28T17:50:13.526346" elapsed="0.598813"/>
</kw>
<kw name="select relationship as child" owner="DependentResources">
<kw name="Click Element" owner="SeleniumLibrary">
<msg time="2024-05-28T17:50:14.136234" level="INFO">Clicking element 'xpath:(//div[@data-v-67d2aedf])[2]'.</msg>
<arg>${Relationship}</arg>
<doc>Click the element identified by ``locator``.</doc>
<status status="PASS" start="2024-05-28T17:50:14.133186" elapsed="0.127596"/>
</kw>
<kw name="Wait Until Element Is Visible" owner="SeleniumLibrary">
<arg>${Relationship}</arg>
<arg>10s</arg>
<doc>Waits until the element ``locator`` is visible.</doc>
<status status="PASS" start="2024-05-28T17:50:14.260782" elapsed="0.066296"/>
</kw>
<kw name="Wait Until Element Is Enabled" owner="SeleniumLibrary">
<arg>${Relationship}</arg>
<arg>10s</arg>
<doc>Waits until the element ``locator`` is enabled.</doc>
<status status="PASS" start="2024-05-28T17:50:14.327078" elapsed="0.065892"/>
</kw>
<kw name="Click Element" owner="SeleniumLibrary">
<msg time="2024-05-28T17:50:14.392970" level="INFO">Clicking element 'xpath://span[text()='Child']'.</msg>
<arg>${child}</arg>
<doc>Click the element identified by ``locator``.</doc>
<status status="PASS" start="2024-05-28T17:50:14.392970" elapsed="0.124056"/>
</kw>
<status status="PASS" start="2024-05-28T17:50:14.125159" elapsed="0.391867"/>
</kw>
<kw name="Click Save Button" owner="DependentResources">
<kw name="Click Button" owner="SeleniumLibrary">
<msg time="2024-05-28T17:50:14.517026" level="INFO">Clicking button 'xpath:(//button[text()=" Save "])[1]'.</msg>
<arg>${save}</arg>
<doc>Clicks the button identified by ``locator``.</doc>
<status status="PASS" start="2024-05-28T17:50:14.517026" elapsed="0.164176"/>
</kw>
<kw name="Should Contain" owner="BuiltIn">
<arg>${success_save}</arg>
<arg>Successfully Updated</arg>
<doc>Fails if ``container`` does not contain ``item`` one or more times.</doc>
<status status="PASS" start="2024-05-28T17:50:14.681202" elapsed="0.007516"/>
</kw>
<status status="PASS" start="2024-05-28T17:50:14.517026" elapsed="0.171692"/>
</kw>
<arg>Name=Suvetha</arg>
<tag>Regression</tag>
<status status="PASS" start="2024-05-28T17:49:16.363059" elapsed="58.325659"/>
</kw>
<kw name="Close Browser Session" owner="GenericResources" type="TEARDOWN">
<kw name="Close Browser" owner="SeleniumLibrary">
<doc>Closes the current browser.</doc>
<status status="PASS" start="2024-05-28T17:50:14.696744" elapsed="2.470345"/>
</kw>
<status status="PASS" start="2024-05-28T17:50:14.688718" elapsed="2.478371"/>
</kw>
<status status="PASS" start="2024-05-28T17:48:58.326586" elapsed="78.840503"/>
</test>
<doc>Test dependent to my info</doc>
<status status="PASS" start="2024-05-28T17:48:57.563461" elapsed="79.613695"/>
</suite>
<status status="PASS" start="2024-05-28T17:48:57.553337" elapsed="79.629341"/>
</suite>
<status status="PASS" start="2024-05-28T17:48:57.513346" elapsed="79.669332"/>
</suite>
<statistics>
<total>
<stat pass="1" fail="0" skip="0">All Tests</stat>
</total>
<tag>
</tag>
<suite>
<stat pass="1" fail="0" skip="0" id="s1" name="Team2 OrangeHRM">Team2 OrangeHRM</stat>
<stat pass="1" fail="0" skip="0" id="s1-s1" name="TestCases">Team2 OrangeHRM.TestCases</stat>
<stat pass="1" fail="0" skip="0" id="s1-s1-s1" name="Test Depedent save">Team2 OrangeHRM.TestCases.Test Depedent save</stat>
</suite>
</statistics>
<errors>
</errors>
</robot>
