<?xml version="1.0" encoding="UTF-8"?>
<robot generator="Robot 7.0 (Python 3.12.2 on win32)" generated="2024-05-28T00:09:42.024960" rpa="false" schemaversion="5">
<suite id="s1" name="TestCases" source="C:\Users\SM\Desktop\Team02_OrangeHRM\Team2_OrangeHRM\TestCases">
<suite id="s1-s1" name="Test EmergencyContact" source="C:\Users\SM\Desktop\Team02_OrangeHRM\Team2_OrangeHRM\TestCases\Test_EmergencyContact.robot">
<test id="s1-s1-t1" name="fill the form of personal details" line="19">
<kw name="Open the browser with url" owner="GenericResources" type="SETUP">
<kw name="Create Webdriver" owner="SeleniumLibrary">
<msg time="2024-05-28T00:09:44.797023" level="INFO">Creating an instance of the Chrome WebDriver.</msg>
<arg>${browser_name}</arg>
<doc>Creates an instance of Selenium WebDriver.</doc>
<status status="PASS" start="2024-05-28T00:09:44.797023" elapsed="18.113339"/>
</kw>
<kw name="Go To" owner="SeleniumLibrary">
<msg time="2024-05-28T00:10:02.911421" level="INFO">Opening url 'https://opensource-demo.orangehrmlive.com/web/index.php/auth/login'</msg>
<arg>${url}</arg>
<doc>Navigates the current browser window to the provided ``url``.</doc>
<status status="PASS" start="2024-05-28T00:10:02.911421" elapsed="9.493078"/>
</kw>
<kw name="Maximize Browser Window" owner="SeleniumLibrary">
<doc>Maximizes current browser window.</doc>
<status status="PASS" start="2024-05-28T00:10:12.407986" elapsed="1.139637"/>
</kw>
<kw name="Set Selenium Implicit Wait" owner="SeleniumLibrary">
<arg>5</arg>
<doc>Sets the implicit wait value used by Selenium.</doc>
<status status="PASS" start="2024-05-28T00:10:13.583687" elapsed="0.323929"/>
</kw>
<status status="PASS" start="2024-05-28T00:09:44.797023" elapsed="29.110593"/>
</kw>
<kw name="validate successful saved personal details">
<kw name="Fill the login form" owner="LoginResources">
<kw name="Input Text" owner="SeleniumLibrary">
<msg time="2024-05-28T00:10:14.948660" level="INFO">Typing text 'Admin' into text field 'xpath://input[@name='username']'.</msg>
<arg>xpath://input[@name='username']</arg>
<arg>${Username}</arg>
<doc>Types the given ``text`` into the text field identified by ``locator``.</doc>
<status status="PASS" start="2024-05-28T00:10:13.969505" elapsed="2.344981"/>
</kw>
<kw name="Input Password" owner="SeleniumLibrary">
<msg time="2024-05-28T00:10:16.315756" level="INFO">Typing password into text field 'xpath://input[@type='password']'.</msg>
<msg time="2024-05-28T00:10:16.706933" level="INFO">Temporally setting log level to: NONE</msg>
<arg>xpath://input[@type='password']</arg>
<arg>${Password}</arg>
<doc>Types the given password into the text field identified by ``locator``.</doc>
<status status="PASS" start="2024-05-28T00:10:16.314486" elapsed="1.361920"/>
</kw>
<kw name="Click Button" owner="SeleniumLibrary">
<msg time="2024-05-28T00:10:17.682746" level="INFO">Clicking button 'xpath://button[@type='submit']'.</msg>
<arg>xpath://button[@type='submit']</arg>
<doc>Clicks the button identified by ``locator``.</doc>
<status status="PASS" start="2024-05-28T00:10:17.682031" elapsed="1.118012"/>
</kw>
<arg>${username}</arg>
<arg>${password}</arg>
<status status="PASS" start="2024-05-28T00:10:13.953303" elapsed="4.852070"/>
</kw>
<kw name="Set Selenium Implicit Wait" owner="SeleniumLibrary">
<arg>5</arg>
<doc>Sets the implicit wait value used by Selenium.</doc>
<status status="PASS" start="2024-05-28T00:10:18.806143" elapsed="0.005891"/>
</kw>
<kw name="verify the valid credentials" owner="LoginResources">
<kw name="Element Text Should Be" owner="SeleniumLibrary">
<msg time="2024-05-28T00:10:18.835810" level="INFO">Verifying element 'xpath://h6[text()="Dashboard"]' contains exact text 'Dashboard'.</msg>
<arg>${dashBoard}</arg>
<arg>Dashboard</arg>
<doc>Verifies that element ``locator`` contains exact the text ``expected``.</doc>
<status status="PASS" start="2024-05-28T00:10:18.823153" elapsed="4.138547"/>
</kw>
<status status="PASS" start="2024-05-28T00:10:18.815970" elapsed="4.147481"/>
</kw>
<kw name="click myInfo Button" owner="MyInfoResource">
<kw name="Click Element" owner="SeleniumLibrary">
<msg time="2024-05-28T00:10:23.552439" level="INFO">Clicking element 'xpath://span[text()='My Info']'.</msg>
<arg>${myInfo}</arg>
<doc>Click the element identified by ``locator``.</doc>
<status status="PASS" start="2024-05-28T00:10:23.535756" elapsed="2.085604"/>
</kw>
<status status="PASS" start="2024-05-28T00:10:23.525382" elapsed="2.101527"/>
</kw>
<kw name="click emergency contact element" owner="MyInfoResource">
<kw name="Click Link" owner="SeleniumLibrary">
<msg time="2024-05-28T00:10:26.041513" level="INFO">Clicking link 'xpath://a[text()='Emergency Contacts']'.</msg>
<arg>${emergency_contact}</arg>
<doc>Clicks a link identified by ``locator``.</doc>
<status status="PASS" start="2024-05-28T00:10:25.626909" elapsed="4.770407"/>
</kw>
<status status="PASS" start="2024-05-28T00:10:25.626909" elapsed="4.775459"/>
</kw>
<kw name="click add button" owner="EmergencyContactResources">
<kw name="Click Button" owner="SeleniumLibrary">
<msg time="2024-05-28T00:10:30.414229" level="INFO">Clicking button 'xpath:(//button[@type="button"])[3]'.</msg>
<arg>${add}</arg>
<doc>Clicks the button identified by ``locator``.</doc>
<status status="PASS" start="2024-05-28T00:10:30.407115" elapsed="1.969426"/>
</kw>
<status status="PASS" start="2024-05-28T00:10:30.402368" elapsed="1.974173"/>
</kw>
<kw name="Fill the details" owner="EmergencyContactResources">
<kw name="Input Text" owner="SeleniumLibrary">
<msg time="2024-05-28T00:10:32.395520" level="INFO">Typing text 'Suvetha' into text field 'xpath=(//div[@data-v-957b4417]//input)[1]'.</msg>
<arg>${Name}</arg>
<arg>${names}</arg>
<doc>Types the given ``text`` into the text field identified by ``locator``.</doc>
<status status="PASS" start="2024-05-28T00:10:32.395520" elapsed="1.654639"/>
</kw>
<kw name="Input Text" owner="SeleniumLibrary">
<msg time="2024-05-28T00:10:34.054986" level="INFO">Typing text 'sister' into text field 'xpath=(//div[@data-v-957b4417]//input)[2]'.</msg>
<arg>${Relationship}</arg>
<arg>${relation}</arg>
<doc>Types the given ``text`` into the text field identified by ``locator``.</doc>
<status status="PASS" start="2024-05-28T00:10:34.050159" elapsed="0.803620"/>
</kw>
<kw name="Input Text" owner="SeleniumLibrary">
<msg time="2024-05-28T00:10:34.856700" level="INFO">Typing text '25085' into text field 'xpath=(//div[@data-v-957b4417]//input)[3]'.</msg>
<arg>${home}</arg>
<arg>${home_tele}</arg>
<doc>Types the given ``text`` into the text field identified by ``locator``.</doc>
<status status="PASS" start="2024-05-28T00:10:34.855309" elapsed="1.743382"/>
</kw>
<kw name="Input Text" owner="SeleniumLibrary">
<msg time="2024-05-28T00:10:36.602547" level="INFO">Typing text '7339446896' into text field 'xpath=(//div[@data-v-957b4417]//input)[4]'.</msg>
<arg>${mobile}</arg>
<arg>${mob}</arg>
<doc>Types the given ``text`` into the text field identified by ``locator``.</doc>
<status status="PASS" start="2024-05-28T00:10:36.598691" elapsed="2.471005"/>
</kw>
<kw name="Input Text" owner="SeleniumLibrary">
<msg time="2024-05-28T00:10:39.081032" level="INFO">Typing text '1234567890' into text field 'xpath=(//div[@data-v-957b4417]//input)[5]'.</msg>
<arg>${work_telephone}</arg>
<arg>${work_tele}</arg>
<doc>Types the given ``text`` into the text field identified by ``locator``.</doc>
<status status="PASS" start="2024-05-28T00:10:39.077282" elapsed="0.963401"/>
</kw>
<arg>${NAMES}</arg>
<arg>${RELATION}</arg>
<arg>${HOMES}</arg>
<arg>${MOBILES}</arg>
<arg>${WORK}</arg>
<status status="PASS" start="2024-05-28T00:10:32.394640" elapsed="7.649541"/>
</kw>
<kw name="Click Save Button" owner="EmergencyContactResources">
<kw name="Click Button" owner="SeleniumLibrary">
<msg time="2024-05-28T00:10:40.048829" level="INFO">Clicking button 'xpath:(//button[text()=" Save "])[1]'.</msg>
<arg>${save}</arg>
<doc>Clicks the button identified by ``locator``.</doc>
<status status="PASS" start="2024-05-28T00:10:40.044799" elapsed="0.645500"/>
</kw>
<kw name="Should Contain" owner="BuiltIn">
<arg>${success_save}</arg>
<arg>Successfully Updated</arg>
<doc>Fails if ``container`` does not contain ``item`` one or more times.</doc>
<status status="PASS" start="2024-05-28T00:10:40.698945" elapsed="0.001583"/>
</kw>
<status status="PASS" start="2024-05-28T00:10:40.044799" elapsed="0.655729"/>
</kw>
<arg>NAMES=Suvetha</arg>
<arg>RELATION=sister</arg>
<arg>HOMES=25085</arg>
<arg>MOBILES=7339446896</arg>
<arg>WORK=1234567890</arg>
<status status="PASS" start="2024-05-28T00:10:13.945161" elapsed="26.761200"/>
</kw>
<kw name="Close Browser Session" owner="GenericResources" type="TEARDOWN">
<kw name="Close Browser" owner="SeleniumLibrary">
<doc>Closes the current browser.</doc>
<status status="PASS" start="2024-05-28T00:10:40.712380" elapsed="6.456244"/>
</kw>
<status status="PASS" start="2024-05-28T00:10:40.706361" elapsed="6.464106"/>
</kw>
<status status="PASS" start="2024-05-28T00:09:44.786750" elapsed="62.383717"/>
</test>
<doc>Test search to dashboard page</doc>
<status status="PASS" start="2024-05-28T00:09:42.105598" elapsed="65.078759"/>
</suite>
<status status="PASS" start="2024-05-28T00:09:42.060984" elapsed="65.149641"/>
</suite>
<statistics>
<total>
<stat pass="1" fail="0" skip="0">All Tests</stat>
</total>
<tag>
</tag>
<suite>
<stat pass="1" fail="0" skip="0" id="s1" name="TestCases">TestCases</stat>
<stat pass="1" fail="0" skip="0" id="s1-s1" name="Test EmergencyContact">TestCases.Test EmergencyContact</stat>
</suite>
</statistics>
<errors>
</errors>
</robot>
