<?xml version="1.0" encoding="UTF-8"?>
<robot generator="Robot 7.0 (Python 3.12.2 on win32)" generated="2024-05-26T09:17:10.482858" rpa="false" schemaversion="5">
<suite id="s1" name="TestCases" source="C:\Users\SM\Desktop\Team02_OrangeHRM\Team2_OrangeHRM\TestCases">
<suite id="s1-s1" name="Test logout" source="C:\Users\SM\Desktop\Team02_OrangeHRM\Team2_OrangeHRM\TestCases\Test_logout.robot">
<test id="s1-s1-t1" name="validate successful change password" line="15">
<kw name="Open the browser with url" owner="GenericResources" type="SETUP">
<kw name="Create Webdriver" owner="SeleniumLibrary">
<msg time="2024-05-26T09:17:11.273481" level="INFO">Creating an instance of the Chrome WebDriver.</msg>
<arg>${browser_name}</arg>
<doc>Creates an instance of Selenium WebDriver.</doc>
<status status="PASS" start="2024-05-26T09:17:11.273481" elapsed="12.115367"/>
</kw>
<kw name="Go To" owner="SeleniumLibrary">
<msg time="2024-05-26T09:17:23.389497" level="INFO">Opening url 'https://opensource-demo.orangehrmlive.com/web/index.php/auth/login'</msg>
<arg>${url}</arg>
<doc>Navigates the current browser window to the provided ``url``.</doc>
<status status="PASS" start="2024-05-26T09:17:23.389497" elapsed="18.849680"/>
</kw>
<kw name="Maximize Browser Window" owner="SeleniumLibrary">
<doc>Maximizes current browser window.</doc>
<status status="PASS" start="2024-05-26T09:17:42.239177" elapsed="0.619625"/>
</kw>
<kw name="Set Selenium Implicit Wait" owner="SeleniumLibrary">
<arg>5</arg>
<doc>Sets the implicit wait value used by Selenium.</doc>
<status status="PASS" start="2024-05-26T09:17:42.860403" elapsed="0.007712"/>
</kw>
<status status="PASS" start="2024-05-26T09:17:11.273481" elapsed="31.595447"/>
</kw>
<kw name="Fill the login form" owner="LoginResources">
<kw name="Input Text" owner="SeleniumLibrary">
<msg time="2024-05-26T09:17:42.897629" level="INFO">Typing text 'Admin' into text field 'xpath://input[@name='username']'.</msg>
<msg time="2024-05-26T09:17:51.133419" level="INFO" html="true">&lt;/td&gt;&lt;/tr&gt;&lt;tr&gt;&lt;td colspan="3"&gt;&lt;a href="selenium-screenshot-1.png"&gt;&lt;img src="selenium-screenshot-1.png" width="800px"&gt;&lt;/a&gt;</msg>
<msg time="2024-05-26T09:17:51.141981" level="FAIL">Element with locator 'xpath://input[@name='username']' not found.</msg>
<arg>xpath://input[@name='username']</arg>
<arg>${Username}</arg>
<doc>Types the given ``text`` into the text field identified by ``locator``.</doc>
<status status="FAIL" start="2024-05-26T09:17:42.884252" elapsed="8.451848">Element with locator 'xpath://input[@name='username']' not found.</status>
</kw>
<kw name="Input Password" owner="SeleniumLibrary">
<arg>xpath://input[@type='password']</arg>
<arg>${Password}</arg>
<doc>Types the given password into the text field identified by ``locator``.</doc>
<status status="NOT RUN" start="2024-05-26T09:17:51.342466" elapsed="0.001017"/>
</kw>
<kw name="Click Button" owner="SeleniumLibrary">
<arg>xpath://button[@type='submit']</arg>
<doc>Clicks the button identified by ``locator``.</doc>
<status status="NOT RUN" start="2024-05-26T09:17:51.344043" elapsed="0.000513"/>
</kw>
<arg>${username}</arg>
<arg>${password}</arg>
<status status="FAIL" start="2024-05-26T09:17:42.871235" elapsed="8.473321">Element with locator 'xpath://input[@name='username']' not found.</status>
</kw>
<kw name="Set Selenium Implicit Wait" owner="SeleniumLibrary">
<arg>5</arg>
<doc>Sets the implicit wait value used by Selenium.</doc>
<status status="NOT RUN" start="2024-05-26T09:17:51.344556" elapsed="0.000000"/>
</kw>
<kw name="verify the valid credentials" owner="LoginResources">
<status status="NOT RUN" start="2024-05-26T09:17:51.348017" elapsed="0.000910"/>
</kw>
<kw name="click user icon" owner="ChangePasswordResources">
<status status="NOT RUN" start="2024-05-26T09:17:51.348927" elapsed="0.000000"/>
</kw>
<kw name="click logout" owner="ChangePasswordResources">
<status status="NOT RUN" start="2024-05-26T09:17:51.352450" elapsed="0.000000"/>
</kw>
<kw name="Close Browser Session" owner="GenericResources" type="TEARDOWN">
<kw name="Close Browser" owner="SeleniumLibrary">
<doc>Closes the current browser.</doc>
<status status="PASS" start="2024-05-26T09:17:51.367138" elapsed="11.792100"/>
</kw>
<status status="PASS" start="2024-05-26T09:17:51.358529" elapsed="11.800709"/>
</kw>
<status status="FAIL" start="2024-05-26T09:17:11.273481" elapsed="51.886630">Element with locator 'xpath://input[@name='username']' not found.</status>
</test>
<doc>test valid logout page</doc>
<status status="FAIL" start="2024-05-26T09:17:10.597854" elapsed="52.574233"/>
</suite>
<status status="FAIL" start="2024-05-26T09:17:10.518245" elapsed="52.663068"/>
</suite>
<statistics>
<total>
<stat pass="0" fail="1" skip="0">All Tests</stat>
</total>
<tag>
</tag>
<suite>
<stat pass="0" fail="1" skip="0" id="s1" name="TestCases">TestCases</stat>
<stat pass="0" fail="1" skip="0" id="s1-s1" name="Test logout">TestCases.Test logout</stat>
</suite>
</statistics>
<errors>
</errors>
</robot>
