<?xml version="1.0" encoding="UTF-8"?>
<robot generator="Robot 7.0 (Python 3.12.2 on win32)" generated="2024-05-28T17:48:57.653673" rpa="false" schemaversion="5">
<suite id="s1" name="Team2 OrangeHRM" source="C:\Users\SM\Downloads\orange\orange\Team2_OrangeHRM">
<suite id="s1-s1" name="TestCases" source="C:\Users\SM\Downloads\orange\orange\Team2_OrangeHRM\TestCases">
<suite id="s1-s1-s1" name="Test EmergencyContact" source="C:\Users\SM\Downloads\orange\orange\Team2_OrangeHRM\TestCases\Test_EmergencyContact.robot">
<test id="s1-s1-s1-t1" name="fill the form of personal details" line="19">
<kw name="Open the browser with url" owner="GenericResources" type="SETUP">
<kw name="Create Webdriver" owner="SeleniumLibrary">
<msg time="2024-05-28T17:49:00.726242" level="INFO">Creating an instance of the Chrome WebDriver.</msg>
<arg>${browser_name}</arg>
<doc>Creates an instance of Selenium WebDriver.</doc>
<status status="PASS" start="2024-05-28T17:49:00.726242" elapsed="26.159973"/>
</kw>
<kw name="Go To" owner="SeleniumLibrary">
<msg time="2024-05-28T17:49:27.743251" level="INFO">Opening url 'https://opensource-demo.orangehrmlive.com/web/index.php/auth/login'</msg>
<arg>${url}</arg>
<doc>Navigates the current browser window to the provided ``url``.</doc>
<status status="PASS" start="2024-05-28T17:49:27.528808" elapsed="10.367331"/>
</kw>
<kw name="Maximize Browser Window" owner="SeleniumLibrary">
<doc>Maximizes current browser window.</doc>
<status status="PASS" start="2024-05-28T17:49:38.217127" elapsed="0.421614"/>
</kw>
<kw name="Set Selenium Implicit Wait" owner="SeleniumLibrary">
<arg>5</arg>
<doc>Sets the implicit wait value used by Selenium.</doc>
<status status="PASS" start="2024-05-28T17:49:38.651809" elapsed="1.186040"/>
</kw>
<status status="PASS" start="2024-05-28T17:49:00.726242" elapsed="39.123418"/>
</kw>
<kw name="validate successful saved personal details">
<kw name="Fill the login form" owner="LoginResources">
<kw name="Input Text" owner="SeleniumLibrary">
<msg time="2024-05-28T17:49:41.466922" level="INFO">Typing text 'Admin' into text field 'xpath://input[@name='username']'.</msg>
<arg>xpath://input[@name='username']</arg>
<arg>${Username}</arg>
<doc>Types the given ``text`` into the text field identified by ``locator``.</doc>
<status status="PASS" start="2024-05-28T17:49:40.283931" elapsed="2.260962"/>
</kw>
<kw name="Input Password" owner="SeleniumLibrary">
<msg time="2024-05-28T17:49:42.547477" level="INFO">Typing password into text field 'xpath://input[@type='password']'.</msg>
<msg time="2024-05-28T17:49:43.049446" level="INFO">Temporally setting log level to: NONE</msg>
<arg>xpath://input[@type='password']</arg>
<arg>${Password}</arg>
<doc>Types the given password into the text field identified by ``locator``.</doc>
<status status="PASS" start="2024-05-28T17:49:42.547477" elapsed="1.377500"/>
</kw>
<kw name="Click Button" owner="SeleniumLibrary">
<msg time="2024-05-28T17:49:43.934022" level="INFO">Clicking button 'xpath://button[@type='submit']'.</msg>
<arg>xpath://button[@type='submit']</arg>
<doc>Clicks the button identified by ``locator``.</doc>
<status status="PASS" start="2024-05-28T17:49:43.925993" elapsed="3.824272"/>
</kw>
<arg>${username}</arg>
<arg>${password}</arg>
<status status="PASS" start="2024-05-28T17:49:40.276745" elapsed="7.473520"/>
</kw>
<kw name="Set Selenium Implicit Wait" owner="SeleniumLibrary">
<arg>5</arg>
<doc>Sets the implicit wait value used by Selenium.</doc>
<status status="PASS" start="2024-05-28T17:49:47.756687" elapsed="0.067247"/>
</kw>
<kw name="verify the valid credentials" owner="LoginResources">
<kw name="Element Text Should Be" owner="SeleniumLibrary">
<msg time="2024-05-28T17:49:47.864245" level="INFO">Verifying element 'xpath://h6[text()="Dashboard"]' contains exact text 'Dashboard'.</msg>
<arg>${dashBoard}</arg>
<arg>Dashboard</arg>
<doc>Verifies that element ``locator`` contains exact the text ``expected``.</doc>
<status status="PASS" start="2024-05-28T17:49:47.856241" elapsed="1.602313"/>
</kw>
<status status="PASS" start="2024-05-28T17:49:47.823934" elapsed="1.634620"/>
</kw>
<kw name="click myInfo Button" owner="MyInfoResource">
<kw name="Click Element" owner="SeleniumLibrary">
<msg time="2024-05-28T17:49:49.517686" level="INFO">Clicking element 'xpath://span[text()='My Info']'.</msg>
<arg>${myInfo}</arg>
<doc>Click the element identified by ``locator``.</doc>
<status status="PASS" start="2024-05-28T17:49:49.489828" elapsed="6.122037"/>
</kw>
<status status="PASS" start="2024-05-28T17:49:49.477594" elapsed="6.134271"/>
</kw>
<kw name="click emergency contact element" owner="MyInfoResource">
<kw name="Click Link" owner="SeleniumLibrary">
<msg time="2024-05-28T17:49:55.669213" level="INFO">Clicking link 'xpath://a[text()='Emergency Contacts']'.</msg>
<arg>${emergency_contact}</arg>
<doc>Clicks a link identified by ``locator``.</doc>
<status status="PASS" start="2024-05-28T17:49:55.667190" elapsed="1.751348"/>
</kw>
<status status="PASS" start="2024-05-28T17:49:55.618396" elapsed="1.800142"/>
</kw>
<kw name="click add button" owner="EmergencyContactResources">
<kw name="Click Button" owner="SeleniumLibrary">
<msg time="2024-05-28T17:49:57.636745" level="INFO">Clicking button 'xpath:(//button[@type="button"])[3]'.</msg>
<arg>${add}</arg>
<doc>Clicks the button identified by ``locator``.</doc>
<status status="PASS" start="2024-05-28T17:49:57.619172" elapsed="2.139667"/>
</kw>
<status status="PASS" start="2024-05-28T17:49:57.418538" elapsed="2.678429"/>
</kw>
<kw name="Fill the details" owner="EmergencyContactResources">
<kw name="Input Text" owner="SeleniumLibrary">
<msg time="2024-05-28T17:50:00.104995" level="INFO">Typing text 'Suvetha' into text field 'xpath=(//div[@data-v-957b4417]//input)[1]'.</msg>
<arg>${Name}</arg>
<arg>${names}</arg>
<doc>Types the given ``text`` into the text field identified by ``locator``.</doc>
<status status="PASS" start="2024-05-28T17:50:00.104995" elapsed="1.235891"/>
</kw>
<kw name="Input Text" owner="SeleniumLibrary">
<msg time="2024-05-28T17:50:01.342922" level="INFO">Typing text 'sister' into text field 'xpath=(//div[@data-v-957b4417]//input)[2]'.</msg>
<arg>${Relationship}</arg>
<arg>${relation}</arg>
<doc>Types the given ``text`` into the text field identified by ``locator``.</doc>
<status status="PASS" start="2024-05-28T17:50:01.340886" elapsed="0.805980"/>
</kw>
<kw name="Input Text" owner="SeleniumLibrary">
<msg time="2024-05-28T17:50:02.327643" level="INFO">Typing text '25085' into text field 'xpath=(//div[@data-v-957b4417]//input)[3]'.</msg>
<arg>${home}</arg>
<arg>${home_tele}</arg>
<doc>Types the given ``text`` into the text field identified by ``locator``.</doc>
<status status="PASS" start="2024-05-28T17:50:02.319715" elapsed="0.893016"/>
</kw>
<kw name="Input Text" owner="SeleniumLibrary">
<msg time="2024-05-28T17:50:03.220763" level="INFO">Typing text '7339446896' into text field 'xpath=(//div[@data-v-957b4417]//input)[4]'.</msg>
<arg>${mobile}</arg>
<arg>${mob}</arg>
<doc>Types the given ``text`` into the text field identified by ``locator``.</doc>
<status status="PASS" start="2024-05-28T17:50:03.212731" elapsed="0.609249"/>
</kw>
<kw name="Input Text" owner="SeleniumLibrary">
<msg time="2024-05-28T17:50:03.821980" level="INFO">Typing text '1234567890' into text field 'xpath=(//div[@data-v-957b4417]//input)[5]'.</msg>
<arg>${work_telephone}</arg>
<arg>${work_tele}</arg>
<doc>Types the given ``text`` into the text field identified by ``locator``.</doc>
<status status="PASS" start="2024-05-28T17:50:03.821980" elapsed="1.189284"/>
</kw>
<arg>${NAMES}</arg>
<arg>${RELATION}</arg>
<arg>${HOMES}</arg>
<arg>${MOBILES}</arg>
<arg>${WORK}</arg>
<status status="PASS" start="2024-05-28T17:50:00.096967" elapsed="4.914297"/>
</kw>
<kw name="Click Save Button" owner="EmergencyContactResources">
<kw name="Click Button" owner="SeleniumLibrary">
<msg time="2024-05-28T17:50:05.393111" level="INFO">Clicking button 'xpath:(//button[text()=" Save "])[1]'.</msg>
<arg>${save}</arg>
<doc>Clicks the button identified by ``locator``.</doc>
<status status="PASS" start="2024-05-28T17:50:05.385081" elapsed="0.368372"/>
</kw>
<kw name="Should Contain" owner="BuiltIn">
<arg>${success_save}</arg>
<arg>Successfully Updated</arg>
<doc>Fails if ``container`` does not contain ``item`` one or more times.</doc>
<status status="PASS" start="2024-05-28T17:50:05.761497" elapsed="0.010822"/>
</kw>
<status status="PASS" start="2024-05-28T17:50:05.021489" elapsed="0.750830"/>
</kw>
<arg>NAMES=Suvetha</arg>
<arg>RELATION=sister</arg>
<arg>HOMES=25085</arg>
<arg>MOBILES=7339446896</arg>
<arg>WORK=1234567890</arg>
<tag>Smoke</tag>
<status status="PASS" start="2024-05-28T17:49:40.033289" elapsed="25.739030"/>
</kw>
<kw name="Close Browser Session" owner="GenericResources" type="TEARDOWN">
<kw name="Close Browser" owner="SeleniumLibrary">
<doc>Closes the current browser.</doc>
<status status="PASS" start="2024-05-28T17:50:05.795323" elapsed="8.765466"/>
</kw>
<status status="PASS" start="2024-05-28T17:50:05.794068" elapsed="8.766721"/>
</kw>
<status status="PASS" start="2024-05-28T17:49:00.716199" elapsed="73.844590"/>
</test>
<doc>Test emergency contact to my info page</doc>
<status status="PASS" start="2024-05-28T17:48:57.795835" elapsed="76.778503"/>
</suite>
<status status="PASS" start="2024-05-28T17:48:57.784183" elapsed="76.809733"/>
</suite>
<status status="PASS" start="2024-05-28T17:48:57.748810" elapsed="76.845106"/>
</suite>
<statistics>
<total>
<stat pass="1" fail="0" skip="0">All Tests</stat>
</total>
<tag>
</tag>
<suite>
<stat pass="1" fail="0" skip="0" id="s1" name="Team2 OrangeHRM">Team2 OrangeHRM</stat>
<stat pass="1" fail="0" skip="0" id="s1-s1" name="TestCases">Team2 OrangeHRM.TestCases</stat>
<stat pass="1" fail="0" skip="0" id="s1-s1-s1" name="Test EmergencyContact">Team2 OrangeHRM.TestCases.Test EmergencyContact</stat>
</suite>
</statistics>
<errors>
</errors>
</robot>
