<?xml version="1.0" encoding="UTF-8"?>
<robot generator="Robot 7.0 (Python 3.12.2 on win32)" generated="2024-05-28T00:09:42.086471" rpa="false" schemaversion="5">
<suite id="s1" name="TestCases" source="C:\Users\SM\Desktop\Team02_OrangeHRM\Team2_OrangeHRM\TestCases">
<suite id="s1-s1" name="Test ContactDetails" source="C:\Users\SM\Desktop\Team02_OrangeHRM\Team2_OrangeHRM\TestCases\Test_ContactDetails.robot">
<test id="s1-s1-t1" name="fill contact details" line="18">
<kw name="Open the browser with url" owner="GenericResources" type="SETUP">
<kw name="Create Webdriver" owner="SeleniumLibrary">
<msg time="2024-05-28T00:09:44.797023" level="INFO">Creating an instance of the Chrome WebDriver.</msg>
<arg>${browser_name}</arg>
<doc>Creates an instance of Selenium WebDriver.</doc>
<status status="PASS" start="2024-05-28T00:09:44.797023" elapsed="20.542015"/>
</kw>
<kw name="Go To" owner="SeleniumLibrary">
<msg time="2024-05-28T00:10:05.342714" level="INFO">Opening url 'https://opensource-demo.orangehrmlive.com/web/index.php/auth/login'</msg>
<arg>${url}</arg>
<doc>Navigates the current browser window to the provided ``url``.</doc>
<status status="PASS" start="2024-05-28T00:10:05.339994" elapsed="3.487092"/>
</kw>
<kw name="Maximize Browser Window" owner="SeleniumLibrary">
<doc>Maximizes current browser window.</doc>
<status status="PASS" start="2024-05-28T00:10:08.829670" elapsed="10.845125"/>
</kw>
<kw name="Set Selenium Implicit Wait" owner="SeleniumLibrary">
<arg>5</arg>
<doc>Sets the implicit wait value used by Selenium.</doc>
<status status="PASS" start="2024-05-28T00:10:19.801494" elapsed="1.150824"/>
</kw>
<status status="PASS" start="2024-05-28T00:09:44.797023" elapsed="36.169087"/>
</kw>
<kw name="validate successful saved contact details">
<kw name="Fill the login form" owner="LoginResources">
<kw name="Input Text" owner="SeleniumLibrary">
<msg time="2024-05-28T00:10:24.331559" level="INFO">Typing text 'Admin' into text field 'xpath://input[@name='username']'.</msg>
<arg>xpath://input[@name='username']</arg>
<arg>${Username}</arg>
<doc>Types the given ``text`` into the text field identified by ``locator``.</doc>
<status status="PASS" start="2024-05-28T00:10:21.024487" elapsed="7.392489"/>
</kw>
<kw name="Input Password" owner="SeleniumLibrary">
<msg time="2024-05-28T00:10:28.421208" level="INFO">Typing password into text field 'xpath://input[@type='password']'.</msg>
<msg time="2024-05-28T00:10:30.298280" level="INFO">Temporally setting log level to: NONE</msg>
<arg>xpath://input[@type='password']</arg>
<arg>${Password}</arg>
<doc>Types the given password into the text field identified by ``locator``.</doc>
<status status="PASS" start="2024-05-28T00:10:28.416976" elapsed="4.596959"/>
</kw>
<kw name="Click Button" owner="SeleniumLibrary">
<msg time="2024-05-28T00:10:33.180516" level="INFO">Clicking button 'xpath://button[@type='submit']'.</msg>
<arg>xpath://button[@type='submit']</arg>
<doc>Clicks the button identified by ``locator``.</doc>
<status status="PASS" start="2024-05-28T00:10:33.032604" elapsed="0.865300"/>
</kw>
<arg>${username}</arg>
<arg>${password}</arg>
<status status="PASS" start="2024-05-28T00:10:21.024487" elapsed="12.873417"/>
</kw>
<kw name="Set Selenium Implicit Wait" owner="SeleniumLibrary">
<arg>5</arg>
<doc>Sets the implicit wait value used by Selenium.</doc>
<status status="PASS" start="2024-05-28T00:10:33.899460" elapsed="0.009401"/>
</kw>
<kw name="verify the valid credentials" owner="LoginResources">
<kw name="Element Text Should Be" owner="SeleniumLibrary">
<msg time="2024-05-28T00:10:33.948595" level="INFO">Verifying element 'xpath://h6[text()="Dashboard"]' contains exact text 'Dashboard'.</msg>
<arg>${dashBoard}</arg>
<arg>Dashboard</arg>
<doc>Verifies that element ``locator`` contains exact the text ``expected``.</doc>
<status status="PASS" start="2024-05-28T00:10:33.933774" elapsed="4.527645"/>
</kw>
<status status="PASS" start="2024-05-28T00:10:33.909584" elapsed="4.551835"/>
</kw>
<kw name="click myInfo Button" owner="MyInfoResource">
<kw name="Click Element" owner="SeleniumLibrary">
<msg time="2024-05-28T00:10:38.481460" level="INFO">Clicking element 'xpath://span[text()='My Info']'.</msg>
<arg>${myInfo}</arg>
<doc>Click the element identified by ``locator``.</doc>
<status status="PASS" start="2024-05-28T00:10:38.471770" elapsed="1.946687"/>
</kw>
<status status="PASS" start="2024-05-28T00:10:38.470250" elapsed="1.948207"/>
</kw>
<kw name="click contact details element" owner="MyInfoResource">
<kw name="Click Link" owner="SeleniumLibrary">
<msg time="2024-05-28T00:10:40.422065" level="INFO">Clicking link 'xpath://a[text()='Contact Details']'.</msg>
<arg>${contact_details}</arg>
<doc>Clicks a link identified by ``locator``.</doc>
<status status="PASS" start="2024-05-28T00:10:40.421389" elapsed="2.418311"/>
</kw>
<status status="PASS" start="2024-05-28T00:10:40.419850" elapsed="2.430134"/>
</kw>
<kw name="Fill the details" owner="ContactDetailsResources">
<kw name="Input Text" owner="SeleniumLibrary">
<msg time="2024-05-28T00:10:42.859463" level="INFO">Typing text 'Gandhi' into text field 'xpath:(//div[@data-v-957b4417]/input)[1]'.</msg>
<arg>${street1}</arg>
<arg>${srt1}</arg>
<doc>Types the given ``text`` into the text field identified by ``locator``.</doc>
<status status="PASS" start="2024-05-28T00:10:42.859463" elapsed="1.215824"/>
</kw>
<kw name="Input Text" owner="SeleniumLibrary">
<msg time="2024-05-28T00:10:44.079055" level="INFO">Typing text 'Nehru' into text field 'xpath:(//div[@data-v-957b4417]/input)[2]'.</msg>
<arg>${street2}</arg>
<arg>${srt2}</arg>
<doc>Types the given ``text`` into the text field identified by ``locator``.</doc>
<status status="PASS" start="2024-05-28T00:10:44.078076" elapsed="0.478431"/>
</kw>
<kw name="Input Text" owner="SeleniumLibrary">
<msg time="2024-05-28T00:10:44.560102" level="INFO">Typing text 'Salem' into text field 'xpath:(//div[@data-v-957b4417]/input)[3]'.</msg>
<arg>${city}</arg>
<arg>${cty}</arg>
<doc>Types the given ``text`` into the text field identified by ``locator``.</doc>
<status status="PASS" start="2024-05-28T00:10:44.557883" elapsed="0.441776"/>
</kw>
<kw name="Input Text" owner="SeleniumLibrary">
<msg time="2024-05-28T00:10:44.999659" level="INFO">Typing text 'Tamilnadu' into text field 'xpath:(//div[@data-v-957b4417]/input)[4]'.</msg>
<arg>${state}</arg>
<arg>${ste}</arg>
<doc>Types the given ``text`` into the text field identified by ``locator``.</doc>
<status status="PASS" start="2024-05-28T00:10:44.999659" elapsed="0.572463"/>
</kw>
<kw name="Input Text" owner="SeleniumLibrary">
<msg time="2024-05-28T00:10:45.574831" level="INFO">Typing text '636306' into text field 'xpath:(//div[@data-v-957b4417]/input)[5]'.</msg>
<arg>${zip_code}</arg>
<arg>${zip}</arg>
<doc>Types the given ``text`` into the text field identified by ``locator``.</doc>
<status status="PASS" start="2024-05-28T00:10:45.574250" elapsed="0.476866"/>
</kw>
<kw name="Input Text" owner="SeleniumLibrary">
<msg time="2024-05-28T00:10:46.058246" level="INFO">Typing text '25085' into text field 'xpath:(//div[@data-v-957b4417]/input)[6]'.</msg>
<arg>${home}</arg>
<arg>${hme}</arg>
<doc>Types the given ``text`` into the text field identified by ``locator``.</doc>
<status status="PASS" start="2024-05-28T00:10:46.051116" elapsed="0.448164"/>
</kw>
<kw name="Input Text" owner="SeleniumLibrary">
<msg time="2024-05-28T00:10:46.501413" level="INFO">Typing text '7339446896' into text field 'xpath:(//div[@data-v-957b4417]/input)[7]'.</msg>
<arg>${mobile}</arg>
<arg>${mob}</arg>
<doc>Types the given ``text`` into the text field identified by ``locator``.</doc>
<status status="PASS" start="2024-05-28T00:10:46.500744" elapsed="0.547732"/>
</kw>
<kw name="Input Text" owner="SeleniumLibrary">
<msg time="2024-05-28T00:10:47.048476" level="INFO">Typing text '123456789' into text field 'xpath:(//div[@data-v-957b4417]/input)[8]'.</msg>
<arg>${work}</arg>
<arg>${wrk}</arg>
<doc>Types the given ``text`` into the text field identified by ``locator``.</doc>
<status status="PASS" start="2024-05-28T00:10:47.048476" elapsed="0.708853"/>
</kw>
<kw name="Input Text" owner="SeleniumLibrary">
<msg time="2024-05-28T00:10:47.762796" level="INFO">Typing text 'moon@gmail.com' into text field 'xpath:(//div[@data-v-957b4417]/input)[9]'.</msg>
<arg>${work_email}</arg>
<arg>${w_email}</arg>
<doc>Types the given ``text`` into the text field identified by ``locator``.</doc>
<status status="PASS" start="2024-05-28T00:10:47.761617" elapsed="0.812549"/>
</kw>
<kw name="Input Text" owner="SeleniumLibrary">
<msg time="2024-05-28T00:10:48.579205" level="INFO">Typing text 'good@gmail.com' into text field 'xpath:(//div[@data-v-957b4417]/input)[10]'.</msg>
<arg>${other_email}</arg>
<arg>${o_email}</arg>
<doc>Types the given ``text`` into the text field identified by ``locator``.</doc>
<status status="PASS" start="2024-05-28T00:10:48.579205" elapsed="0.539700"/>
</kw>
<arg>${Srts1}</arg>
<arg>${Srts2}</arg>
<arg>${City}</arg>
<arg>${States}</arg>
<arg>${Zip_codes}</arg>
<arg>${Homes}</arg>
<arg>${Mobiles}</arg>
<arg>${Works}</arg>
<arg>${Work_emails}</arg>
<arg>${Other_emails}</arg>
<status status="PASS" start="2024-05-28T00:10:42.849984" elapsed="6.268921"/>
</kw>
<kw name="select country" owner="ContactDetailsResources">
<kw name="Click Element" owner="SeleniumLibrary">
<msg time="2024-05-28T00:10:49.126950" level="INFO">Clicking element 'xpath://div[@data-v-67d2aedf]'.</msg>
<arg>${drop_down}</arg>
<doc>Click the element identified by ``locator``.</doc>
<status status="PASS" start="2024-05-28T00:10:49.118905" elapsed="0.375165"/>
</kw>
<kw name="Wait Until Element Is Visible" owner="SeleniumLibrary">
<arg>${drop_down}</arg>
<arg>10s</arg>
<doc>Waits until the element ``locator`` is visible.</doc>
<status status="PASS" start="2024-05-28T00:10:49.496597" elapsed="0.117980"/>
</kw>
<kw name="Wait Until Element Is Enabled" owner="SeleniumLibrary">
<arg>${drop_down}</arg>
<arg>10s</arg>
<doc>Waits until the element ``locator`` is enabled.</doc>
<status status="PASS" start="2024-05-28T00:10:49.614577" elapsed="0.097761"/>
</kw>
<kw name="Click Element" owner="SeleniumLibrary">
<msg time="2024-05-28T00:10:49.712338" level="INFO">Clicking element 'xpath://span[text()='Aruba']'.</msg>
<arg>${country}</arg>
<doc>Click the element identified by ``locator``.</doc>
<status status="PASS" start="2024-05-28T00:10:49.712338" elapsed="0.187000"/>
</kw>
<status status="PASS" start="2024-05-28T00:10:49.118905" elapsed="0.780433"/>
</kw>
<kw name="Click Save Button" owner="ContactDetailsResources">
<kw name="Click Button" owner="SeleniumLibrary">
<msg time="2024-05-28T00:10:49.901863" level="INFO">Clicking button 'xpath://button[@type="submit"]'.</msg>
<arg>${save}</arg>
<doc>Clicks the button identified by ``locator``.</doc>
<status status="PASS" start="2024-05-28T00:10:49.901863" elapsed="0.238010"/>
</kw>
<kw name="Should Contain" owner="BuiltIn">
<arg>${success_save}</arg>
<arg>Successfully Updated</arg>
<doc>Fails if ``container`` does not contain ``item`` one or more times.</doc>
<status status="PASS" start="2024-05-28T00:10:50.143768" elapsed="0.000000"/>
</kw>
<status status="PASS" start="2024-05-28T00:10:49.901863" elapsed="0.241905"/>
</kw>
<arg>Srts1=Gandhi</arg>
<arg>Srts2=Nehru</arg>
<arg>City=Salem</arg>
<arg>States=Tamilnadu</arg>
<arg>Zip_codes=636306</arg>
<arg>Homes=25085</arg>
<arg>Mobiles=7339446896</arg>
<arg>Works=123456789</arg>
<arg>Work_emails=moon@gmail.com</arg>
<arg>Other_emails=good@gmail.com</arg>
<status status="PASS" start="2024-05-28T00:10:21.002518" elapsed="29.141250"/>
</kw>
<kw name="Close Browser Session" owner="GenericResources" type="TEARDOWN">
<kw name="Close Browser" owner="SeleniumLibrary">
<doc>Closes the current browser.</doc>
<status status="PASS" start="2024-05-28T00:10:50.148394" elapsed="2.504117"/>
</kw>
<status status="PASS" start="2024-05-28T00:10:50.148394" elapsed="2.504117"/>
</kw>
<status status="PASS" start="2024-05-28T00:09:44.797023" elapsed="67.861328"/>
</test>
<doc>Test search to dashboard page</doc>
<status status="PASS" start="2024-05-28T00:09:42.145298" elapsed="70.533340"/>
</suite>
<status status="PASS" start="2024-05-28T00:09:42.105598" elapsed="70.596364"/>
</suite>
<statistics>
<total>
<stat pass="1" fail="0" skip="0">All Tests</stat>
</total>
<tag>
</tag>
<suite>
<stat pass="1" fail="0" skip="0" id="s1" name="TestCases">TestCases</stat>
<stat pass="1" fail="0" skip="0" id="s1-s1" name="Test ContactDetails">TestCases.Test ContactDetails</stat>
</suite>
</statistics>
<errors>
</errors>
</robot>
