<?xml version="1.0" encoding="UTF-8"?>
<robot generator="Robot 7.0 (Python 3.12.2 on win32)" generated="2024-05-28T14:32:44.414989" rpa="false" schemaversion="5">
<suite id="s1" name="TestCases" source="C:\Users\SM\Downloads\orange\orange\Team2_OrangeHRM\TestCases">
<suite id="s1-s1" name="Test LoginInvalid" source="C:\Users\SM\Downloads\orange\orange\Team2_OrangeHRM\TestCases\Test_LoginInvalid.robot">
<test id="s1-s1-t1" name="Login to form using" line="13">
<kw name="Open the browser with url" owner="GenericResources" type="SETUP">
<kw name="Create Webdriver" owner="SeleniumLibrary">
<msg time="2024-05-28T14:32:46.210703" level="INFO">Creating an instance of the Chrome WebDriver.</msg>
<arg>${browser_name}</arg>
<doc>Creates an instance of Selenium WebDriver.</doc>
<status status="PASS" start="2024-05-28T14:32:46.208184" elapsed="18.823249"/>
</kw>
<kw name="Go To" owner="SeleniumLibrary">
<msg time="2024-05-28T14:33:05.041417" level="INFO">Opening url 'https://opensource-demo.orangehrmlive.com/web/index.php/auth/login'</msg>
<arg>${url}</arg>
<doc>Navigates the current browser window to the provided ``url``.</doc>
<status status="PASS" start="2024-05-28T14:33:05.031433" elapsed="11.450391"/>
</kw>
<kw name="Maximize Browser Window" owner="SeleniumLibrary">
<doc>Maximizes current browser window.</doc>
<status status="PASS" start="2024-05-28T14:33:16.484065" elapsed="1.212802"/>
</kw>
<kw name="Set Selenium Implicit Wait" owner="SeleniumLibrary">
<arg>5</arg>
<doc>Sets the implicit wait value used by Selenium.</doc>
<status status="PASS" start="2024-05-28T14:33:17.702953" elapsed="0.249976"/>
</kw>
<status status="PASS" start="2024-05-28T14:32:46.208184" elapsed="31.747331"/>
</kw>
<kw name="validate unsuccessful login using invalid username">
<kw name="Fill the login form" owner="LoginResources">
<kw name="Input Text" owner="SeleniumLibrary">
<msg time="2024-05-28T14:33:18.706707" level="INFO">Typing text 'aadmin' into text field 'xpath://input[@name='username']'.</msg>
<arg>xpath://input[@name='username']</arg>
<arg>${Username}</arg>
<doc>Types the given ``text`` into the text field identified by ``locator``.</doc>
<status status="PASS" start="2024-05-28T14:33:18.226631" elapsed="1.623868"/>
</kw>
<kw name="Input Password" owner="SeleniumLibrary">
<msg time="2024-05-28T14:33:19.876155" level="INFO">Typing password into text field 'xpath://input[@type='password']'.</msg>
<msg time="2024-05-28T14:33:20.469518" level="INFO">Temporally setting log level to: NONE</msg>
<arg>xpath://input[@type='password']</arg>
<arg>${Password}</arg>
<doc>Types the given password into the text field identified by ``locator``.</doc>
<status status="PASS" start="2024-05-28T14:33:19.869664" elapsed="4.222435"/>
</kw>
<kw name="Click Button" owner="SeleniumLibrary">
<msg time="2024-05-28T14:33:24.102831" level="INFO">Clicking button 'xpath://button[@type='submit']'.</msg>
<arg>xpath://button[@type='submit']</arg>
<doc>Clicks the button identified by ``locator``.</doc>
<status status="PASS" start="2024-05-28T14:33:24.092099" elapsed="5.629469"/>
</kw>
<arg>${username}</arg>
<arg>${password}</arg>
<status status="PASS" start="2024-05-28T14:33:18.217136" elapsed="11.504949"/>
</kw>
<kw name="verify the invalid credentials" owner="LoginResources">
<kw name="Get Text" owner="SeleniumLibrary">
<msg time="2024-05-28T14:33:31.809188" level="INFO">${result} = Invalid credentials</msg>
<var>${result}</var>
<arg>${error_msg}</arg>
<doc>Returns the text value of the element identified by ``locator``.</doc>
<status status="PASS" start="2024-05-28T14:33:29.737187" elapsed="2.072001"/>
</kw>
<kw name="Should Be Equal As Strings" owner="BuiltIn">
<arg>${result}</arg>
<arg>Invalid credentials</arg>
<doc>Fails if objects are unequal after converting them to strings.</doc>
<status status="PASS" start="2024-05-28T14:33:31.825616" elapsed="0.014213"/>
</kw>
<status status="PASS" start="2024-05-28T14:33:29.722629" elapsed="2.117753"/>
</kw>
<arg>username=aadmin</arg>
<arg>password=admin123</arg>
<tag>Regression</tag>
<status status="PASS" start="2024-05-28T14:33:18.187042" elapsed="13.655532"/>
</kw>
<kw name="Close Browser Session" owner="GenericResources" type="TEARDOWN">
<kw name="Close Browser" owner="SeleniumLibrary">
<doc>Closes the current browser.</doc>
<status status="PASS" start="2024-05-28T14:33:31.850093" elapsed="10.235750"/>
</kw>
<status status="PASS" start="2024-05-28T14:33:31.842574" elapsed="10.246570"/>
</kw>
<status status="PASS" start="2024-05-28T14:32:46.202444" elapsed="55.886700"/>
</test>
<test id="s1-s1-t2" name="Login to form using" line="13">
<kw name="Open the browser with url" owner="GenericResources" type="SETUP">
<kw name="Create Webdriver" owner="SeleniumLibrary">
<msg time="2024-05-28T14:33:42.663781" level="INFO">Creating an instance of the Chrome WebDriver.</msg>
<arg>${browser_name}</arg>
<doc>Creates an instance of Selenium WebDriver.</doc>
<status status="PASS" start="2024-05-28T14:33:42.655674" elapsed="8.685148"/>
</kw>
<kw name="Go To" owner="SeleniumLibrary">
<msg time="2024-05-28T14:33:51.345392" level="INFO">Opening url 'https://opensource-demo.orangehrmlive.com/web/index.php/auth/login'</msg>
<arg>${url}</arg>
<doc>Navigates the current browser window to the provided ``url``.</doc>
<status status="PASS" start="2024-05-28T14:33:51.340822" elapsed="8.685220"/>
</kw>
<kw name="Maximize Browser Window" owner="SeleniumLibrary">
<doc>Maximizes current browser window.</doc>
<status status="PASS" start="2024-05-28T14:34:00.026042" elapsed="0.109472"/>
</kw>
<kw name="Set Selenium Implicit Wait" owner="SeleniumLibrary">
<arg>5</arg>
<doc>Sets the implicit wait value used by Selenium.</doc>
<status status="PASS" start="2024-05-28T14:34:00.135514" elapsed="0.008239"/>
</kw>
<status status="PASS" start="2024-05-28T14:33:42.654037" elapsed="17.489716"/>
</kw>
<kw name="validate unsuccessful login using invalid username">
<kw name="Fill the login form" owner="LoginResources">
<kw name="Input Text" owner="SeleniumLibrary">
<msg time="2024-05-28T14:34:00.151796" level="INFO">Typing text 'Admin' into text field 'xpath://input[@name='username']'.</msg>
<arg>xpath://input[@name='username']</arg>
<arg>${Username}</arg>
<doc>Types the given ``text`` into the text field identified by ``locator``.</doc>
<status status="PASS" start="2024-05-28T14:34:00.151796" elapsed="0.558396"/>
</kw>
<kw name="Input Password" owner="SeleniumLibrary">
<msg time="2024-05-28T14:34:00.710192" level="INFO">Typing password into text field 'xpath://input[@type='password']'.</msg>
<msg time="2024-05-28T14:34:00.780858" level="INFO">Temporally setting log level to: NONE</msg>
<arg>xpath://input[@type='password']</arg>
<arg>${Password}</arg>
<doc>Types the given password into the text field identified by ``locator``.</doc>
<status status="PASS" start="2024-05-28T14:34:00.710192" elapsed="0.210046"/>
</kw>
<kw name="Click Button" owner="SeleniumLibrary">
<msg time="2024-05-28T14:34:00.928336" level="INFO">Clicking button 'xpath://button[@type='submit']'.</msg>
<arg>xpath://button[@type='submit']</arg>
<doc>Clicks the button identified by ``locator``.</doc>
<status status="PASS" start="2024-05-28T14:34:00.925718" elapsed="0.191642"/>
</kw>
<arg>${username}</arg>
<arg>${password}</arg>
<status status="PASS" start="2024-05-28T14:34:00.143753" elapsed="0.973607"/>
</kw>
<kw name="verify the invalid credentials" owner="LoginResources">
<kw name="Get Text" owner="SeleniumLibrary">
<msg time="2024-05-28T14:34:03.411583" level="INFO">${result} = Invalid credentials</msg>
<var>${result}</var>
<arg>${error_msg}</arg>
<doc>Returns the text value of the element identified by ``locator``.</doc>
<status status="PASS" start="2024-05-28T14:34:01.124380" elapsed="2.287203"/>
</kw>
<kw name="Should Be Equal As Strings" owner="BuiltIn">
<arg>${result}</arg>
<arg>Invalid credentials</arg>
<doc>Fails if objects are unequal after converting them to strings.</doc>
<status status="PASS" start="2024-05-28T14:34:03.411583" elapsed="0.003522"/>
</kw>
<status status="PASS" start="2024-05-28T14:34:01.124380" elapsed="2.291675"/>
</kw>
<arg>username=Admin</arg>
<arg>password=1234</arg>
<tag>Regression</tag>
<status status="PASS" start="2024-05-28T14:34:00.143753" elapsed="3.274842"/>
</kw>
<kw name="Close Browser Session" owner="GenericResources" type="TEARDOWN">
<kw name="Close Browser" owner="SeleniumLibrary">
<doc>Closes the current browser.</doc>
<status status="PASS" start="2024-05-28T14:34:03.420127" elapsed="2.578736"/>
</kw>
<status status="PASS" start="2024-05-28T14:34:03.420127" elapsed="2.579078"/>
</kw>
<status status="PASS" start="2024-05-28T14:33:42.173323" elapsed="23.828076"/>
</test>
<test id="s1-s1-t3" name="Login to form using" line="13">
<kw name="Open the browser with url" owner="GenericResources" type="SETUP">
<kw name="Create Webdriver" owner="SeleniumLibrary">
<msg time="2024-05-28T14:34:06.010756" level="INFO">Creating an instance of the Chrome WebDriver.</msg>
<arg>${browser_name}</arg>
<doc>Creates an instance of Selenium WebDriver.</doc>
<status status="PASS" start="2024-05-28T14:34:06.010756" elapsed="2.582727"/>
</kw>
<kw name="Go To" owner="SeleniumLibrary">
<msg time="2024-05-28T14:34:08.593483" level="INFO">Opening url 'https://opensource-demo.orangehrmlive.com/web/index.php/auth/login'</msg>
<arg>${url}</arg>
<doc>Navigates the current browser window to the provided ``url``.</doc>
<status status="PASS" start="2024-05-28T14:34:08.593483" elapsed="13.949903"/>
</kw>
<kw name="Maximize Browser Window" owner="SeleniumLibrary">
<doc>Maximizes current browser window.</doc>
<status status="PASS" start="2024-05-28T14:34:22.543386" elapsed="0.076154"/>
</kw>
<kw name="Set Selenium Implicit Wait" owner="SeleniumLibrary">
<arg>5</arg>
<doc>Sets the implicit wait value used by Selenium.</doc>
<status status="PASS" start="2024-05-28T14:34:22.619540" elapsed="0.000000"/>
</kw>
<status status="PASS" start="2024-05-28T14:34:06.007597" elapsed="16.611943"/>
</kw>
<kw name="validate unsuccessful login using invalid username">
<kw name="Fill the login form" owner="LoginResources">
<kw name="Input Text" owner="SeleniumLibrary">
<msg time="2024-05-28T14:34:22.629110" level="INFO">Typing text 'aadmin' into text field 'xpath://input[@name='username']'.</msg>
<arg>xpath://input[@name='username']</arg>
<arg>${Username}</arg>
<doc>Types the given ``text`` into the text field identified by ``locator``.</doc>
<status status="PASS" start="2024-05-28T14:34:22.626932" elapsed="0.622124"/>
</kw>
<kw name="Input Password" owner="SeleniumLibrary">
<msg time="2024-05-28T14:34:23.249056" level="INFO">Typing password into text field 'xpath://input[@type='password']'.</msg>
<msg time="2024-05-28T14:34:23.307089" level="INFO">Temporally setting log level to: NONE</msg>
<arg>xpath://input[@type='password']</arg>
<arg>${Password}</arg>
<doc>Types the given password into the text field identified by ``locator``.</doc>
<status status="PASS" start="2024-05-28T14:34:23.249056" elapsed="0.153473"/>
</kw>
<kw name="Click Button" owner="SeleniumLibrary">
<msg time="2024-05-28T14:34:23.405086" level="INFO">Clicking button 'xpath://button[@type='submit']'.</msg>
<arg>xpath://button[@type='submit']</arg>
<doc>Clicks the button identified by ``locator``.</doc>
<status status="PASS" start="2024-05-28T14:34:23.402529" elapsed="0.136778"/>
</kw>
<arg>${username}</arg>
<arg>${password}</arg>
<status status="PASS" start="2024-05-28T14:34:22.626932" elapsed="0.912375"/>
</kw>
<kw name="verify the invalid credentials" owner="LoginResources">
<kw name="Get Text" owner="SeleniumLibrary">
<msg time="2024-05-28T14:34:25.309036" level="INFO">${result} = Invalid credentials</msg>
<var>${result}</var>
<arg>${error_msg}</arg>
<doc>Returns the text value of the element identified by ``locator``.</doc>
<status status="PASS" start="2024-05-28T14:34:23.543435" elapsed="1.765601"/>
</kw>
<kw name="Should Be Equal As Strings" owner="BuiltIn">
<arg>${result}</arg>
<arg>Invalid credentials</arg>
<doc>Fails if objects are unequal after converting them to strings.</doc>
<status status="PASS" start="2024-05-28T14:34:25.309036" elapsed="0.000000"/>
</kw>
<status status="PASS" start="2024-05-28T14:34:23.543435" elapsed="1.765601"/>
</kw>
<arg>username=aadmin</arg>
<arg>password=12345</arg>
<tag>Regression</tag>
<status status="PASS" start="2024-05-28T14:34:22.619540" elapsed="2.689496"/>
</kw>
<kw name="Close Browser Session" owner="GenericResources" type="TEARDOWN">
<kw name="Close Browser" owner="SeleniumLibrary">
<doc>Closes the current browser.</doc>
<status status="PASS" start="2024-05-28T14:34:25.309036" elapsed="2.567159"/>
</kw>
<status status="PASS" start="2024-05-28T14:34:25.309036" elapsed="2.567159"/>
</kw>
<status status="PASS" start="2024-05-28T14:34:06.002411" elapsed="21.875167"/>
</test>
<doc>test invalid login to login page</doc>
<status status="PASS" start="2024-05-28T14:32:44.455358" elapsed="103.429903"/>
</suite>
<status status="PASS" start="2024-05-28T14:32:44.431782" elapsed="103.467537"/>
</suite>
<statistics>
<total>
<stat pass="3" fail="0" skip="0">All Tests</stat>
</total>
<tag>
</tag>
<suite>
<stat pass="3" fail="0" skip="0" id="s1" name="TestCases">TestCases</stat>
<stat pass="3" fail="0" skip="0" id="s1-s1" name="Test LoginInvalid">TestCases.Test LoginInvalid</stat>
</suite>
</statistics>
<errors>
<msg time="2024-05-28T14:33:42.158956" level="WARN">Multiple tests with name 'Login to form using' executed in suite 'TestCases.Test LoginInvalid'.</msg>
<msg time="2024-05-28T14:34:06.002411" level="WARN">Multiple tests with name 'Login to form using' executed in suite 'TestCases.Test LoginInvalid'.</msg>
</errors>
</robot>
