<?xml version="1.0" encoding="UTF-8"?>
<robot generator="Robot 7.0 (Python 3.12.2 on win32)" generated="2024-05-28T00:09:41.859389" rpa="false" schemaversion="5">
<suite id="s1" name="TestCases" source="C:\Users\SM\Desktop\Team02_OrangeHRM\Team2_OrangeHRM\TestCases">
<suite id="s1-s1" name="Test LoginInvalid" source="C:\Users\SM\Desktop\Team02_OrangeHRM\Team2_OrangeHRM\TestCases\Test_LoginInvalid.robot">
<test id="s1-s1-t1" name="Login to form using" line="13">
<kw name="Open the browser with url" owner="GenericResources" type="SETUP">
<kw name="Create Webdriver" owner="SeleniumLibrary">
<msg time="2024-05-28T00:09:44.786750" level="INFO">Creating an instance of the Chrome WebDriver.</msg>
<arg>${browser_name}</arg>
<doc>Creates an instance of Selenium WebDriver.</doc>
<status status="PASS" start="2024-05-28T00:09:44.786750" elapsed="23.594450"/>
</kw>
<kw name="Go To" owner="SeleniumLibrary">
<msg time="2024-05-28T00:10:08.391753" level="INFO">Opening url 'https://opensource-demo.orangehrmlive.com/web/index.php/auth/login'</msg>
<arg>${url}</arg>
<doc>Navigates the current browser window to the provided ``url``.</doc>
<status status="PASS" start="2024-05-28T00:10:08.382648" elapsed="3.094158"/>
</kw>
<kw name="Maximize Browser Window" owner="SeleniumLibrary">
<doc>Maximizes current browser window.</doc>
<status status="PASS" start="2024-05-28T00:10:11.481239" elapsed="10.047104"/>
</kw>
<kw name="Set Selenium Implicit Wait" owner="SeleniumLibrary">
<arg>5</arg>
<doc>Sets the implicit wait value used by Selenium.</doc>
<status status="PASS" start="2024-05-28T00:10:21.538335" elapsed="1.825894"/>
</kw>
<status status="PASS" start="2024-05-28T00:09:44.786750" elapsed="39.084494"/>
</kw>
<kw name="validate unsuccessful login using invalid username">
<kw name="Fill the login form" owner="LoginResources">
<kw name="Input Text" owner="SeleniumLibrary">
<msg time="2024-05-28T00:10:25.133669" level="INFO">Typing text 'aadmin' into text field 'xpath://input[@name='username']'.</msg>
<arg>xpath://input[@name='username']</arg>
<arg>${Username}</arg>
<doc>Types the given ``text`` into the text field identified by ``locator``.</doc>
<status status="PASS" start="2024-05-28T00:10:24.726781" elapsed="2.839839"/>
</kw>
<kw name="Input Password" owner="SeleniumLibrary">
<msg time="2024-05-28T00:10:27.586950" level="INFO">Typing password into text field 'xpath://input[@type='password']'.</msg>
<msg time="2024-05-28T00:10:28.823348" level="INFO">Temporally setting log level to: NONE</msg>
<arg>xpath://input[@type='password']</arg>
<arg>${Password}</arg>
<doc>Types the given password into the text field identified by ``locator``.</doc>
<status status="PASS" start="2024-05-28T00:10:27.576260" elapsed="4.685019"/>
</kw>
<kw name="Click Button" owner="SeleniumLibrary">
<msg time="2024-05-28T00:10:32.345724" level="INFO">Clicking button 'xpath://button[@type='submit']'.</msg>
<arg>xpath://button[@type='submit']</arg>
<doc>Clicks the button identified by ``locator``.</doc>
<status status="PASS" start="2024-05-28T00:10:32.280193" elapsed="2.907864"/>
</kw>
<arg>${username}</arg>
<arg>${password}</arg>
<status status="PASS" start="2024-05-28T00:10:24.485443" elapsed="10.702614"/>
</kw>
<kw name="verify the invalid credentials" owner="LoginResources">
<kw name="Get Text" owner="SeleniumLibrary">
<msg time="2024-05-28T00:10:36.521696" level="INFO">${result} = Invalid credentials</msg>
<var>${result}</var>
<arg>${error_msg}</arg>
<doc>Returns the text value of the element identified by ``locator``.</doc>
<status status="PASS" start="2024-05-28T00:10:35.215156" elapsed="1.306540"/>
</kw>
<kw name="Should Be Equal As Strings" owner="BuiltIn">
<arg>${result}</arg>
<arg>Invalid credentials</arg>
<doc>Fails if objects are unequal after converting them to strings.</doc>
<status status="PASS" start="2024-05-28T00:10:36.741725" elapsed="0.003696"/>
</kw>
<status status="PASS" start="2024-05-28T00:10:35.197665" elapsed="1.547756"/>
</kw>
<arg>username=aadmin</arg>
<arg>password=admin123</arg>
<status status="PASS" start="2024-05-28T00:10:24.288926" elapsed="12.456495"/>
</kw>
<kw name="Close Browser Session" owner="GenericResources" type="TEARDOWN">
<kw name="Close Browser" owner="SeleniumLibrary">
<doc>Closes the current browser.</doc>
<status status="PASS" start="2024-05-28T00:10:36.759686" elapsed="5.352647"/>
</kw>
<status status="PASS" start="2024-05-28T00:10:36.754872" elapsed="5.357461"/>
</kw>
<status status="PASS" start="2024-05-28T00:09:44.786750" elapsed="57.326325"/>
</test>
<test id="s1-s1-t2" name="Login to form using" line="13">
<kw name="Open the browser with url" owner="GenericResources" type="SETUP">
<kw name="Create Webdriver" owner="SeleniumLibrary">
<msg time="2024-05-28T00:10:42.226785" level="INFO">Creating an instance of the Chrome WebDriver.</msg>
<arg>${browser_name}</arg>
<doc>Creates an instance of Selenium WebDriver.</doc>
<status status="PASS" start="2024-05-28T00:10:42.221133" elapsed="5.812044"/>
</kw>
<kw name="Go To" owner="SeleniumLibrary">
<msg time="2024-05-28T00:10:48.037572" level="INFO">Opening url 'https://opensource-demo.orangehrmlive.com/web/index.php/auth/login'</msg>
<arg>${url}</arg>
<doc>Navigates the current browser window to the provided ``url``.</doc>
<status status="PASS" start="2024-05-28T00:10:48.035494" elapsed="10.341841"/>
</kw>
<kw name="Maximize Browser Window" owner="SeleniumLibrary">
<doc>Maximizes current browser window.</doc>
<status status="PASS" start="2024-05-28T00:10:58.377335" elapsed="0.077031"/>
</kw>
<kw name="Set Selenium Implicit Wait" owner="SeleniumLibrary">
<arg>5</arg>
<doc>Sets the implicit wait value used by Selenium.</doc>
<status status="PASS" start="2024-05-28T00:10:58.454366" elapsed="0.000000"/>
</kw>
<status status="PASS" start="2024-05-28T00:10:42.198873" elapsed="16.260636"/>
</kw>
<kw name="validate unsuccessful login using invalid username">
<kw name="Fill the login form" owner="LoginResources">
<kw name="Input Text" owner="SeleniumLibrary">
<msg time="2024-05-28T00:10:58.470415" level="INFO">Typing text 'Admin' into text field 'xpath://input[@name='username']'.</msg>
<arg>xpath://input[@name='username']</arg>
<arg>${Username}</arg>
<doc>Types the given ``text`` into the text field identified by ``locator``.</doc>
<status status="PASS" start="2024-05-28T00:10:58.467676" elapsed="0.861117"/>
</kw>
<kw name="Input Password" owner="SeleniumLibrary">
<msg time="2024-05-28T00:10:59.328793" level="INFO">Typing password into text field 'xpath://input[@type='password']'.</msg>
<msg time="2024-05-28T00:10:59.406815" level="INFO">Temporally setting log level to: NONE</msg>
<arg>xpath://input[@type='password']</arg>
<arg>${Password}</arg>
<doc>Types the given password into the text field identified by ``locator``.</doc>
<status status="PASS" start="2024-05-28T00:10:59.328793" elapsed="0.201444"/>
</kw>
<kw name="Click Button" owner="SeleniumLibrary">
<msg time="2024-05-28T00:10:59.530237" level="INFO">Clicking button 'xpath://button[@type='submit']'.</msg>
<arg>xpath://button[@type='submit']</arg>
<doc>Clicks the button identified by ``locator``.</doc>
<status status="PASS" start="2024-05-28T00:10:59.530237" elapsed="0.197016"/>
</kw>
<arg>${username}</arg>
<arg>${password}</arg>
<status status="PASS" start="2024-05-28T00:10:58.464178" elapsed="1.263075"/>
</kw>
<kw name="verify the invalid credentials" owner="LoginResources">
<kw name="Get Text" owner="SeleniumLibrary">
<msg time="2024-05-28T00:11:01.606695" level="INFO">${result} = Invalid credentials</msg>
<var>${result}</var>
<arg>${error_msg}</arg>
<doc>Returns the text value of the element identified by ``locator``.</doc>
<status status="PASS" start="2024-05-28T00:10:59.734064" elapsed="1.876946"/>
</kw>
<kw name="Should Be Equal As Strings" owner="BuiltIn">
<arg>${result}</arg>
<arg>Invalid credentials</arg>
<doc>Fails if objects are unequal after converting them to strings.</doc>
<status status="PASS" start="2024-05-28T00:11:01.612357" elapsed="0.001016"/>
</kw>
<status status="PASS" start="2024-05-28T00:10:59.733548" elapsed="1.879825"/>
</kw>
<arg>username=Admin</arg>
<arg>password=1234</arg>
<status status="PASS" start="2024-05-28T00:10:58.460269" elapsed="3.154623"/>
</kw>
<kw name="Close Browser Session" owner="GenericResources" type="TEARDOWN">
<kw name="Close Browser" owner="SeleniumLibrary">
<doc>Closes the current browser.</doc>
<status status="PASS" start="2024-05-28T00:11:01.614892" elapsed="2.238614"/>
</kw>
<status status="PASS" start="2024-05-28T00:11:01.614892" elapsed="2.238614"/>
</kw>
<status status="PASS" start="2024-05-28T00:10:42.164419" elapsed="21.689087"/>
</test>
<test id="s1-s1-t3" name="Login to form using" line="13">
<kw name="Open the browser with url" owner="GenericResources" type="SETUP">
<kw name="Create Webdriver" owner="SeleniumLibrary">
<msg time="2024-05-28T00:11:03.860241" level="INFO">Creating an instance of the Chrome WebDriver.</msg>
<arg>${browser_name}</arg>
<doc>Creates an instance of Selenium WebDriver.</doc>
<status status="PASS" start="2024-05-28T00:11:03.860241" elapsed="1.824687"/>
</kw>
<kw name="Go To" owner="SeleniumLibrary">
<msg time="2024-05-28T00:11:05.684928" level="INFO">Opening url 'https://opensource-demo.orangehrmlive.com/web/index.php/auth/login'</msg>
<arg>${url}</arg>
<doc>Navigates the current browser window to the provided ``url``.</doc>
<status status="PASS" start="2024-05-28T00:11:05.684928" elapsed="8.226699"/>
</kw>
<kw name="Maximize Browser Window" owner="SeleniumLibrary">
<doc>Maximizes current browser window.</doc>
<status status="PASS" start="2024-05-28T00:11:13.911627" elapsed="0.138812"/>
</kw>
<kw name="Set Selenium Implicit Wait" owner="SeleniumLibrary">
<arg>5</arg>
<doc>Sets the implicit wait value used by Selenium.</doc>
<status status="PASS" start="2024-05-28T00:11:14.050439" elapsed="0.015659"/>
</kw>
<status status="PASS" start="2024-05-28T00:11:03.856765" elapsed="10.210116"/>
</kw>
<kw name="validate unsuccessful login using invalid username">
<kw name="Fill the login form" owner="LoginResources">
<kw name="Input Text" owner="SeleniumLibrary">
<msg time="2024-05-28T00:11:14.066881" level="INFO">Typing text 'aadmin' into text field 'xpath://input[@name='username']'.</msg>
<arg>xpath://input[@name='username']</arg>
<arg>${Username}</arg>
<doc>Types the given ``text`` into the text field identified by ``locator``.</doc>
<status status="PASS" start="2024-05-28T00:11:14.066881" elapsed="0.454061"/>
</kw>
<kw name="Input Password" owner="SeleniumLibrary">
<msg time="2024-05-28T00:11:14.521449" level="INFO">Typing password into text field 'xpath://input[@type='password']'.</msg>
<msg time="2024-05-28T00:11:14.587690" level="INFO">Temporally setting log level to: NONE</msg>
<arg>xpath://input[@type='password']</arg>
<arg>${Password}</arg>
<doc>Types the given password into the text field identified by ``locator``.</doc>
<status status="PASS" start="2024-05-28T00:11:14.520942" elapsed="0.184222"/>
</kw>
<kw name="Click Button" owner="SeleniumLibrary">
<msg time="2024-05-28T00:11:14.713560" level="INFO">Clicking button 'xpath://button[@type='submit']'.</msg>
<arg>xpath://button[@type='submit']</arg>
<doc>Clicks the button identified by ``locator``.</doc>
<status status="PASS" start="2024-05-28T00:11:14.705164" elapsed="1.109572"/>
</kw>
<arg>${username}</arg>
<arg>${password}</arg>
<status status="PASS" start="2024-05-28T00:11:14.066881" elapsed="1.747855"/>
</kw>
<kw name="verify the invalid credentials" owner="LoginResources">
<kw name="Get Text" owner="SeleniumLibrary">
<msg time="2024-05-28T00:11:16.232119" level="INFO">${result} = Invalid credentials</msg>
<var>${result}</var>
<arg>${error_msg}</arg>
<doc>Returns the text value of the element identified by ``locator``.</doc>
<status status="PASS" start="2024-05-28T00:11:15.820976" elapsed="0.411143"/>
</kw>
<kw name="Should Be Equal As Strings" owner="BuiltIn">
<arg>${result}</arg>
<arg>Invalid credentials</arg>
<doc>Fails if objects are unequal after converting them to strings.</doc>
<status status="PASS" start="2024-05-28T00:11:16.233652" elapsed="0.000000"/>
</kw>
<status status="PASS" start="2024-05-28T00:11:15.814736" elapsed="0.418916"/>
</kw>
<arg>username=aadmin</arg>
<arg>password=12345</arg>
<status status="PASS" start="2024-05-28T00:11:14.066881" elapsed="2.166771"/>
</kw>
<kw name="Close Browser Session" owner="GenericResources" type="TEARDOWN">
<kw name="Close Browser" owner="SeleniumLibrary">
<doc>Closes the current browser.</doc>
<status status="PASS" start="2024-05-28T00:11:16.237185" elapsed="2.163051"/>
</kw>
<status status="PASS" start="2024-05-28T00:11:16.237185" elapsed="2.163051"/>
</kw>
<status status="PASS" start="2024-05-28T00:11:03.856508" elapsed="14.543728"/>
</test>
<doc>test invalid login to login page</doc>
<status status="PASS" start="2024-05-28T00:09:42.014914" elapsed="96.393056"/>
</suite>
<status status="PASS" start="2024-05-28T00:09:41.930774" elapsed="96.492088"/>
</suite>
<statistics>
<total>
<stat pass="3" fail="0" skip="0">All Tests</stat>
</total>
<tag>
</tag>
<suite>
<stat pass="3" fail="0" skip="0" id="s1" name="TestCases">TestCases</stat>
<stat pass="3" fail="0" skip="0" id="s1-s1" name="Test LoginInvalid">TestCases.Test LoginInvalid</stat>
</suite>
</statistics>
<errors>
<msg time="2024-05-28T00:10:42.163275" level="WARN">Multiple tests with name 'Login to form using' executed in suite 'TestCases.Test LoginInvalid'.</msg>
<msg time="2024-05-28T00:11:03.856068" level="WARN">Multiple tests with name 'Login to form using' executed in suite 'TestCases.Test LoginInvalid'.</msg>
</errors>
</robot>
