<?xml version="1.0" encoding="UTF-8"?>
<robot generator="Robot 7.0 (Python 3.12.2 on win32)" generated="2024-05-26T09:17:10.494574" rpa="false" schemaversion="5">
<suite id="s1" name="TestCases" source="C:\Users\SM\Desktop\Team02_OrangeHRM\Team2_OrangeHRM\TestCases">
<suite id="s1-s1" name="Test LoginInvalid" source="C:\Users\SM\Desktop\Team02_OrangeHRM\Team2_OrangeHRM\TestCases\Test_LoginInvalid.robot">
<test id="s1-s1-t1" name="Login to form using" line="13">
<kw name="Open the browser with url" owner="GenericResources" type="SETUP">
<kw name="Create Webdriver" owner="SeleniumLibrary">
<msg time="2024-05-26T09:17:15.291660" level="INFO">Creating an instance of the Chrome WebDriver.</msg>
<arg>${browser_name}</arg>
<doc>Creates an instance of Selenium WebDriver.</doc>
<status status="PASS" start="2024-05-26T09:17:15.291660" elapsed="29.409057"/>
</kw>
<kw name="Go To" owner="SeleniumLibrary">
<msg time="2024-05-26T09:17:44.873071" level="INFO">Opening url 'https://opensource-demo.orangehrmlive.com/web/index.php/auth/login'</msg>
<arg>${url}</arg>
<doc>Navigates the current browser window to the provided ``url``.</doc>
<status status="PASS" start="2024-05-26T09:17:44.852134" elapsed="4.498355"/>
</kw>
<kw name="Maximize Browser Window" owner="SeleniumLibrary">
<doc>Maximizes current browser window.</doc>
<status status="PASS" start="2024-05-26T09:17:49.352594" elapsed="22.932957"/>
</kw>
<kw name="Set Selenium Implicit Wait" owner="SeleniumLibrary">
<arg>5</arg>
<doc>Sets the implicit wait value used by Selenium.</doc>
<status status="PASS" start="2024-05-26T09:18:12.295065" elapsed="0.088882"/>
</kw>
<status status="PASS" start="2024-05-26T09:17:15.266121" elapsed="57.161457"/>
</kw>
<kw name="validate unsuccessful login using invalid username">
<kw name="Fill the login form" owner="LoginResources">
<kw name="Input Text" owner="SeleniumLibrary">
<msg time="2024-05-26T09:18:12.681537" level="INFO">Typing text 'aadmin' into text field 'xpath://input[@name='username']'.</msg>
<arg>xpath://input[@name='username']</arg>
<arg>${Username}</arg>
<doc>Types the given ``text`` into the text field identified by ``locator``.</doc>
<status status="PASS" start="2024-05-26T09:18:12.587351" elapsed="0.641263"/>
</kw>
<kw name="Input Password" owner="SeleniumLibrary">
<msg time="2024-05-26T09:18:13.233518" level="INFO">Typing password into text field 'xpath://input[@type='password']'.</msg>
<msg time="2024-05-26T09:18:13.751276" level="INFO">Temporally setting log level to: NONE</msg>
<arg>xpath://input[@type='password']</arg>
<arg>${Password}</arg>
<doc>Types the given password into the text field identified by ``locator``.</doc>
<status status="PASS" start="2024-05-26T09:18:13.230331" elapsed="1.112823"/>
</kw>
<kw name="Click Button" owner="SeleniumLibrary">
<msg time="2024-05-26T09:18:14.348927" level="INFO">Clicking button 'xpath://button[@type='submit']'.</msg>
<arg>xpath://button[@type='submit']</arg>
<doc>Clicks the button identified by ``locator``.</doc>
<status status="PASS" start="2024-05-26T09:18:14.343154" elapsed="2.018328"/>
</kw>
<arg>${username}</arg>
<arg>${password}</arg>
<status status="PASS" start="2024-05-26T09:18:12.547213" elapsed="3.816644"/>
</kw>
<kw name="verify the invalid credentials" owner="LoginResources">
<kw name="Get Text" owner="SeleniumLibrary">
<msg time="2024-05-26T09:18:16.974405" level="INFO">${result} = Invalid credentials</msg>
<var>${result}</var>
<arg>${error_msg}</arg>
<doc>Returns the text value of the element identified by ``locator``.</doc>
<status status="PASS" start="2024-05-26T09:18:16.368027" elapsed="0.606378"/>
</kw>
<kw name="Should Be Equal As Strings" owner="BuiltIn">
<arg>${result}</arg>
<arg>Invalid credentials</arg>
<doc>Fails if objects are unequal after converting them to strings.</doc>
<status status="PASS" start="2024-05-26T09:18:16.977685" elapsed="0.000000"/>
</kw>
<status status="PASS" start="2024-05-26T09:18:16.365601" elapsed="0.612084"/>
</kw>
<arg>username=aadmin</arg>
<arg>password=admin123</arg>
<status status="PASS" start="2024-05-26T09:18:12.524556" elapsed="4.456355"/>
</kw>
<kw name="Close Browser Session" owner="GenericResources" type="TEARDOWN">
<kw name="Close Browser" owner="SeleniumLibrary">
<doc>Closes the current browser.</doc>
<status status="PASS" start="2024-05-26T09:18:16.981935" elapsed="3.148741"/>
</kw>
<status status="PASS" start="2024-05-26T09:18:16.981935" elapsed="3.150552"/>
</kw>
<status status="PASS" start="2024-05-26T09:17:15.043806" elapsed="65.088681"/>
</test>
<test id="s1-s1-t2" name="Login to form using" line="13">
<kw name="Open the browser with url" owner="GenericResources" type="SETUP">
<kw name="Create Webdriver" owner="SeleniumLibrary">
<msg time="2024-05-26T09:18:20.152800" level="INFO">Creating an instance of the Chrome WebDriver.</msg>
<arg>${browser_name}</arg>
<doc>Creates an instance of Selenium WebDriver.</doc>
<status status="PASS" start="2024-05-26T09:18:20.149310" elapsed="2.548273"/>
</kw>
<kw name="Go To" owner="SeleniumLibrary">
<msg time="2024-05-26T09:18:22.700686" level="INFO">Opening url 'https://opensource-demo.orangehrmlive.com/web/index.php/auth/login'</msg>
<arg>${url}</arg>
<doc>Navigates the current browser window to the provided ``url``.</doc>
<status status="PASS" start="2024-05-26T09:18:22.699700" elapsed="13.001620"/>
</kw>
<kw name="Maximize Browser Window" owner="SeleniumLibrary">
<doc>Maximizes current browser window.</doc>
<status status="PASS" start="2024-05-26T09:18:35.701320" elapsed="0.055832"/>
</kw>
<kw name="Set Selenium Implicit Wait" owner="SeleniumLibrary">
<arg>5</arg>
<doc>Sets the implicit wait value used by Selenium.</doc>
<status status="PASS" start="2024-05-26T09:18:35.763987" elapsed="0.003001"/>
</kw>
<status status="PASS" start="2024-05-26T09:18:20.149310" elapsed="15.617678"/>
</kw>
<kw name="validate unsuccessful login using invalid username">
<kw name="Fill the login form" owner="LoginResources">
<kw name="Input Text" owner="SeleniumLibrary">
<msg time="2024-05-26T09:18:35.770469" level="INFO">Typing text 'Admin' into text field 'xpath://input[@name='username']'.</msg>
<arg>xpath://input[@name='username']</arg>
<arg>${Username}</arg>
<doc>Types the given ``text`` into the text field identified by ``locator``.</doc>
<status status="PASS" start="2024-05-26T09:18:35.770469" elapsed="0.645364"/>
</kw>
<kw name="Input Password" owner="SeleniumLibrary">
<msg time="2024-05-26T09:18:36.415833" level="INFO">Typing password into text field 'xpath://input[@type='password']'.</msg>
<msg time="2024-05-26T09:18:36.505471" level="INFO">Temporally setting log level to: NONE</msg>
<arg>xpath://input[@type='password']</arg>
<arg>${Password}</arg>
<doc>Types the given password into the text field identified by ``locator``.</doc>
<status status="PASS" start="2024-05-26T09:18:36.415833" elapsed="0.199813"/>
</kw>
<kw name="Click Button" owner="SeleniumLibrary">
<msg time="2024-05-26T09:18:36.618085" level="INFO">Clicking button 'xpath://button[@type='submit']'.</msg>
<arg>xpath://button[@type='submit']</arg>
<doc>Clicks the button identified by ``locator``.</doc>
<status status="PASS" start="2024-05-26T09:18:36.616961" elapsed="1.391202"/>
</kw>
<arg>${username}</arg>
<arg>${password}</arg>
<status status="PASS" start="2024-05-26T09:18:35.769874" elapsed="2.238289"/>
</kw>
<kw name="verify the invalid credentials" owner="LoginResources">
<kw name="Get Text" owner="SeleniumLibrary">
<msg time="2024-05-26T09:18:38.632787" level="INFO">${result} = Invalid credentials</msg>
<var>${result}</var>
<arg>${error_msg}</arg>
<doc>Returns the text value of the element identified by ``locator``.</doc>
<status status="PASS" start="2024-05-26T09:18:38.008163" elapsed="0.624624"/>
</kw>
<kw name="Should Be Equal As Strings" owner="BuiltIn">
<arg>${result}</arg>
<arg>Invalid credentials</arg>
<doc>Fails if objects are unequal after converting them to strings.</doc>
<status status="PASS" start="2024-05-26T09:18:38.633338" elapsed="0.000000"/>
</kw>
<status status="PASS" start="2024-05-26T09:18:38.008163" elapsed="0.625175"/>
</kw>
<arg>username=Admin</arg>
<arg>password=1234</arg>
<status status="PASS" start="2024-05-26T09:18:35.766988" elapsed="2.866350"/>
</kw>
<kw name="Close Browser Session" owner="GenericResources" type="TEARDOWN">
<kw name="Close Browser" owner="SeleniumLibrary">
<doc>Closes the current browser.</doc>
<status status="PASS" start="2024-05-26T09:18:38.633338" elapsed="2.232918"/>
</kw>
<status status="PASS" start="2024-05-26T09:18:38.633338" elapsed="2.232918"/>
</kw>
<status status="PASS" start="2024-05-26T09:18:20.141613" elapsed="20.724643"/>
</test>
<test id="s1-s1-t3" name="Login to form using" line="13">
<kw name="Open the browser with url" owner="GenericResources" type="SETUP">
<kw name="Create Webdriver" owner="SeleniumLibrary">
<msg time="2024-05-26T09:18:40.873990" level="INFO">Creating an instance of the Chrome WebDriver.</msg>
<arg>${browser_name}</arg>
<doc>Creates an instance of Selenium WebDriver.</doc>
<status status="PASS" start="2024-05-26T09:18:40.873990" elapsed="1.936098"/>
</kw>
<kw name="Go To" owner="SeleniumLibrary">
<msg time="2024-05-26T09:18:42.810088" level="INFO">Opening url 'https://opensource-demo.orangehrmlive.com/web/index.php/auth/login'</msg>
<arg>${url}</arg>
<doc>Navigates the current browser window to the provided ``url``.</doc>
<status status="PASS" start="2024-05-26T09:18:42.810088" elapsed="14.410402"/>
</kw>
<kw name="Maximize Browser Window" owner="SeleniumLibrary">
<doc>Maximizes current browser window.</doc>
<status status="PASS" start="2024-05-26T09:18:57.220490" elapsed="0.060933"/>
</kw>
<kw name="Set Selenium Implicit Wait" owner="SeleniumLibrary">
<arg>5</arg>
<doc>Sets the implicit wait value used by Selenium.</doc>
<status status="PASS" start="2024-05-26T09:18:57.281423" elapsed="0.004477"/>
</kw>
<status status="PASS" start="2024-05-26T09:18:40.866256" elapsed="16.419644"/>
</kw>
<kw name="validate unsuccessful login using invalid username">
<kw name="Fill the login form" owner="LoginResources">
<kw name="Input Text" owner="SeleniumLibrary">
<msg time="2024-05-26T09:18:57.285900" level="INFO">Typing text 'aadmin' into text field 'xpath://input[@name='username']'.</msg>
<arg>xpath://input[@name='username']</arg>
<arg>${Username}</arg>
<doc>Types the given ``text`` into the text field identified by ``locator``.</doc>
<status status="PASS" start="2024-05-26T09:18:57.285900" elapsed="0.658785"/>
</kw>
<kw name="Input Password" owner="SeleniumLibrary">
<msg time="2024-05-26T09:18:57.945721" level="INFO">Typing password into text field 'xpath://input[@type='password']'.</msg>
<msg time="2024-05-26T09:18:58.023764" level="INFO">Temporally setting log level to: NONE</msg>
<arg>xpath://input[@type='password']</arg>
<arg>${Password}</arg>
<doc>Types the given password into the text field identified by ``locator``.</doc>
<status status="PASS" start="2024-05-26T09:18:57.945721" elapsed="0.258319"/>
</kw>
<kw name="Click Button" owner="SeleniumLibrary">
<msg time="2024-05-26T09:18:58.204040" level="INFO">Clicking button 'xpath://button[@type='submit']'.</msg>
<arg>xpath://button[@type='submit']</arg>
<doc>Clicks the button identified by ``locator``.</doc>
<status status="PASS" start="2024-05-26T09:18:58.204040" elapsed="1.075200"/>
</kw>
<arg>${username}</arg>
<arg>${password}</arg>
<status status="PASS" start="2024-05-26T09:18:57.285900" elapsed="1.993340"/>
</kw>
<kw name="verify the invalid credentials" owner="LoginResources">
<kw name="Get Text" owner="SeleniumLibrary">
<msg time="2024-05-26T09:18:59.726769" level="INFO">${result} = Invalid credentials</msg>
<var>${result}</var>
<arg>${error_msg}</arg>
<doc>Returns the text value of the element identified by ``locator``.</doc>
<status status="PASS" start="2024-05-26T09:18:59.279240" elapsed="0.447529"/>
</kw>
<kw name="Should Be Equal As Strings" owner="BuiltIn">
<arg>${result}</arg>
<arg>Invalid credentials</arg>
<doc>Fails if objects are unequal after converting them to strings.</doc>
<status status="PASS" start="2024-05-26T09:18:59.726769" elapsed="0.000000"/>
</kw>
<status status="PASS" start="2024-05-26T09:18:59.279240" elapsed="0.447529"/>
</kw>
<arg>username=aadmin</arg>
<arg>password=12345</arg>
<status status="PASS" start="2024-05-26T09:18:57.285900" elapsed="2.440869"/>
</kw>
<kw name="Close Browser Session" owner="GenericResources" type="TEARDOWN">
<kw name="Close Browser" owner="SeleniumLibrary">
<doc>Closes the current browser.</doc>
<status status="PASS" start="2024-05-26T09:18:59.736013" elapsed="2.257525"/>
</kw>
<status status="PASS" start="2024-05-26T09:18:59.735345" elapsed="2.258749"/>
</kw>
<status status="PASS" start="2024-05-26T09:18:40.866256" elapsed="21.127838"/>
</test>
<doc>test invalid login to login page</doc>
<status status="PASS" start="2024-05-26T09:17:10.567194" elapsed="111.427646"/>
</suite>
<status status="PASS" start="2024-05-26T09:17:10.528250" elapsed="111.469524"/>
</suite>
<statistics>
<total>
<stat pass="3" fail="0" skip="0">All Tests</stat>
</total>
<tag>
</tag>
<suite>
<stat pass="3" fail="0" skip="0" id="s1" name="TestCases">TestCases</stat>
<stat pass="3" fail="0" skip="0" id="s1-s1" name="Test LoginInvalid">TestCases.Test LoginInvalid</stat>
</suite>
</statistics>
<errors>
<msg time="2024-05-26T09:18:20.138559" level="WARN">Multiple tests with name 'Login to form using' executed in suite 'TestCases.Test LoginInvalid'.</msg>
<msg time="2024-05-26T09:18:40.866256" level="WARN">Multiple tests with name 'Login to form using' executed in suite 'TestCases.Test LoginInvalid'.</msg>
</errors>
</robot>
