<?xml version="1.0" encoding="UTF-8"?>
<robot generator="Robot 7.0 (Python 3.12.2 on win32)" generated="2024-05-26T09:17:10.350080" rpa="false" schemaversion="5">
<suite id="s1" name="TestCases" source="C:\Users\SM\Desktop\Team02_OrangeHRM\Team2_OrangeHRM\TestCases">
<suite id="s1-s1" name="Test ChangePassword" source="C:\Users\SM\Desktop\Team02_OrangeHRM\Team2_OrangeHRM\TestCases\Test_ChangePassword.robot">
<test id="s1-s1-t1" name="validate successful change password" line="20">
<kw name="Open the browser with url" owner="GenericResources" type="SETUP">
<kw name="Create Webdriver" owner="SeleniumLibrary">
<msg time="2024-05-26T09:17:11.090379" level="INFO">Creating an instance of the Chrome WebDriver.</msg>
<arg>${browser_name}</arg>
<doc>Creates an instance of Selenium WebDriver.</doc>
<status status="PASS" start="2024-05-26T09:17:11.090379" elapsed="4.465342"/>
</kw>
<kw name="Go To" owner="SeleniumLibrary">
<msg time="2024-05-26T09:17:15.557122" level="INFO">Opening url 'https://opensource-demo.orangehrmlive.com/web/index.php/auth/login'</msg>
<arg>${url}</arg>
<doc>Navigates the current browser window to the provided ``url``.</doc>
<status status="PASS" start="2024-05-26T09:17:15.555721" elapsed="15.913119"/>
</kw>
<kw name="Maximize Browser Window" owner="SeleniumLibrary">
<doc>Maximizes current browser window.</doc>
<status status="PASS" start="2024-05-26T09:17:31.471105" elapsed="0.404866"/>
</kw>
<kw name="Set Selenium Implicit Wait" owner="SeleniumLibrary">
<arg>5</arg>
<doc>Sets the implicit wait value used by Selenium.</doc>
<status status="PASS" start="2024-05-26T09:17:31.875971" elapsed="0.016524"/>
</kw>
<status status="PASS" start="2024-05-26T09:17:11.090379" elapsed="20.802116"/>
</kw>
<kw name="Fill the login form" owner="LoginResources">
<kw name="Input Text" owner="SeleniumLibrary">
<msg time="2024-05-26T09:17:31.900812" level="INFO">Typing text 'Admin' into text field 'xpath://input[@name='username']'.</msg>
<arg>xpath://input[@name='username']</arg>
<arg>${Username}</arg>
<doc>Types the given ``text`` into the text field identified by ``locator``.</doc>
<status status="PASS" start="2024-05-26T09:17:31.899281" elapsed="1.689512"/>
</kw>
<kw name="Input Password" owner="SeleniumLibrary">
<msg time="2024-05-26T09:17:33.593734" level="INFO">Typing password into text field 'xpath://input[@type='password']'.</msg>
<msg time="2024-05-26T09:17:34.624070" level="INFO">Temporally setting log level to: NONE</msg>
<arg>xpath://input[@type='password']</arg>
<arg>${Password}</arg>
<doc>Types the given password into the text field identified by ``locator``.</doc>
<status status="PASS" start="2024-05-26T09:17:33.592545" elapsed="3.586295"/>
</kw>
<kw name="Click Button" owner="SeleniumLibrary">
<msg time="2024-05-26T09:17:37.178840" level="INFO">Clicking button 'xpath://button[@type='submit']'.</msg>
<arg>xpath://button[@type='submit']</arg>
<doc>Clicks the button identified by ``locator``.</doc>
<status status="PASS" start="2024-05-26T09:17:37.178840" elapsed="4.716386"/>
</kw>
<arg>${username}</arg>
<arg>${password}</arg>
<status status="PASS" start="2024-05-26T09:17:31.892495" elapsed="10.033868"/>
</kw>
<kw name="Set Selenium Implicit Wait" owner="SeleniumLibrary">
<arg>5</arg>
<doc>Sets the implicit wait value used by Selenium.</doc>
<status status="PASS" start="2024-05-26T09:17:42.189871" elapsed="0.311361"/>
</kw>
<kw name="verify the valid credentials" owner="LoginResources">
<kw name="Element Text Should Be" owner="SeleniumLibrary">
<msg time="2024-05-26T09:17:42.534848" level="INFO">Verifying element 'xpath://h6[text()="Dashboard"]' contains exact text 'Dashboard'.</msg>
<arg>${dashBoard}</arg>
<arg>Dashboard</arg>
<doc>Verifies that element ``locator`` contains exact the text ``expected``.</doc>
<status status="PASS" start="2024-05-26T09:17:42.521241" elapsed="1.358524"/>
</kw>
<status status="PASS" start="2024-05-26T09:17:42.518718" elapsed="1.361047"/>
</kw>
<kw name="click user icon" owner="ChangePasswordResources">
<kw name="Click Element" owner="SeleniumLibrary">
<msg time="2024-05-26T09:17:43.924974" level="INFO">Clicking element 'xpath://p[@class="oxd-userdropdown-name"]'.</msg>
<arg>${user}</arg>
<doc>Click the element identified by ``locator``.</doc>
<status status="PASS" start="2024-05-26T09:17:43.891318" elapsed="0.612525"/>
</kw>
<status status="PASS" start="2024-05-26T09:17:43.883475" elapsed="0.621810"/>
</kw>
<kw name="click change password" owner="ChangePasswordResources">
<kw name="Click Element" owner="SeleniumLibrary">
<msg time="2024-05-26T09:17:44.513314" level="INFO">Clicking element 'xpath:(//a[@class="oxd-userdropdown-link"])[3]'.</msg>
<arg>${change_password}</arg>
<doc>Click the element identified by ``locator``.</doc>
<status status="PASS" start="2024-05-26T09:17:44.505285" elapsed="5.823257"/>
</kw>
<status status="PASS" start="2024-05-26T09:17:44.505285" elapsed="5.831017"/>
</kw>
<kw name="Fill the change password" owner="ChangePasswordResources">
<kw name="Input Password" owner="SeleniumLibrary">
<msg time="2024-05-26T09:17:50.346699" level="INFO">Typing password into text field 'xpath:(//input[@type="password"])[1]'.</msg>
<msg time="2024-05-26T09:17:53.987098" level="INFO">Temporally setting log level to: NONE</msg>
<arg>${current_password_field}</arg>
<arg>${current_password}</arg>
<doc>Types the given password into the text field identified by ``locator``.</doc>
<status status="PASS" start="2024-05-26T09:17:50.344552" elapsed="4.555411"/>
</kw>
<kw name="Input Password" owner="SeleniumLibrary">
<msg time="2024-05-26T09:17:54.905965" level="INFO">Typing password into text field 'xpath:(//input[@type="password"])[2]'.</msg>
<msg time="2024-05-26T09:17:55.598657" level="INFO">Temporally setting log level to: NONE</msg>
<arg>${new_password_field}</arg>
<arg>${new_password}</arg>
<doc>Types the given password into the text field identified by ``locator``.</doc>
<status status="PASS" start="2024-05-26T09:17:54.903409" elapsed="1.395722"/>
</kw>
<kw name="Input Password" owner="SeleniumLibrary">
<msg time="2024-05-26T09:17:56.300900" level="INFO">Typing password into text field 'xpath:(//input[@type="password"])[3]'.</msg>
<msg time="2024-05-26T09:17:56.958928" level="INFO">Temporally setting log level to: NONE</msg>
<arg>${confirm_password_field}</arg>
<arg>${confirm_password}</arg>
<doc>Types the given password into the text field identified by ``locator``.</doc>
<status status="PASS" start="2024-05-26T09:17:56.300900" elapsed="1.971530"/>
</kw>
<kw name="Click Button" owner="SeleniumLibrary">
<msg time="2024-05-26T09:17:58.277981" level="INFO">Clicking button 'xpath://button[@type='submit']'.</msg>
<arg>${submit_button}</arg>
<doc>Clicks the button identified by ``locator``.</doc>
<status status="PASS" start="2024-05-26T09:17:58.272430" elapsed="0.959356"/>
</kw>
<arg>${currentPassword}</arg>
<arg>${Password}</arg>
<arg>${confirm_password}</arg>
<status status="PASS" start="2024-05-26T09:17:50.340928" elapsed="8.890858"/>
</kw>
<kw name="Set Selenium Implicit Wait" owner="SeleniumLibrary">
<arg>3</arg>
<doc>Sets the implicit wait value used by Selenium.</doc>
<status status="PASS" start="2024-05-26T09:17:59.234326" elapsed="0.015984"/>
</kw>
<kw name="verify successful update message" owner="ChangePasswordResources">
<kw name="Should Contain" owner="BuiltIn">
<arg>${updated}</arg>
<arg>Successfully Saved</arg>
<doc>Fails if ``container`` does not contain ``item`` one or more times.</doc>
<status status="PASS" start="2024-05-26T09:17:59.269524" elapsed="0.018244"/>
</kw>
<status status="PASS" start="2024-05-26T09:17:59.254604" elapsed="0.037189"/>
</kw>
<kw name="Close Browser Session" owner="GenericResources" type="TEARDOWN">
<kw name="Close Browser" owner="SeleniumLibrary">
<doc>Closes the current browser.</doc>
<status status="PASS" start="2024-05-26T09:17:59.338217" elapsed="4.140819"/>
</kw>
<status status="PASS" start="2024-05-26T09:17:59.309753" elapsed="4.170709"/>
</kw>
<status status="PASS" start="2024-05-26T09:17:11.089323" elapsed="52.391139"/>
</test>
<test id="s1-s1-t2" name="Verify invalid current password" line="30">
<kw name="Open the browser with url" owner="GenericResources" type="SETUP">
<kw name="Create Webdriver" owner="SeleniumLibrary">
<msg time="2024-05-26T09:18:03.538079" level="INFO">Creating an instance of the Chrome WebDriver.</msg>
<arg>${browser_name}</arg>
<doc>Creates an instance of Selenium WebDriver.</doc>
<status status="PASS" start="2024-05-26T09:18:03.538079" elapsed="6.749881"/>
</kw>
<kw name="Go To" owner="SeleniumLibrary">
<msg time="2024-05-26T09:18:10.291006" level="INFO">Opening url 'https://opensource-demo.orangehrmlive.com/web/index.php/auth/login'</msg>
<arg>${url}</arg>
<doc>Navigates the current browser window to the provided ``url``.</doc>
<status status="PASS" start="2024-05-26T09:18:10.291006" elapsed="1.064519"/>
</kw>
<kw name="Maximize Browser Window" owner="SeleniumLibrary">
<doc>Maximizes current browser window.</doc>
<status status="PASS" start="2024-05-26T09:18:11.356403" elapsed="10.278790"/>
</kw>
<kw name="Set Selenium Implicit Wait" owner="SeleniumLibrary">
<arg>5</arg>
<doc>Sets the implicit wait value used by Selenium.</doc>
<status status="PASS" start="2024-05-26T09:18:21.635193" elapsed="0.000000"/>
</kw>
<status status="PASS" start="2024-05-26T09:18:03.529320" elapsed="18.111358"/>
</kw>
<kw name="Fill the login form" owner="LoginResources">
<kw name="Input Text" owner="SeleniumLibrary">
<msg time="2024-05-26T09:18:21.643376" level="INFO">Typing text 'Admin' into text field 'xpath://input[@name='username']'.</msg>
<arg>xpath://input[@name='username']</arg>
<arg>${Username}</arg>
<doc>Types the given ``text`` into the text field identified by ``locator``.</doc>
<status status="PASS" start="2024-05-26T09:18:21.643024" elapsed="1.483411"/>
</kw>
<kw name="Input Password" owner="SeleniumLibrary">
<msg time="2024-05-26T09:18:23.126435" level="INFO">Typing password into text field 'xpath://input[@type='password']'.</msg>
<msg time="2024-05-26T09:18:23.215054" level="INFO">Temporally setting log level to: NONE</msg>
<arg>xpath://input[@type='password']</arg>
<arg>${Password}</arg>
<doc>Types the given password into the text field identified by ``locator``.</doc>
<status status="PASS" start="2024-05-26T09:18:23.126435" elapsed="0.268534"/>
</kw>
<kw name="Click Button" owner="SeleniumLibrary">
<msg time="2024-05-26T09:18:23.394969" level="INFO">Clicking button 'xpath://button[@type='submit']'.</msg>
<arg>xpath://button[@type='submit']</arg>
<doc>Clicks the button identified by ``locator``.</doc>
<status status="PASS" start="2024-05-26T09:18:23.394969" elapsed="0.174540"/>
</kw>
<arg>${username}</arg>
<arg>${password}</arg>
<status status="PASS" start="2024-05-26T09:18:21.640678" elapsed="1.928831"/>
</kw>
<kw name="Set Selenium Implicit Wait" owner="SeleniumLibrary">
<arg>5</arg>
<doc>Sets the implicit wait value used by Selenium.</doc>
<status status="PASS" start="2024-05-26T09:18:23.569509" elapsed="0.010504"/>
</kw>
<kw name="verify the valid credentials" owner="LoginResources">
<kw name="Element Text Should Be" owner="SeleniumLibrary">
<msg time="2024-05-26T09:18:23.586037" level="INFO">Verifying element 'xpath://h6[text()="Dashboard"]' contains exact text 'Dashboard'.</msg>
<arg>${dashBoard}</arg>
<arg>Dashboard</arg>
<doc>Verifies that element ``locator`` contains exact the text ``expected``.</doc>
<status status="PASS" start="2024-05-26T09:18:23.580013" elapsed="2.225662"/>
</kw>
<status status="PASS" start="2024-05-26T09:18:23.580013" elapsed="2.225662"/>
</kw>
<kw name="click user icon" owner="ChangePasswordResources">
<kw name="Click Element" owner="SeleniumLibrary">
<msg time="2024-05-26T09:18:25.808216" level="INFO">Clicking element 'xpath://p[@class="oxd-userdropdown-name"]'.</msg>
<arg>${user}</arg>
<doc>Click the element identified by ``locator``.</doc>
<status status="PASS" start="2024-05-26T09:18:25.807688" elapsed="0.088379"/>
</kw>
<status status="PASS" start="2024-05-26T09:18:25.805675" elapsed="0.090392"/>
</kw>
<kw name="click change password" owner="ChangePasswordResources">
<kw name="Click Element" owner="SeleniumLibrary">
<msg time="2024-05-26T09:18:25.903225" level="INFO">Clicking element 'xpath:(//a[@class="oxd-userdropdown-link"])[3]'.</msg>
<arg>${change_password}</arg>
<doc>Click the element identified by ``locator``.</doc>
<status status="PASS" start="2024-05-26T09:18:25.903225" elapsed="1.385825"/>
</kw>
<status status="PASS" start="2024-05-26T09:18:25.896067" elapsed="1.392983"/>
</kw>
<kw name="Fill the change password" owner="ChangePasswordResources">
<kw name="Input Password" owner="SeleniumLibrary">
<msg time="2024-05-26T09:18:27.289050" level="INFO">Typing password into text field 'xpath:(//input[@type="password"])[1]'.</msg>
<msg time="2024-05-26T09:18:27.769338" level="INFO">Temporally setting log level to: NONE</msg>
<arg>${current_password_field}</arg>
<arg>${current_password}</arg>
<doc>Types the given password into the text field identified by ``locator``.</doc>
<status status="PASS" start="2024-05-26T09:18:27.289050" elapsed="0.558342"/>
</kw>
<kw name="Input Password" owner="SeleniumLibrary">
<msg time="2024-05-26T09:18:27.855422" level="INFO">Typing password into text field 'xpath:(//input[@type="password"])[2]'.</msg>
<msg time="2024-05-26T09:18:27.922927" level="INFO">Temporally setting log level to: NONE</msg>
<arg>${new_password_field}</arg>
<arg>${new_password}</arg>
<doc>Types the given password into the text field identified by ``locator``.</doc>
<status status="PASS" start="2024-05-26T09:18:27.855422" elapsed="0.186668"/>
</kw>
<kw name="Input Password" owner="SeleniumLibrary">
<msg time="2024-05-26T09:18:28.042090" level="INFO">Typing password into text field 'xpath:(//input[@type="password"])[3]'.</msg>
<msg time="2024-05-26T09:18:28.119209" level="INFO">Temporally setting log level to: NONE</msg>
<arg>${confirm_password_field}</arg>
<arg>${confirm_password}</arg>
<doc>Types the given password into the text field identified by ``locator``.</doc>
<status status="PASS" start="2024-05-26T09:18:28.042090" elapsed="0.180400"/>
</kw>
<kw name="Click Button" owner="SeleniumLibrary">
<msg time="2024-05-26T09:18:28.222490" level="INFO">Clicking button 'xpath://button[@type='submit']'.</msg>
<arg>${submit_button}</arg>
<doc>Clicks the button identified by ``locator``.</doc>
<status status="PASS" start="2024-05-26T09:18:28.222490" elapsed="0.113388"/>
</kw>
<arg>${invalid_password}</arg>
<arg>${Password}</arg>
<arg>${confirm_password}</arg>
<status status="PASS" start="2024-05-26T09:18:27.289050" elapsed="1.048847"/>
</kw>
<kw name="Set Selenium Implicit Wait" owner="SeleniumLibrary">
<arg>3</arg>
<doc>Sets the implicit wait value used by Selenium.</doc>
<status status="PASS" start="2024-05-26T09:18:28.337897" elapsed="0.000000"/>
</kw>
<kw name="Verify error message for incorrect current message" owner="ChangePasswordResources">
<kw name="Should Contain" owner="BuiltIn">
<arg>${error_message}</arg>
<arg>Current Password is Incorrect</arg>
<doc>Fails if ``container`` does not contain ``item`` one or more times.</doc>
<status status="PASS" start="2024-05-26T09:18:28.337897" elapsed="0.000000"/>
</kw>
<status status="PASS" start="2024-05-26T09:18:28.337897" elapsed="0.000000"/>
</kw>
<kw name="Close Browser Session" owner="GenericResources" type="TEARDOWN">
<kw name="Close Browser" owner="SeleniumLibrary">
<doc>Closes the current browser.</doc>
<status status="PASS" start="2024-05-26T09:18:28.337897" elapsed="2.290637"/>
</kw>
<status status="PASS" start="2024-05-26T09:18:28.337897" elapsed="2.292135"/>
</kw>
<status status="PASS" start="2024-05-26T09:18:03.515940" elapsed="27.114092"/>
</test>
<test id="s1-s1-t3" name="Verify invalid confirm password" line="40">
<kw name="Open the browser with url" owner="GenericResources" type="SETUP">
<kw name="Create Webdriver" owner="SeleniumLibrary">
<msg time="2024-05-26T09:18:30.630032" level="INFO">Creating an instance of the Chrome WebDriver.</msg>
<arg>${browser_name}</arg>
<doc>Creates an instance of Selenium WebDriver.</doc>
<status status="PASS" start="2024-05-26T09:18:30.630032" elapsed="2.066352"/>
</kw>
<kw name="Go To" owner="SeleniumLibrary">
<msg time="2024-05-26T09:18:32.696384" level="INFO">Opening url 'https://opensource-demo.orangehrmlive.com/web/index.php/auth/login'</msg>
<arg>${url}</arg>
<doc>Navigates the current browser window to the provided ``url``.</doc>
<status status="PASS" start="2024-05-26T09:18:32.696384" elapsed="28.175480"/>
</kw>
<kw name="Maximize Browser Window" owner="SeleniumLibrary">
<doc>Maximizes current browser window.</doc>
<status status="PASS" start="2024-05-26T09:19:00.871864" elapsed="0.046785"/>
</kw>
<kw name="Set Selenium Implicit Wait" owner="SeleniumLibrary">
<arg>5</arg>
<doc>Sets the implicit wait value used by Selenium.</doc>
<status status="PASS" start="2024-05-26T09:19:00.925340" elapsed="0.005931"/>
</kw>
<status status="PASS" start="2024-05-26T09:18:30.630032" elapsed="30.301239"/>
</kw>
<kw name="Fill the login form" owner="LoginResources">
<kw name="Input Text" owner="SeleniumLibrary">
<msg time="2024-05-26T09:19:00.934655" level="INFO">Typing text 'Admin' into text field 'xpath://input[@name='username']'.</msg>
<arg>xpath://input[@name='username']</arg>
<arg>${Username}</arg>
<doc>Types the given ``text`` into the text field identified by ``locator``.</doc>
<status status="PASS" start="2024-05-26T09:19:00.934655" elapsed="1.355163"/>
</kw>
<kw name="Input Password" owner="SeleniumLibrary">
<msg time="2024-05-26T09:19:02.299831" level="INFO">Typing password into text field 'xpath://input[@type='password']'.</msg>
<msg time="2024-05-26T09:19:02.370573" level="INFO">Temporally setting log level to: NONE</msg>
<arg>xpath://input[@type='password']</arg>
<arg>${Password}</arg>
<doc>Types the given password into the text field identified by ``locator``.</doc>
<status status="PASS" start="2024-05-26T09:19:02.299831" elapsed="0.331577"/>
</kw>
<kw name="Click Button" owner="SeleniumLibrary">
<msg time="2024-05-26T09:19:02.638899" level="INFO">Clicking button 'xpath://button[@type='submit']'.</msg>
<arg>xpath://button[@type='submit']</arg>
<doc>Clicks the button identified by ``locator``.</doc>
<status status="PASS" start="2024-05-26T09:19:02.638899" elapsed="0.179931"/>
</kw>
<arg>${username}</arg>
<arg>${password}</arg>
<status status="PASS" start="2024-05-26T09:19:00.934655" elapsed="1.884175"/>
</kw>
<kw name="Set Selenium Implicit Wait" owner="SeleniumLibrary">
<arg>5</arg>
<doc>Sets the implicit wait value used by Selenium.</doc>
<status status="PASS" start="2024-05-26T09:19:02.823379" elapsed="0.002833"/>
</kw>
<kw name="verify the valid credentials" owner="LoginResources">
<kw name="Element Text Should Be" owner="SeleniumLibrary">
<msg time="2024-05-26T09:19:02.827735" level="INFO">Verifying element 'xpath://h6[text()="Dashboard"]' contains exact text 'Dashboard'.</msg>
<arg>${dashBoard}</arg>
<arg>Dashboard</arg>
<doc>Verifies that element ``locator`` contains exact the text ``expected``.</doc>
<status status="PASS" start="2024-05-26T09:19:02.827735" elapsed="2.373261"/>
</kw>
<status status="PASS" start="2024-05-26T09:19:02.826212" elapsed="2.375399"/>
</kw>
<kw name="click user icon" owner="ChangePasswordResources">
<kw name="Click Element" owner="SeleniumLibrary">
<msg time="2024-05-26T09:19:05.201611" level="INFO">Clicking element 'xpath://p[@class="oxd-userdropdown-name"]'.</msg>
<arg>${user}</arg>
<doc>Click the element identified by ``locator``.</doc>
<status status="PASS" start="2024-05-26T09:19:05.201611" elapsed="0.100059"/>
</kw>
<status status="PASS" start="2024-05-26T09:19:05.201611" elapsed="0.100059"/>
</kw>
<kw name="click change password" owner="ChangePasswordResources">
<kw name="Click Element" owner="SeleniumLibrary">
<msg time="2024-05-26T09:19:05.301670" level="INFO">Clicking element 'xpath:(//a[@class="oxd-userdropdown-link"])[3]'.</msg>
<arg>${change_password}</arg>
<doc>Click the element identified by ``locator``.</doc>
<status status="PASS" start="2024-05-26T09:19:05.301670" elapsed="1.157017"/>
</kw>
<status status="PASS" start="2024-05-26T09:19:05.301670" elapsed="1.157017"/>
</kw>
<kw name="Fill the change password" owner="ChangePasswordResources">
<kw name="Input Password" owner="SeleniumLibrary">
<msg time="2024-05-26T09:19:06.458687" level="INFO">Typing password into text field 'xpath:(//input[@type="password"])[1]'.</msg>
<msg time="2024-05-26T09:19:07.007739" level="INFO">Temporally setting log level to: NONE</msg>
<arg>${current_password_field}</arg>
<arg>${current_password}</arg>
<doc>Types the given password into the text field identified by ``locator``.</doc>
<status status="PASS" start="2024-05-26T09:19:06.458687" elapsed="0.706794"/>
</kw>
<kw name="Input Password" owner="SeleniumLibrary">
<msg time="2024-05-26T09:19:07.166833" level="INFO">Typing password into text field 'xpath:(//input[@type="password"])[2]'.</msg>
<msg time="2024-05-26T09:19:07.242667" level="INFO">Temporally setting log level to: NONE</msg>
<arg>${new_password_field}</arg>
<arg>${new_password}</arg>
<doc>Types the given password into the text field identified by ``locator``.</doc>
<status status="PASS" start="2024-05-26T09:19:07.165481" elapsed="0.233248"/>
</kw>
<kw name="Input Password" owner="SeleniumLibrary">
<msg time="2024-05-26T09:19:07.398729" level="INFO">Typing password into text field 'xpath:(//input[@type="password"])[3]'.</msg>
<msg time="2024-05-26T09:19:07.462092" level="INFO">Temporally setting log level to: NONE</msg>
<arg>${confirm_password_field}</arg>
<arg>${confirm_password}</arg>
<doc>Types the given password into the text field identified by ``locator``.</doc>
<status status="PASS" start="2024-05-26T09:19:07.398729" elapsed="0.195205"/>
</kw>
<kw name="Click Button" owner="SeleniumLibrary">
<msg time="2024-05-26T09:19:07.593934" level="INFO">Clicking button 'xpath://button[@type='submit']'.</msg>
<arg>${submit_button}</arg>
<doc>Clicks the button identified by ``locator``.</doc>
<status status="PASS" start="2024-05-26T09:19:07.593934" elapsed="0.114279"/>
</kw>
<arg>${invalid_password}</arg>
<arg>${Password}</arg>
<arg>${invalidconfirm_password}</arg>
<status status="PASS" start="2024-05-26T09:19:06.458687" elapsed="1.249526"/>
</kw>
<kw name="Set Selenium Implicit Wait" owner="SeleniumLibrary">
<arg>3</arg>
<doc>Sets the implicit wait value used by Selenium.</doc>
<status status="PASS" start="2024-05-26T09:19:07.709739" elapsed="0.000000"/>
</kw>
<kw name="verify error message for incorrect passwords" owner="ChangePasswordResources">
<kw name="Element Text Should Be" owner="SeleniumLibrary">
<msg time="2024-05-26T09:19:07.709739" level="INFO">Verifying element 'xpath://span[text()='Passwords do not match']' contains exact text 'Passwords do not match'.</msg>
<arg>${alert}</arg>
<arg>Passwords do not match</arg>
<doc>Verifies that element ``locator`` contains exact the text ``expected``.</doc>
<status status="PASS" start="2024-05-26T09:19:07.709739" elapsed="0.040621"/>
</kw>
<status status="PASS" start="2024-05-26T09:19:07.709739" elapsed="0.040621"/>
</kw>
<kw name="Close Browser Session" owner="GenericResources" type="TEARDOWN">
<kw name="Close Browser" owner="SeleniumLibrary">
<doc>Closes the current browser.</doc>
<status status="PASS" start="2024-05-26T09:19:07.757203" elapsed="2.401896"/>
</kw>
<status status="PASS" start="2024-05-26T09:19:07.757203" elapsed="2.401896"/>
</kw>
<status status="PASS" start="2024-05-26T09:18:30.630032" elapsed="39.529067"/>
</test>
<doc>test search to dashboard page</doc>
<status status="PASS" start="2024-05-26T09:17:10.437587" elapsed="119.721512"/>
</suite>
<status status="PASS" start="2024-05-26T09:17:10.407390" elapsed="119.761553"/>
</suite>
<statistics>
<total>
<stat pass="3" fail="0" skip="0">All Tests</stat>
</total>
<tag>
</tag>
<suite>
<stat pass="3" fail="0" skip="0" id="s1" name="TestCases">TestCases</stat>
<stat pass="3" fail="0" skip="0" id="s1-s1" name="Test ChangePassword">TestCases.Test ChangePassword</stat>
</suite>
</statistics>
<errors>
</errors>
</robot>
