<?xml version="1.0" encoding="UTF-8"?>
<robot generator="Robot 7.0 (Python 3.12.2 on win32)" generated="2024-05-28T00:09:42.246633" rpa="false" schemaversion="5">
<suite id="s1" name="TestCases" source="C:\Users\SM\Desktop\Team02_OrangeHRM\Team2_OrangeHRM\TestCases">
<suite id="s1-s1" name="Test Depedent save" source="C:\Users\SM\Desktop\Team02_OrangeHRM\Team2_OrangeHRM\TestCases\Test_Depedent_save.robot">
<test id="s1-s1-t1" name="Name" line="18">
<kw name="Open the browser with url" owner="GenericResources" type="SETUP">
<kw name="Create Webdriver" owner="SeleniumLibrary">
<msg time="2024-05-28T00:09:42.951738" level="INFO">Creating an instance of the Chrome WebDriver.</msg>
<arg>${browser_name}</arg>
<doc>Creates an instance of Selenium WebDriver.</doc>
<status status="PASS" start="2024-05-28T00:09:42.951738" elapsed="10.392897"/>
</kw>
<kw name="Go To" owner="SeleniumLibrary">
<msg time="2024-05-28T00:09:53.352615" level="INFO">Opening url 'https://opensource-demo.orangehrmlive.com/web/index.php/auth/login'</msg>
<arg>${url}</arg>
<doc>Navigates the current browser window to the provided ``url``.</doc>
<status status="PASS" start="2024-05-28T00:09:53.347676" elapsed="11.305737"/>
</kw>
<kw name="Maximize Browser Window" owner="SeleniumLibrary">
<doc>Maximizes current browser window.</doc>
<status status="PASS" start="2024-05-28T00:10:04.655552" elapsed="0.564104"/>
</kw>
<kw name="Set Selenium Implicit Wait" owner="SeleniumLibrary">
<arg>5</arg>
<doc>Sets the implicit wait value used by Selenium.</doc>
<status status="PASS" start="2024-05-28T00:10:05.219656" elapsed="0.036144"/>
</kw>
<status status="PASS" start="2024-05-28T00:09:42.951738" elapsed="22.307223"/>
</kw>
<kw name="validate successful saved Dependent">
<kw name="Fill the login form" owner="LoginResources">
<kw name="Input Text" owner="SeleniumLibrary">
<msg time="2024-05-28T00:10:05.862070" level="INFO">Typing text 'Admin' into text field 'xpath://input[@name='username']'.</msg>
<arg>xpath://input[@name='username']</arg>
<arg>${Username}</arg>
<doc>Types the given ``text`` into the text field identified by ``locator``.</doc>
<status status="PASS" start="2024-05-28T00:10:05.845835" elapsed="6.222742"/>
</kw>
<kw name="Input Password" owner="SeleniumLibrary">
<msg time="2024-05-28T00:10:12.073874" level="INFO">Typing password into text field 'xpath://input[@type='password']'.</msg>
<msg time="2024-05-28T00:10:13.216357" level="INFO">Temporally setting log level to: NONE</msg>
<arg>xpath://input[@type='password']</arg>
<arg>${Password}</arg>
<doc>Types the given password into the text field identified by ``locator``.</doc>
<status status="PASS" start="2024-05-28T00:10:12.070953" elapsed="2.728598"/>
</kw>
<kw name="Click Button" owner="SeleniumLibrary">
<msg time="2024-05-28T00:10:14.820664" level="INFO">Clicking button 'xpath://button[@type='submit']'.</msg>
<arg>xpath://button[@type='submit']</arg>
<doc>Clicks the button identified by ``locator``.</doc>
<status status="PASS" start="2024-05-28T00:10:14.799551" elapsed="4.921415"/>
</kw>
<arg>${username}</arg>
<arg>${password}</arg>
<status status="PASS" start="2024-05-28T00:10:05.841311" elapsed="13.890778"/>
</kw>
<kw name="Set Selenium Implicit Wait" owner="SeleniumLibrary">
<arg>5</arg>
<doc>Sets the implicit wait value used by Selenium.</doc>
<status status="PASS" start="2024-05-28T00:10:20.700505" elapsed="0.468130"/>
</kw>
<kw name="verify the valid credentials" owner="LoginResources">
<kw name="Element Text Should Be" owner="SeleniumLibrary">
<msg time="2024-05-28T00:10:21.188499" level="INFO">Verifying element 'xpath://h6[text()="Dashboard"]' contains exact text 'Dashboard'.</msg>
<arg>${dashBoard}</arg>
<arg>Dashboard</arg>
<doc>Verifies that element ``locator`` contains exact the text ``expected``.</doc>
<status status="PASS" start="2024-05-28T00:10:21.180704" elapsed="3.050441"/>
</kw>
<status status="PASS" start="2024-05-28T00:10:21.170577" elapsed="3.062809"/>
</kw>
<kw name="click myInfo Button" owner="MyInfoResource">
<kw name="Click Element" owner="SeleniumLibrary">
<msg time="2024-05-28T00:10:24.518678" level="INFO">Clicking element 'xpath://span[text()='My Info']'.</msg>
<arg>${myInfo}</arg>
<doc>Click the element identified by ``locator``.</doc>
<status status="PASS" start="2024-05-28T00:10:24.238168" elapsed="2.878447"/>
</kw>
<status status="PASS" start="2024-05-28T00:10:24.233651" elapsed="2.882964"/>
</kw>
<kw name="click dependent element" owner="MyInfoResource">
<kw name="Click Link" owner="SeleniumLibrary">
<msg time="2024-05-28T00:10:27.125957" level="INFO">Clicking link 'xpath://a[text()='Dependents']'.</msg>
<arg>${dependents}</arg>
<doc>Clicks a link identified by ``locator``.</doc>
<status status="PASS" start="2024-05-28T00:10:27.123621" elapsed="4.351426"/>
</kw>
<status status="PASS" start="2024-05-28T00:10:27.121986" elapsed="4.359217"/>
</kw>
<kw name="click add button" owner="DependentResources">
<kw name="Click Button" owner="SeleniumLibrary">
<msg time="2024-05-28T00:10:31.530383" level="INFO">Clicking button 'xpath:(//button[@type="button"])[3]'.</msg>
<arg>${add}</arg>
<doc>Clicks the button identified by ``locator``.</doc>
<status status="PASS" start="2024-05-28T00:10:31.522362" elapsed="1.596059"/>
</kw>
<status status="PASS" start="2024-05-28T00:10:31.505500" elapsed="1.615810"/>
</kw>
<kw name="Fill the details" owner="DependentResources">
<kw name="Input Text" owner="SeleniumLibrary">
<msg time="2024-05-28T00:10:33.169134" level="INFO">Typing text 'Suvetha' into text field 'xpath=(//input[@data-v-1f99f73c])[2]'.</msg>
<arg>${Name}</arg>
<arg>${names}</arg>
<doc>Types the given ``text`` into the text field identified by ``locator``.</doc>
<status status="PASS" start="2024-05-28T00:10:33.168009" elapsed="1.109189"/>
</kw>
<arg>${Name}</arg>
<status status="PASS" start="2024-05-28T00:10:33.143833" elapsed="1.133365"/>
</kw>
<kw name="select relationship as child" owner="DependentResources">
<kw name="Click Element" owner="SeleniumLibrary">
<msg time="2024-05-28T00:10:34.284052" level="INFO">Clicking element 'xpath=(//div[@data-v-67d2aedf])[2]'.</msg>
<arg>${Relationship}</arg>
<doc>Click the element identified by ``locator``.</doc>
<status status="PASS" start="2024-05-28T00:10:34.284052" elapsed="0.389208"/>
</kw>
<kw name="Wait Until Element Is Visible" owner="SeleniumLibrary">
<arg>${Relationship}</arg>
<arg>10s</arg>
<doc>Waits until the element ``locator`` is visible.</doc>
<status status="PASS" start="2024-05-28T00:10:34.679284" elapsed="0.148479"/>
</kw>
<kw name="Wait Until Element Is Enabled" owner="SeleniumLibrary">
<arg>${Relationship}</arg>
<arg>10s</arg>
<doc>Waits until the element ``locator`` is enabled.</doc>
<status status="PASS" start="2024-05-28T00:10:34.828325" elapsed="0.259855"/>
</kw>
<kw name="Click Element" owner="SeleniumLibrary">
<msg time="2024-05-28T00:10:35.090292" level="INFO">Clicking element 'xpath://span[text()='Child']'.</msg>
<arg>${child}</arg>
<doc>Click the element identified by ``locator``.</doc>
<status status="PASS" start="2024-05-28T00:10:35.088180" elapsed="0.796499"/>
</kw>
<status status="PASS" start="2024-05-28T00:10:34.277198" elapsed="1.607481"/>
</kw>
<kw name="Click Save Button" owner="DependentResources">
<kw name="Click Button" owner="SeleniumLibrary">
<msg time="2024-05-28T00:10:35.889239" level="INFO">Clicking button 'xpath:(//button[text()=" Save "])[1]'.</msg>
<arg>${save}</arg>
<doc>Clicks the button identified by ``locator``.</doc>
<status status="PASS" start="2024-05-28T00:10:35.887191" elapsed="1.586306"/>
</kw>
<kw name="Should Contain" owner="BuiltIn">
<arg>${success_save}</arg>
<arg>Successfully Updated</arg>
<doc>Fails if ``container`` does not contain ``item`` one or more times.</doc>
<status status="PASS" start="2024-05-28T00:10:37.478645" elapsed="0.008632"/>
</kw>
<status status="PASS" start="2024-05-28T00:10:35.885886" elapsed="1.603809"/>
</kw>
<arg>Name=Suvetha</arg>
<status status="PASS" start="2024-05-28T00:10:05.271645" elapsed="32.218050"/>
</kw>
<kw name="Close Browser Session" owner="GenericResources" type="TEARDOWN">
<kw name="Close Browser" owner="SeleniumLibrary">
<doc>Closes the current browser.</doc>
<status status="PASS" start="2024-05-28T00:10:37.514052" elapsed="9.633581"/>
</kw>
<status status="PASS" start="2024-05-28T00:10:37.509556" elapsed="9.638077"/>
</kw>
<status status="PASS" start="2024-05-28T00:09:42.945199" elapsed="64.202434"/>
</test>
<doc>to validate login form</doc>
<status status="PASS" start="2024-05-28T00:09:42.329802" elapsed="64.832571"/>
</suite>
<status status="PASS" start="2024-05-28T00:09:42.277054" elapsed="64.891570"/>
</suite>
<statistics>
<total>
<stat pass="1" fail="0" skip="0">All Tests</stat>
</total>
<tag>
</tag>
<suite>
<stat pass="1" fail="0" skip="0" id="s1" name="TestCases">TestCases</stat>
<stat pass="1" fail="0" skip="0" id="s1-s1" name="Test Depedent save">TestCases.Test Depedent save</stat>
</suite>
</statistics>
<errors>
</errors>
</robot>
