<?xml version="1.0" encoding="UTF-8"?>
<robot generator="Robot 7.0 (Python 3.12.2 on win32)" generated="2024-05-28T01:29:59.518136" rpa="false" schemaversion="5">
<suite id="s1" name="TestCases" source="C:\Users\SM\Desktop\Team02_OrangeHRM\Team2_OrangeHRM\TestCases">
<suite id="s1-s1" name="Test ChangePassword" source="C:\Users\SM\Desktop\Team02_OrangeHRM\Team2_OrangeHRM\TestCases\Test_ChangePassword.robot">
<test id="s1-s1-t1" name="validate successful change password" line="21">
<kw name="Open the browser with url" owner="GenericResources" type="SETUP">
<kw name="Create Webdriver" owner="SeleniumLibrary">
<msg time="2024-05-28T01:29:59.745771" level="INFO">Creating an instance of the Chrome WebDriver.</msg>
<arg>${browser_name}</arg>
<doc>Creates an instance of Selenium WebDriver.</doc>
<status status="PASS" start="2024-05-28T01:29:59.745771" elapsed="2.004408"/>
</kw>
<kw name="Go To" owner="SeleniumLibrary">
<msg time="2024-05-28T01:30:01.758823" level="INFO">Opening url 'https://opensource-demo.orangehrmlive.com/web/index.php/auth/login'</msg>
<arg>${url}</arg>
<doc>Navigates the current browser window to the provided ``url``.</doc>
<status status="PASS" start="2024-05-28T01:30:01.751480" elapsed="7.345884"/>
</kw>
<kw name="Maximize Browser Window" owner="SeleniumLibrary">
<doc>Maximizes current browser window.</doc>
<status status="PASS" start="2024-05-28T01:30:09.099059" elapsed="0.038960"/>
</kw>
<kw name="Set Selenium Implicit Wait" owner="SeleniumLibrary">
<arg>5</arg>
<doc>Sets the implicit wait value used by Selenium.</doc>
<status status="PASS" start="2024-05-28T01:30:09.139890" elapsed="0.004681"/>
</kw>
<status status="PASS" start="2024-05-28T01:29:59.745771" elapsed="9.399801"/>
</kw>
<kw name="Fill the login form" owner="LoginResources">
<kw name="Input Text" owner="SeleniumLibrary">
<msg time="2024-05-28T01:30:09.147767" level="INFO">Typing text 'Admin' into text field 'xpath://input[@name='username']'.</msg>
<arg>xpath://input[@name='username']</arg>
<arg>${Username}</arg>
<doc>Types the given ``text`` into the text field identified by ``locator``.</doc>
<status status="PASS" start="2024-05-28T01:30:09.147767" elapsed="0.633631"/>
</kw>
<kw name="Input Password" owner="SeleniumLibrary">
<msg time="2024-05-28T01:30:09.781398" level="INFO">Typing password into text field 'xpath://input[@type='password']'.</msg>
<msg time="2024-05-28T01:30:09.856424" level="INFO">Temporally setting log level to: NONE</msg>
<arg>xpath://input[@type='password']</arg>
<arg>${Password}</arg>
<doc>Types the given password into the text field identified by ``locator``.</doc>
<status status="PASS" start="2024-05-28T01:30:09.781398" elapsed="0.177018"/>
</kw>
<kw name="Click Button" owner="SeleniumLibrary">
<msg time="2024-05-28T01:30:09.960407" level="INFO">Clicking button 'xpath://button[@type='submit']'.</msg>
<arg>xpath://button[@type='submit']</arg>
<doc>Clicks the button identified by ``locator``.</doc>
<status status="PASS" start="2024-05-28T01:30:09.960407" elapsed="1.600655"/>
</kw>
<arg>${username}</arg>
<arg>${password}</arg>
<status status="PASS" start="2024-05-28T01:30:09.147767" elapsed="2.416299"/>
</kw>
<kw name="Set Selenium Implicit Wait" owner="SeleniumLibrary">
<arg>5</arg>
<doc>Sets the implicit wait value used by Selenium.</doc>
<status status="PASS" start="2024-05-28T01:30:11.565099" elapsed="0.002303"/>
</kw>
<kw name="verify the valid credentials" owner="LoginResources">
<kw name="Element Text Should Be" owner="SeleniumLibrary">
<msg time="2024-05-28T01:30:11.569439" level="INFO">Verifying element 'xpath://h6[text()="Dashboard"]' contains exact text 'Dashboard'.</msg>
<arg>${dashBoard}</arg>
<arg>Dashboard</arg>
<doc>Verifies that element ``locator`` contains exact the text ``expected``.</doc>
<status status="PASS" start="2024-05-28T01:30:11.569439" elapsed="0.385273"/>
</kw>
<status status="PASS" start="2024-05-28T01:30:11.569439" elapsed="0.394839"/>
</kw>
<kw name="click user icon" owner="ChangePasswordResources">
<kw name="Click Element" owner="SeleniumLibrary">
<msg time="2024-05-28T01:30:11.964278" level="INFO">Clicking element 'xpath://p[@class="oxd-userdropdown-name"]'.</msg>
<arg>${user}</arg>
<doc>Click the element identified by ``locator``.</doc>
<status status="PASS" start="2024-05-28T01:30:11.964278" elapsed="0.075702"/>
</kw>
<status status="PASS" start="2024-05-28T01:30:11.964278" elapsed="0.075702"/>
</kw>
<kw name="click change password" owner="ChangePasswordResources">
<kw name="Click Element" owner="SeleniumLibrary">
<msg time="2024-05-28T01:30:12.039980" level="INFO">Clicking element 'xpath:(//a[@class="oxd-userdropdown-link"])[3]'.</msg>
<arg>${change_password}</arg>
<doc>Click the element identified by ``locator``.</doc>
<status status="PASS" start="2024-05-28T01:30:12.039980" elapsed="0.987581"/>
</kw>
<status status="PASS" start="2024-05-28T01:30:12.039980" elapsed="0.988583"/>
</kw>
<kw name="Fill the change password" owner="ChangePasswordResources">
<kw name="Input Password" owner="SeleniumLibrary">
<msg time="2024-05-28T01:30:13.030617" level="INFO">Typing password into text field 'xpath:(//input[@type="password"])[1]'.</msg>
<msg time="2024-05-28T01:30:13.412656" level="INFO">Temporally setting log level to: NONE</msg>
<arg>${current_password_field}</arg>
<arg>${current_password}</arg>
<doc>Types the given password into the text field identified by ``locator``.</doc>
<status status="PASS" start="2024-05-28T01:30:13.030617" elapsed="0.459610"/>
</kw>
<kw name="Input Password" owner="SeleniumLibrary">
<msg time="2024-05-28T01:30:13.493062" level="INFO">Typing password into text field 'xpath:(//input[@type="password"])[2]'.</msg>
<msg time="2024-05-28T01:30:13.516248" level="INFO">Temporally setting log level to: NONE</msg>
<arg>${new_password_field}</arg>
<arg>${new_password}</arg>
<doc>Types the given password into the text field identified by ``locator``.</doc>
<status status="PASS" start="2024-05-28T01:30:13.492033" elapsed="0.100225"/>
</kw>
<kw name="Input Password" owner="SeleniumLibrary">
<msg time="2024-05-28T01:30:13.594258" level="INFO">Typing password into text field 'xpath:(//input[@type="password"])[3]'.</msg>
<msg time="2024-05-28T01:30:13.617448" level="INFO">Temporally setting log level to: NONE</msg>
<arg>${confirm_password_field}</arg>
<arg>${confirm_password}</arg>
<doc>Types the given password into the text field identified by ``locator``.</doc>
<status status="PASS" start="2024-05-28T01:30:13.594258" elapsed="0.099902"/>
</kw>
<kw name="Click Button" owner="SeleniumLibrary">
<msg time="2024-05-28T01:30:13.695724" level="INFO">Clicking button 'xpath://button[@type='submit']'.</msg>
<arg>${submit_button}</arg>
<doc>Clicks the button identified by ``locator``.</doc>
<status status="PASS" start="2024-05-28T01:30:13.695724" elapsed="0.060623"/>
</kw>
<arg>${currentPassword}</arg>
<arg>${Password}</arg>
<arg>${confirm_password}</arg>
<status status="PASS" start="2024-05-28T01:30:13.029505" elapsed="0.726842"/>
</kw>
<kw name="Set Selenium Implicit Wait" owner="SeleniumLibrary">
<arg>3</arg>
<doc>Sets the implicit wait value used by Selenium.</doc>
<status status="PASS" start="2024-05-28T01:30:13.756347" elapsed="0.000000"/>
</kw>
<kw name="verify successful update message" owner="ChangePasswordResources">
<kw name="Should Contain" owner="BuiltIn">
<arg>${updated}</arg>
<arg>Successfully Saved</arg>
<doc>Fails if ``container`` does not contain ``item`` one or more times.</doc>
<status status="PASS" start="2024-05-28T01:30:13.756347" elapsed="0.000000"/>
</kw>
<status status="PASS" start="2024-05-28T01:30:13.756347" elapsed="0.000000"/>
</kw>
<kw name="Close Browser Session" owner="GenericResources" type="TEARDOWN">
<kw name="Close Browser" owner="SeleniumLibrary">
<doc>Closes the current browser.</doc>
<status status="PASS" start="2024-05-28T01:30:13.762604" elapsed="2.213026"/>
</kw>
<status status="PASS" start="2024-05-28T01:30:13.762604" elapsed="2.213026"/>
</kw>
<status status="PASS" start="2024-05-28T01:29:59.745771" elapsed="16.229859"/>
</test>
<test id="s1-s1-t2" name="Verify invalid current password" line="32">
<kw name="Open the browser with url" owner="GenericResources" type="SETUP">
<kw name="Create Webdriver" owner="SeleniumLibrary">
<msg time="2024-05-28T01:30:15.985462" level="INFO">Creating an instance of the Chrome WebDriver.</msg>
<arg>${browser_name}</arg>
<doc>Creates an instance of Selenium WebDriver.</doc>
<status status="PASS" start="2024-05-28T01:30:15.985462" elapsed="1.495169"/>
</kw>
<kw name="Go To" owner="SeleniumLibrary">
<msg time="2024-05-28T01:30:17.483647" level="INFO">Opening url 'https://opensource-demo.orangehrmlive.com/web/index.php/auth/login'</msg>
<arg>${url}</arg>
<doc>Navigates the current browser window to the provided ``url``.</doc>
<status status="PASS" start="2024-05-28T01:30:17.482642" elapsed="6.618208"/>
</kw>
<kw name="Maximize Browser Window" owner="SeleniumLibrary">
<doc>Maximizes current browser window.</doc>
<status status="PASS" start="2024-05-28T01:30:24.102427" elapsed="0.058500"/>
</kw>
<kw name="Set Selenium Implicit Wait" owner="SeleniumLibrary">
<arg>5</arg>
<doc>Sets the implicit wait value used by Selenium.</doc>
<status status="PASS" start="2024-05-28T01:30:24.160927" elapsed="0.000000"/>
</kw>
<status status="PASS" start="2024-05-28T01:30:15.985462" elapsed="8.175465"/>
</kw>
<kw name="Fill the login form" owner="LoginResources">
<kw name="Input Text" owner="SeleniumLibrary">
<msg time="2024-05-28T01:30:24.160927" level="INFO">Typing text 'Admin' into text field 'xpath://input[@name='username']'.</msg>
<arg>xpath://input[@name='username']</arg>
<arg>${Username}</arg>
<doc>Types the given ``text`` into the text field identified by ``locator``.</doc>
<status status="PASS" start="2024-05-28T01:30:24.160927" elapsed="0.637361"/>
</kw>
<kw name="Input Password" owner="SeleniumLibrary">
<msg time="2024-05-28T01:30:24.798288" level="INFO">Typing password into text field 'xpath://input[@type='password']'.</msg>
<msg time="2024-05-28T01:30:24.859254" level="INFO">Temporally setting log level to: NONE</msg>
<arg>xpath://input[@type='password']</arg>
<arg>${Password}</arg>
<doc>Types the given password into the text field identified by ``locator``.</doc>
<status status="PASS" start="2024-05-28T01:30:24.798288" elapsed="0.167704"/>
</kw>
<kw name="Click Button" owner="SeleniumLibrary">
<msg time="2024-05-28T01:30:24.967937" level="INFO">Clicking button 'xpath://button[@type='submit']'.</msg>
<arg>xpath://button[@type='submit']</arg>
<doc>Clicks the button identified by ``locator``.</doc>
<status status="PASS" start="2024-05-28T01:30:24.967937" elapsed="1.331987"/>
</kw>
<arg>${username}</arg>
<arg>${password}</arg>
<status status="PASS" start="2024-05-28T01:30:24.160927" elapsed="2.141014"/>
</kw>
<kw name="Set Selenium Implicit Wait" owner="SeleniumLibrary">
<arg>5</arg>
<doc>Sets the implicit wait value used by Selenium.</doc>
<status status="PASS" start="2024-05-28T01:30:26.302935" elapsed="0.003009"/>
</kw>
<kw name="verify the valid credentials" owner="LoginResources">
<kw name="Element Text Should Be" owner="SeleniumLibrary">
<msg time="2024-05-28T01:30:26.308932" level="INFO">Verifying element 'xpath://h6[text()="Dashboard"]' contains exact text 'Dashboard'.</msg>
<arg>${dashBoard}</arg>
<arg>Dashboard</arg>
<doc>Verifies that element ``locator`` contains exact the text ``expected``.</doc>
<status status="PASS" start="2024-05-28T01:30:26.308932" elapsed="0.392673"/>
</kw>
<status status="PASS" start="2024-05-28T01:30:26.307947" elapsed="0.393658"/>
</kw>
<kw name="click user icon" owner="ChangePasswordResources">
<kw name="Click Element" owner="SeleniumLibrary">
<msg time="2024-05-28T01:30:26.701605" level="INFO">Clicking element 'xpath://p[@class="oxd-userdropdown-name"]'.</msg>
<arg>${user}</arg>
<doc>Click the element identified by ``locator``.</doc>
<status status="PASS" start="2024-05-28T01:30:26.701605" elapsed="0.081100"/>
</kw>
<status status="PASS" start="2024-05-28T01:30:26.701605" elapsed="0.082617"/>
</kw>
<kw name="click change password" owner="ChangePasswordResources">
<kw name="Click Element" owner="SeleniumLibrary">
<msg time="2024-05-28T01:30:26.788258" level="INFO">Clicking element 'xpath:(//a[@class="oxd-userdropdown-link"])[3]'.</msg>
<arg>${change_password}</arg>
<doc>Click the element identified by ``locator``.</doc>
<status status="PASS" start="2024-05-28T01:30:26.788258" elapsed="0.881065"/>
</kw>
<status status="PASS" start="2024-05-28T01:30:26.784222" elapsed="0.886106"/>
</kw>
<kw name="Fill the change password" owner="ChangePasswordResources">
<kw name="Input Password" owner="SeleniumLibrary">
<msg time="2024-05-28T01:30:27.672339" level="INFO">Typing password into text field 'xpath:(//input[@type="password"])[1]'.</msg>
<msg time="2024-05-28T01:30:28.086230" level="INFO">Temporally setting log level to: NONE</msg>
<arg>${current_password_field}</arg>
<arg>${current_password}</arg>
<doc>Types the given password into the text field identified by ``locator``.</doc>
<status status="PASS" start="2024-05-28T01:30:27.672339" elapsed="0.477780"/>
</kw>
<kw name="Input Password" owner="SeleniumLibrary">
<msg time="2024-05-28T01:30:28.152788" level="INFO">Typing password into text field 'xpath:(//input[@type="password"])[2]'.</msg>
<msg time="2024-05-28T01:30:28.179103" level="INFO">Temporally setting log level to: NONE</msg>
<arg>${new_password_field}</arg>
<arg>${new_password}</arg>
<doc>Types the given password into the text field identified by ``locator``.</doc>
<status status="PASS" start="2024-05-28T01:30:28.151735" elapsed="0.105491"/>
</kw>
<kw name="Input Password" owner="SeleniumLibrary">
<msg time="2024-05-28T01:30:28.259487" level="INFO">Typing password into text field 'xpath:(//input[@type="password"])[3]'.</msg>
<msg time="2024-05-28T01:30:28.309267" level="INFO">Temporally setting log level to: NONE</msg>
<arg>${confirm_password_field}</arg>
<arg>${confirm_password}</arg>
<doc>Types the given password into the text field identified by ``locator``.</doc>
<status status="PASS" start="2024-05-28T01:30:28.258417" elapsed="0.135471"/>
</kw>
<kw name="Click Button" owner="SeleniumLibrary">
<msg time="2024-05-28T01:30:28.393888" level="INFO">Clicking button 'xpath://button[@type='submit']'.</msg>
<arg>${submit_button}</arg>
<doc>Clicks the button identified by ``locator``.</doc>
<status status="PASS" start="2024-05-28T01:30:28.393888" elapsed="0.050905"/>
</kw>
<arg>${invalid_password}</arg>
<arg>${Password}</arg>
<arg>${confirm_password}</arg>
<status status="PASS" start="2024-05-28T01:30:27.671322" elapsed="0.773471"/>
</kw>
<kw name="Set Selenium Implicit Wait" owner="SeleniumLibrary">
<arg>3</arg>
<doc>Sets the implicit wait value used by Selenium.</doc>
<status status="PASS" start="2024-05-28T01:30:28.449826" elapsed="0.001084"/>
</kw>
<kw name="Verify error message for incorrect current message" owner="ChangePasswordResources">
<kw name="Should Contain" owner="BuiltIn">
<arg>${error_message}</arg>
<arg>Current Password is Incorrect</arg>
<doc>Fails if ``container`` does not contain ``item`` one or more times.</doc>
<status status="PASS" start="2024-05-28T01:30:28.450910" elapsed="0.000000"/>
</kw>
<status status="PASS" start="2024-05-28T01:30:28.450910" elapsed="0.000000"/>
</kw>
<kw name="Close Browser Session" owner="GenericResources" type="TEARDOWN">
<kw name="Close Browser" owner="SeleniumLibrary">
<doc>Closes the current browser.</doc>
<status status="PASS" start="2024-05-28T01:30:28.450910" elapsed="2.219504"/>
</kw>
<status status="PASS" start="2024-05-28T01:30:28.450910" elapsed="2.219504"/>
</kw>
<status status="PASS" start="2024-05-28T01:30:15.975630" elapsed="14.694784"/>
</test>
<test id="s1-s1-t3" name="Verify invalid confirm password" line="43">
<kw name="Open the browser with url" owner="GenericResources" type="SETUP">
<kw name="Create Webdriver" owner="SeleniumLibrary">
<msg time="2024-05-28T01:30:30.670414" level="INFO">Creating an instance of the Chrome WebDriver.</msg>
<arg>${browser_name}</arg>
<doc>Creates an instance of Selenium WebDriver.</doc>
<status status="PASS" start="2024-05-28T01:30:30.670414" elapsed="1.532519"/>
</kw>
<kw name="Go To" owner="SeleniumLibrary">
<msg time="2024-05-28T01:30:32.209641" level="INFO">Opening url 'https://opensource-demo.orangehrmlive.com/web/index.php/auth/login'</msg>
<arg>${url}</arg>
<doc>Navigates the current browser window to the provided ``url``.</doc>
<status status="PASS" start="2024-05-28T01:30:32.209093" elapsed="3.670768"/>
</kw>
<kw name="Maximize Browser Window" owner="SeleniumLibrary">
<doc>Maximizes current browser window.</doc>
<status status="PASS" start="2024-05-28T01:30:35.881469" elapsed="0.037273"/>
</kw>
<kw name="Set Selenium Implicit Wait" owner="SeleniumLibrary">
<arg>5</arg>
<doc>Sets the implicit wait value used by Selenium.</doc>
<status status="PASS" start="2024-05-28T01:30:35.918742" elapsed="0.003005"/>
</kw>
<status status="PASS" start="2024-05-28T01:30:30.670414" elapsed="5.252638"/>
</kw>
<kw name="Fill the login form" owner="LoginResources">
<kw name="Input Text" owner="SeleniumLibrary">
<msg time="2024-05-28T01:30:35.925204" level="INFO">Typing text 'Admin' into text field 'xpath://input[@name='username']'.</msg>
<arg>xpath://input[@name='username']</arg>
<arg>${Username}</arg>
<doc>Types the given ``text`` into the text field identified by ``locator``.</doc>
<status status="PASS" start="2024-05-28T01:30:35.925204" elapsed="0.491675"/>
</kw>
<kw name="Input Password" owner="SeleniumLibrary">
<msg time="2024-05-28T01:30:36.416879" level="INFO">Typing password into text field 'xpath://input[@type='password']'.</msg>
<msg time="2024-05-28T01:30:36.475543" level="INFO">Temporally setting log level to: NONE</msg>
<arg>xpath://input[@type='password']</arg>
<arg>${Password}</arg>
<doc>Types the given password into the text field identified by ``locator``.</doc>
<status status="PASS" start="2024-05-28T01:30:36.416879" elapsed="0.168605"/>
</kw>
<kw name="Click Button" owner="SeleniumLibrary">
<msg time="2024-05-28T01:30:36.587508" level="INFO">Clicking button 'xpath://button[@type='submit']'.</msg>
<arg>xpath://button[@type='submit']</arg>
<doc>Clicks the button identified by ``locator``.</doc>
<status status="PASS" start="2024-05-28T01:30:36.586484" elapsed="1.251246"/>
</kw>
<arg>${username}</arg>
<arg>${password}</arg>
<status status="PASS" start="2024-05-28T01:30:35.924171" elapsed="1.916338"/>
</kw>
<kw name="Set Selenium Implicit Wait" owner="SeleniumLibrary">
<arg>5</arg>
<doc>Sets the implicit wait value used by Selenium.</doc>
<status status="PASS" start="2024-05-28T01:30:37.841501" elapsed="0.003018"/>
</kw>
<kw name="verify the valid credentials" owner="LoginResources">
<kw name="Element Text Should Be" owner="SeleniumLibrary">
<msg time="2024-05-28T01:30:37.845502" level="INFO">Verifying element 'xpath://h6[text()="Dashboard"]' contains exact text 'Dashboard'.</msg>
<arg>${dashBoard}</arg>
<arg>Dashboard</arg>
<doc>Verifies that element ``locator`` contains exact the text ``expected``.</doc>
<status status="PASS" start="2024-05-28T01:30:37.845502" elapsed="0.359617"/>
</kw>
<status status="PASS" start="2024-05-28T01:30:37.844519" elapsed="0.360600"/>
</kw>
<kw name="click user icon" owner="ChangePasswordResources">
<kw name="Click Element" owner="SeleniumLibrary">
<msg time="2024-05-28T01:30:38.205119" level="INFO">Clicking element 'xpath://p[@class="oxd-userdropdown-name"]'.</msg>
<arg>${user}</arg>
<doc>Click the element identified by ``locator``.</doc>
<status status="PASS" start="2024-05-28T01:30:38.205119" elapsed="0.096993"/>
</kw>
<status status="PASS" start="2024-05-28T01:30:38.205119" elapsed="0.096993"/>
</kw>
<kw name="click change password" owner="ChangePasswordResources">
<kw name="Click Element" owner="SeleniumLibrary">
<msg time="2024-05-28T01:30:38.306664" level="INFO">Clicking element 'xpath:(//a[@class="oxd-userdropdown-link"])[3]'.</msg>
<arg>${change_password}</arg>
<doc>Click the element identified by ``locator``.</doc>
<status status="PASS" start="2024-05-28T01:30:38.306664" elapsed="0.755294"/>
</kw>
<status status="PASS" start="2024-05-28T01:30:38.306664" elapsed="0.757475"/>
</kw>
<kw name="Fill the change password" owner="ChangePasswordResources">
<kw name="Input Password" owner="SeleniumLibrary">
<msg time="2024-05-28T01:30:39.066180" level="INFO">Typing password into text field 'xpath:(//input[@type="password"])[1]'.</msg>
<msg time="2024-05-28T01:30:39.516034" level="INFO">Temporally setting log level to: NONE</msg>
<arg>${current_password_field}</arg>
<arg>${current_password}</arg>
<doc>Types the given password into the text field identified by ``locator``.</doc>
<status status="PASS" start="2024-05-28T01:30:39.065218" elapsed="0.532439"/>
</kw>
<kw name="Input Password" owner="SeleniumLibrary">
<msg time="2024-05-28T01:30:39.604847" level="INFO">Typing password into text field 'xpath:(//input[@type="password"])[2]'.</msg>
<msg time="2024-05-28T01:30:39.642280" level="INFO">Temporally setting log level to: NONE</msg>
<arg>${new_password_field}</arg>
<arg>${new_password}</arg>
<doc>Types the given password into the text field identified by ``locator``.</doc>
<status status="PASS" start="2024-05-28T01:30:39.597657" elapsed="0.165390"/>
</kw>
<kw name="Input Password" owner="SeleniumLibrary">
<msg time="2024-05-28T01:30:39.763047" level="INFO">Typing password into text field 'xpath:(//input[@type="password"])[3]'.</msg>
<msg time="2024-05-28T01:30:39.806497" level="INFO">Temporally setting log level to: NONE</msg>
<arg>${confirm_password_field}</arg>
<arg>${confirm_password}</arg>
<doc>Types the given password into the text field identified by ``locator``.</doc>
<status status="PASS" start="2024-05-28T01:30:39.763047" elapsed="0.134792"/>
</kw>
<kw name="Click Button" owner="SeleniumLibrary">
<msg time="2024-05-28T01:30:39.897839" level="INFO">Clicking button 'xpath://button[@type='submit']'.</msg>
<arg>${submit_button}</arg>
<doc>Clicks the button identified by ``locator``.</doc>
<status status="PASS" start="2024-05-28T01:30:39.897839" elapsed="0.073587"/>
</kw>
<arg>${invalid_password}</arg>
<arg>${Password}</arg>
<arg>${invalidconfirm_password}</arg>
<status status="PASS" start="2024-05-28T01:30:39.065218" elapsed="0.907447"/>
</kw>
<kw name="Set Selenium Implicit Wait" owner="SeleniumLibrary">
<arg>3</arg>
<doc>Sets the implicit wait value used by Selenium.</doc>
<status status="PASS" start="2024-05-28T01:30:39.972665" elapsed="0.000000"/>
</kw>
<kw name="verify error message for incorrect passwords" owner="ChangePasswordResources">
<kw name="Element Text Should Be" owner="SeleniumLibrary">
<msg time="2024-05-28T01:30:39.972665" level="INFO">Verifying element 'xpath://span[text()='Passwords do not match']' contains exact text 'Passwords do not match'.</msg>
<arg>${alert}</arg>
<arg>Passwords do not match</arg>
<doc>Verifies that element ``locator`` contains exact the text ``expected``.</doc>
<status status="PASS" start="2024-05-28T01:30:39.972665" elapsed="0.029731"/>
</kw>
<status status="PASS" start="2024-05-28T01:30:39.972665" elapsed="0.030391"/>
</kw>
<kw name="Close Browser Session" owner="GenericResources" type="TEARDOWN">
<kw name="Close Browser" owner="SeleniumLibrary">
<doc>Closes the current browser.</doc>
<status status="PASS" start="2024-05-28T01:30:40.006381" elapsed="2.217389"/>
</kw>
<status status="PASS" start="2024-05-28T01:30:40.005106" elapsed="2.218664"/>
</kw>
<status status="PASS" start="2024-05-28T01:30:30.670414" elapsed="11.553356"/>
</test>
<doc>change password to dashboard page</doc>
<status status="PASS" start="2024-05-28T01:29:59.578175" elapsed="42.655472"/>
</suite>
<suite id="s1-s2" name="Test ContactDetails" source="C:\Users\SM\Desktop\Team02_OrangeHRM\Team2_OrangeHRM\TestCases\Test_ContactDetails.robot">
<test id="s1-s2-t1" name="fill contact details" line="18">
<kw name="Open the browser with url" owner="GenericResources" type="SETUP">
<kw name="Create Webdriver" owner="SeleniumLibrary">
<msg time="2024-05-28T01:30:42.808616" level="INFO">Creating an instance of the Chrome WebDriver.</msg>
<arg>${browser_name}</arg>
<doc>Creates an instance of Selenium WebDriver.</doc>
<status status="PASS" start="2024-05-28T01:30:42.808616" elapsed="1.522243"/>
</kw>
<kw name="Go To" owner="SeleniumLibrary">
<msg time="2024-05-28T01:30:44.345359" level="INFO">Opening url 'https://opensource-demo.orangehrmlive.com/web/index.php/auth/login'</msg>
<arg>${url}</arg>
<doc>Navigates the current browser window to the provided ``url``.</doc>
<status status="PASS" start="2024-05-28T01:30:44.343795" elapsed="4.113410"/>
</kw>
<kw name="Maximize Browser Window" owner="SeleniumLibrary">
<doc>Maximizes current browser window.</doc>
<status status="PASS" start="2024-05-28T01:30:48.458234" elapsed="0.034402"/>
</kw>
<kw name="Set Selenium Implicit Wait" owner="SeleniumLibrary">
<arg>5</arg>
<doc>Sets the implicit wait value used by Selenium.</doc>
<status status="PASS" start="2024-05-28T01:30:48.493636" elapsed="0.006450"/>
</kw>
<status status="PASS" start="2024-05-28T01:30:42.808616" elapsed="5.691470"/>
</kw>
<kw name="validate successful saved contact details">
<kw name="Fill the login form" owner="LoginResources">
<kw name="Input Text" owner="SeleniumLibrary">
<msg time="2024-05-28T01:30:48.502397" level="INFO">Typing text 'Admin' into text field 'xpath://input[@name='username']'.</msg>
<arg>xpath://input[@name='username']</arg>
<arg>${Username}</arg>
<doc>Types the given ``text`` into the text field identified by ``locator``.</doc>
<status status="PASS" start="2024-05-28T01:30:48.502397" elapsed="0.536147"/>
</kw>
<kw name="Input Password" owner="SeleniumLibrary">
<msg time="2024-05-28T01:30:49.038544" level="INFO">Typing password into text field 'xpath://input[@type='password']'.</msg>
<msg time="2024-05-28T01:30:49.097222" level="INFO">Temporally setting log level to: NONE</msg>
<arg>xpath://input[@type='password']</arg>
<arg>${Password}</arg>
<doc>Types the given password into the text field identified by ``locator``.</doc>
<status status="PASS" start="2024-05-28T01:30:49.038544" elapsed="0.157478"/>
</kw>
<kw name="Click Button" owner="SeleniumLibrary">
<msg time="2024-05-28T01:30:49.198100" level="INFO">Clicking button 'xpath://button[@type='submit']'.</msg>
<arg>xpath://button[@type='submit']</arg>
<doc>Clicks the button identified by ``locator``.</doc>
<status status="PASS" start="2024-05-28T01:30:49.198100" elapsed="1.297533"/>
</kw>
<arg>${username}</arg>
<arg>${password}</arg>
<status status="PASS" start="2024-05-28T01:30:48.502397" elapsed="1.995246"/>
</kw>
<kw name="Set Selenium Implicit Wait" owner="SeleniumLibrary">
<arg>5</arg>
<doc>Sets the implicit wait value used by Selenium.</doc>
<status status="PASS" start="2024-05-28T01:30:50.498642" elapsed="0.001986"/>
</kw>
<kw name="verify the valid credentials" owner="LoginResources">
<kw name="Element Text Should Be" owner="SeleniumLibrary">
<msg time="2024-05-28T01:30:50.505074" level="INFO">Verifying element 'xpath://h6[text()="Dashboard"]' contains exact text 'Dashboard'.</msg>
<arg>${dashBoard}</arg>
<arg>Dashboard</arg>
<doc>Verifies that element ``locator`` contains exact the text ``expected``.</doc>
<status status="PASS" start="2024-05-28T01:30:50.504076" elapsed="0.374020"/>
</kw>
<status status="PASS" start="2024-05-28T01:30:50.503078" elapsed="0.375018"/>
</kw>
<kw name="click myInfo Button" owner="MyInfoResource">
<kw name="Click Element" owner="SeleniumLibrary">
<msg time="2024-05-28T01:30:50.878096" level="INFO">Clicking element 'xpath://span[text()='My Info']'.</msg>
<arg>${myInfo}</arg>
<doc>Click the element identified by ``locator``.</doc>
<status status="PASS" start="2024-05-28T01:30:50.878096" elapsed="1.453643"/>
</kw>
<status status="PASS" start="2024-05-28T01:30:50.878096" elapsed="1.456681"/>
</kw>
<kw name="click contact details element" owner="MyInfoResource">
<kw name="Click Link" owner="SeleniumLibrary">
<msg time="2024-05-28T01:30:52.336774" level="INFO">Clicking link 'xpath://a[text()='Contact Details']'.</msg>
<arg>${contact_details}</arg>
<doc>Clicks a link identified by ``locator``.</doc>
<status status="PASS" start="2024-05-28T01:30:52.335779" elapsed="1.624959"/>
</kw>
<status status="PASS" start="2024-05-28T01:30:52.335779" elapsed="1.627084"/>
</kw>
<kw name="Fill the details" owner="ContactDetailsResources">
<kw name="Input Text" owner="SeleniumLibrary">
<msg time="2024-05-28T01:30:53.965765" level="INFO">Typing text 'Gandhi' into text field 'xpath:(//div[@data-v-957b4417]/input)[1]'.</msg>
<arg>${street1}</arg>
<arg>${srt1}</arg>
<doc>Types the given ``text`` into the text field identified by ``locator``.</doc>
<status status="PASS" start="2024-05-28T01:30:53.965765" elapsed="0.518485"/>
</kw>
<kw name="Input Text" owner="SeleniumLibrary">
<msg time="2024-05-28T01:30:54.484250" level="INFO">Typing text 'Nehru' into text field 'xpath:(//div[@data-v-957b4417]/input)[2]'.</msg>
<arg>${street2}</arg>
<arg>${srt2}</arg>
<doc>Types the given ``text`` into the text field identified by ``locator``.</doc>
<status status="PASS" start="2024-05-28T01:30:54.484250" elapsed="0.159197"/>
</kw>
<kw name="Input Text" owner="SeleniumLibrary">
<msg time="2024-05-28T01:30:54.643447" level="INFO">Typing text 'Salem' into text field 'xpath:(//div[@data-v-957b4417]/input)[3]'.</msg>
<arg>${city}</arg>
<arg>${cty}</arg>
<doc>Types the given ``text`` into the text field identified by ``locator``.</doc>
<status status="PASS" start="2024-05-28T01:30:54.643447" elapsed="0.144598"/>
</kw>
<kw name="Input Text" owner="SeleniumLibrary">
<msg time="2024-05-28T01:30:54.793221" level="INFO">Typing text 'Tamilnadu' into text field 'xpath:(//div[@data-v-957b4417]/input)[4]'.</msg>
<arg>${state}</arg>
<arg>${ste}</arg>
<doc>Types the given ``text`` into the text field identified by ``locator``.</doc>
<status status="PASS" start="2024-05-28T01:30:54.792195" elapsed="0.179767"/>
</kw>
<kw name="Input Text" owner="SeleniumLibrary">
<msg time="2024-05-28T01:30:54.973997" level="INFO">Typing text '636306' into text field 'xpath:(//div[@data-v-957b4417]/input)[5]'.</msg>
<arg>${zip_code}</arg>
<arg>${zip}</arg>
<doc>Types the given ``text`` into the text field identified by ``locator``.</doc>
<status status="PASS" start="2024-05-28T01:30:54.973053" elapsed="0.117531"/>
</kw>
<kw name="Input Text" owner="SeleniumLibrary">
<msg time="2024-05-28T01:30:55.094323" level="INFO">Typing text '25085' into text field 'xpath:(//div[@data-v-957b4417]/input)[6]'.</msg>
<arg>${home}</arg>
<arg>${hme}</arg>
<doc>Types the given ``text`` into the text field identified by ``locator``.</doc>
<status status="PASS" start="2024-05-28T01:30:55.093322" elapsed="0.136629"/>
</kw>
<kw name="Input Text" owner="SeleniumLibrary">
<msg time="2024-05-28T01:30:55.231952" level="INFO">Typing text '7339446896' into text field 'xpath:(//div[@data-v-957b4417]/input)[7]'.</msg>
<arg>${mobile}</arg>
<arg>${mob}</arg>
<doc>Types the given ``text`` into the text field identified by ``locator``.</doc>
<status status="PASS" start="2024-05-28T01:30:55.230952" elapsed="0.140562"/>
</kw>
<kw name="Input Text" owner="SeleniumLibrary">
<msg time="2024-05-28T01:30:55.374514" level="INFO">Typing text '123456789' into text field 'xpath:(//div[@data-v-957b4417]/input)[8]'.</msg>
<arg>${work}</arg>
<arg>${wrk}</arg>
<doc>Types the given ``text`` into the text field identified by ``locator``.</doc>
<status status="PASS" start="2024-05-28T01:30:55.373516" elapsed="0.150480"/>
</kw>
<kw name="Input Text" owner="SeleniumLibrary">
<msg time="2024-05-28T01:30:55.525964" level="INFO">Typing text 'moon@gmail.com' into text field 'xpath:(//div[@data-v-957b4417]/input)[9]'.</msg>
<arg>${work_email}</arg>
<arg>${w_email}</arg>
<doc>Types the given ``text`` into the text field identified by ``locator``.</doc>
<status status="PASS" start="2024-05-28T01:30:55.524968" elapsed="0.187562"/>
</kw>
<kw name="Input Text" owner="SeleniumLibrary">
<msg time="2024-05-28T01:30:55.715545" level="INFO">Typing text 'good@gmail.com' into text field 'xpath:(//div[@data-v-957b4417]/input)[10]'.</msg>
<arg>${other_email}</arg>
<arg>${o_email}</arg>
<doc>Types the given ``text`` into the text field identified by ``locator``.</doc>
<status status="PASS" start="2024-05-28T01:30:55.714545" elapsed="0.165763"/>
</kw>
<arg>${Srts1}</arg>
<arg>${Srts2}</arg>
<arg>${City}</arg>
<arg>${States}</arg>
<arg>${Zip_codes}</arg>
<arg>${Homes}</arg>
<arg>${Mobiles}</arg>
<arg>${Works}</arg>
<arg>${Work_emails}</arg>
<arg>${Other_emails}</arg>
<status status="PASS" start="2024-05-28T01:30:53.963792" elapsed="1.916516"/>
</kw>
<kw name="select country" owner="ContactDetailsResources">
<kw name="Click Element" owner="SeleniumLibrary">
<msg time="2024-05-28T01:30:55.880308" level="INFO">Clicking element 'xpath://div[@data-v-67d2aedf]'.</msg>
<arg>${drop_down}</arg>
<doc>Click the element identified by ``locator``.</doc>
<status status="PASS" start="2024-05-28T01:30:55.880308" elapsed="0.069817"/>
</kw>
<kw name="Wait Until Element Is Visible" owner="SeleniumLibrary">
<arg>${drop_down}</arg>
<arg>10s</arg>
<doc>Waits until the element ``locator`` is visible.</doc>
<status status="PASS" start="2024-05-28T01:30:55.952138" elapsed="0.026367"/>
</kw>
<kw name="Wait Until Element Is Enabled" owner="SeleniumLibrary">
<arg>${drop_down}</arg>
<arg>10s</arg>
<doc>Waits until the element ``locator`` is enabled.</doc>
<status status="PASS" start="2024-05-28T01:30:55.978505" elapsed="0.040038"/>
</kw>
<kw name="Click Element" owner="SeleniumLibrary">
<msg time="2024-05-28T01:30:56.018543" level="INFO">Clicking element 'xpath://span[text()='Aruba']'.</msg>
<arg>${country}</arg>
<doc>Click the element identified by ``locator``.</doc>
<status status="PASS" start="2024-05-28T01:30:56.018543" elapsed="0.068467"/>
</kw>
<status status="PASS" start="2024-05-28T01:30:55.880308" elapsed="0.208693"/>
</kw>
<kw name="Click Save Button" owner="ContactDetailsResources">
<kw name="Click Button" owner="SeleniumLibrary">
<msg time="2024-05-28T01:30:56.089953" level="INFO">Clicking button 'xpath://button[@type="submit"]'.</msg>
<arg>${save}</arg>
<doc>Clicks the button identified by ``locator``.</doc>
<status status="PASS" start="2024-05-28T01:30:56.089953" elapsed="0.086795"/>
</kw>
<kw name="Should Contain" owner="BuiltIn">
<arg>${success_save}</arg>
<arg>Successfully Updated</arg>
<doc>Fails if ``container`` does not contain ``item`` one or more times.</doc>
<status status="PASS" start="2024-05-28T01:30:56.185119" elapsed="0.000000"/>
</kw>
<status status="PASS" start="2024-05-28T01:30:56.089001" elapsed="0.096118"/>
</kw>
<arg>Srts1=Gandhi</arg>
<arg>Srts2=Nehru</arg>
<arg>City=Salem</arg>
<arg>States=Tamilnadu</arg>
<arg>Zip_codes=636306</arg>
<arg>Homes=25085</arg>
<arg>Mobiles=7339446896</arg>
<arg>Works=123456789</arg>
<arg>Work_emails=moon@gmail.com</arg>
<arg>Other_emails=good@gmail.com</arg>
<status status="PASS" start="2024-05-28T01:30:48.502397" elapsed="7.682722"/>
</kw>
<kw name="Close Browser Session" owner="GenericResources" type="TEARDOWN">
<kw name="Close Browser" owner="SeleniumLibrary">
<doc>Closes the current browser.</doc>
<status status="PASS" start="2024-05-28T01:30:56.185119" elapsed="2.211051"/>
</kw>
<status status="PASS" start="2024-05-28T01:30:56.185119" elapsed="2.211051"/>
</kw>
<status status="PASS" start="2024-05-28T01:30:42.808616" elapsed="15.587554"/>
</test>
<doc>Test contact details to my info</doc>
<status status="PASS" start="2024-05-28T01:30:42.233647" elapsed="16.172452"/>
</suite>
<suite id="s1-s3" name="Test Depedent save" source="C:\Users\SM\Desktop\Team02_OrangeHRM\Team2_OrangeHRM\TestCases\Test_Depedent_save.robot">
<test id="s1-s3-t1" name="Name" line="18">
<kw name="Open the browser with url" owner="GenericResources" type="SETUP">
<kw name="Create Webdriver" owner="SeleniumLibrary">
<msg time="2024-05-28T01:30:58.516337" level="INFO">Creating an instance of the Chrome WebDriver.</msg>
<arg>${browser_name}</arg>
<doc>Creates an instance of Selenium WebDriver.</doc>
<status status="PASS" start="2024-05-28T01:30:58.516337" elapsed="1.607554"/>
</kw>
<kw name="Go To" owner="SeleniumLibrary">
<msg time="2024-05-28T01:31:00.123891" level="INFO">Opening url 'https://opensource-demo.orangehrmlive.com/web/index.php/auth/login'</msg>
<arg>${url}</arg>
<doc>Navigates the current browser window to the provided ``url``.</doc>
<status status="PASS" start="2024-05-28T01:31:00.123891" elapsed="4.656924"/>
</kw>
<kw name="Maximize Browser Window" owner="SeleniumLibrary">
<doc>Maximizes current browser window.</doc>
<status status="PASS" start="2024-05-28T01:31:04.782823" elapsed="0.050707"/>
</kw>
<kw name="Set Selenium Implicit Wait" owner="SeleniumLibrary">
<arg>5</arg>
<doc>Sets the implicit wait value used by Selenium.</doc>
<status status="PASS" start="2024-05-28T01:31:04.834508" elapsed="0.002013"/>
</kw>
<status status="PASS" start="2024-05-28T01:30:58.506242" elapsed="6.331327"/>
</kw>
<kw name="validate successful saved Dependent">
<kw name="Fill the login form" owner="LoginResources">
<kw name="Input Text" owner="SeleniumLibrary">
<msg time="2024-05-28T01:31:04.842239" level="INFO">Typing text 'Admin' into text field 'xpath://input[@name='username']'.</msg>
<arg>xpath://input[@name='username']</arg>
<arg>${Username}</arg>
<doc>Types the given ``text`` into the text field identified by ``locator``.</doc>
<status status="PASS" start="2024-05-28T01:31:04.841199" elapsed="0.559336"/>
</kw>
<kw name="Input Password" owner="SeleniumLibrary">
<msg time="2024-05-28T01:31:05.400535" level="INFO">Typing password into text field 'xpath://input[@type='password']'.</msg>
<msg time="2024-05-28T01:31:05.456707" level="INFO">Temporally setting log level to: NONE</msg>
<arg>xpath://input[@type='password']</arg>
<arg>${Password}</arg>
<doc>Types the given password into the text field identified by ``locator``.</doc>
<status status="PASS" start="2024-05-28T01:31:05.400535" elapsed="0.160214"/>
</kw>
<kw name="Click Button" owner="SeleniumLibrary">
<msg time="2024-05-28T01:31:05.561763" level="INFO">Clicking button 'xpath://button[@type='submit']'.</msg>
<arg>xpath://button[@type='submit']</arg>
<doc>Clicks the button identified by ``locator``.</doc>
<status status="PASS" start="2024-05-28T01:31:05.561763" elapsed="1.274818"/>
</kw>
<arg>${username}</arg>
<arg>${password}</arg>
<status status="PASS" start="2024-05-28T01:31:04.841199" elapsed="1.998119"/>
</kw>
<kw name="Set Selenium Implicit Wait" owner="SeleniumLibrary">
<arg>5</arg>
<doc>Sets the implicit wait value used by Selenium.</doc>
<status status="PASS" start="2024-05-28T01:31:06.839377" elapsed="0.004014"/>
</kw>
<kw name="verify the valid credentials" owner="LoginResources">
<kw name="Element Text Should Be" owner="SeleniumLibrary">
<msg time="2024-05-28T01:31:06.844389" level="INFO">Verifying element 'xpath://h6[text()="Dashboard"]' contains exact text 'Dashboard'.</msg>
<arg>${dashBoard}</arg>
<arg>Dashboard</arg>
<doc>Verifies that element ``locator`` contains exact the text ``expected``.</doc>
<status status="PASS" start="2024-05-28T01:31:06.844389" elapsed="0.411791"/>
</kw>
<status status="PASS" start="2024-05-28T01:31:06.843391" elapsed="0.412789"/>
</kw>
<kw name="click myInfo Button" owner="MyInfoResource">
<kw name="Click Element" owner="SeleniumLibrary">
<msg time="2024-05-28T01:31:07.256180" level="INFO">Clicking element 'xpath://span[text()='My Info']'.</msg>
<arg>${myInfo}</arg>
<doc>Click the element identified by ``locator``.</doc>
<status status="PASS" start="2024-05-28T01:31:07.256180" elapsed="1.424526"/>
</kw>
<status status="PASS" start="2024-05-28T01:31:07.256180" elapsed="1.426530"/>
</kw>
<kw name="click dependent element" owner="MyInfoResource">
<kw name="Click Link" owner="SeleniumLibrary">
<msg time="2024-05-28T01:31:08.684704" level="INFO">Clicking link 'xpath://a[text()='Dependents']'.</msg>
<arg>${dependents}</arg>
<doc>Clicks a link identified by ``locator``.</doc>
<status status="PASS" start="2024-05-28T01:31:08.684704" elapsed="1.283106"/>
</kw>
<status status="PASS" start="2024-05-28T01:31:08.683711" elapsed="1.286100"/>
</kw>
<kw name="click add button" owner="DependentResources">
<kw name="Click Button" owner="SeleniumLibrary">
<msg time="2024-05-28T01:31:09.971001" level="INFO">Clicking button 'xpath:(//button[@type="button"])[3]'.</msg>
<arg>${add}</arg>
<doc>Clicks the button identified by ``locator``.</doc>
<status status="PASS" start="2024-05-28T01:31:09.969811" elapsed="0.552131"/>
</kw>
<status status="PASS" start="2024-05-28T01:31:09.969811" elapsed="0.555591"/>
</kw>
<kw name="Fill the details" owner="DependentResources">
<kw name="Input Text" owner="SeleniumLibrary">
<msg time="2024-05-28T01:31:10.525402" level="INFO">Typing text 'Suvetha' into text field 'xpath=(//input[@data-v-1f99f73c])[2]'.</msg>
<arg>${Name}</arg>
<arg>${names}</arg>
<doc>Types the given ``text`` into the text field identified by ``locator``.</doc>
<status status="PASS" start="2024-05-28T01:31:10.525402" elapsed="0.112731"/>
</kw>
<arg>${Name}</arg>
<status status="PASS" start="2024-05-28T01:31:10.525402" elapsed="0.112731"/>
</kw>
<kw name="select relationship as child" owner="DependentResources">
<kw name="Click Element" owner="SeleniumLibrary">
<msg time="2024-05-28T01:31:10.645757" level="INFO">Clicking element 'xpath=(//div[@data-v-67d2aedf])[2]'.</msg>
<arg>${Relationship}</arg>
<doc>Click the element identified by ``locator``.</doc>
<status status="PASS" start="2024-05-28T01:31:10.638133" elapsed="0.042369"/>
</kw>
<kw name="Wait Until Element Is Visible" owner="SeleniumLibrary">
<arg>${Relationship}</arg>
<arg>10s</arg>
<doc>Waits until the element ``locator`` is visible.</doc>
<status status="PASS" start="2024-05-28T01:31:10.680502" elapsed="0.024820"/>
</kw>
<kw name="Wait Until Element Is Enabled" owner="SeleniumLibrary">
<arg>${Relationship}</arg>
<arg>10s</arg>
<doc>Waits until the element ``locator`` is enabled.</doc>
<status status="PASS" start="2024-05-28T01:31:10.705322" elapsed="0.023748"/>
</kw>
<kw name="Click Element" owner="SeleniumLibrary">
<msg time="2024-05-28T01:31:10.729070" level="INFO">Clicking element 'xpath://span[text()='Child']'.</msg>
<arg>${child}</arg>
<doc>Click the element identified by ``locator``.</doc>
<status status="PASS" start="2024-05-28T01:31:10.729070" elapsed="0.034340"/>
</kw>
<status status="PASS" start="2024-05-28T01:31:10.638133" elapsed="0.125277"/>
</kw>
<kw name="Click Save Button" owner="DependentResources">
<kw name="Click Button" owner="SeleniumLibrary">
<msg time="2024-05-28T01:31:10.763410" level="INFO">Clicking button 'xpath:(//button[text()=" Save "])[1]'.</msg>
<arg>${save}</arg>
<doc>Clicks the button identified by ``locator``.</doc>
<status status="PASS" start="2024-05-28T01:31:10.763410" elapsed="0.052172"/>
</kw>
<kw name="Should Contain" owner="BuiltIn">
<arg>${success_save}</arg>
<arg>Successfully Updated</arg>
<doc>Fails if ``container`` does not contain ``item`` one or more times.</doc>
<status status="PASS" start="2024-05-28T01:31:10.815582" elapsed="0.000000"/>
</kw>
<status status="PASS" start="2024-05-28T01:31:10.763410" elapsed="0.052172"/>
</kw>
<arg>Name=Suvetha</arg>
<status status="PASS" start="2024-05-28T01:31:04.840134" elapsed="5.975448"/>
</kw>
<kw name="Close Browser Session" owner="GenericResources" type="TEARDOWN">
<kw name="Close Browser" owner="SeleniumLibrary">
<doc>Closes the current browser.</doc>
<status status="PASS" start="2024-05-28T01:31:10.815582" elapsed="2.233964"/>
</kw>
<status status="PASS" start="2024-05-28T01:31:10.815582" elapsed="2.233964"/>
</kw>
<status status="PASS" start="2024-05-28T01:30:58.506242" elapsed="14.543304"/>
</test>
<doc>Test dependent to my info</doc>
<status status="PASS" start="2024-05-28T01:30:58.416099" elapsed="14.633447"/>
</suite>
<suite id="s1-s4" name="Test dependent cancel" source="C:\Users\SM\Desktop\Team02_OrangeHRM\Team2_OrangeHRM\TestCases\Test_dependent_cancel.robot">
<test id="s1-s4-t1" name="Name" line="18">
<kw name="Open the browser with url" owner="GenericResources" type="SETUP">
<kw name="Create Webdriver" owner="SeleniumLibrary">
<msg time="2024-05-28T01:31:13.086244" level="INFO">Creating an instance of the Chrome WebDriver.</msg>
<arg>${browser_name}</arg>
<doc>Creates an instance of Selenium WebDriver.</doc>
<status status="PASS" start="2024-05-28T01:31:13.086244" elapsed="1.558862"/>
</kw>
<kw name="Go To" owner="SeleniumLibrary">
<msg time="2024-05-28T01:31:14.655533" level="INFO">Opening url 'https://opensource-demo.orangehrmlive.com/web/index.php/auth/login'</msg>
<arg>${url}</arg>
<doc>Navigates the current browser window to the provided ``url``.</doc>
<status status="PASS" start="2024-05-28T01:31:14.652125" elapsed="4.126097"/>
</kw>
<kw name="Maximize Browser Window" owner="SeleniumLibrary">
<doc>Maximizes current browser window.</doc>
<status status="PASS" start="2024-05-28T01:31:18.778222" elapsed="0.061960"/>
</kw>
<kw name="Set Selenium Implicit Wait" owner="SeleniumLibrary">
<arg>5</arg>
<doc>Sets the implicit wait value used by Selenium.</doc>
<status status="PASS" start="2024-05-28T01:31:18.841368" elapsed="0.002002"/>
</kw>
<status status="PASS" start="2024-05-28T01:31:13.086244" elapsed="5.757126"/>
</kw>
<kw name="validate successful cancel dependent">
<kw name="Fill the login form" owner="LoginResources">
<kw name="Input Text" owner="SeleniumLibrary">
<msg time="2024-05-28T01:31:18.843370" level="INFO">Typing text 'Admin' into text field 'xpath://input[@name='username']'.</msg>
<arg>xpath://input[@name='username']</arg>
<arg>${Username}</arg>
<doc>Types the given ``text`` into the text field identified by ``locator``.</doc>
<status status="PASS" start="2024-05-28T01:31:18.843370" elapsed="0.552949"/>
</kw>
<kw name="Input Password" owner="SeleniumLibrary">
<msg time="2024-05-28T01:31:19.396319" level="INFO">Typing password into text field 'xpath://input[@type='password']'.</msg>
<msg time="2024-05-28T01:31:19.447257" level="INFO">Temporally setting log level to: NONE</msg>
<arg>xpath://input[@type='password']</arg>
<arg>${Password}</arg>
<doc>Types the given password into the text field identified by ``locator``.</doc>
<status status="PASS" start="2024-05-28T01:31:19.396319" elapsed="0.143986"/>
</kw>
<kw name="Click Button" owner="SeleniumLibrary">
<msg time="2024-05-28T01:31:19.544233" level="INFO">Clicking button 'xpath://button[@type='submit']'.</msg>
<arg>xpath://button[@type='submit']</arg>
<doc>Clicks the button identified by ``locator``.</doc>
<status status="PASS" start="2024-05-28T01:31:19.544233" elapsed="1.700082"/>
</kw>
<arg>${username}</arg>
<arg>${password}</arg>
<status status="PASS" start="2024-05-28T01:31:18.843370" elapsed="2.401944"/>
</kw>
<kw name="Set Selenium Implicit Wait" owner="SeleniumLibrary">
<arg>5</arg>
<doc>Sets the implicit wait value used by Selenium.</doc>
<status status="PASS" start="2024-05-28T01:31:21.246316" elapsed="0.002133"/>
</kw>
<kw name="verify the valid credentials" owner="LoginResources">
<kw name="Element Text Should Be" owner="SeleniumLibrary">
<msg time="2024-05-28T01:31:21.249467" level="INFO">Verifying element 'xpath://h6[text()="Dashboard"]' contains exact text 'Dashboard'.</msg>
<arg>${dashBoard}</arg>
<arg>Dashboard</arg>
<doc>Verifies that element ``locator`` contains exact the text ``expected``.</doc>
<status status="PASS" start="2024-05-28T01:31:21.249467" elapsed="0.384662"/>
</kw>
<status status="PASS" start="2024-05-28T01:31:21.248449" elapsed="0.395238"/>
</kw>
<kw name="click myInfo Button" owner="MyInfoResource">
<kw name="Click Element" owner="SeleniumLibrary">
<msg time="2024-05-28T01:31:21.643687" level="INFO">Clicking element 'xpath://span[text()='My Info']'.</msg>
<arg>${myInfo}</arg>
<doc>Click the element identified by ``locator``.</doc>
<status status="PASS" start="2024-05-28T01:31:21.643687" elapsed="1.261815"/>
</kw>
<status status="PASS" start="2024-05-28T01:31:21.643687" elapsed="1.263812"/>
</kw>
<kw name="click dependent element" owner="MyInfoResource">
<kw name="Click Link" owner="SeleniumLibrary">
<msg time="2024-05-28T01:31:22.911280" level="INFO">Clicking link 'xpath://a[text()='Dependents']'.</msg>
<arg>${dependents}</arg>
<doc>Clicks a link identified by ``locator``.</doc>
<status status="PASS" start="2024-05-28T01:31:22.910288" elapsed="1.088619"/>
</kw>
<status status="PASS" start="2024-05-28T01:31:22.907499" elapsed="1.093709"/>
</kw>
<kw name="click add button" owner="DependentResources">
<kw name="Click Button" owner="SeleniumLibrary">
<msg time="2024-05-28T01:31:24.004697" level="INFO">Clicking button 'xpath:(//button[@type="button"])[3]'.</msg>
<arg>${add}</arg>
<doc>Clicks the button identified by ``locator``.</doc>
<status status="PASS" start="2024-05-28T01:31:24.002655" elapsed="0.637335"/>
</kw>
<status status="PASS" start="2024-05-28T01:31:24.001208" elapsed="0.641883"/>
</kw>
<kw name="Fill the details" owner="DependentResources">
<kw name="Input Text" owner="SeleniumLibrary">
<msg time="2024-05-28T01:31:24.644589" level="INFO">Typing text 'Suvetha' into text field 'xpath=(//input[@data-v-1f99f73c])[2]'.</msg>
<arg>${Name}</arg>
<arg>${names}</arg>
<doc>Types the given ``text`` into the text field identified by ``locator``.</doc>
<status status="PASS" start="2024-05-28T01:31:24.644589" elapsed="0.122859"/>
</kw>
<arg>${Name}</arg>
<status status="PASS" start="2024-05-28T01:31:24.643389" elapsed="0.124059"/>
</kw>
<kw name="select relationship as Other" owner="DependentResources">
<kw name="Click Element" owner="SeleniumLibrary">
<msg time="2024-05-28T01:31:24.767448" level="INFO">Clicking element 'xpath=(//div[@data-v-67d2aedf])[2]'.</msg>
<arg>${Relationship}</arg>
<doc>Click the element identified by ``locator``.</doc>
<status status="PASS" start="2024-05-28T01:31:24.767448" elapsed="0.062079"/>
</kw>
<kw name="Wait Until Element Is Visible" owner="SeleniumLibrary">
<arg>${Relationship}</arg>
<arg>10s</arg>
<doc>Waits until the element ``locator`` is visible.</doc>
<status status="PASS" start="2024-05-28T01:31:24.834908" elapsed="0.026410"/>
</kw>
<kw name="Wait Until Element Is Enabled" owner="SeleniumLibrary">
<arg>${Relationship}</arg>
<arg>10s</arg>
<doc>Waits until the element ``locator`` is enabled.</doc>
<status status="PASS" start="2024-05-28T01:31:24.861318" elapsed="0.015690"/>
</kw>
<kw name="Click Element" owner="SeleniumLibrary">
<msg time="2024-05-28T01:31:24.877008" level="INFO">Clicking element 'xpath://span[text()='Other']'.</msg>
<arg>${other}</arg>
<doc>Click the element identified by ``locator``.</doc>
<status status="PASS" start="2024-05-28T01:31:24.877008" elapsed="0.061179"/>
</kw>
<status status="PASS" start="2024-05-28T01:31:24.767448" elapsed="0.170739"/>
</kw>
<kw name="Click cancel Button" owner="DependentResources">
<kw name="Click Button" owner="SeleniumLibrary">
<msg time="2024-05-28T01:31:24.942102" level="INFO">Clicking button 'xpath:(//button[@type="button"])[3]'.</msg>
<arg>${cancel}</arg>
<doc>Clicks the button identified by ``locator``.</doc>
<status status="PASS" start="2024-05-28T01:31:24.941717" elapsed="0.065581"/>
</kw>
<status status="PASS" start="2024-05-28T01:31:24.938187" elapsed="0.071326"/>
</kw>
<arg>Name=Suvetha</arg>
<status status="PASS" start="2024-05-28T01:31:18.843370" elapsed="6.167125"/>
</kw>
<kw name="Close Browser Session" owner="GenericResources" type="TEARDOWN">
<kw name="Close Browser" owner="SeleniumLibrary">
<doc>Closes the current browser.</doc>
<status status="PASS" start="2024-05-28T01:31:25.010942" elapsed="2.267773"/>
</kw>
<status status="PASS" start="2024-05-28T01:31:25.010942" elapsed="2.267773"/>
</kw>
<status status="PASS" start="2024-05-28T01:31:13.083260" elapsed="14.195455"/>
</test>
<doc>Test dependent to my info</doc>
<status status="PASS" start="2024-05-28T01:31:13.059461" elapsed="14.229257"/>
</suite>
<suite id="s1-s5" name="Test EmergencyContact" source="C:\Users\SM\Desktop\Team02_OrangeHRM\Team2_OrangeHRM\TestCases\Test_EmergencyContact.robot">
<test id="s1-s5-t1" name="fill the form of personal details" line="19">
<kw name="Open the browser with url" owner="GenericResources" type="SETUP">
<kw name="Create Webdriver" owner="SeleniumLibrary">
<msg time="2024-05-28T01:31:27.349349" level="INFO">Creating an instance of the Chrome WebDriver.</msg>
<arg>${browser_name}</arg>
<doc>Creates an instance of Selenium WebDriver.</doc>
<status status="PASS" start="2024-05-28T01:31:27.348642" elapsed="1.529146"/>
</kw>
<kw name="Go To" owner="SeleniumLibrary">
<msg time="2024-05-28T01:31:28.887185" level="INFO">Opening url 'https://opensource-demo.orangehrmlive.com/web/index.php/auth/login'</msg>
<arg>${url}</arg>
<doc>Navigates the current browser window to the provided ``url``.</doc>
<status status="PASS" start="2024-05-28T01:31:28.886631" elapsed="3.880400"/>
</kw>
<kw name="Maximize Browser Window" owner="SeleniumLibrary">
<doc>Maximizes current browser window.</doc>
<status status="PASS" start="2024-05-28T01:31:32.769036" elapsed="0.034247"/>
</kw>
<kw name="Set Selenium Implicit Wait" owner="SeleniumLibrary">
<arg>5</arg>
<doc>Sets the implicit wait value used by Selenium.</doc>
<status status="PASS" start="2024-05-28T01:31:32.804279" elapsed="0.003014"/>
</kw>
<status status="PASS" start="2024-05-28T01:31:27.347633" elapsed="5.460656"/>
</kw>
<kw name="validate successful saved personal details">
<kw name="Fill the login form" owner="LoginResources">
<kw name="Input Text" owner="SeleniumLibrary">
<msg time="2024-05-28T01:31:32.813277" level="INFO">Typing text 'Admin' into text field 'xpath://input[@name='username']'.</msg>
<arg>xpath://input[@name='username']</arg>
<arg>${Username}</arg>
<doc>Types the given ``text`` into the text field identified by ``locator``.</doc>
<status status="PASS" start="2024-05-28T01:31:32.813277" elapsed="0.494896"/>
</kw>
<kw name="Input Password" owner="SeleniumLibrary">
<msg time="2024-05-28T01:31:33.308173" level="INFO">Typing password into text field 'xpath://input[@type='password']'.</msg>
<msg time="2024-05-28T01:31:33.366333" level="INFO">Temporally setting log level to: NONE</msg>
<arg>xpath://input[@type='password']</arg>
<arg>${Password}</arg>
<doc>Types the given password into the text field identified by ``locator``.</doc>
<status status="PASS" start="2024-05-28T01:31:33.308173" elapsed="0.171599"/>
</kw>
<kw name="Click Button" owner="SeleniumLibrary">
<msg time="2024-05-28T01:31:33.480774" level="INFO">Clicking button 'xpath://button[@type='submit']'.</msg>
<arg>xpath://button[@type='submit']</arg>
<doc>Clicks the button identified by ``locator``.</doc>
<status status="PASS" start="2024-05-28T01:31:33.480774" elapsed="1.355769"/>
</kw>
<arg>${username}</arg>
<arg>${password}</arg>
<status status="PASS" start="2024-05-28T01:31:32.812279" elapsed="2.026262"/>
</kw>
<kw name="Set Selenium Implicit Wait" owner="SeleniumLibrary">
<arg>5</arg>
<doc>Sets the implicit wait value used by Selenium.</doc>
<status status="PASS" start="2024-05-28T01:31:34.840047" elapsed="0.005045"/>
</kw>
<kw name="verify the valid credentials" owner="LoginResources">
<kw name="Element Text Should Be" owner="SeleniumLibrary">
<msg time="2024-05-28T01:31:34.846058" level="INFO">Verifying element 'xpath://h6[text()="Dashboard"]' contains exact text 'Dashboard'.</msg>
<arg>${dashBoard}</arg>
<arg>Dashboard</arg>
<doc>Verifies that element ``locator`` contains exact the text ``expected``.</doc>
<status status="PASS" start="2024-05-28T01:31:34.846058" elapsed="0.375736"/>
</kw>
<status status="PASS" start="2024-05-28T01:31:34.845092" elapsed="0.376702"/>
</kw>
<kw name="click myInfo Button" owner="MyInfoResource">
<kw name="Click Element" owner="SeleniumLibrary">
<msg time="2024-05-28T01:31:35.230804" level="INFO">Clicking element 'xpath://span[text()='My Info']'.</msg>
<arg>${myInfo}</arg>
<doc>Click the element identified by ``locator``.</doc>
<status status="PASS" start="2024-05-28T01:31:35.221794" elapsed="1.455893"/>
</kw>
<status status="PASS" start="2024-05-28T01:31:35.221794" elapsed="1.457892"/>
</kw>
<kw name="click emergency contact element" owner="MyInfoResource">
<kw name="Click Link" owner="SeleniumLibrary">
<msg time="2024-05-28T01:31:36.682720" level="INFO">Clicking link 'xpath://a[text()='Emergency Contacts']'.</msg>
<arg>${emergency_contact}</arg>
<doc>Clicks a link identified by ``locator``.</doc>
<status status="PASS" start="2024-05-28T01:31:36.681699" elapsed="1.163919"/>
</kw>
<status status="PASS" start="2024-05-28T01:31:36.680696" elapsed="1.166628"/>
</kw>
<kw name="click add button" owner="EmergencyContactResources">
<kw name="Click Button" owner="SeleniumLibrary">
<msg time="2024-05-28T01:31:37.848352" level="INFO">Clicking button 'xpath:(//button[@type="button"])[3]'.</msg>
<arg>${add}</arg>
<doc>Clicks the button identified by ``locator``.</doc>
<status status="PASS" start="2024-05-28T01:31:37.847324" elapsed="0.455545"/>
</kw>
<status status="PASS" start="2024-05-28T01:31:37.847324" elapsed="0.457768"/>
</kw>
<kw name="Fill the details" owner="EmergencyContactResources">
<kw name="Input Text" owner="SeleniumLibrary">
<msg time="2024-05-28T01:31:38.305092" level="INFO">Typing text 'Suvetha' into text field 'xpath=(//div[@data-v-957b4417]//input)[1]'.</msg>
<arg>${Name}</arg>
<arg>${names}</arg>
<doc>Types the given ``text`` into the text field identified by ``locator``.</doc>
<status status="PASS" start="2024-05-28T01:31:38.305092" elapsed="0.133571"/>
</kw>
<kw name="Input Text" owner="SeleniumLibrary">
<msg time="2024-05-28T01:31:38.438663" level="INFO">Typing text 'sister' into text field 'xpath=(//div[@data-v-957b4417]//input)[2]'.</msg>
<arg>${Relationship}</arg>
<arg>${relation}</arg>
<doc>Types the given ``text`` into the text field identified by ``locator``.</doc>
<status status="PASS" start="2024-05-28T01:31:38.438663" elapsed="0.116918"/>
</kw>
<kw name="Input Text" owner="SeleniumLibrary">
<msg time="2024-05-28T01:31:38.556592" level="INFO">Typing text '25085' into text field 'xpath=(//div[@data-v-957b4417]//input)[3]'.</msg>
<arg>${home}</arg>
<arg>${home_tele}</arg>
<doc>Types the given ``text`` into the text field identified by ``locator``.</doc>
<status status="PASS" start="2024-05-28T01:31:38.556592" elapsed="0.105923"/>
</kw>
<kw name="Input Text" owner="SeleniumLibrary">
<msg time="2024-05-28T01:31:38.663872" level="INFO">Typing text '7339446896' into text field 'xpath=(//div[@data-v-957b4417]//input)[4]'.</msg>
<arg>${mobile}</arg>
<arg>${mob}</arg>
<doc>Types the given ``text`` into the text field identified by ``locator``.</doc>
<status status="PASS" start="2024-05-28T01:31:38.663872" elapsed="0.158086"/>
</kw>
<kw name="Input Text" owner="SeleniumLibrary">
<msg time="2024-05-28T01:31:38.831972" level="INFO">Typing text '1234567890' into text field 'xpath=(//div[@data-v-957b4417]//input)[5]'.</msg>
<arg>${work_telephone}</arg>
<arg>${work_tele}</arg>
<doc>Types the given ``text`` into the text field identified by ``locator``.</doc>
<status status="PASS" start="2024-05-28T01:31:38.831972" elapsed="0.135697"/>
</kw>
<arg>${NAMES}</arg>
<arg>${RELATION}</arg>
<arg>${HOMES}</arg>
<arg>${MOBILES}</arg>
<arg>${WORK}</arg>
<status status="PASS" start="2024-05-28T01:31:38.305092" elapsed="0.663577"/>
</kw>
<kw name="Click Save Button" owner="EmergencyContactResources">
<kw name="Click Button" owner="SeleniumLibrary">
<msg time="2024-05-28T01:31:38.969668" level="INFO">Clicking button 'xpath:(//button[text()=" Save "])[1]'.</msg>
<arg>${save}</arg>
<doc>Clicks the button identified by ``locator``.</doc>
<status status="PASS" start="2024-05-28T01:31:38.968669" elapsed="0.066486"/>
</kw>
<kw name="Should Contain" owner="BuiltIn">
<arg>${success_save}</arg>
<arg>Successfully Updated</arg>
<doc>Fails if ``container`` does not contain ``item`` one or more times.</doc>
<status status="PASS" start="2024-05-28T01:31:39.036161" elapsed="0.000000"/>
</kw>
<status status="PASS" start="2024-05-28T01:31:38.968669" elapsed="0.068508"/>
</kw>
<arg>NAMES=Suvetha</arg>
<arg>RELATION=sister</arg>
<arg>HOMES=25085</arg>
<arg>MOBILES=7339446896</arg>
<arg>WORK=1234567890</arg>
<status status="PASS" start="2024-05-28T01:31:32.811279" elapsed="6.225898"/>
</kw>
<kw name="Close Browser Session" owner="GenericResources" type="TEARDOWN">
<kw name="Close Browser" owner="SeleniumLibrary">
<doc>Closes the current browser.</doc>
<status status="PASS" start="2024-05-28T01:31:39.038255" elapsed="2.203491"/>
</kw>
<status status="PASS" start="2024-05-28T01:31:39.037177" elapsed="2.204569"/>
</kw>
<status status="PASS" start="2024-05-28T01:31:27.346659" elapsed="13.895087"/>
</test>
<doc>Test emergency contact to my info page</doc>
<status status="PASS" start="2024-05-28T01:31:27.288718" elapsed="13.953028"/>
</suite>
<suite id="s1-s6" name="Test ForgotPassword" source="C:\Users\SM\Desktop\Team02_OrangeHRM\Team2_OrangeHRM\TestCases\Test_ForgotPassword.robot">
<test id="s1-s6-t1" name="validate successful reset password" line="12">
<kw name="Open the browser with url" owner="GenericResources" type="SETUP">
<kw name="Create Webdriver" owner="SeleniumLibrary">
<msg time="2024-05-28T01:31:41.264734" level="INFO">Creating an instance of the Chrome WebDriver.</msg>
<arg>${browser_name}</arg>
<doc>Creates an instance of Selenium WebDriver.</doc>
<status status="PASS" start="2024-05-28T01:31:41.264734" elapsed="1.562247"/>
</kw>
<kw name="Go To" owner="SeleniumLibrary">
<msg time="2024-05-28T01:31:42.835362" level="INFO">Opening url 'https://opensource-demo.orangehrmlive.com/web/index.php/auth/login'</msg>
<arg>${url}</arg>
<doc>Navigates the current browser window to the provided ``url``.</doc>
<status status="PASS" start="2024-05-28T01:31:42.834381" elapsed="3.981193"/>
</kw>
<kw name="Maximize Browser Window" owner="SeleniumLibrary">
<doc>Maximizes current browser window.</doc>
<status status="PASS" start="2024-05-28T01:31:46.816688" elapsed="0.034658"/>
</kw>
<kw name="Set Selenium Implicit Wait" owner="SeleniumLibrary">
<arg>5</arg>
<doc>Sets the implicit wait value used by Selenium.</doc>
<status status="PASS" start="2024-05-28T01:31:46.852271" elapsed="0.006507"/>
</kw>
<status status="PASS" start="2024-05-28T01:31:41.263466" elapsed="5.598065"/>
</kw>
<kw name="click forgot password" owner="ForgotPasswordResources">
<kw name="Click Element" owner="SeleniumLibrary">
<msg time="2024-05-28T01:31:46.863085" level="INFO">Clicking element 'xpath://p[text()='Forgot your password? ']'.</msg>
<arg>${forgot_password}</arg>
<doc>Click the element identified by ``locator``.</doc>
<status status="PASS" start="2024-05-28T01:31:46.863085" elapsed="0.965540"/>
</kw>
<status status="PASS" start="2024-05-28T01:31:46.863085" elapsed="0.967545"/>
</kw>
<kw name="Fill valid username" owner="ForgotPasswordResources">
<kw name="Input Text" owner="SeleniumLibrary">
<msg time="2024-05-28T01:31:47.835416" level="INFO">Typing text 'Admin' into text field 'xpath://input[@name="username"]'.</msg>
<arg>${username}</arg>
<arg>Admin</arg>
<doc>Types the given ``text`` into the text field identified by ``locator``.</doc>
<status status="PASS" start="2024-05-28T01:31:47.833638" elapsed="0.463647"/>
</kw>
<status status="PASS" start="2024-05-28T01:31:47.831633" elapsed="0.466650"/>
</kw>
<kw name="click reset button" owner="ForgotPasswordResources">
<kw name="Click Button" owner="SeleniumLibrary">
<msg time="2024-05-28T01:31:48.299331" level="INFO">Clicking button 'xpath://button[text()=' Reset Password ']'.</msg>
<arg>${reset_password}</arg>
<doc>Clicks the button identified by ``locator``.</doc>
<status status="PASS" start="2024-05-28T01:31:48.299331" elapsed="1.306118"/>
</kw>
<status status="PASS" start="2024-05-28T01:31:48.299331" elapsed="1.307083"/>
</kw>
<kw name="verify successful password page" owner="ForgotPasswordResources">
<kw name="Element Text Should Be" owner="SeleniumLibrary">
<msg time="2024-05-28T01:31:49.607416" level="INFO">Verifying element 'css:.orangehrm-forgot-password-title' contains exact text 'Reset Password link sent successfully'.</msg>
<arg>${sent_password_page}</arg>
<arg>Reset Password link sent successfully</arg>
<doc>Verifies that element ``locator`` contains exact the text ``expected``.</doc>
<status status="PASS" start="2024-05-28T01:31:49.607416" elapsed="0.378054"/>
</kw>
<status status="PASS" start="2024-05-28T01:31:49.607416" elapsed="0.380117"/>
</kw>
<kw name="Close Browser Session" owner="GenericResources" type="TEARDOWN">
<kw name="Close Browser" owner="SeleniumLibrary">
<doc>Closes the current browser.</doc>
<status status="PASS" start="2024-05-28T01:31:49.988475" elapsed="2.205923"/>
</kw>
<status status="PASS" start="2024-05-28T01:31:49.987533" elapsed="2.206865"/>
</kw>
<status status="PASS" start="2024-05-28T01:31:41.263466" elapsed="10.930932"/>
</test>
<test id="s1-s6-t2" name="validate successful cancel reset password" line="19">
<kw name="Open the browser with url" owner="GenericResources" type="SETUP">
<kw name="Create Webdriver" owner="SeleniumLibrary">
<msg time="2024-05-28T01:31:52.194398" level="INFO">Creating an instance of the Chrome WebDriver.</msg>
<arg>${browser_name}</arg>
<doc>Creates an instance of Selenium WebDriver.</doc>
<status status="PASS" start="2024-05-28T01:31:52.194398" elapsed="1.565984"/>
</kw>
<kw name="Go To" owner="SeleniumLibrary">
<msg time="2024-05-28T01:31:53.763591" level="INFO">Opening url 'https://opensource-demo.orangehrmlive.com/web/index.php/auth/login'</msg>
<arg>${url}</arg>
<doc>Navigates the current browser window to the provided ``url``.</doc>
<status status="PASS" start="2024-05-28T01:31:53.763591" elapsed="4.338581"/>
</kw>
<kw name="Maximize Browser Window" owner="SeleniumLibrary">
<doc>Maximizes current browser window.</doc>
<status status="PASS" start="2024-05-28T01:31:58.104171" elapsed="0.045094"/>
</kw>
<kw name="Set Selenium Implicit Wait" owner="SeleniumLibrary">
<arg>5</arg>
<doc>Sets the implicit wait value used by Selenium.</doc>
<status status="PASS" start="2024-05-28T01:31:58.149265" elapsed="0.004001"/>
</kw>
<status status="PASS" start="2024-05-28T01:31:52.194398" elapsed="5.959868"/>
</kw>
<kw name="click forgot password" owner="ForgotPasswordResources">
<kw name="Click Element" owner="SeleniumLibrary">
<msg time="2024-05-28T01:31:58.155103" level="INFO">Clicking element 'xpath://p[text()='Forgot your password? ']'.</msg>
<arg>${forgot_password}</arg>
<doc>Click the element identified by ``locator``.</doc>
<status status="PASS" start="2024-05-28T01:31:58.155103" elapsed="0.935231"/>
</kw>
<status status="PASS" start="2024-05-28T01:31:58.155103" elapsed="0.937238"/>
</kw>
<kw name="Fill valid username" owner="ForgotPasswordResources">
<kw name="Input Text" owner="SeleniumLibrary">
<msg time="2024-05-28T01:31:59.095010" level="INFO">Typing text 'Admin' into text field 'xpath://input[@name="username"]'.</msg>
<arg>${username}</arg>
<arg>Admin</arg>
<doc>Types the given ``text`` into the text field identified by ``locator``.</doc>
<status status="PASS" start="2024-05-28T01:31:59.093992" elapsed="0.433923"/>
</kw>
<status status="PASS" start="2024-05-28T01:31:59.093992" elapsed="0.434904"/>
</kw>
<kw name="click cancel button" owner="ForgotPasswordResources">
<kw name="Click Button" owner="SeleniumLibrary">
<msg time="2024-05-28T01:31:59.529896" level="INFO">Clicking button 'xpath://button[text()=' Cancel ']'.</msg>
<arg>${cancel_button}</arg>
<doc>Clicks the button identified by ``locator``.</doc>
<status status="PASS" start="2024-05-28T01:31:59.529896" elapsed="0.456848"/>
</kw>
<status status="PASS" start="2024-05-28T01:31:59.529896" elapsed="0.457812"/>
</kw>
<kw name="verify successful cancel page" owner="ForgotPasswordResources">
<kw name="Element Text Should Be" owner="SeleniumLibrary">
<msg time="2024-05-28T01:31:59.988703" level="INFO">Verifying element 'xpath://h5[text()='Login']' contains exact text 'Login'.</msg>
<arg>${login}</arg>
<arg>Login</arg>
<doc>Verifies that element ``locator`` contains exact the text ``expected``.</doc>
<status status="PASS" start="2024-05-28T01:31:59.988703" elapsed="0.371429"/>
</kw>
<status status="PASS" start="2024-05-28T01:31:59.988703" elapsed="0.372445"/>
</kw>
<kw name="Close Browser Session" owner="GenericResources" type="TEARDOWN">
<kw name="Close Browser" owner="SeleniumLibrary">
<doc>Closes the current browser.</doc>
<status status="PASS" start="2024-05-28T01:32:00.362133" elapsed="2.269310"/>
</kw>
<status status="PASS" start="2024-05-28T01:32:00.362133" elapsed="2.269310"/>
</kw>
<status status="PASS" start="2024-05-28T01:31:52.194398" elapsed="10.437045"/>
</test>
<doc>Test forgot page to my login page</doc>
<status status="PASS" start="2024-05-28T01:31:41.251695" elapsed="21.379748"/>
</suite>
<suite id="s1-s7" name="Test Immigration" source="C:\Users\SM\Desktop\Team02_OrangeHRM\Team2_OrangeHRM\TestCases\Test_Immigration.robot">
<test id="s1-s7-t1" name="Valid" line="18">
<kw name="Open the browser with url" owner="GenericResources" type="SETUP">
<kw name="Create Webdriver" owner="SeleniumLibrary">
<msg time="2024-05-28T01:32:02.672931" level="INFO">Creating an instance of the Chrome WebDriver.</msg>
<arg>${browser_name}</arg>
<doc>Creates an instance of Selenium WebDriver.</doc>
<status status="PASS" start="2024-05-28T01:32:02.672931" elapsed="1.566800"/>
</kw>
<kw name="Go To" owner="SeleniumLibrary">
<msg time="2024-05-28T01:32:04.250633" level="INFO">Opening url 'https://opensource-demo.orangehrmlive.com/web/index.php/auth/login'</msg>
<arg>${url}</arg>
<doc>Navigates the current browser window to the provided ``url``.</doc>
<status status="PASS" start="2024-05-28T01:32:04.249231" elapsed="3.833946"/>
</kw>
<kw name="Maximize Browser Window" owner="SeleniumLibrary">
<doc>Maximizes current browser window.</doc>
<status status="PASS" start="2024-05-28T01:32:08.084178" elapsed="0.028533"/>
</kw>
<kw name="Set Selenium Implicit Wait" owner="SeleniumLibrary">
<arg>5</arg>
<doc>Sets the implicit wait value used by Selenium.</doc>
<status status="PASS" start="2024-05-28T01:32:08.113935" elapsed="0.002998"/>
</kw>
<status status="PASS" start="2024-05-28T01:32:02.672931" elapsed="5.444002"/>
</kw>
<kw name="validate successful saved Dependent">
<kw name="Fill the login form" owner="LoginResources">
<kw name="Input Text" owner="SeleniumLibrary">
<msg time="2024-05-28T01:32:08.119931" level="INFO">Typing text 'Admin' into text field 'xpath://input[@name='username']'.</msg>
<arg>xpath://input[@name='username']</arg>
<arg>${Username}</arg>
<doc>Types the given ``text`` into the text field identified by ``locator``.</doc>
<status status="PASS" start="2024-05-28T01:32:08.118933" elapsed="0.475556"/>
</kw>
<kw name="Input Password" owner="SeleniumLibrary">
<msg time="2024-05-28T01:32:08.604492" level="INFO">Typing password into text field 'xpath://input[@type='password']'.</msg>
<msg time="2024-05-28T01:32:08.652650" level="INFO">Temporally setting log level to: NONE</msg>
<arg>xpath://input[@type='password']</arg>
<arg>${Password}</arg>
<doc>Types the given password into the text field identified by ``locator``.</doc>
<status status="PASS" start="2024-05-28T01:32:08.604492" elapsed="0.154073"/>
</kw>
<kw name="Click Button" owner="SeleniumLibrary">
<msg time="2024-05-28T01:32:08.759564" level="INFO">Clicking button 'xpath://button[@type='submit']'.</msg>
<arg>xpath://button[@type='submit']</arg>
<doc>Clicks the button identified by ``locator``.</doc>
<status status="PASS" start="2024-05-28T01:32:08.759564" elapsed="1.475285"/>
</kw>
<arg>${username}</arg>
<arg>${password}</arg>
<status status="PASS" start="2024-05-28T01:32:08.118933" elapsed="2.118051"/>
</kw>
<kw name="Set Selenium Implicit Wait" owner="SeleniumLibrary">
<arg>5</arg>
<doc>Sets the implicit wait value used by Selenium.</doc>
<status status="PASS" start="2024-05-28T01:32:10.237279" elapsed="0.004048"/>
</kw>
<kw name="verify the valid credentials" owner="LoginResources">
<kw name="Element Text Should Be" owner="SeleniumLibrary">
<msg time="2024-05-28T01:32:10.242343" level="INFO">Verifying element 'xpath://h6[text()="Dashboard"]' contains exact text 'Dashboard'.</msg>
<arg>${dashBoard}</arg>
<arg>Dashboard</arg>
<doc>Verifies that element ``locator`` contains exact the text ``expected``.</doc>
<status status="PASS" start="2024-05-28T01:32:10.242343" elapsed="0.370305"/>
</kw>
<status status="PASS" start="2024-05-28T01:32:10.242343" elapsed="0.370305"/>
</kw>
<kw name="click myInfo Button" owner="MyInfoResource">
<kw name="Click Element" owner="SeleniumLibrary">
<msg time="2024-05-28T01:32:10.612648" level="INFO">Clicking element 'xpath://span[text()='My Info']'.</msg>
<arg>${myInfo}</arg>
<doc>Click the element identified by ``locator``.</doc>
<status status="PASS" start="2024-05-28T01:32:10.612648" elapsed="1.428128"/>
</kw>
<status status="PASS" start="2024-05-28T01:32:10.612648" elapsed="1.430075"/>
</kw>
<kw name="click immigration element" owner="MyInfoResource">
<kw name="Click Link" owner="SeleniumLibrary">
<msg time="2024-05-28T01:32:12.043720" level="INFO">Clicking link 'xpath://a[text()='Immigration']'.</msg>
<arg>${immigration}</arg>
<doc>Clicks a link identified by ``locator``.</doc>
<status status="PASS" start="2024-05-28T01:32:12.043720" elapsed="1.238435"/>
</kw>
<status status="PASS" start="2024-05-28T01:32:12.042723" elapsed="1.240415"/>
</kw>
<kw name="click add button" owner="ImmigrationResources">
<kw name="Click Button" owner="SeleniumLibrary">
<msg time="2024-05-28T01:32:13.284135" level="INFO">Clicking button 'xpath:(//button[@type="button"])[3]'.</msg>
<arg>${add}</arg>
<doc>Clicks the button identified by ``locator``.</doc>
<status status="PASS" start="2024-05-28T01:32:13.284135" elapsed="0.511681"/>
</kw>
<status status="PASS" start="2024-05-28T01:32:13.284135" elapsed="0.512821"/>
</kw>
<kw name="Fill the details" owner="ImmigrationResources">
<kw name="Input Text" owner="SeleniumLibrary">
<msg time="2024-05-28T01:32:13.796956" level="INFO">Typing text '1317' into text field 'xpath=(//div[@data-v-957b4417]//input[@class='oxd-input oxd-input--active'])[1]'.</msg>
<arg>${Number}</arg>
<arg>${num}</arg>
<doc>Types the given ``text`` into the text field identified by ``locator``.</doc>
<status status="PASS" start="2024-05-28T01:32:13.796956" elapsed="0.125743"/>
</kw>
<kw name="Input Text" owner="SeleniumLibrary">
<msg time="2024-05-28T01:32:13.922699" level="INFO">Typing text 'Yes' into text field 'xpath:(//div[@data-v-957b4417]//input[@class='oxd-input oxd-input--active'])[4]'.</msg>
<arg>${Eligible}</arg>
<arg>Yes</arg>
<doc>Types the given ``text`` into the text field identified by ``locator``.</doc>
<status status="PASS" start="2024-05-28T01:32:13.922699" elapsed="0.107888"/>
</kw>
<kw name="Input Text" owner="SeleniumLibrary">
<msg time="2024-05-28T01:32:14.030587" level="INFO">Typing text 'Good' into text field 'xpath://textarea[@data-v-bd337f32]'.</msg>
<arg>${Text}</arg>
<arg>Good</arg>
<doc>Types the given ``text`` into the text field identified by ``locator``.</doc>
<status status="PASS" start="2024-05-28T01:32:14.030587" elapsed="0.119816"/>
</kw>
<arg>${Num}</arg>
<status status="PASS" start="2024-05-28T01:32:13.796956" elapsed="0.353447"/>
</kw>
<kw name="select country" owner="ImmigrationResources">
<kw name="Click Element" owner="SeleniumLibrary">
<msg time="2024-05-28T01:32:14.150403" level="INFO">Clicking element 'xpath://div[@data-v-67d2aedf]'.</msg>
<arg>${select}</arg>
<doc>Click the element identified by ``locator``.</doc>
<status status="PASS" start="2024-05-28T01:32:14.150403" elapsed="0.065598"/>
</kw>
<kw name="Wait Until Element Is Visible" owner="SeleniumLibrary">
<arg>${select}</arg>
<arg>10s</arg>
<doc>Waits until the element ``locator`` is visible.</doc>
<status status="PASS" start="2024-05-28T01:32:14.218826" elapsed="0.017732"/>
</kw>
<kw name="Wait Until Element Is Enabled" owner="SeleniumLibrary">
<arg>${select}</arg>
<arg>10s</arg>
<doc>Waits until the element ``locator`` is enabled.</doc>
<status status="PASS" start="2024-05-28T01:32:14.236558" elapsed="0.025855"/>
</kw>
<kw name="Click Element" owner="SeleniumLibrary">
<msg time="2024-05-28T01:32:14.262413" level="INFO">Clicking element 'xpath://span[text()='Albania']'.</msg>
<arg>${country}</arg>
<doc>Click the element identified by ``locator``.</doc>
<status status="PASS" start="2024-05-28T01:32:14.262413" elapsed="0.043512"/>
</kw>
<status status="PASS" start="2024-05-28T01:32:14.150403" elapsed="0.155522"/>
</kw>
<kw name="Click Save Button" owner="ImmigrationResources">
<kw name="Click Button" owner="SeleniumLibrary">
<msg time="2024-05-28T01:32:14.310755" level="INFO">Clicking button 'xpath:(//button[text()=" Save "])[1]'.</msg>
<arg>${save}</arg>
<doc>Clicks the button identified by ``locator``.</doc>
<status status="PASS" start="2024-05-28T01:32:14.310755" elapsed="0.059171"/>
</kw>
<kw name="Should Contain" owner="BuiltIn">
<arg>${success_save}</arg>
<arg>Successfully Updated</arg>
<doc>Fails if ``container`` does not contain ``item`` one or more times.</doc>
<status status="PASS" start="2024-05-28T01:32:14.371958" elapsed="0.000000"/>
</kw>
<status status="PASS" start="2024-05-28T01:32:14.305925" elapsed="0.067033"/>
</kw>
<arg>Num=1317</arg>
<status status="PASS" start="2024-05-28T01:32:08.117930" elapsed="6.255028"/>
</kw>
<kw name="Close Browser Session" owner="GenericResources" type="TEARDOWN">
<kw name="Close Browser" owner="SeleniumLibrary">
<doc>Closes the current browser.</doc>
<status status="PASS" start="2024-05-28T01:32:14.373958" elapsed="2.245272"/>
</kw>
<status status="PASS" start="2024-05-28T01:32:14.373958" elapsed="2.245272"/>
</kw>
<status status="PASS" start="2024-05-28T01:32:02.672931" elapsed="13.946299"/>
</test>
<doc>Test Immigration to my info page</doc>
<status status="PASS" start="2024-05-28T01:32:02.641415" elapsed="13.988042"/>
</suite>
<suite id="s1-s8" name="Test LoginInvalid" source="C:\Users\SM\Desktop\Team02_OrangeHRM\Team2_OrangeHRM\TestCases\Test_LoginInvalid.robot">
<test id="s1-s8-t1" name="Login to form using" line="13">
<kw name="Open the browser with url" owner="GenericResources" type="SETUP">
<kw name="Create Webdriver" owner="SeleniumLibrary">
<msg time="2024-05-28T01:32:16.688974" level="INFO">Creating an instance of the Chrome WebDriver.</msg>
<arg>${browser_name}</arg>
<doc>Creates an instance of Selenium WebDriver.</doc>
<status status="PASS" start="2024-05-28T01:32:16.688974" elapsed="1.535831"/>
</kw>
<kw name="Go To" owner="SeleniumLibrary">
<msg time="2024-05-28T01:32:18.227700" level="INFO">Opening url 'https://opensource-demo.orangehrmlive.com/web/index.php/auth/login'</msg>
<arg>${url}</arg>
<doc>Navigates the current browser window to the provided ``url``.</doc>
<status status="PASS" start="2024-05-28T01:32:18.227700" elapsed="3.856829"/>
</kw>
<kw name="Maximize Browser Window" owner="SeleniumLibrary">
<doc>Maximizes current browser window.</doc>
<status status="PASS" start="2024-05-28T01:32:22.093507" elapsed="0.045047"/>
</kw>
<kw name="Set Selenium Implicit Wait" owner="SeleniumLibrary">
<arg>5</arg>
<doc>Sets the implicit wait value used by Selenium.</doc>
<status status="PASS" start="2024-05-28T01:32:22.143099" elapsed="0.000000"/>
</kw>
<status status="PASS" start="2024-05-28T01:32:16.688974" elapsed="5.454125"/>
</kw>
<kw name="validate unsuccessful login using invalid username">
<kw name="Fill the login form" owner="LoginResources">
<kw name="Input Text" owner="SeleniumLibrary">
<msg time="2024-05-28T01:32:22.143099" level="INFO">Typing text 'aadmin' into text field 'xpath://input[@name='username']'.</msg>
<arg>xpath://input[@name='username']</arg>
<arg>${Username}</arg>
<doc>Types the given ``text`` into the text field identified by ``locator``.</doc>
<status status="PASS" start="2024-05-28T01:32:22.143099" elapsed="0.529216"/>
</kw>
<kw name="Input Password" owner="SeleniumLibrary">
[...]
<kw name="Close Browser" owner="SeleniumLibrary">
<doc>Closes the current browser.</doc>
<status status="PASS" start="2024-05-28T01:33:05.425645" elapsed="2.216353"/>
</kw>
<status status="PASS" start="2024-05-28T01:33:05.423656" elapsed="2.218342"/>
</kw>
<status status="PASS" start="2024-05-28T01:32:56.085450" elapsed="11.556548"/>
</test>
<doc>test valid logout page</doc>
<status status="PASS" start="2024-05-28T01:32:56.085450" elapsed="11.556548"/>
</suite>
<suite id="s1-s11" name="Test PersonalDetails" source="C:\Users\SM\Desktop\Team02_OrangeHRM\Team2_OrangeHRM\TestCases\Test_PersonalDetails.robot">
<test id="s1-s11-t1" name="fill the form of personal details" line="18">
<kw name="Open the browser with url" owner="GenericResources" type="SETUP">
<kw name="Create Webdriver" owner="SeleniumLibrary">
<msg time="2024-05-28T01:33:07.712498" level="INFO">Creating an instance of the Chrome WebDriver.</msg>
<arg>${browser_name}</arg>
<doc>Creates an instance of Selenium WebDriver.</doc>
<status status="PASS" start="2024-05-28T01:33:07.712498" elapsed="1.536233"/>
</kw>
<kw name="Go To" owner="SeleniumLibrary">
<msg time="2024-05-28T01:33:09.253237" level="INFO">Opening url 'https://opensource-demo.orangehrmlive.com/web/index.php/auth/login'</msg>
<arg>${url}</arg>
<doc>Navigates the current browser window to the provided ``url``.</doc>
<status status="PASS" start="2024-05-28T01:33:09.252652" elapsed="5.860343"/>
</kw>
<kw name="Maximize Browser Window" owner="SeleniumLibrary">
<doc>Maximizes current browser window.</doc>
<status status="PASS" start="2024-05-28T01:33:15.114994" elapsed="0.038037"/>
</kw>
<kw name="Set Selenium Implicit Wait" owner="SeleniumLibrary">
<arg>5</arg>
<doc>Sets the implicit wait value used by Selenium.</doc>
<status status="PASS" start="2024-05-28T01:33:15.153031" elapsed="0.002994"/>
</kw>
<status status="PASS" start="2024-05-28T01:33:07.712498" elapsed="7.443527"/>
</kw>
<kw name="validate successful saved personal details">
<kw name="Fill the login form" owner="LoginResources">
<kw name="Input Text" owner="SeleniumLibrary">
<msg time="2024-05-28T01:33:15.159599" level="INFO">Typing text 'Admin' into text field 'xpath://input[@name='username']'.</msg>
<arg>xpath://input[@name='username']</arg>
<arg>${Username}</arg>
<doc>Types the given ``text`` into the text field identified by ``locator``.</doc>
<status status="PASS" start="2024-05-28T01:33:15.159599" elapsed="0.636713"/>
</kw>
<kw name="Input Password" owner="SeleniumLibrary">
<msg time="2024-05-28T01:33:15.796312" level="INFO">Typing password into text field 'xpath://input[@type='password']'.</msg>
<msg time="2024-05-28T01:33:15.877478" level="INFO">Temporally setting log level to: NONE</msg>
<arg>xpath://input[@type='password']</arg>
<arg>${Password}</arg>
<doc>Types the given password into the text field identified by ``locator``.</doc>
<status status="PASS" start="2024-05-28T01:33:15.796312" elapsed="0.177058"/>
</kw>
<kw name="Click Button" owner="SeleniumLibrary">
<msg time="2024-05-28T01:33:15.974350" level="INFO">Clicking button 'xpath://button[@type='submit']'.</msg>
<arg>xpath://button[@type='submit']</arg>
<doc>Clicks the button identified by ``locator``.</doc>
<status status="PASS" start="2024-05-28T01:33:15.974350" elapsed="1.463059"/>
</kw>
<arg>${username}</arg>
<arg>${password}</arg>
<status status="PASS" start="2024-05-28T01:33:15.159235" elapsed="2.280178"/>
</kw>
<kw name="Set Selenium Implicit Wait" owner="SeleniumLibrary">
<arg>5</arg>
<doc>Sets the implicit wait value used by Selenium.</doc>
<status status="PASS" start="2024-05-28T01:33:17.439413" elapsed="0.004899"/>
</kw>
<kw name="verify the valid credentials" owner="LoginResources">
<kw name="Element Text Should Be" owner="SeleniumLibrary">
<msg time="2024-05-28T01:33:17.446311" level="INFO">Verifying element 'xpath://h6[text()="Dashboard"]' contains exact text 'Dashboard'.</msg>
<arg>${dashBoard}</arg>
<arg>Dashboard</arg>
<doc>Verifies that element ``locator`` contains exact the text ``expected``.</doc>
<status status="PASS" start="2024-05-28T01:33:17.445317" elapsed="0.389908"/>
</kw>
<status status="PASS" start="2024-05-28T01:33:17.444312" elapsed="0.390913"/>
</kw>
<kw name="click myInfo Button" owner="MyInfoResource">
<kw name="Click Element" owner="SeleniumLibrary">
<msg time="2024-05-28T01:33:17.835225" level="INFO">Clicking element 'xpath://span[text()='My Info']'.</msg>
<arg>${myInfo}</arg>
<doc>Click the element identified by ``locator``.</doc>
<status status="PASS" start="2024-05-28T01:33:17.835225" elapsed="1.281315"/>
</kw>
<status status="PASS" start="2024-05-28T01:33:17.835225" elapsed="1.284335"/>
</kw>
<kw name="click personal details element" owner="MyInfoResource">
<kw name="Click Link" owner="SeleniumLibrary">
<msg time="2024-05-28T01:33:19.120554" level="INFO">Clicking link 'xpath://a[text()='Personal Details']'.</msg>
<arg>${personal_details}</arg>
<doc>Clicks a link identified by ``locator``.</doc>
<status status="PASS" start="2024-05-28T01:33:19.120554" elapsed="1.069689"/>
</kw>
<status status="PASS" start="2024-05-28T01:33:19.119560" elapsed="1.072346"/>
</kw>
<kw name="clear the element" owner="PersonalDetailsResources">
<kw name="Clear Element Text" owner="SeleniumLibrary">
<arg>${firstName}</arg>
<doc>Clears the value of the text-input-element identified by ``locator``.</doc>
<status status="PASS" start="2024-05-28T01:33:20.192881" elapsed="0.460659"/>
</kw>
<kw name="Clear Element Text" owner="SeleniumLibrary">
<arg>${middleName}</arg>
<doc>Clears the value of the text-input-element identified by ``locator``.</doc>
<status status="PASS" start="2024-05-28T01:33:20.653540" elapsed="0.038293"/>
</kw>
<kw name="Clear Element Text" owner="SeleniumLibrary">
<arg>${lastName}</arg>
<doc>Clears the value of the text-input-element identified by ``locator``.</doc>
<status status="PASS" start="2024-05-28T01:33:20.691833" elapsed="0.043281"/>
</kw>
<kw name="Clear Element Text" owner="SeleniumLibrary">
<arg>${emp_id}</arg>
<doc>Clears the value of the text-input-element identified by ``locator``.</doc>
<status status="PASS" start="2024-05-28T01:33:20.735114" elapsed="0.031353"/>
</kw>
<kw name="Clear Element Text" owner="SeleniumLibrary">
<arg>${other_id}</arg>
<doc>Clears the value of the text-input-element identified by ``locator``.</doc>
<status status="PASS" start="2024-05-28T01:33:20.766467" elapsed="0.033416"/>
</kw>
<kw name="Clear Element Text" owner="SeleniumLibrary">
<arg>${licenseNumber}</arg>
<doc>Clears the value of the text-input-element identified by ``locator``.</doc>
<status status="PASS" start="2024-05-28T01:33:20.799883" elapsed="0.041466"/>
</kw>
<status status="PASS" start="2024-05-28T01:33:20.192881" elapsed="0.648468"/>
</kw>
<kw name="Fill the details" owner="PersonalDetailsResources">
<kw name="Input Text" owner="SeleniumLibrary">
<msg time="2024-05-28T01:33:20.841349" level="INFO">Typing text 'Suvetha' into text field 'xpath://input[@name="firstName"]'.</msg>
<arg>${firstName}</arg>
<arg>${fName}</arg>
<doc>Types the given ``text`` into the text field identified by ``locator``.</doc>
<status status="PASS" start="2024-05-28T01:33:20.841349" elapsed="0.122883"/>
</kw>
<kw name="Input Text" owner="SeleniumLibrary">
<msg time="2024-05-28T01:33:20.964232" level="INFO">Typing text 'Jayagopi' into text field 'xpath://input[@name="middleName"]'.</msg>
<arg>${middleName}</arg>
<arg>${mName}</arg>
<doc>Types the given ``text`` into the text field identified by ``locator``.</doc>
<status status="PASS" start="2024-05-28T01:33:20.964232" elapsed="0.116879"/>
</kw>
<kw name="Input Text" owner="SeleniumLibrary">
<msg time="2024-05-28T01:33:21.091122" level="INFO">Typing text 'P' into text field 'xpath://input[@name="lastName"]'.</msg>
<arg>${lastName}</arg>
<arg>${lName}</arg>
<doc>Types the given ``text`` into the text field identified by ``locator``.</doc>
<status status="PASS" start="2024-05-28T01:33:21.081111" elapsed="0.154845"/>
</kw>
<kw name="Input Text" owner="SeleniumLibrary">
<msg time="2024-05-28T01:33:21.235956" level="INFO">Typing text '1317' into text field 'xpath:(//input[@class="oxd-input oxd-input--active"])[2]'.</msg>
<arg>${emp_id}</arg>
<arg>${employee_id}</arg>
<doc>Types the given ``text`` into the text field identified by ``locator``.</doc>
<status status="PASS" start="2024-05-28T01:33:21.235956" elapsed="0.138827"/>
</kw>
<kw name="Input Text" owner="SeleniumLibrary">
<msg time="2024-05-28T01:33:21.374783" level="INFO">Typing text '1307' into text field 'xpath:(//input[@class="oxd-input oxd-input--active"])[3]'.</msg>
<arg>${other_id}</arg>
<arg>${othr_id}</arg>
<doc>Types the given ``text`` into the text field identified by ``locator``.</doc>
<status status="PASS" start="2024-05-28T01:33:21.374783" elapsed="0.113624"/>
</kw>
<kw name="Input Text" owner="SeleniumLibrary">
<msg time="2024-05-28T01:33:21.488407" level="INFO">Typing text '2002' into text field 'xpath:(//input[@class="oxd-input oxd-input--active"])[4]'.</msg>
<arg>${licenseNumber}</arg>
<arg>${lNumber}</arg>
<doc>Types the given ``text`` into the text field identified by ``locator``.</doc>
<status status="PASS" start="2024-05-28T01:33:21.488407" elapsed="0.116157"/>
</kw>
<arg>${FName}</arg>
<arg>${MName}</arg>
<arg>${LName}</arg>
<arg>${Employee_id}</arg>
<arg>${Othr_id}</arg>
<arg>${LNumber}</arg>
<status status="PASS" start="2024-05-28T01:33:20.841349" elapsed="0.763215"/>
</kw>
<kw name="select marital status" owner="PersonalDetailsResources">
<kw name="Click Element" owner="SeleniumLibrary">
<msg time="2024-05-28T01:33:21.608763" level="INFO">Clicking element 'xpath:(//i[@class="oxd-icon bi-caret-down-fill oxd-select-text--arrow"])[2]'.</msg>
<arg>${drop_down}</arg>
<doc>Click the element identified by ``locator``.</doc>
<status status="PASS" start="2024-05-28T01:33:21.607759" elapsed="0.047356"/>
</kw>
<kw name="Wait Until Element Is Visible" owner="SeleniumLibrary">
<arg>${drop_down}</arg>
<arg>10s</arg>
<doc>Waits until the element ``locator`` is visible.</doc>
<status status="PASS" start="2024-05-28T01:33:21.655115" elapsed="0.045566"/>
</kw>
<kw name="Wait Until Element Is Enabled" owner="SeleniumLibrary">
<arg>${drop_down}</arg>
<arg>10s</arg>
<doc>Waits until the element ``locator`` is enabled.</doc>
<status status="PASS" start="2024-05-28T01:33:21.700681" elapsed="0.042202"/>
</kw>
<kw name="Click Element" owner="SeleniumLibrary">
<msg time="2024-05-28T01:33:21.742883" level="INFO">Clicking element 'xpath://span[text()='Married']'.</msg>
<arg>${married}</arg>
<doc>Click the element identified by ``locator``.</doc>
<status status="PASS" start="2024-05-28T01:33:21.742883" elapsed="0.057170"/>
</kw>
<status status="PASS" start="2024-05-28T01:33:21.607759" elapsed="0.192294"/>
</kw>
<kw name="Click Gender As Female" owner="PersonalDetailsResources">
<kw name="Click Element" owner="SeleniumLibrary">
<msg time="2024-05-28T01:33:21.800053" level="INFO">Clicking element 'xpath:(//span[@data-v-7ef819fd])[2]'.</msg>
<arg>${female}</arg>
<doc>Click the element identified by ``locator``.</doc>
<status status="PASS" start="2024-05-28T01:33:21.800053" elapsed="0.054929"/>
</kw>
<status status="PASS" start="2024-05-28T01:33:21.800053" elapsed="0.058094"/>
</kw>
<kw name="Set Selenium Implicit Wait" owner="SeleniumLibrary">
<arg>10</arg>
<doc>Sets the implicit wait value used by Selenium.</doc>
<status status="PASS" start="2024-05-28T01:33:21.859233" elapsed="0.001621"/>
</kw>
<kw name="Click Save Button" owner="PersonalDetailsResources">
<kw name="Click Button" owner="SeleniumLibrary">
<msg time="2024-05-28T01:33:21.861910" level="INFO">Clicking button 'xpath:(//button[text()=" Save "])[1]'.</msg>
<arg>${save}</arg>
<doc>Clicks the button identified by ``locator``.</doc>
<status status="PASS" start="2024-05-28T01:33:21.860854" elapsed="0.070470"/>
</kw>
<kw name="Should Contain" owner="BuiltIn">
<arg>${success_save}</arg>
<arg>Successfully Updated</arg>
<doc>Fails if ``container`` does not contain ``item`` one or more times.</doc>
<status status="PASS" start="2024-05-28T01:33:21.933313" elapsed="0.000274"/>
</kw>
<status status="PASS" start="2024-05-28T01:33:21.860854" elapsed="0.072733"/>
</kw>
<arg>FName=Suvetha</arg>
<arg>MName=Jayagopi</arg>
<arg>LName=P</arg>
<arg>Employee_id=1317</arg>
<arg>Othr_id=1307</arg>
<arg>LNumber=2002</arg>
<status status="PASS" start="2024-05-28T01:33:15.158033" elapsed="6.775554"/>
</kw>
<kw name="Close Browser Session" owner="GenericResources" type="TEARDOWN">
<kw name="Close Browser" owner="SeleniumLibrary">
<doc>Closes the current browser.</doc>
<status status="PASS" start="2024-05-28T01:33:21.933587" elapsed="2.230504"/>
</kw>
<status status="PASS" start="2024-05-28T01:33:21.933587" elapsed="2.230504"/>
</kw>
<status status="PASS" start="2024-05-28T01:33:07.712498" elapsed="16.451593"/>
</test>
<doc>Test personal details to my info page</doc>
<status status="PASS" start="2024-05-28T01:33:07.651849" elapsed="16.522389"/>
</suite>
<suite id="s1-s12" name="Test Search" source="C:\Users\SM\Desktop\Team02_OrangeHRM\Team2_OrangeHRM\TestCases\Test_Search.robot">
<test id="s1-s12-t1" name="validate valid search credentials" line="19">
<kw name="Open the browser with url" owner="GenericResources" type="SETUP">
<kw name="Create Webdriver" owner="SeleniumLibrary">
<msg time="2024-05-28T01:33:24.194151" level="INFO">Creating an instance of the Chrome WebDriver.</msg>
<arg>${browser_name}</arg>
<doc>Creates an instance of Selenium WebDriver.</doc>
<status status="PASS" start="2024-05-28T01:33:24.194151" elapsed="1.542222"/>
</kw>
<kw name="Go To" owner="SeleniumLibrary">
<msg time="2024-05-28T01:33:25.739882" level="INFO">Opening url 'https://opensource-demo.orangehrmlive.com/web/index.php/auth/login'</msg>
<arg>${url}</arg>
<doc>Navigates the current browser window to the provided ``url``.</doc>
<status status="PASS" start="2024-05-28T01:33:25.739501" elapsed="3.907894"/>
</kw>
<kw name="Maximize Browser Window" owner="SeleniumLibrary">
<doc>Maximizes current browser window.</doc>
<status status="PASS" start="2024-05-28T01:33:29.649396" elapsed="0.038800"/>
</kw>
<kw name="Set Selenium Implicit Wait" owner="SeleniumLibrary">
<arg>5</arg>
<doc>Sets the implicit wait value used by Selenium.</doc>
<status status="PASS" start="2024-05-28T01:33:29.689233" elapsed="0.001963"/>
</kw>
<status status="PASS" start="2024-05-28T01:33:24.194151" elapsed="5.498053"/>
</kw>
<kw name="Fill the login form" owner="LoginResources">
<kw name="Input Text" owner="SeleniumLibrary">
<msg time="2024-05-28T01:33:29.695199" level="INFO">Typing text 'Admin' into text field 'xpath://input[@name='username']'.</msg>
<arg>xpath://input[@name='username']</arg>
<arg>${Username}</arg>
<doc>Types the given ``text`` into the text field identified by ``locator``.</doc>
<status status="PASS" start="2024-05-28T01:33:29.694195" elapsed="0.514573"/>
</kw>
<kw name="Input Password" owner="SeleniumLibrary">
<msg time="2024-05-28T01:33:30.208768" level="INFO">Typing password into text field 'xpath://input[@type='password']'.</msg>
<msg time="2024-05-28T01:33:30.249202" level="INFO">Temporally setting log level to: NONE</msg>
<arg>xpath://input[@type='password']</arg>
<arg>${Password}</arg>
<doc>Types the given password into the text field identified by ``locator``.</doc>
<status status="PASS" start="2024-05-28T01:33:30.208768" elapsed="0.143778"/>
</kw>
<kw name="Click Button" owner="SeleniumLibrary">
<msg time="2024-05-28T01:33:30.353564" level="INFO">Clicking button 'xpath://button[@type='submit']'.</msg>
<arg>xpath://button[@type='submit']</arg>
<doc>Clicks the button identified by ``locator``.</doc>
<status status="PASS" start="2024-05-28T01:33:30.353564" elapsed="1.234250"/>
</kw>
<arg>${username}</arg>
<arg>${password}</arg>
<status status="PASS" start="2024-05-28T01:33:29.694195" elapsed="1.895663"/>
</kw>
<kw name="Set Selenium Implicit Wait" owner="SeleniumLibrary">
<arg>5</arg>
<doc>Sets the implicit wait value used by Selenium.</doc>
<status status="PASS" start="2024-05-28T01:33:31.591264" elapsed="0.003009"/>
</kw>
<kw name="verify the valid credentials" owner="LoginResources">
<kw name="Element Text Should Be" owner="SeleniumLibrary">
<msg time="2024-05-28T01:33:31.597272" level="INFO">Verifying element 'xpath://h6[text()="Dashboard"]' contains exact text 'Dashboard'.</msg>
<arg>${dashBoard}</arg>
<arg>Dashboard</arg>
<doc>Verifies that element ``locator`` contains exact the text ``expected``.</doc>
<status status="PASS" start="2024-05-28T01:33:31.596272" elapsed="0.424422"/>
</kw>
<status status="PASS" start="2024-05-28T01:33:31.595286" elapsed="0.425408"/>
</kw>
<kw name="Input Text" owner="SeleniumLibrary">
<msg time="2024-05-28T01:33:32.030697" level="INFO">Typing text 'Recruitment' into text field 'xpath://input[@placeholder="Search"]'.</msg>
<arg>${search}</arg>
<arg>Recruitment</arg>
<doc>Types the given ``text`` into the text field identified by ``locator``.</doc>
<status status="PASS" start="2024-05-28T01:33:32.030697" elapsed="0.159878"/>
</kw>
<kw name="Element Text Should Be" owner="SeleniumLibrary">
<msg time="2024-05-28T01:33:32.190575" level="INFO">Verifying element 'xpath://a[@href="/web/index.php/recruitment/viewRecruitmentModule"]' contains exact text 'Recruitment'.</msg>
<arg>${Recruitment}</arg>
<arg>Recruitment</arg>
<doc>Verifies that element ``locator`` contains exact the text ``expected``.</doc>
<status status="PASS" start="2024-05-28T01:33:32.190575" elapsed="0.030490"/>
</kw>
<kw name="Close Browser Session" owner="GenericResources" type="TEARDOWN">
<kw name="Close Browser" owner="SeleniumLibrary">
<doc>Closes the current browser.</doc>
<status status="PASS" start="2024-05-28T01:33:32.224602" elapsed="2.196682"/>
</kw>
<status status="PASS" start="2024-05-28T01:33:32.224602" elapsed="2.197772"/>
</kw>
<status status="PASS" start="2024-05-28T01:33:24.194151" elapsed="10.230186"/>
</test>
<doc>test search to dashboard page</doc>
<status status="PASS" start="2024-05-28T01:33:24.184176" elapsed="10.244594"/>
</suite>
<status status="PASS" start="2024-05-28T01:29:59.568167" elapsed="214.870665"/>
</suite>
<statistics>
<total>
<stat pass="17" fail="0" skip="0">All Tests</stat>
</total>
<tag>
</tag>
<suite>
<stat pass="17" fail="0" skip="0" id="s1" name="TestCases">TestCases</stat>
<stat pass="3" fail="0" skip="0" id="s1-s1" name="Test ChangePassword">TestCases.Test ChangePassword</stat>
<stat pass="1" fail="0" skip="0" id="s1-s2" name="Test ContactDetails">TestCases.Test ContactDetails</stat>
<stat pass="1" fail="0" skip="0" id="s1-s3" name="Test Depedent save">TestCases.Test Depedent save</stat>
<stat pass="1" fail="0" skip="0" id="s1-s4" name="Test dependent cancel">TestCases.Test dependent cancel</stat>
<stat pass="1" fail="0" skip="0" id="s1-s5" name="Test EmergencyContact">TestCases.Test EmergencyContact</stat>
<stat pass="2" fail="0" skip="0" id="s1-s6" name="Test ForgotPassword">TestCases.Test ForgotPassword</stat>
<stat pass="1" fail="0" skip="0" id="s1-s7" name="Test Immigration">TestCases.Test Immigration</stat>
<stat pass="3" fail="0" skip="0" id="s1-s8" name="Test LoginInvalid">TestCases.Test LoginInvalid</stat>
<stat pass="1" fail="0" skip="0" id="s1-s9" name="Test LoginValid">TestCases.Test LoginValid</stat>
<stat pass="1" fail="0" skip="0" id="s1-s10" name="Test logout">TestCases.Test logout</stat>
<stat pass="1" fail="0" skip="0" id="s1-s11" name="Test PersonalDetails">TestCases.Test PersonalDetails</stat>
<stat pass="1" fail="0" skip="0" id="s1-s12" name="Test Search">TestCases.Test Search</stat>
</suite>
</statistics>
<errors>
<msg time="2024-05-28T01:32:26.216519" level="WARN">Multiple tests with name 'Login to form using' executed in suite 'TestCases.Test LoginInvalid'.</msg>
<msg time="2024-05-28T01:32:35.941740" level="WARN">Multiple tests with name 'Login to form using' executed in suite 'TestCases.Test LoginInvalid'.</msg>
</errors>
</robot>
