<?xml version="1.0" encoding="UTF-8"?>
<robot generator="Robot 7.0 (Python 3.12.2 on win32)" generated="2024-05-28T11:32:51.891757" rpa="false" schemaversion="5">
<suite id="s1" name="Test logout" source="C:\Users\SM\Downloads\orange\Orange\Team2_OrangeHRM\TestCases\Test_logout.robot">
<test id="s1-t1" name="validate successful change password" line="17">
<kw name="Open the browser with url" owner="GenericResources" type="SETUP">
<kw name="Create Webdriver" owner="SeleniumLibrary">
<msg time="2024-05-28T11:32:52.003879" level="INFO">Creating an instance of the Chrome WebDriver.</msg>
<arg>${browser_name}</arg>
<doc>Creates an instance of Selenium WebDriver.</doc>
<status status="PASS" start="2024-05-28T11:32:52.003879" elapsed="1.731728"/>
</kw>
<kw name="Go To" owner="SeleniumLibrary">
<msg time="2024-05-28T11:32:53.739139" level="INFO">Opening url 'https://opensource-demo.orangehrmlive.com/web/index.php/auth/login'</msg>
<arg>${url}</arg>
<doc>Navigates the current browser window to the provided ``url``.</doc>
<status status="PASS" start="2024-05-28T11:32:53.737113" elapsed="3.363890"/>
</kw>
<kw name="Maximize Browser Window" owner="SeleniumLibrary">
<doc>Maximizes current browser window.</doc>
<status status="PASS" start="2024-05-28T11:32:57.102004" elapsed="0.026342"/>
</kw>
<kw name="Set Selenium Implicit Wait" owner="SeleniumLibrary">
<arg>5</arg>
<doc>Sets the implicit wait value used by Selenium.</doc>
<status status="PASS" start="2024-05-28T11:32:57.129344" elapsed="0.001342"/>
</kw>
<status status="PASS" start="2024-05-28T11:32:52.003879" elapsed="5.127821"/>
</kw>
<kw name="Run Keyword If" owner="BuiltIn">
<kw name="Fail" owner="BuiltIn">
<msg time="2024-05-28T11:32:57.133771" level="FAIL">Intentionally failing the test case for demonstration purposes.</msg>
<arg>Intentionally failing the test case for demonstration purposes.</arg>
<doc>Fails the test with the given message and optionally alters its tags.</doc>
<status status="FAIL" start="2024-05-28T11:32:57.132756" elapsed="0.001015">Intentionally failing the test case for demonstration purposes.</status>
</kw>
<arg>${should_fail}</arg>
<arg>Fail</arg>
<arg>Intentionally failing the test case for demonstration purposes.</arg>
<doc>Runs the given keyword with the given arguments, if ``condition`` is true.</doc>
<status status="FAIL" start="2024-05-28T11:32:57.132756" elapsed="0.001015">Intentionally failing the test case for demonstration purposes.</status>
</kw>
<kw name="Fill the login form" owner="LoginResources">
<arg>${username}</arg>
<arg>${password}</arg>
<status status="NOT RUN" start="2024-05-28T11:32:57.135142" elapsed="0.000000"/>
</kw>
<kw name="Set Selenium Implicit Wait" owner="SeleniumLibrary">
<arg>5</arg>
<doc>Sets the implicit wait value used by Selenium.</doc>
<status status="NOT RUN" start="2024-05-28T11:32:57.135142" elapsed="0.000000"/>
</kw>
<kw name="verify the valid credentials" owner="LoginResources">
<status status="NOT RUN" start="2024-05-28T11:32:57.136322" elapsed="0.000000"/>
</kw>
<kw name="click user icon" owner="ChangePasswordResources">
<status status="NOT RUN" start="2024-05-28T11:32:57.136322" elapsed="0.000000"/>
</kw>
<kw name="click logout" owner="ChangePasswordResources">
<status status="NOT RUN" start="2024-05-28T11:32:57.137340" elapsed="0.000000"/>
</kw>
<kw name="Close Browser Session" owner="GenericResources" type="TEARDOWN">
<kw name="Close Browser" owner="SeleniumLibrary">
<doc>Closes the current browser.</doc>
<status status="PASS" start="2024-05-28T11:32:57.137340" elapsed="2.306879"/>
</kw>
<status status="PASS" start="2024-05-28T11:32:57.137340" elapsed="2.306879"/>
</kw>
<doc>This test will intentionally fail and then pass on rerun.</doc>
<tag>UAT</tag>
<status status="FAIL" start="2024-05-28T11:32:52.003879" elapsed="7.440340">Intentionally failing the test case for demonstration purposes.</status>
</test>
<doc>test valid logout page</doc>
<status status="FAIL" start="2024-05-28T11:32:51.891757" elapsed="7.552462"/>
</suite>
<statistics>
<total>
<stat pass="0" fail="1" skip="0">All Tests</stat>
</total>
<tag>
<stat pass="0" fail="1" skip="0">UAT</stat>
</tag>
<suite>
<stat pass="0" fail="1" skip="0" id="s1" name="Test logout">Test logout</stat>
</suite>
</statistics>
<errors>
</errors>
</robot>
