<?xml version="1.0" encoding="UTF-8"?>
<robot generator="Robot 7.0 (Python 3.12.2 on win32)" generated="2024-05-26T09:17:10.437587" rpa="false" schemaversion="5">
<suite id="s1" name="TestCases" source="C:\Users\SM\Desktop\Team02_OrangeHRM\Team2_OrangeHRM\TestCases">
<suite id="s1-s1" name="Test ForgotPassword" source="C:\Users\SM\Desktop\Team02_OrangeHRM\Team2_OrangeHRM\TestCases\Test_ForgotPassword.robot">
<test id="s1-s1-t1" name="validate successful reset password" line="11">
<kw name="Open the browser with url" owner="GenericResources" type="SETUP">
<kw name="Create Webdriver" owner="SeleniumLibrary">
<msg time="2024-05-26T09:17:11.151068" level="INFO">Creating an instance of the Chrome WebDriver.</msg>
<arg>${browser_name}</arg>
<doc>Creates an instance of Selenium WebDriver.</doc>
<status status="PASS" start="2024-05-26T09:17:11.151068" elapsed="9.573728"/>
</kw>
<kw name="Go To" owner="SeleniumLibrary">
<msg time="2024-05-26T09:17:20.724796" level="INFO">Opening url 'https://opensource-demo.orangehrmlive.com/web/index.php/auth/login'</msg>
<arg>${url}</arg>
<doc>Navigates the current browser window to the provided ``url``.</doc>
<status status="PASS" start="2024-05-26T09:17:20.724796" elapsed="7.944814"/>
</kw>
<kw name="Maximize Browser Window" owner="SeleniumLibrary">
<doc>Maximizes current browser window.</doc>
<status status="PASS" start="2024-05-26T09:17:28.669610" elapsed="0.336941"/>
</kw>
<kw name="Set Selenium Implicit Wait" owner="SeleniumLibrary">
<arg>5</arg>
<doc>Sets the implicit wait value used by Selenium.</doc>
<status status="PASS" start="2024-05-26T09:17:29.009644" elapsed="0.020024"/>
</kw>
<status status="PASS" start="2024-05-26T09:17:11.151068" elapsed="17.878600"/>
</kw>
<kw name="click forgot password" owner="ForgotPasswordResources">
<kw name="Click Element" owner="SeleniumLibrary">
<msg time="2024-05-26T09:17:29.033686" level="INFO">Clicking element 'xpath://p[text()='Forgot your password? ']'.</msg>
<arg>${forgot_password}</arg>
<doc>Click the element identified by ``locator``.</doc>
<status status="PASS" start="2024-05-26T09:17:29.033686" elapsed="4.003266"/>
</kw>
<status status="PASS" start="2024-05-26T09:17:29.031398" elapsed="4.006662"/>
</kw>
<kw name="Fill valid username" owner="ForgotPasswordResources">
<kw name="Input Text" owner="SeleniumLibrary">
<msg time="2024-05-26T09:17:33.045009" level="INFO">Typing text 'Admin' into text field 'xpath://input[@name="username"]'.</msg>
<arg>${username}</arg>
<arg>Admin</arg>
<doc>Types the given ``text`` into the text field identified by ``locator``.</doc>
<status status="PASS" start="2024-05-26T09:17:33.042980" elapsed="4.214806"/>
</kw>
<status status="PASS" start="2024-05-26T09:17:33.040272" elapsed="4.219033"/>
</kw>
<kw name="click reset button" owner="ForgotPasswordResources">
<kw name="Click Button" owner="SeleniumLibrary">
<msg time="2024-05-26T09:17:37.303834" level="INFO">Clicking button 'xpath://button[text()=' Reset Password ']'.</msg>
<arg>${reset_password}</arg>
<doc>Clicks the button identified by ``locator``.</doc>
<status status="PASS" start="2024-05-26T09:17:37.259305" elapsed="2.020727"/>
</kw>
<status status="PASS" start="2024-05-26T09:17:37.259305" elapsed="2.022743"/>
</kw>
<kw name="verify successful password page" owner="ForgotPasswordResources">
<kw name="Element Text Should Be" owner="SeleniumLibrary">
<msg time="2024-05-26T09:17:39.306702" level="INFO">Verifying element 'css:.orangehrm-forgot-password-title' contains exact text 'Reset Password link sent successfully'.</msg>
<arg>${sent_password_page}</arg>
<arg>Reset Password link sent successfully</arg>
<doc>Verifies that element ``locator`` contains exact the text ``expected``.</doc>
<status status="PASS" start="2024-05-26T09:17:39.295517" elapsed="6.746951"/>
</kw>
<status status="PASS" start="2024-05-26T09:17:39.283244" elapsed="6.759224"/>
</kw>
<kw name="Close Browser Session" owner="GenericResources" type="TEARDOWN">
<kw name="Close Browser" owner="SeleniumLibrary">
<doc>Closes the current browser.</doc>
<status status="PASS" start="2024-05-26T09:17:46.047850" elapsed="3.463402"/>
</kw>
<status status="PASS" start="2024-05-26T09:17:46.044120" elapsed="3.467132"/>
</kw>
<status status="PASS" start="2024-05-26T09:17:11.151068" elapsed="38.360184"/>
</test>
<test id="s1-s1-t2" name="validate successful cancel reset password" line="17">
<kw name="Open the browser with url" owner="GenericResources" type="SETUP">
<kw name="Create Webdriver" owner="SeleniumLibrary">
<msg time="2024-05-26T09:17:49.542494" level="INFO">Creating an instance of the Chrome WebDriver.</msg>
<arg>${browser_name}</arg>
<doc>Creates an instance of Selenium WebDriver.</doc>
<status status="PASS" start="2024-05-26T09:17:49.540984" elapsed="13.358520"/>
</kw>
<kw name="Go To" owner="SeleniumLibrary">
<msg time="2024-05-26T09:18:02.901628" level="INFO">Opening url 'https://opensource-demo.orangehrmlive.com/web/index.php/auth/login'</msg>
<arg>${url}</arg>
<doc>Navigates the current browser window to the provided ``url``.</doc>
<status status="PASS" start="2024-05-26T09:18:02.900766" elapsed="12.426244"/>
</kw>
<kw name="Maximize Browser Window" owner="SeleniumLibrary">
<doc>Maximizes current browser window.</doc>
<status status="PASS" start="2024-05-26T09:18:15.327010" elapsed="0.160690"/>
</kw>
<kw name="Set Selenium Implicit Wait" owner="SeleniumLibrary">
<arg>5</arg>
<doc>Sets the implicit wait value used by Selenium.</doc>
<status status="PASS" start="2024-05-26T09:18:15.489621" elapsed="0.005039"/>
</kw>
<status status="PASS" start="2024-05-26T09:17:49.534000" elapsed="25.961673"/>
</kw>
<kw name="click forgot password" owner="ForgotPasswordResources">
<kw name="Click Element" owner="SeleniumLibrary">
<msg time="2024-05-26T09:18:15.502867" level="INFO">Clicking element 'xpath://p[text()='Forgot your password? ']'.</msg>
<arg>${forgot_password}</arg>
<doc>Click the element identified by ``locator``.</doc>
<status status="PASS" start="2024-05-26T09:18:15.499152" elapsed="1.904632"/>
</kw>
<status status="PASS" start="2024-05-26T09:18:15.496847" elapsed="1.906937"/>
</kw>
<kw name="Fill valid username" owner="ForgotPasswordResources">
<kw name="Input Text" owner="SeleniumLibrary">
<msg time="2024-05-26T09:18:17.412209" level="INFO">Typing text 'Admin' into text field 'xpath://input[@name="username"]'.</msg>
<arg>${username}</arg>
<arg>Admin</arg>
<doc>Types the given ``text`` into the text field identified by ``locator``.</doc>
<status status="PASS" start="2024-05-26T09:18:17.407617" elapsed="0.728965"/>
</kw>
<status status="PASS" start="2024-05-26T09:18:17.404713" elapsed="0.731869"/>
</kw>
<kw name="click cancel button" owner="ForgotPasswordResources">
<kw name="Click Button" owner="SeleniumLibrary">
<msg time="2024-05-26T09:18:18.140121" level="INFO">Clicking button 'xpath://button[text()=' Cancel ']'.</msg>
<arg>${cancel_button}</arg>
<doc>Clicks the button identified by ``locator``.</doc>
<status status="PASS" start="2024-05-26T09:18:18.137619" elapsed="0.762098"/>
</kw>
<status status="PASS" start="2024-05-26T09:18:18.137619" elapsed="0.762098"/>
</kw>
<kw name="verify successful cancel page" owner="ForgotPasswordResources">
<kw name="Element Text Should Be" owner="SeleniumLibrary">
<msg time="2024-05-26T09:18:18.899717" level="INFO">Verifying element 'xpath://h5[text()='Login']' contains exact text 'Login'.</msg>
<arg>${login}</arg>
<arg>Login</arg>
<doc>Verifies that element ``locator`` contains exact the text ``expected``.</doc>
<status status="PASS" start="2024-05-26T09:18:18.899717" elapsed="0.620746"/>
</kw>
<status status="PASS" start="2024-05-26T09:18:18.899717" elapsed="0.620746"/>
</kw>
<kw name="Close Browser Session" owner="GenericResources" type="TEARDOWN">
<kw name="Close Browser" owner="SeleniumLibrary">
<doc>Closes the current browser.</doc>
<status status="PASS" start="2024-05-26T09:18:19.529713" elapsed="2.307317"/>
</kw>
<status status="PASS" start="2024-05-26T09:18:19.527787" elapsed="2.309243"/>
</kw>
<status status="PASS" start="2024-05-26T09:17:49.519184" elapsed="32.317846"/>
</test>
<doc>test forgot password to login page</doc>
<status status="PASS" start="2024-05-26T09:17:10.518245" elapsed="71.318785"/>
</suite>
<status status="PASS" start="2024-05-26T09:17:10.474394" elapsed="71.362636"/>
</suite>
<statistics>
<total>
<stat pass="2" fail="0" skip="0">All Tests</stat>
</total>
<tag>
</tag>
<suite>
<stat pass="2" fail="0" skip="0" id="s1" name="TestCases">TestCases</stat>
<stat pass="2" fail="0" skip="0" id="s1-s1" name="Test ForgotPassword">TestCases.Test ForgotPassword</stat>
</suite>
</statistics>
<errors>
</errors>
</robot>
