<?xml version="1.0" encoding="UTF-8"?>
<robot generator="Robot 7.0 (Python 3.12.2 on win32)" generated="2024-05-28T14:32:44.162866" rpa="false" schemaversion="5">
<suite id="s1" name="TestCases" source="C:\Users\SM\Downloads\orange\orange\Team2_OrangeHRM\TestCases">
<suite id="s1-s1" name="Test ForgotPassword" source="C:\Users\SM\Downloads\orange\orange\Team2_OrangeHRM\TestCases\Test_ForgotPassword.robot">
<test id="s1-s1-t1" name="validate successful reset password" line="12">
<kw name="Open the browser with url" owner="GenericResources" type="SETUP">
<kw name="Create Webdriver" owner="SeleniumLibrary">
<msg time="2024-05-28T14:32:44.517893" level="INFO">Creating an instance of the Chrome WebDriver.</msg>
<arg>${browser_name}</arg>
<doc>Creates an instance of Selenium WebDriver.</doc>
<status status="PASS" start="2024-05-28T14:32:44.517893" elapsed="5.437373"/>
</kw>
<kw name="Go To" owner="SeleniumLibrary">
<msg time="2024-05-28T14:32:49.957814" level="INFO">Opening url 'https://opensource-demo.orangehrmlive.com/web/index.php/auth/login'</msg>
<arg>${url}</arg>
<doc>Navigates the current browser window to the provided ``url``.</doc>
<status status="PASS" start="2024-05-28T14:32:49.955266" elapsed="11.641138"/>
</kw>
<kw name="Maximize Browser Window" owner="SeleniumLibrary">
<doc>Maximizes current browser window.</doc>
<status status="PASS" start="2024-05-28T14:33:01.596404" elapsed="0.438965"/>
</kw>
<kw name="Set Selenium Implicit Wait" owner="SeleniumLibrary">
<arg>5</arg>
<doc>Sets the implicit wait value used by Selenium.</doc>
<status status="PASS" start="2024-05-28T14:33:02.035369" elapsed="0.033660"/>
</kw>
<status status="PASS" start="2024-05-28T14:32:44.517893" elapsed="17.552205"/>
</kw>
<kw name="click forgot password" owner="ForgotPasswordResources">
<kw name="Click Element" owner="SeleniumLibrary">
<msg time="2024-05-28T14:33:02.077166" level="INFO">Clicking element 'xpath://p[text()='Forgot your password? ']'.</msg>
<arg>${forgot_password}</arg>
<doc>Click the element identified by ``locator``.</doc>
<status status="PASS" start="2024-05-28T14:33:02.071119" elapsed="11.376654"/>
</kw>
<status status="PASS" start="2024-05-28T14:33:02.071119" elapsed="11.376654"/>
</kw>
<kw name="Fill valid username" owner="ForgotPasswordResources">
<kw name="Input Text" owner="SeleniumLibrary">
<msg time="2024-05-28T14:33:13.451237" level="INFO">Typing text 'Admin' into text field 'xpath://input[@name="username"]'.</msg>
<arg>${username}</arg>
<arg>Admin</arg>
<doc>Types the given ``text`` into the text field identified by ``locator``.</doc>
<status status="PASS" start="2024-05-28T14:33:13.449208" elapsed="1.934630"/>
</kw>
<status status="PASS" start="2024-05-28T14:33:13.448477" elapsed="1.935361"/>
</kw>
<kw name="click reset button" owner="ForgotPasswordResources">
<kw name="Click Button" owner="SeleniumLibrary">
<msg time="2024-05-28T14:33:15.388915" level="INFO">Clicking button 'xpath://button[text()=' Reset Password ']'.</msg>
<arg>${reset_password}</arg>
<doc>Clicks the button identified by ``locator``.</doc>
<status status="PASS" start="2024-05-28T14:33:15.385356" elapsed="3.596120"/>
</kw>
<status status="PASS" start="2024-05-28T14:33:15.385356" elapsed="3.596120"/>
</kw>
<kw name="verify successful password page" owner="ForgotPasswordResources">
<kw name="Element Text Should Be" owner="SeleniumLibrary">
<msg time="2024-05-28T14:33:18.986896" level="INFO">Verifying element 'css:.orangehrm-forgot-password-title' contains exact text 'Reset Password link sent successfully'.</msg>
<arg>${sent_password_page}</arg>
<arg>Reset Password link sent successfully</arg>
<doc>Verifies that element ``locator`` contains exact the text ``expected``.</doc>
<status status="PASS" start="2024-05-28T14:33:18.985463" elapsed="62.609438"/>
</kw>
<status status="PASS" start="2024-05-28T14:33:18.982681" elapsed="62.616777"/>
</kw>
<kw name="Close Browser Session" owner="GenericResources" type="TEARDOWN">
<kw name="Close Browser" owner="SeleniumLibrary">
<doc>Closes the current browser.</doc>
<status status="PASS" start="2024-05-28T14:34:21.607768" elapsed="2.319482"/>
</kw>
<status status="PASS" start="2024-05-28T14:34:21.607768" elapsed="2.319482"/>
</kw>
<tag>Regression</tag>
<status status="PASS" start="2024-05-28T14:32:44.517893" elapsed="99.409357"/>
</test>
<test id="s1-s1-t2" name="validate successful cancel reset password" line="20">
<kw name="Open the browser with url" owner="GenericResources" type="SETUP">
<kw name="Create Webdriver" owner="SeleniumLibrary">
<msg time="2024-05-28T14:34:23.944022" level="INFO">Creating an instance of the Chrome WebDriver.</msg>
<arg>${browser_name}</arg>
<doc>Creates an instance of Selenium WebDriver.</doc>
<status status="PASS" start="2024-05-28T14:34:23.944022" elapsed="2.042279"/>
</kw>
<kw name="Go To" owner="SeleniumLibrary">
<msg time="2024-05-28T14:34:25.988664" level="INFO">Opening url 'https://opensource-demo.orangehrmlive.com/web/index.php/auth/login'</msg>
<arg>${url}</arg>
<doc>Navigates the current browser window to the provided ``url``.</doc>
<status status="PASS" start="2024-05-28T14:34:25.988132" elapsed="0.701620"/>
</kw>
<kw name="Maximize Browser Window" owner="SeleniumLibrary">
<doc>Maximizes current browser window.</doc>
<status status="PASS" start="2024-05-28T14:34:26.690405" elapsed="6.836546"/>
</kw>
<kw name="Set Selenium Implicit Wait" owner="SeleniumLibrary">
<arg>5</arg>
<doc>Sets the implicit wait value used by Selenium.</doc>
<status status="PASS" start="2024-05-28T14:34:33.526951" elapsed="0.000000"/>
</kw>
<status status="PASS" start="2024-05-28T14:34:23.944022" elapsed="9.582929"/>
</kw>
<kw name="click forgot password" owner="ForgotPasswordResources">
<kw name="Click Element" owner="SeleniumLibrary">
<msg time="2024-05-28T14:34:33.526951" level="INFO">Clicking element 'xpath://p[text()='Forgot your password? ']'.</msg>
<arg>${forgot_password}</arg>
<doc>Click the element identified by ``locator``.</doc>
<status status="PASS" start="2024-05-28T14:34:33.526951" elapsed="2.179632"/>
</kw>
<status status="PASS" start="2024-05-28T14:34:33.526951" elapsed="2.179632"/>
</kw>
<kw name="Fill valid username" owner="ForgotPasswordResources">
<kw name="Input Text" owner="SeleniumLibrary">
<msg time="2024-05-28T14:34:35.711468" level="INFO">Typing text 'Admin' into text field 'xpath://input[@name="username"]'.</msg>
<arg>${username}</arg>
<arg>Admin</arg>
<doc>Types the given ``text`` into the text field identified by ``locator``.</doc>
<status status="PASS" start="2024-05-28T14:34:35.706583" elapsed="0.742128"/>
</kw>
<status status="PASS" start="2024-05-28T14:34:35.706583" elapsed="0.742128"/>
</kw>
<kw name="click cancel button" owner="ForgotPasswordResources">
<kw name="Click Button" owner="SeleniumLibrary">
<msg time="2024-05-28T14:34:36.457798" level="INFO">Clicking button 'xpath://button[text()=' Cancel ']'.</msg>
<arg>${cancel_button}</arg>
<doc>Clicks the button identified by ``locator``.</doc>
<status status="PASS" start="2024-05-28T14:34:36.448711" elapsed="0.682266"/>
</kw>
<status status="PASS" start="2024-05-28T14:34:36.448711" elapsed="0.682266"/>
</kw>
<kw name="verify successful cancel page" owner="ForgotPasswordResources">
<kw name="Element Text Should Be" owner="SeleniumLibrary">
<msg time="2024-05-28T14:34:37.134514" level="INFO">Verifying element 'xpath://h5[text()='Login']' contains exact text 'Login'.</msg>
<arg>${login}</arg>
<arg>Login</arg>
<doc>Verifies that element ``locator`` contains exact the text ``expected``.</doc>
<status status="PASS" start="2024-05-28T14:34:37.134514" elapsed="0.505151"/>
</kw>
<status status="PASS" start="2024-05-28T14:34:37.130977" elapsed="0.518675"/>
</kw>
<kw name="Close Browser Session" owner="GenericResources" type="TEARDOWN">
<kw name="Close Browser" owner="SeleniumLibrary">
<doc>Closes the current browser.</doc>
<status status="PASS" start="2024-05-28T14:34:37.649652" elapsed="2.200338"/>
</kw>
<status status="PASS" start="2024-05-28T14:34:37.649652" elapsed="2.200338"/>
</kw>
<tag>Regression</tag>
<status status="PASS" start="2024-05-28T14:34:23.935875" elapsed="15.914115"/>
</test>
<doc>Test forgot page to my login page</doc>
<status status="PASS" start="2024-05-28T14:32:44.204726" elapsed="115.645264"/>
</suite>
<status status="PASS" start="2024-05-28T14:32:44.173443" elapsed="115.676547"/>
</suite>
<statistics>
<total>
<stat pass="2" fail="0" skip="0">All Tests</stat>
</total>
<tag>
<stat pass="2" fail="0" skip="0">Regression</stat>
</tag>
<suite>
<stat pass="2" fail="0" skip="0" id="s1" name="TestCases">TestCases</stat>
<stat pass="2" fail="0" skip="0" id="s1-s1" name="Test ForgotPassword">TestCases.Test ForgotPassword</stat>
</suite>
</statistics>
<errors>
</errors>
</robot>
