<?xml version="1.0" encoding="UTF-8"?>
<robot generator="Robot 7.0 (Python 3.12.2 on win32)" generated="2024-05-28T17:48:57.613822" rpa="false" schemaversion="5">
<suite id="s1" name="Team2 OrangeHRM" source="C:\Users\SM\Downloads\orange\orange\Team2_OrangeHRM">
<suite id="s1-s1" name="TestCases" source="C:\Users\SM\Downloads\orange\orange\Team2_OrangeHRM\TestCases">
<suite id="s1-s1-s1" name="Test Search" source="C:\Users\SM\Downloads\orange\orange\Team2_OrangeHRM\TestCases\Test_Search.robot">
<test id="s1-s1-s1-t1" name="validate valid search credentials" line="19">
<kw name="Open the browser with url" owner="GenericResources" type="SETUP">
<kw name="Create Webdriver" owner="SeleniumLibrary">
<msg time="2024-05-28T17:48:58.339220" level="INFO">Creating an instance of the Chrome WebDriver.</msg>
<arg>${browser_name}</arg>
<doc>Creates an instance of Selenium WebDriver.</doc>
<status status="PASS" start="2024-05-28T17:48:58.339220" elapsed="9.800031"/>
</kw>
<kw name="Go To" owner="SeleniumLibrary">
<msg time="2024-05-28T17:49:08.142147" level="INFO">Opening url 'https://opensource-demo.orangehrmlive.com/web/index.php/auth/login'</msg>
<arg>${url}</arg>
<doc>Navigates the current browser window to the provided ``url``.</doc>
<status status="PASS" start="2024-05-28T17:49:08.140645" elapsed="11.853384"/>
</kw>
<kw name="Maximize Browser Window" owner="SeleniumLibrary">
<doc>Maximizes current browser window.</doc>
<status status="PASS" start="2024-05-28T17:49:19.996362" elapsed="0.350900"/>
</kw>
<kw name="Set Selenium Implicit Wait" owner="SeleniumLibrary">
<arg>5</arg>
<doc>Sets the implicit wait value used by Selenium.</doc>
<status status="PASS" start="2024-05-28T17:49:20.347262" elapsed="0.025672"/>
</kw>
<status status="PASS" start="2024-05-28T17:48:58.339220" elapsed="22.036865"/>
</kw>
<kw name="Fill the login form" owner="LoginResources">
<kw name="Input Text" owner="SeleniumLibrary">
<msg time="2024-05-28T17:49:20.417561" level="INFO">Typing text 'Admin' into text field 'xpath://input[@name='username']'.</msg>
<arg>xpath://input[@name='username']</arg>
<arg>${Username}</arg>
<doc>Types the given ``text`` into the text field identified by ``locator``.</doc>
<status status="PASS" start="2024-05-28T17:49:20.409152" elapsed="2.557512"/>
</kw>
<kw name="Input Password" owner="SeleniumLibrary">
<msg time="2024-05-28T17:49:22.976574" level="INFO">Typing password into text field 'xpath://input[@type='password']'.</msg>
<msg time="2024-05-28T17:49:23.645077" level="INFO">Temporally setting log level to: NONE</msg>
<arg>xpath://input[@type='password']</arg>
<arg>${Password}</arg>
<doc>Types the given password into the text field identified by ``locator``.</doc>
<status status="PASS" start="2024-05-28T17:49:22.974533" elapsed="1.682784"/>
</kw>
<kw name="Click Button" owner="SeleniumLibrary">
<msg time="2024-05-28T17:49:24.657317" level="INFO">Clicking button 'xpath://button[@type='submit']'.</msg>
<arg>xpath://button[@type='submit']</arg>
<doc>Clicks the button identified by ``locator``.</doc>
<status status="PASS" start="2024-05-28T17:49:24.657317" elapsed="5.245932"/>
</kw>
<arg>${username}</arg>
<arg>${password}</arg>
<status status="PASS" start="2024-05-28T17:49:20.400952" elapsed="9.502297"/>
</kw>
<kw name="Set Selenium Implicit Wait" owner="SeleniumLibrary">
<arg>5</arg>
<doc>Sets the implicit wait value used by Selenium.</doc>
<status status="PASS" start="2024-05-28T17:49:29.919955" elapsed="0.150125"/>
</kw>
<kw name="verify the valid credentials" owner="LoginResources">
<kw name="Element Text Should Be" owner="SeleniumLibrary">
<msg time="2024-05-28T17:49:30.168495" level="INFO">Verifying element 'xpath://h6[text()="Dashboard"]' contains exact text 'Dashboard'.</msg>
<arg>${dashBoard}</arg>
<arg>Dashboard</arg>
<doc>Verifies that element ``locator`` contains exact the text ``expected``.</doc>
<status status="PASS" start="2024-05-28T17:49:30.151240" elapsed="1.032885"/>
</kw>
<status status="PASS" start="2024-05-28T17:49:30.100719" elapsed="1.089939"/>
</kw>
<kw name="Input Text" owner="SeleniumLibrary">
<msg time="2024-05-28T17:49:31.199825" level="INFO">Typing text 'Recruitment' into text field 'xpath://input[@placeholder="Search"]'.</msg>
<arg>${search}</arg>
<arg>Recruitment</arg>
<doc>Types the given ``text`` into the text field identified by ``locator``.</doc>
<status status="PASS" start="2024-05-28T17:49:31.190658" elapsed="8.504464"/>
</kw>
<kw name="Element Text Should Be" owner="SeleniumLibrary">
<msg time="2024-05-28T17:49:39.699423" level="INFO">Verifying element 'xpath://a[@href="/web/index.php/recruitment/viewRecruitmentModule"]' contains exact text 'Recruitment'.</msg>
<arg>${Recruitment}</arg>
<arg>Recruitment</arg>
<doc>Verifies that element ``locator`` contains exact the text ``expected``.</doc>
<status status="PASS" start="2024-05-28T17:49:39.695122" elapsed="0.345253"/>
</kw>
<kw name="Close Browser Session" owner="GenericResources" type="TEARDOWN">
<kw name="Close Browser" owner="SeleniumLibrary">
<doc>Closes the current browser.</doc>
<status status="PASS" start="2024-05-28T17:49:40.072633" elapsed="4.864989"/>
</kw>
<status status="PASS" start="2024-05-28T17:49:40.061135" elapsed="4.876487"/>
</kw>
<tag>Smoke</tag>
<status status="PASS" start="2024-05-28T17:48:58.328624" elapsed="46.617163"/>
</test>
<doc>test search to dashboard page</doc>
<status status="PASS" start="2024-05-28T17:48:57.714592" elapsed="47.289580"/>
</suite>
<status status="PASS" start="2024-05-28T17:48:57.709063" elapsed="47.337334"/>
</suite>
<status status="PASS" start="2024-05-28T17:48:57.673770" elapsed="47.393205"/>
</suite>
<statistics>
<total>
<stat pass="1" fail="0" skip="0">All Tests</stat>
</total>
<tag>
<stat pass="1" fail="0" skip="0">Smoke</stat>
</tag>
<suite>
<stat pass="1" fail="0" skip="0" id="s1" name="Team2 OrangeHRM">Team2 OrangeHRM</stat>
<stat pass="1" fail="0" skip="0" id="s1-s1" name="TestCases">Team2 OrangeHRM.TestCases</stat>
<stat pass="1" fail="0" skip="0" id="s1-s1-s1" name="Test Search">Team2 OrangeHRM.TestCases.Test Search</stat>
</suite>
</statistics>
<errors>
</errors>
</robot>
