<?xml version="1.0" encoding="UTF-8"?>
<robot generator="Robot 7.0 (Python 3.12.2 on win32)" generated="2024-05-28T00:09:41.702758" rpa="false" schemaversion="5">
<suite id="s1" name="TestCases" source="C:\Users\SM\Desktop\Team02_OrangeHRM\Team2_OrangeHRM\TestCases">
<suite id="s1-s1" name="Test Immigration" source="C:\Users\SM\Desktop\Team02_OrangeHRM\Team2_OrangeHRM\TestCases\Test_Immigration.robot">
<test id="s1-s1-t1" name="Valid" line="20">
<kw name="Open the browser with url" owner="GenericResources" type="SETUP">
<kw name="Create Webdriver" owner="SeleniumLibrary">
<msg time="2024-05-28T00:09:42.660416" level="INFO">Creating an instance of the Chrome WebDriver.</msg>
<arg>${browser_name}</arg>
<doc>Creates an instance of Selenium WebDriver.</doc>
<status status="PASS" start="2024-05-28T00:09:42.660416" elapsed="6.918989"/>
</kw>
<kw name="Go To" owner="SeleniumLibrary">
<msg time="2024-05-28T00:09:49.579405" level="INFO">Opening url 'https://opensource-demo.orangehrmlive.com/web/index.php/auth/login'</msg>
<arg>${url}</arg>
<doc>Navigates the current browser window to the provided ``url``.</doc>
<status status="PASS" start="2024-05-28T00:09:49.579405" elapsed="11.335511"/>
</kw>
<kw name="Maximize Browser Window" owner="SeleniumLibrary">
<doc>Maximizes current browser window.</doc>
<status status="PASS" start="2024-05-28T00:10:00.914916" elapsed="0.596318"/>
</kw>
<kw name="Set Selenium Implicit Wait" owner="SeleniumLibrary">
<arg>5</arg>
<doc>Sets the implicit wait value used by Selenium.</doc>
<status status="PASS" start="2024-05-28T00:10:01.511234" elapsed="0.033713"/>
</kw>
<status status="PASS" start="2024-05-28T00:09:42.660416" elapsed="18.888570"/>
</kw>
<kw name="validate successful saved Dependent">
<kw name="Fill the login form" owner="LoginResources">
<kw name="Input Text" owner="SeleniumLibrary">
<msg time="2024-05-28T00:10:01.558466" level="INFO">Typing text 'Admin' into text field 'xpath://input[@name='username']'.</msg>
<arg>xpath://input[@name='username']</arg>
<arg>${Username}</arg>
<doc>Types the given ``text`` into the text field identified by ``locator``.</doc>
<status status="PASS" start="2024-05-28T00:10:01.553064" elapsed="2.878303"/>
</kw>
<kw name="Input Password" owner="SeleniumLibrary">
<msg time="2024-05-28T00:10:04.433536" level="INFO">Typing password into text field 'xpath://input[@type='password']'.</msg>
<msg time="2024-05-28T00:10:09.283791" level="INFO">Temporally setting log level to: NONE</msg>
<arg>xpath://input[@type='password']</arg>
<arg>${Password}</arg>
<doc>Types the given password into the text field identified by ``locator``.</doc>
<status status="PASS" start="2024-05-28T00:10:04.432849" elapsed="9.050276"/>
</kw>
<kw name="Click Button" owner="SeleniumLibrary">
<msg time="2024-05-28T00:10:13.489917" level="INFO">Clicking button 'xpath://button[@type='submit']'.</msg>
<arg>xpath://button[@type='submit']</arg>
<doc>Clicks the button identified by ``locator``.</doc>
<status status="PASS" start="2024-05-28T00:10:13.484922" elapsed="1.724671"/>
</kw>
<arg>${username}</arg>
<arg>${password}</arg>
<status status="PASS" start="2024-05-28T00:10:01.551435" elapsed="13.658158"/>
</kw>
<kw name="Set Selenium Implicit Wait" owner="SeleniumLibrary">
<arg>5</arg>
<doc>Sets the implicit wait value used by Selenium.</doc>
<status status="PASS" start="2024-05-28T00:10:15.209593" elapsed="0.011170"/>
</kw>
<kw name="verify the valid credentials" owner="LoginResources">
<kw name="Element Text Should Be" owner="SeleniumLibrary">
<msg time="2024-05-28T00:10:15.232022" level="INFO">Verifying element 'xpath://h6[text()="Dashboard"]' contains exact text 'Dashboard'.</msg>
<arg>${dashBoard}</arg>
<arg>Dashboard</arg>
<doc>Verifies that element ``locator`` contains exact the text ``expected``.</doc>
<status status="PASS" start="2024-05-28T00:10:15.227343" elapsed="8.467431"/>
</kw>
<status status="PASS" start="2024-05-28T00:10:15.223278" elapsed="8.471496"/>
</kw>
<kw name="click myInfo Button" owner="MyInfoResource">
<kw name="Click Element" owner="SeleniumLibrary">
<msg time="2024-05-28T00:10:24.322995" level="INFO">Clicking element 'xpath://span[text()='My Info']'.</msg>
<arg>${myInfo}</arg>
<doc>Click the element identified by ``locator``.</doc>
<status status="PASS" start="2024-05-28T00:10:23.707473" elapsed="3.002259"/>
</kw>
<status status="PASS" start="2024-05-28T00:10:23.694774" elapsed="3.014958"/>
</kw>
<kw name="click immigration element" owner="MyInfoResource">
<kw name="Click Link" owner="SeleniumLibrary">
<msg time="2024-05-28T00:10:26.750849" level="INFO">Clicking link 'xpath://a[text()='Immigration']'.</msg>
<arg>${immigration}</arg>
<doc>Clicks a link identified by ``locator``.</doc>
<status status="PASS" start="2024-05-28T00:10:26.745092" elapsed="4.198273"/>
</kw>
<status status="PASS" start="2024-05-28T00:10:26.724857" elapsed="4.218508"/>
</kw>
<kw name="click add button" owner="ImmigrationResources">
<kw name="Click Button" owner="SeleniumLibrary">
<msg time="2024-05-28T00:10:30.951465" level="INFO">Clicking button 'xpath:(//button[@type="button"])[3]'.</msg>
<arg>${add}</arg>
<doc>Clicks the button identified by ``locator``.</doc>
<status status="PASS" start="2024-05-28T00:10:30.950390" elapsed="2.457717"/>
</kw>
<status status="PASS" start="2024-05-28T00:10:30.943365" elapsed="2.467712"/>
</kw>
<kw name="Fill the details" owner="ImmigrationResources">
<kw name="Input Text" owner="SeleniumLibrary">
<msg time="2024-05-28T00:10:33.449989" level="INFO">Typing text '1317' into text field 'xpath=(//div[@data-v-957b4417]//input[@class='oxd-input oxd-input--active'])[1]'.</msg>
<arg>${Number}</arg>
<arg>${num}</arg>
<doc>Types the given ``text`` into the text field identified by ``locator``.</doc>
<status status="PASS" start="2024-05-28T00:10:33.448947" elapsed="1.178348"/>
</kw>
<kw name="Input Text" owner="SeleniumLibrary">
<msg time="2024-05-28T00:10:34.628114" level="INFO">Typing text 'Yes' into text field 'xpath:(//div[@data-v-957b4417]//input[@class='oxd-input oxd-input--active'])[4]'.</msg>
<arg>${Eligible}</arg>
<arg>Yes</arg>
<doc>Types the given ``text`` into the text field identified by ``locator``.</doc>
<status status="PASS" start="2024-05-28T00:10:34.628114" elapsed="1.109009"/>
</kw>
<kw name="Input Text" owner="SeleniumLibrary">
<msg time="2024-05-28T00:10:35.744292" level="INFO">Typing text 'Good' into text field 'xpath://textarea[@data-v-bd337f32]'.</msg>
<arg>${Text}</arg>
<arg>Good</arg>
<doc>Types the given ``text`` into the text field identified by ``locator``.</doc>
<status status="PASS" start="2024-05-28T00:10:35.744292" elapsed="2.546166"/>
</kw>
<arg>${Num}</arg>
<status status="PASS" start="2024-05-28T00:10:33.434237" elapsed="4.856734"/>
</kw>
<kw name="select country" owner="ImmigrationResources">
<kw name="Click Element" owner="SeleniumLibrary">
<msg time="2024-05-28T00:10:38.302535" level="INFO">Clicking element 'xpath://div[@data-v-67d2aedf]'.</msg>
<arg>${select}</arg>
<doc>Click the element identified by ``locator``.</doc>
<status status="PASS" start="2024-05-28T00:10:38.296162" elapsed="1.293279"/>
</kw>
<kw name="Wait Until Element Is Visible" owner="SeleniumLibrary">
<arg>${select}</arg>
<arg>10s</arg>
<doc>Waits until the element ``locator`` is visible.</doc>
<status status="PASS" start="2024-05-28T00:10:39.592938" elapsed="0.179788"/>
</kw>
<kw name="Wait Until Element Is Enabled" owner="SeleniumLibrary">
<arg>${select}</arg>
<arg>10s</arg>
<doc>Waits until the element ``locator`` is enabled.</doc>
<status status="PASS" start="2024-05-28T00:10:39.772726" elapsed="0.084438"/>
</kw>
<kw name="Click Element" owner="SeleniumLibrary">
<msg time="2024-05-28T00:10:39.861148" level="INFO">Clicking element 'xpath://span[text()='Albania']'.</msg>
<arg>${country}</arg>
<doc>Click the element identified by ``locator``.</doc>
<status status="PASS" start="2024-05-28T00:10:39.860306" elapsed="0.540728"/>
</kw>
<status status="PASS" start="2024-05-28T00:10:38.295508" elapsed="2.106344"/>
</kw>
<kw name="Click Save Button" owner="ImmigrationResources">
<kw name="Click Button" owner="SeleniumLibrary">
<msg time="2024-05-28T00:10:40.404645" level="INFO">Clicking button 'xpath:(//button[text()=" Save "])[1]'.</msg>
<arg>${save}</arg>
<doc>Clicks the button identified by ``locator``.</doc>
<status status="PASS" start="2024-05-28T00:10:40.404645" elapsed="0.551181"/>
</kw>
<kw name="Should Contain" owner="BuiltIn">
<arg>${success_save}</arg>
<arg>Successfully Updated</arg>
<doc>Fails if ``container`` does not contain ``item`` one or more times.</doc>
<status status="PASS" start="2024-05-28T00:10:40.959095" elapsed="0.001059"/>
</kw>
<status status="PASS" start="2024-05-28T00:10:40.402597" elapsed="0.557557"/>
</kw>
<arg>Num=1317</arg>
<status status="PASS" start="2024-05-28T00:10:01.548986" elapsed="39.411168"/>
</kw>
<kw name="Close Browser Session" owner="GenericResources" type="TEARDOWN">
<kw name="Close Browser" owner="SeleniumLibrary">
<doc>Closes the current browser.</doc>
<status status="PASS" start="2024-05-28T00:10:40.968958" elapsed="7.644132"/>
</kw>
<status status="PASS" start="2024-05-28T00:10:40.968958" elapsed="7.645994"/>
</kw>
<status status="PASS" start="2024-05-28T00:09:42.651395" elapsed="65.964067"/>
</test>
<doc>to validate login form</doc>
<status status="PASS" start="2024-05-28T00:09:41.792097" elapsed="66.834382"/>
</suite>
<status status="PASS" start="2024-05-28T00:09:41.747802" elapsed="66.886766"/>
</suite>
<statistics>
<total>
<stat pass="1" fail="0" skip="0">All Tests</stat>
</total>
<tag>
</tag>
<suite>
<stat pass="1" fail="0" skip="0" id="s1" name="TestCases">TestCases</stat>
<stat pass="1" fail="0" skip="0" id="s1-s1" name="Test Immigration">TestCases.Test Immigration</stat>
</suite>
</statistics>
<errors>
</errors>
</robot>
