<?xml version="1.0" encoding="UTF-8"?>
<robot generator="Robot 7.0 (Python 3.12.2 on win32)" generated="2024-05-26T09:17:10.760828" rpa="false" schemaversion="5">
<suite id="s1" name="TestCases" source="C:\Users\SM\Desktop\Team02_OrangeHRM\Team2_OrangeHRM\TestCases">
<suite id="s1-s1" name="Test dependent cancel" source="C:\Users\SM\Desktop\Team02_OrangeHRM\Team2_OrangeHRM\TestCases\Test_dependent_cancel.robot">
<test id="s1-s1-t1" name="Name" line="18">
<kw name="Open the browser with url" owner="GenericResources" type="SETUP">
<kw name="Create Webdriver" owner="SeleniumLibrary">
<msg time="2024-05-26T09:17:11.695933" level="INFO">Creating an instance of the Chrome WebDriver.</msg>
<arg>${browser_name}</arg>
<doc>Creates an instance of Selenium WebDriver.</doc>
<status status="PASS" start="2024-05-26T09:17:11.695933" elapsed="11.982436"/>
</kw>
<kw name="Go To" owner="SeleniumLibrary">
<msg time="2024-05-26T09:17:23.680101" level="INFO">Opening url 'https://opensource-demo.orangehrmlive.com/web/index.php/auth/login'</msg>
<arg>${url}</arg>
<doc>Navigates the current browser window to the provided ``url``.</doc>
<status status="PASS" start="2024-05-26T09:17:23.680101" elapsed="12.823236"/>
</kw>
<kw name="Maximize Browser Window" owner="SeleniumLibrary">
<doc>Maximizes current browser window.</doc>
<status status="PASS" start="2024-05-26T09:17:36.503337" elapsed="0.346181"/>
</kw>
<kw name="Set Selenium Implicit Wait" owner="SeleniumLibrary">
<arg>5</arg>
<doc>Sets the implicit wait value used by Selenium.</doc>
<status status="PASS" start="2024-05-26T09:17:36.857104" elapsed="0.008499"/>
</kw>
<status status="PASS" start="2024-05-26T09:17:11.692906" elapsed="25.179199"/>
</kw>
<kw name="validate successful cancel dependent">
<kw name="Fill the login form" owner="LoginResources">
<kw name="Input Text" owner="SeleniumLibrary">
<msg time="2024-05-26T09:17:36.885670" level="INFO">Typing text 'Admin' into text field 'xpath://input[@name='username']'.</msg>
<arg>xpath://input[@name='username']</arg>
<arg>${Username}</arg>
<doc>Types the given ``text`` into the text field identified by ``locator``.</doc>
<status status="PASS" start="2024-05-26T09:17:36.881583" elapsed="6.672363"/>
</kw>
<kw name="Input Password" owner="SeleniumLibrary">
<msg time="2024-05-26T09:17:43.556480" level="INFO">Typing password into text field 'xpath://input[@type='password']'.</msg>
<msg time="2024-05-26T09:17:44.396926" level="INFO">Temporally setting log level to: NONE</msg>
<arg>xpath://input[@type='password']</arg>
<arg>${Password}</arg>
<doc>Types the given password into the text field identified by ``locator``.</doc>
<status status="PASS" start="2024-05-26T09:17:43.553946" elapsed="1.270929"/>
</kw>
<kw name="Click Button" owner="SeleniumLibrary">
<msg time="2024-05-26T09:17:44.827985" level="INFO">Clicking button 'xpath://button[@type='submit']'.</msg>
<arg>xpath://button[@type='submit']</arg>
<doc>Clicks the button identified by ``locator``.</doc>
<status status="PASS" start="2024-05-26T09:17:44.827435" elapsed="5.763188"/>
</kw>
<arg>${username}</arg>
<arg>${password}</arg>
<status status="PASS" start="2024-05-26T09:17:36.873151" elapsed="13.718840"/>
</kw>
<kw name="Set Selenium Implicit Wait" owner="SeleniumLibrary">
<arg>5</arg>
<doc>Sets the implicit wait value used by Selenium.</doc>
<status status="PASS" start="2024-05-26T09:17:50.593980" elapsed="0.020433"/>
</kw>
<kw name="verify the valid credentials" owner="LoginResources">
<kw name="Element Text Should Be" owner="SeleniumLibrary">
<msg time="2024-05-26T09:17:50.622404" level="INFO">Verifying element 'xpath://h6[text()="Dashboard"]' contains exact text 'Dashboard'.</msg>
<arg>${dashBoard}</arg>
<arg>Dashboard</arg>
<doc>Verifies that element ``locator`` contains exact the text ``expected``.</doc>
<status status="PASS" start="2024-05-26T09:17:50.618464" elapsed="1.740651"/>
</kw>
<status status="PASS" start="2024-05-26T09:17:50.616310" elapsed="1.742805"/>
</kw>
<kw name="click myInfo Button" owner="MyInfoResource">
<kw name="Click Element" owner="SeleniumLibrary">
<msg time="2024-05-26T09:17:52.365255" level="INFO">Clicking element 'xpath://span[text()='My Info']'.</msg>
<arg>${myInfo}</arg>
<doc>Click the element identified by ``locator``.</doc>
<status status="PASS" start="2024-05-26T09:17:52.363825" elapsed="5.330755"/>
</kw>
<status status="PASS" start="2024-05-26T09:17:52.359115" elapsed="5.338626"/>
</kw>
<kw name="click dependent element" owner="MyInfoResource">
<kw name="Click Link" owner="SeleniumLibrary">
<msg time="2024-05-26T09:17:57.711096" level="INFO">Clicking link 'xpath://a[text()='Dependents']'.</msg>
<arg>${dependents}</arg>
<doc>Clicks a link identified by ``locator``.</doc>
<status status="PASS" start="2024-05-26T09:17:57.706530" elapsed="2.545240"/>
</kw>
<status status="PASS" start="2024-05-26T09:17:57.702799" elapsed="2.551026"/>
</kw>
<kw name="click add button" owner="DependentResources">
<kw name="Click Button" owner="SeleniumLibrary">
<msg time="2024-05-26T09:18:00.266144" level="INFO">Clicking button 'xpath:(//button[@type="button"])[3]'.</msg>
<arg>${add}</arg>
<doc>Clicks the button identified by ``locator``.</doc>
<status status="PASS" start="2024-05-26T09:18:00.264542" elapsed="3.372178"/>
</kw>
<status status="PASS" start="2024-05-26T09:18:00.259865" elapsed="3.376855"/>
</kw>
<kw name="Fill the details" owner="DependentResources">
<kw name="Input Text" owner="SeleniumLibrary">
<msg time="2024-05-26T09:18:03.659465" level="INFO">Typing text 'Suvetha' into text field 'xpath=(//input[@data-v-1f99f73c])[2]'.</msg>
<arg>${Name}</arg>
<arg>${names}</arg>
<doc>Types the given ``text`` into the text field identified by ``locator``.</doc>
<status status="PASS" start="2024-05-26T09:18:03.640250" elapsed="1.603996"/>
</kw>
<arg>${Name}</arg>
<status status="PASS" start="2024-05-26T09:18:03.636720" elapsed="1.607526"/>
</kw>
<kw name="select relationship as Other" owner="DependentResources">
<kw name="Click Element" owner="SeleniumLibrary">
<msg time="2024-05-26T09:18:05.249951" level="INFO">Clicking element 'xpath=(//div[@data-v-67d2aedf])[2]'.</msg>
<arg>${Relationship}</arg>
<doc>Click the element identified by ``locator``.</doc>
<status status="PASS" start="2024-05-26T09:18:05.246335" elapsed="0.320396"/>
</kw>
<kw name="Wait Until Element Is Visible" owner="SeleniumLibrary">
<arg>${Relationship}</arg>
<arg>10s</arg>
<doc>Waits until the element ``locator`` is visible.</doc>
<status status="PASS" start="2024-05-26T09:18:05.567465" elapsed="0.181501"/>
</kw>
<kw name="Wait Until Element Is Enabled" owner="SeleniumLibrary">
<arg>${Relationship}</arg>
<arg>10s</arg>
<doc>Waits until the element ``locator`` is enabled.</doc>
<status status="PASS" start="2024-05-26T09:18:05.748966" elapsed="0.152905"/>
</kw>
<kw name="Click Element" owner="SeleniumLibrary">
<msg time="2024-05-26T09:18:05.901871" level="INFO">Clicking element 'xpath://span[text()='Other']'.</msg>
<arg>${other}</arg>
<doc>Click the element identified by ``locator``.</doc>
<status status="PASS" start="2024-05-26T09:18:05.901871" elapsed="0.359946"/>
</kw>
<status status="PASS" start="2024-05-26T09:18:05.246335" elapsed="1.015482"/>
</kw>
<kw name="Click cancel Button" owner="DependentResources">
<kw name="Click Button" owner="SeleniumLibrary">
<msg time="2024-05-26T09:18:06.268397" level="INFO">Clicking button 'xpath:(//button[@type="button"])[3]'.</msg>
<arg>${cancel}</arg>
<doc>Clicks the button identified by ``locator``.</doc>
<status status="PASS" start="2024-05-26T09:18:06.261817" elapsed="0.432400"/>
</kw>
<status status="PASS" start="2024-05-26T09:18:06.261817" elapsed="0.432400"/>
</kw>
<arg>Name=Suvetha</arg>
<status status="PASS" start="2024-05-26T09:17:36.873151" elapsed="29.821066"/>
</kw>
<kw name="Close Browser Session" owner="GenericResources" type="TEARDOWN">
<kw name="Close Browser" owner="SeleniumLibrary">
<doc>Closes the current browser.</doc>
<status status="PASS" start="2024-05-26T09:18:06.703615" elapsed="3.368886"/>
</kw>
<status status="PASS" start="2024-05-26T09:18:06.700323" elapsed="3.372178"/>
</kw>
<status status="PASS" start="2024-05-26T09:17:11.663730" elapsed="58.410124"/>
</test>
<doc>to validate login form</doc>
<status status="PASS" start="2024-05-26T09:17:10.871393" elapsed="59.215466"/>
</suite>
<status status="PASS" start="2024-05-26T09:17:10.810800" elapsed="59.284941"/>
</suite>
<statistics>
<total>
<stat pass="1" fail="0" skip="0">All Tests</stat>
</total>
<tag>
</tag>
<suite>
<stat pass="1" fail="0" skip="0" id="s1" name="TestCases">TestCases</stat>
<stat pass="1" fail="0" skip="0" id="s1-s1" name="Test dependent cancel">TestCases.Test dependent cancel</stat>
</suite>
</statistics>
<errors>
</errors>
</robot>
