<?xml version="1.0" encoding="UTF-8"?>
<robot generator="Robot 7.0 (Python 3.12.2 on win32)" generated="2024-05-28T14:33:57.276647" rpa="false" schemaversion="5">
<suite id="s1" name="TestCases" source="C:\Users\SM\Downloads\orange\orange\Team2_OrangeHRM\TestCases">
<suite id="s1-s1" name="Test Emergency" source="C:\Users\SM\Downloads\orange\orange\Team2_OrangeHRM\TestCases\Test_Emergency.robot">
<test id="s1-s1-t1" name="fill the form of personal details" line="19">
<kw name="Open the browser with url" owner="GenericResources" type="SETUP">
<kw name="Create Webdriver" owner="SeleniumLibrary">
<msg time="2024-05-28T14:33:59.907047" level="INFO">Creating an instance of the Chrome WebDriver.</msg>
<arg>${browser_name}</arg>
<doc>Creates an instance of Selenium WebDriver.</doc>
<status status="PASS" start="2024-05-28T14:33:59.907047" elapsed="3.004429"/>
</kw>
<kw name="Go To" owner="SeleniumLibrary">
<msg time="2024-05-28T14:34:02.916915" level="INFO">Opening url 'https://opensource-demo.orangehrmlive.com/web/index.php/auth/login'</msg>
<arg>${url}</arg>
<doc>Navigates the current browser window to the provided ``url``.</doc>
<status status="PASS" start="2024-05-28T14:34:02.914994" elapsed="8.449360"/>
</kw>
<kw name="Maximize Browser Window" owner="SeleniumLibrary">
<doc>Maximizes current browser window.</doc>
<status status="PASS" start="2024-05-28T14:34:11.364354" elapsed="0.137476"/>
</kw>
<kw name="Set Selenium Implicit Wait" owner="SeleniumLibrary">
<arg>5</arg>
<doc>Sets the implicit wait value used by Selenium.</doc>
<status status="PASS" start="2024-05-28T14:34:11.503867" elapsed="0.010304"/>
</kw>
<status status="PASS" start="2024-05-28T14:33:59.907047" elapsed="11.607124"/>
</kw>
<kw name="validate successful saved personal details">
<kw name="Fill the login form" owner="LoginResources">
<kw name="Input Text" owner="SeleniumLibrary">
<msg time="2024-05-28T14:34:11.528089" level="INFO">Typing text 'Admin' into text field 'xpath://input[@name='username']'.</msg>
<arg>xpath://input[@name='username']</arg>
<arg>${Username}</arg>
<doc>Types the given ``text`` into the text field identified by ``locator``.</doc>
<status status="PASS" start="2024-05-28T14:34:11.520591" elapsed="0.617833"/>
</kw>
<kw name="Input Password" owner="SeleniumLibrary">
<msg time="2024-05-28T14:34:12.138424" level="INFO">Typing password into text field 'xpath://input[@type='password']'.</msg>
<msg time="2024-05-28T14:34:12.226499" level="INFO">Temporally setting log level to: NONE</msg>
<arg>xpath://input[@type='password']</arg>
<arg>${Password}</arg>
<doc>Types the given password into the text field identified by ``locator``.</doc>
<status status="PASS" start="2024-05-28T14:34:12.138424" elapsed="0.285800"/>
</kw>
<kw name="Click Button" owner="SeleniumLibrary">
<msg time="2024-05-28T14:34:12.427417" level="INFO">Clicking button 'xpath://button[@type='submit']'.</msg>
<arg>xpath://button[@type='submit']</arg>
<doc>Clicks the button identified by ``locator``.</doc>
<status status="PASS" start="2024-05-28T14:34:12.427417" elapsed="0.437768"/>
</kw>
<arg>${username}</arg>
<arg>${password}</arg>
<status status="PASS" start="2024-05-28T14:34:11.514171" elapsed="1.351014"/>
</kw>
<kw name="Set Selenium Implicit Wait" owner="SeleniumLibrary">
<arg>5</arg>
<doc>Sets the implicit wait value used by Selenium.</doc>
<status status="PASS" start="2024-05-28T14:34:12.865185" elapsed="0.010462"/>
</kw>
<kw name="verify the valid credentials" owner="LoginResources">
<kw name="Element Text Should Be" owner="SeleniumLibrary">
<msg time="2024-05-28T14:34:12.880787" level="INFO">Verifying element 'xpath://h6[text()="Dashboard"]' contains exact text 'Dashboard'.</msg>
<arg>${dashBoard}</arg>
<arg>Dashboard</arg>
<doc>Verifies that element ``locator`` contains exact the text ``expected``.</doc>
<status status="PASS" start="2024-05-28T14:34:12.877135" elapsed="1.697732"/>
</kw>
<status status="PASS" start="2024-05-28T14:34:12.877135" elapsed="1.697732"/>
</kw>
<kw name="click myInfo Button" owner="MyInfoResource">
<kw name="Click Element" owner="SeleniumLibrary">
<msg time="2024-05-28T14:34:14.581918" level="INFO">Clicking element 'xpath://span[text()='My Info']'.</msg>
<arg>${myInfo}</arg>
<doc>Click the element identified by ``locator``.</doc>
<status status="PASS" start="2024-05-28T14:34:14.574867" elapsed="1.698611"/>
</kw>
<status status="PASS" start="2024-05-28T14:34:14.574867" elapsed="1.703581"/>
</kw>
<kw name="click emergency contact element" owner="MyInfoResource">
<kw name="Click Link" owner="SeleniumLibrary">
<msg time="2024-05-28T14:34:16.281722" level="INFO">Clicking link 'xpath://a[text()='Emergency Contacts']'.</msg>
<arg>${emergency_contact}</arg>
<doc>Clicks a link identified by ``locator``.</doc>
<status status="PASS" start="2024-05-28T14:34:16.281722" elapsed="1.773066"/>
</kw>
<status status="PASS" start="2024-05-28T14:34:16.279975" elapsed="1.774813"/>
</kw>
<kw name="click add button" owner="EmergencyContactResources">
<kw name="Click Button" owner="SeleniumLibrary">
<msg time="2024-05-28T14:34:18.056440" level="INFO">Clicking button 'xpath:(//button[@type="button"])[3]'.</msg>
<arg>${add}</arg>
<doc>Clicks the button identified by ``locator``.</doc>
<status status="PASS" start="2024-05-28T14:34:18.056440" elapsed="0.955510"/>
</kw>
<status status="PASS" start="2024-05-28T14:34:18.056440" elapsed="0.955510"/>
</kw>
<kw name="Fill the details to mandatory field" owner="EmergencyContactResources">
<kw name="Input Text" owner="SeleniumLibrary">
<msg time="2024-05-28T14:34:19.018355" level="INFO">Typing text 'Suvetha' into text field 'xpath=(//div[@data-v-957b4417]//input)[1]'.</msg>
<arg>${Name}</arg>
<arg>${names}</arg>
<doc>Types the given ``text`` into the text field identified by ``locator``.</doc>
<status status="PASS" start="2024-05-28T14:34:19.018355" elapsed="0.300733"/>
</kw>
<kw name="Input Text" owner="SeleniumLibrary">
<msg time="2024-05-28T14:34:19.319088" level="INFO">Typing text 'sister' into text field 'xpath=(//div[@data-v-957b4417]//input)[2]'.</msg>
<arg>${Relationship}</arg>
<arg>${relation}</arg>
<doc>Types the given ``text`` into the text field identified by ``locator``.</doc>
<status status="PASS" start="2024-05-28T14:34:19.319088" elapsed="0.323992"/>
</kw>
<kw name="Input Text" owner="SeleniumLibrary">
<msg time="2024-05-28T14:34:19.644592" level="INFO">Typing text '25085' into text field 'xpath=(//div[@data-v-957b4417]//input)[3]'.</msg>
<arg>${home}</arg>
<arg>${home_tele}</arg>
<doc>Types the given ``text`` into the text field identified by ``locator``.</doc>
<status status="PASS" start="2024-05-28T14:34:19.643080" elapsed="0.300448"/>
</kw>
<arg>${NAMES}</arg>
<arg>${RELATION}</arg>
<arg>${HOMES}</arg>
<status status="PASS" start="2024-05-28T14:34:19.011950" elapsed="0.931578"/>
</kw>
<kw name="Click Save Button" owner="EmergencyContactResources">
<kw name="Click Button" owner="SeleniumLibrary">
<msg time="2024-05-28T14:34:19.946597" level="INFO">Clicking button 'xpath:(//button[text()=" Save "])[1]'.</msg>
<arg>${save}</arg>
<doc>Clicks the button identified by ``locator``.</doc>
<status status="PASS" start="2024-05-28T14:34:19.946597" elapsed="0.164146"/>
</kw>
<kw name="Should Contain" owner="BuiltIn">
<arg>${success_save}</arg>
<arg>Successfully Updated</arg>
<doc>Fails if ``container`` does not contain ``item`` one or more times.</doc>
<status status="PASS" start="2024-05-28T14:34:20.110743" elapsed="0.000000"/>
</kw>
<status status="PASS" start="2024-05-28T14:34:19.945581" elapsed="0.165162"/>
</kw>
<arg>NAMES=Suvetha</arg>
<arg>RELATION=sister</arg>
<arg>HOMES=25085</arg>
<tag>Smoke</tag>
<status status="PASS" start="2024-05-28T14:34:11.514171" elapsed="8.596572"/>
</kw>
<kw name="Close Browser Session" owner="GenericResources" type="TEARDOWN">
<kw name="Close Browser" owner="SeleniumLibrary">
<doc>Closes the current browser.</doc>
<status status="PASS" start="2024-05-28T14:34:20.110743" elapsed="2.291469"/>
</kw>
<status status="PASS" start="2024-05-28T14:34:20.110743" elapsed="2.291469"/>
</kw>
<status status="PASS" start="2024-05-28T14:33:59.904459" elapsed="22.497753"/>
</test>
<doc>Test emergency contact to my info page</doc>
<status status="PASS" start="2024-05-28T14:33:57.310013" elapsed="25.092199"/>
</suite>
<status status="PASS" start="2024-05-28T14:33:57.290426" elapsed="25.111786"/>
</suite>
<statistics>
<total>
<stat pass="1" fail="0" skip="0">All Tests</stat>
</total>
<tag>
</tag>
<suite>
<stat pass="1" fail="0" skip="0" id="s1" name="TestCases">TestCases</stat>
<stat pass="1" fail="0" skip="0" id="s1-s1" name="Test Emergency">TestCases.Test Emergency</stat>
</suite>
</statistics>
<errors>
</errors>
</robot>
